<?xml version="1.0" encoding="utf-8"?>
<TestRun id="12e84cfa-a14b-42fc-94a5-b7ee9905f4e9" name="Administrator@DESKTOP-AKI3LSA 2026-09-20 13:01:44" runUser="DESKTOP-AKI3LSA\Administrator" xmlns="http://microsoft.com/schemas/VisualStudio/TeamTest/2010">
  <Times creation="2026-09-20T13:01:44.4467232+08:00" queuing="2026-09-20T13:01:44.4467236+08:00" start="2026-09-20T13:01:43.6147979+08:00" finish="2026-09-20T13:01:46.2840325+08:00" />
  <TestSettings name="default" id="915ee584-6c39-4e63-9e5d-6ffbdeb9454d">
    <Deployment runDeploymentRoot="Administrator_DESKTOP-AKI3LSA_2026-09-20_13_01_44" />
  </TestSettings>
  <Results>
    <UnitTestResult executionId="ee7bbe7d-1d71-4bda-88d0-627a6d48697e" testId="176de51f-37eb-1d78-5e65-dc3df1c6c939" testName="Resonance.Tests.BattleSimTests.FeverHitUsesFeverMulNotCoefScale" computerName="DESKTOP-AKI3LSA" duration="00:00:00.0000957" startTime="2026-09-20T13:01:46.1498572+08:00" endTime="2026-09-20T13:01:46.1498572+08:00" testType="13cdc9d9-ddb5-4fa4-a97d-d965ccfc6d4b" outcome="Passed" testListId="8c84fa94-04c1-424b-9868-57a2d4851a1d" relativeResultsDirectory="ee7bbe7d-1d71-4bda-88d0-627a6d48697e" />
    <UnitTestResult executionId="34c49bb3-86a6-423f-88eb-9fa6ebdb6524" testId="e305eeac-4166-c9d1-ce5d-4dce3073a498" testName="Resonance.Tests.BattleSimTests.PortraitTapIsTapWhenDriveEmpty" computerName="DESKTOP-AKI3LSA" duration="00:00:00.0001111" startTime="2026-09-20T13:01:46.1512050+08:00" endTime="2026-09-20T13:01:46.1512051+08:00" testType="13cdc9d9-ddb5-4fa4-a97d-d965ccfc6d4b" outcome="Passed" testListId="8c84fa94-04c1-424b-9868-57a2d4851a1d" relativeResultsDirectory="34c49bb3-86a6-423f-88eb-9fa6ebdb6524" />
    <UnitTestResult executionId="a2730bd5-2a85-4e20-b286-78c20e9bea46" testId="fcdbc107-cb05-f8a0-7480-1305f44042a4" testName="Resonance.Tests.G2A53PlayableGateTests.T01_DamageSkill_UnsupportedStatusApplyReflect_SubmitMustNotAcceptSpendDamageAndSkipFx" computerName="DESKTOP-AKI3LSA" duration="00:00:00.0010367" startTime="2026-09-20T13:01:44.6360493+08:00" endTime="2026-09-20T13:01:44.6360494+08:00" testType="13cdc9d9-ddb5-4fa4-a97d-d965ccfc6d4b" outcome="Passed" testListId="8c84fa94-04c1-424b-9868-57a2d4851a1d" relativeResultsDirectory="a2730bd5-2a85-4e20-b286-78c20e9bea46" />
    <UnitTestResult executionId="db13b447-fff9-448e-8bbb-8cd1b9fac616" testId="91b2eff7-bd3a-7a4f-727b-3f57d80689f8" testName="Resonance.Tests.BattleSimTests.HoldSimWatchdogReleasesManual" computerName="DESKTOP-AKI3LSA" duration="00:00:00.0004741" startTime="2026-09-20T13:01:46.1489060+08:00" endTime="2026-09-20T13:01:46.1489060+08:00" testType="13cdc9d9-ddb5-4fa4-a97d-d965ccfc6d4b" outcome="Passed" testListId="8c84fa94-04c1-424b-9868-57a2d4851a1d" relativeResultsDirectory="db13b447-fff9-448e-8bbb-8cd1b9fac616" />
    <UnitTestResult executionId="d35d2035-b778-4846-9dc4-a815c7489c43" testId="f2d42d1f-b7f0-da63-0331-836500a331c2" testName="Resonance.Tests.G2B1VerificationEntryTests.Apply_Installed_C001AndWaveDeclaredSkills_NoPlayableRosterViolations" computerName="DESKTOP-AKI3LSA" duration="00:00:00.0038706" startTime="2026-09-20T13:01:45.0680320+08:00" endTime="2026-09-20T13:01:45.0680324+08:00" testType="13cdc9d9-ddb5-4fa4-a97d-d965ccfc6d4b" outcome="Passed" testListId="8c84fa94-04c1-424b-9868-57a2d4851a1d" relativeResultsDirectory="d35d2035-b778-4846-9dc4-a815c7489c43" />
    <UnitTestResult executionId="1b582e5c-de4e-4d9a-a80a-ff5e7e03db07" testId="2133b517-b786-a3c2-bf32-012faa30893c" testName="Resonance.Tests.G2A53IdentityTests.T03_SingleFieldChange_FlipsBattleContentIdentity(field: &quot;Element&quot;)" computerName="DESKTOP-AKI3LSA" duration="00:00:00.0033048" startTime="2026-09-20T13:01:44.6048758+08:00" endTime="2026-09-20T13:01:44.6048760+08:00" testType="13cdc9d9-ddb5-4fa4-a97d-d965ccfc6d4b" outcome="Passed" testListId="8c84fa94-04c1-424b-9868-57a2d4851a1d" relativeResultsDirectory="1b582e5c-de4e-4d9a-a80a-ff5e7e03db07" />
    <UnitTestResult executionId="38c864e8-9df5-4d1a-a46f-d206c1425a5d" testId="8565a915-9a41-c092-5d7c-ccac81064e96" testName="Resonance.Tests.IgnitionTests.OneAtkStoneIsMainCoreRed" computerName="DESKTOP-AKI3LSA" duration="00:00:00.0001035" startTime="2026-09-20T13:01:44.5180280+08:00" endTime="2026-09-20T13:01:44.5180281+08:00" testType="13cdc9d9-ddb5-4fa4-a97d-d965ccfc6d4b" outcome="Passed" testListId="8c84fa94-04c1-424b-9868-57a2d4851a1d" relativeResultsDirectory="38c864e8-9df5-4d1a-a46f-d206c1425a5d" />
    <UnitTestResult executionId="0f8f823d-195b-4100-b1ff-ec3c9348ae34" testId="4f86389e-888f-bb41-b8bd-2776d9d5be49" testName="Resonance.Tests.BattleSimTests.OldAutoTrueSaveBecomesFull" computerName="DESKTOP-AKI3LSA" duration="00:00:00.0001718" startTime="2026-09-20T13:01:46.1457847+08:00" endTime="2026-09-20T13:01:46.1457847+08:00" testType="13cdc9d9-ddb5-4fa4-a97d-d965ccfc6d4b" outcome="Passed" testListId="8c84fa94-04c1-424b-9868-57a2d4851a1d" relativeResultsDirectory="0f8f823d-195b-4100-b1ff-ec3c9348ae34" />
    <UnitTestResult executionId="b987a8d4-66ec-416b-83ce-cd64be5eae25" testId="b8766bf5-90c2-3c2c-4e2c-27e069a77247" testName="Resonance.Tests.G2OpeningDefaultsAuditTests.ExplicitOpeningInputs_KeepDefaultsAndNullSlots_ThroughRecoveryAndReplay(kind: &quot;empty&quot;)" computerName="DESKTOP-AKI3LSA" duration="00:00:00.0067346" startTime="2026-09-20T13:01:45.9527427+08:00" endTime="2026-09-20T13:01:45.9527428+08:00" testType="13cdc9d9-ddb5-4fa4-a97d-d965ccfc6d4b" outcome="Passed" testListId="8c84fa94-04c1-424b-9868-57a2d4851a1d" relativeResultsDirectory="b987a8d4-66ec-416b-83ce-cd64be5eae25" />
    <UnitTestResult executionId="11c35814-2e9f-42c5-804a-20c2507cd51e" testId="314cea74-cf47-c5b9-0628-cfef44ef2659" testName="Resonance.Tests.G2A53IdentityTests.T03_SingleFieldChange_FlipsBattleContentIdentity(field: &quot;SourceTier&quot;)" computerName="DESKTOP-AKI3LSA" duration="00:00:00.0022346" startTime="2026-09-20T13:01:44.6164361+08:00" endTime="2026-09-20T13:01:44.6164363+08:00" testType="13cdc9d9-ddb5-4fa4-a97d-d965ccfc6d4b" outcome="Passed" testListId="8c84fa94-04c1-424b-9868-57a2d4851a1d" relativeResultsDirectory="11c35814-2e9f-42c5-804a-20c2507cd51e" />
    <UnitTestResult executionId="a5f30ba4-d340-4858-8982-56ab611d4da8" testId="54dea85b-b075-4ce6-ccf5-9d54b379c35a" testName="Resonance.Tests.BattleSimTests.AutoTapFiresDriveWhenReady" computerName="DESKTOP-AKI3LSA" duration="00:00:00.0006432" startTime="2026-09-20T13:01:46.1518867+08:00" endTime="2026-09-20T13:01:46.1518867+08:00" testType="13cdc9d9-ddb5-4fa4-a97d-d965ccfc6d4b" outcome="Passed" testListId="8c84fa94-04c1-424b-9868-57a2d4851a1d" relativeResultsDirectory="a5f30ba4-d340-4858-8982-56ab611d4da8" />
    <UnitTestResult executionId="16c566b1-a463-4bed-921a-edf6b2ed79e6" testId="3920ed8f-9477-f1c3-cc47-715a4a8c61fa" testName="Resonance.Tests.BattleSimTests.FoodAtkMulOfNegativeIsOne" computerName="DESKTOP-AKI3LSA" duration="00:00:00.0002297" startTime="2026-09-20T13:01:46.2040152+08:00" endTime="2026-09-20T13:01:46.2040152+08:00" testType="13cdc9d9-ddb5-4fa4-a97d-d965ccfc6d4b" outcome="Passed" testListId="8c84fa94-04c1-424b-9868-57a2d4851a1d" relativeResultsDirectory="16c566b1-a463-4bed-921a-edf6b2ed79e6" />
    <UnitTestResult executionId="c7aaaf8f-afdf-4424-ab94-80dd18b4ee72" testId="01840b82-cd2b-0a53-e939-a54b0f6f7018" testName="Resonance.Tests.G2RecheckImportGateTests.V02_FailedImport_LeavesActiveCatalogA_NotBuiltinOrPartialB" computerName="DESKTOP-AKI3LSA" duration="00:00:00.0017641" startTime="2026-09-20T13:01:46.0276533+08:00" endTime="2026-09-20T13:01:46.0276534+08:00" testType="13cdc9d9-ddb5-4fa4-a97d-d965ccfc6d4b" outcome="Passed" testListId="8c84fa94-04c1-424b-9868-57a2d4851a1d" relativeResultsDirectory="c7aaaf8f-afdf-4424-ab94-80dd18b4ee72" />
    <UnitTestResult executionId="1542ebf4-37ec-4c5e-bf0d-8be97510fbdb" testId="2c853549-7a51-6237-818f-5b78709f8e08" testName="Resonance.Tests.G2ReviewFeverTests.F01_ManualFever_RequiresInput" computerName="DESKTOP-AKI3LSA" duration="00:00:00.0027211" startTime="2026-09-20T13:01:46.0446766+08:00" endTime="2026-09-20T13:01:46.0446767+08:00" testType="13cdc9d9-ddb5-4fa4-a97d-d965ccfc6d4b" outcome="Passed" testListId="8c84fa94-04c1-424b-9868-57a2d4851a1d" relativeResultsDirectory="1542ebf4-37ec-4c5e-bf0d-8be97510fbdb" />
    <UnitTestResult executionId="787cd92f-53c7-4958-b949-a1c3482692cc" testId="2b171738-fbfa-a0ec-f743-2290970caae4" testName="Resonance.Tests.G2B1FactoryReadbackTests.NewSim_WithoutGrowth_RecoversCaptureOpening_NamedOpeningDiffNull" computerName="DESKTOP-AKI3LSA" duration="00:00:00.0058278" startTime="2026-09-20T13:01:45.0481412+08:00" endTime="2026-09-20T13:01:45.0481414+08:00" testType="13cdc9d9-ddb5-4fa4-a97d-d965ccfc6d4b" outcome="Passed" testListId="8c84fa94-04c1-424b-9868-57a2d4851a1d" relativeResultsDirectory="787cd92f-53c7-4958-b949-a1c3482692cc" />
    <UnitTestResult executionId="d18d4168-d9ef-42ea-86e9-56cfd2851226" testId="0d83cced-3af3-8e11-b65e-6e6772855d51" testName="Resonance.Tests.G2ReviewProvenanceTests.P02_LegacyKrSlide_MatchesDeclaredCandidate(def: 0)" computerName="DESKTOP-AKI3LSA" duration="00:00:00.0000286" startTime="2026-09-20T13:01:44.4310282+08:00" endTime="2026-09-20T13:01:44.4310283+08:00" testType="13cdc9d9-ddb5-4fa4-a97d-d965ccfc6d4b" outcome="Passed" testListId="8c84fa94-04c1-424b-9868-57a2d4851a1d" relativeResultsDirectory="d18d4168-d9ef-42ea-86e9-56cfd2851226" />
    <UnitTestResult executionId="03f540fd-c046-475d-983f-d5c627f753df" testId="9a1c8b32-e2f3-7a3b-5115-f7d362bb86d9" testName="Resonance.Tests.BattleSimTests.LaterStageEnemiesAreTougher" computerName="DESKTOP-AKI3LSA" duration="00:00:00.0003306" startTime="2026-09-20T13:01:46.1497195+08:00" endTime="2026-09-20T13:01:46.1497196+08:00" testType="13cdc9d9-ddb5-4fa4-a97d-d965ccfc6d4b" outcome="Passed" testListId="8c84fa94-04c1-424b-9868-57a2d4851a1d" relativeResultsDirectory="03f540fd-c046-475d-983f-d5c627f753df" />
    <UnitTestResult executionId="feadb863-72bb-4a82-8452-bd5546be2a7a" testId="3e395538-d807-4b9c-ef8b-ad8180580eb2" testName="Resonance.Tests.BattleSimTests.StunExpiresThenUnitCanAct" computerName="DESKTOP-AKI3LSA" duration="00:00:00.0005169" startTime="2026-09-20T13:01:46.1455685+08:00" endTime="2026-09-20T13:01:46.1455686+08:00" testType="13cdc9d9-ddb5-4fa4-a97d-d965ccfc6d4b" outcome="Passed" testListId="8c84fa94-04c1-424b-9868-57a2d4851a1d" relativeResultsDirectory="feadb863-72bb-4a82-8452-bd5546be2a7a" />
    <UnitTestResult executionId="b5ea2b95-b0a7-4658-a7c8-de0753d13b43" testId="b0d2c2ff-1530-5ba4-4736-6a9182d9ec47" testName="Resonance.Tests.BattleSimTests.SaveRoundtrip" computerName="DESKTOP-AKI3LSA" duration="00:00:00.0003226" startTime="2026-09-20T13:01:46.1895065+08:00" endTime="2026-09-20T13:01:46.1895065+08:00" testType="13cdc9d9-ddb5-4fa4-a97d-d965ccfc6d4b" outcome="Passed" testListId="8c84fa94-04c1-424b-9868-57a2d4851a1d" relativeResultsDirectory="b5ea2b95-b0a7-4658-a7c8-de0753d13b43" />
    <UnitTestResult executionId="b6e800a1-dc99-46df-b54b-7475efaa9313" testId="c24eba95-d52b-f254-079d-dcb148852f6d" testName="Resonance.Tests.BattleSimTests.CombatPowerUsesLockedWeights" computerName="DESKTOP-AKI3LSA" duration="00:00:00.0003077" startTime="2026-09-20T13:01:46.2250135+08:00" endTime="2026-09-20T13:01:46.2250135+08:00" testType="13cdc9d9-ddb5-4fa4-a97d-d965ccfc6d4b" outcome="Passed" testListId="8c84fa94-04c1-424b-9868-57a2d4851a1d" relativeResultsDirectory="b6e800a1-dc99-46df-b54b-7475efaa9313" />
    <UnitTestResult executionId="f7712604-c314-455b-9343-719b43c22b5e" testId="3a461943-427a-4311-e50b-a6301a35ce06" testName="Resonance.Tests.M1TargetingTests.LowestHpAbsoluteAndRatioPickDifferentUnits" computerName="DESKTOP-AKI3LSA" duration="00:00:00.0050285" startTime="2026-09-20T13:01:44.5016886+08:00" endTime="2026-09-20T13:01:44.5016889+08:00" testType="13cdc9d9-ddb5-4fa4-a97d-d965ccfc6d4b" outcome="Passed" testListId="8c84fa94-04c1-424b-9868-57a2d4851a1d" relativeResultsDirectory="f7712604-c314-455b-9343-719b43c22b5e" />
    <UnitTestResult executionId="46c13731-947c-4e6b-82e2-cc4cd2bec805" testId="ea37e951-935f-6a44-18e9-e110ec785727" testName="Resonance.Tests.BattleSimTests.BattleSimFoodAtkMulRaisesAllyAtk" computerName="DESKTOP-AKI3LSA" duration="00:00:00.0002791" startTime="2026-09-20T13:01:46.1903300+08:00" endTime="2026-09-20T13:01:46.1903301+08:00" testType="13cdc9d9-ddb5-4fa4-a97d-d965ccfc6d4b" outcome="Passed" testListId="8c84fa94-04c1-424b-9868-57a2d4851a1d" relativeResultsDirectory="46c13731-947c-4e6b-82e2-cc4cd2bec805" />
    <UnitTestResult executionId="2cca4cca-2cb2-41a7-afb9-3365e92d8e4c" testId="4e7468d8-53ff-9053-8c3a-60e975bc23ad" testName="Resonance.Tests.M1ClockModeTests.SpeedThreeScalesNamedBattleClocks" computerName="DESKTOP-AKI3LSA" duration="00:00:00.0007069" startTime="2026-09-20T13:01:46.0831300+08:00" endTime="2026-09-20T13:01:46.0831301+08:00" testType="13cdc9d9-ddb5-4fa4-a97d-d965ccfc6d4b" outcome="Passed" testListId="8c84fa94-04c1-424b-9868-57a2d4851a1d" relativeResultsDirectory="2cca4cca-2cb2-41a7-afb9-3365e92d8e4c" />
    <UnitTestResult executionId="12743d3f-08ac-44b5-ba4e-52b8dc292255" testId="cda05006-23fe-d106-ede8-1d867fa41306" testName="Resonance.Tests.G2B1FactoryReadbackTests.Factory_NullGrowth_And_ExplicitRecovered_BothVerifyMatch" computerName="DESKTOP-AKI3LSA" duration="00:00:00.3910082" startTime="2026-09-20T13:01:45.0370607+08:00" endTime="2026-09-20T13:01:45.0370609+08:00" testType="13cdc9d9-ddb5-4fa4-a97d-d965ccfc6d4b" outcome="Passed" testListId="8c84fa94-04c1-424b-9868-57a2d4851a1d" relativeResultsDirectory="12743d3f-08ac-44b5-ba4e-52b8dc292255" />
    <UnitTestResult executionId="d2f2aabf-5c57-4695-bbad-a588e372836a" testId="fad11b1d-082e-359c-cbef-3161b7ddbf9a" testName="Resonance.Tests.G2ReviewReplayComponentTests.DifferentSeedReplayReportsDivergence" computerName="DESKTOP-AKI3LSA" duration="00:00:00.0032391" startTime="2026-09-20T13:01:44.5167431+08:00" endTime="2026-09-20T13:01:44.5167434+08:00" testType="13cdc9d9-ddb5-4fa4-a97d-d965ccfc6d4b" outcome="Passed" testListId="8c84fa94-04c1-424b-9868-57a2d4851a1d" relativeResultsDirectory="d2f2aabf-5c57-4695-bbad-a588e372836a" />
    <UnitTestResult executionId="63d4f6e0-94c8-4076-bd66-1a475dcc09cd" testId="fa71ebcf-c42a-d3ae-5c4d-ab81b4dfdacb" testName="Resonance.Tests.G2A53PlayableGateTests.T02_OverlayExistingAtkUpToReflect_ReferencingSkillsNotSilentlyPlayable" computerName="DESKTOP-AKI3LSA" duration="00:00:00.0013795" startTime="2026-09-20T13:01:44.6349366+08:00" endTime="2026-09-20T13:01:44.6349367+08:00" testType="13cdc9d9-ddb5-4fa4-a97d-d965ccfc6d4b" outcome="Passed" testListId="8c84fa94-04c1-424b-9868-57a2d4851a1d" relativeResultsDirectory="63d4f6e0-94c8-4076-bd66-1a475dcc09cd" />
    <UnitTestResult executionId="e2ca5e35-2834-439e-b405-caabe0fee255" testId="1c2f9507-6fa7-61d2-1de9-09b3869fa861" testName="Resonance.Tests.M1CoreSliceTests.AutoChannelIsNotTap" computerName="DESKTOP-AKI3LSA" duration="00:00:00.0003771" startTime="2026-09-20T13:01:46.0502346+08:00" endTime="2026-09-20T13:01:46.0502347+08:00" testType="13cdc9d9-ddb5-4fa4-a97d-d965ccfc6d4b" outcome="Passed" testListId="8c84fa94-04c1-424b-9868-57a2d4851a1d" relativeResultsDirectory="e2ca5e35-2834-439e-b405-caabe0fee255" />
    <UnitTestResult executionId="7af283a1-9329-451b-99d9-146e806f0d34" testId="8030fce3-ebce-0c7c-cd06-d42a708cb310" testName="Resonance.Tests.G2ReviewEffectLifecycleTests.ChargeSpeed_FeedsChargeRate" computerName="DESKTOP-AKI3LSA" duration="00:00:00.0018317" startTime="2026-09-20T13:01:44.4772829+08:00" endTime="2026-09-20T13:01:44.4772830+08:00" testType="13cdc9d9-ddb5-4fa4-a97d-d965ccfc6d4b" outcome="Passed" testListId="8c84fa94-04c1-424b-9868-57a2d4851a1d" relativeResultsDirectory="7af283a1-9329-451b-99d9-146e806f0d34" />
    <UnitTestResult executionId="e7a8d512-3405-49b5-b786-a0954c13fd07" testId="c810acec-711e-7856-d565-c9eec87f36e5" testName="Resonance.Tests.VfxGoodWindowTests.InWindow_OnlyInsideHalfAroundWindowAt" computerName="DESKTOP-AKI3LSA" duration="00:00:00.0000509" startTime="2026-09-20T13:01:46.0458484+08:00" endTime="2026-09-20T13:01:46.0458486+08:00" testType="13cdc9d9-ddb5-4fa4-a97d-d965ccfc6d4b" outcome="Passed" testListId="8c84fa94-04c1-424b-9868-57a2d4851a1d" relativeResultsDirectory="e7a8d512-3405-49b5-b786-a0954c13fd07" />
    <UnitTestResult executionId="262777f8-83c5-4fde-a9c3-452d631bbe99" testId="036b9abc-2b07-6210-89e3-fe6e69e987b6" testName="Resonance.Tests.G2C1CloneTargetTests.C1T1_Apply_NpBasic_PreservesBuiltinEffectDefFields" computerName="DESKTOP-AKI3LSA" duration="00:00:00.0121192" startTime="2026-09-20T13:01:45.0861494+08:00" endTime="2026-09-20T13:01:45.0861497+08:00" testType="13cdc9d9-ddb5-4fa4-a97d-d965ccfc6d4b" outcome="Passed" testListId="8c84fa94-04c1-424b-9868-57a2d4851a1d" relativeResultsDirectory="262777f8-83c5-4fde-a9c3-452d631bbe99" />
    <UnitTestResult executionId="fb896f0e-dd75-4a4a-b006-5aa545e20db8" testId="9c68be87-639a-7160-6d3d-7fae9535e4e9" testName="Resonance.Tests.BattleSimTests.FourGreatDrivesTriggerFever" computerName="DESKTOP-AKI3LSA" duration="00:00:00.0001563" startTime="2026-09-20T13:01:46.1436215+08:00" endTime="2026-09-20T13:01:46.1436216+08:00" testType="13cdc9d9-ddb5-4fa4-a97d-d965ccfc6d4b" outcome="Passed" testListId="8c84fa94-04c1-424b-9868-57a2d4851a1d" relativeResultsDirectory="fb896f0e-dd75-4a4a-b006-5aa545e20db8" />
    <UnitTestResult executionId="8e31a27c-9fd0-4c9e-8661-46370f2b4374" testId="2eaba2f4-d43e-720b-41f8-08d11db2ea8e" testName="Resonance.Tests.BattleSimTests.PerfectDrivesReachFever" computerName="DESKTOP-AKI3LSA" duration="00:00:00.0001126" startTime="2026-09-20T13:01:46.1469619+08:00" endTime="2026-09-20T13:01:46.1469620+08:00" testType="13cdc9d9-ddb5-4fa4-a97d-d965ccfc6d4b" outcome="Passed" testListId="8c84fa94-04c1-424b-9868-57a2d4851a1d" relativeResultsDirectory="8e31a27c-9fd0-4c9e-8661-46370f2b4374" />
    <UnitTestResult executionId="b7021c9d-0636-4c0a-a05c-f4242ef567d6" testId="c5afa977-07f5-a048-cef9-565049892217" testName="Resonance.Tests.BattleSimTests.AutoBattleDealsDamageOrFinishes" computerName="DESKTOP-AKI3LSA" duration="00:00:00.0006896" startTime="2026-09-20T13:01:46.1448723+08:00" endTime="2026-09-20T13:01:46.1448723+08:00" testType="13cdc9d9-ddb5-4fa4-a97d-d965ccfc6d4b" outcome="Passed" testListId="8c84fa94-04c1-424b-9868-57a2d4851a1d" relativeResultsDirectory="b7021c9d-0636-4c0a-a05c-f4242ef567d6" />
    <UnitTestResult executionId="f24fa79d-578b-4a05-a43e-336389f889cd" testId="efbf25b2-8999-d393-f86c-0398db9b6459" testName="Resonance.Tests.G2ReviewEffectLifecycleTests.E04_PeriodicWithoutPeriodNeverTicks" computerName="DESKTOP-AKI3LSA" duration="00:00:00.0008337" startTime="2026-09-20T13:01:44.4867379+08:00" endTime="2026-09-20T13:01:44.4867380+08:00" testType="13cdc9d9-ddb5-4fa4-a97d-d965ccfc6d4b" outcome="Passed" testListId="8c84fa94-04c1-424b-9868-57a2d4851a1d" relativeResultsDirectory="f24fa79d-578b-4a05-a43e-336389f889cd" />
    <UnitTestResult executionId="e5c501ff-1059-403f-a245-b6e7c70cf16c" testId="a89be009-cc83-c256-f5a0-d0ff9d6a974e" testName="Resonance.Tests.BattleSimTests.BonusHitDoublesOnCrit" computerName="DESKTOP-AKI3LSA" duration="00:00:00.0000764" startTime="2026-09-20T13:01:46.1437384+08:00" endTime="2026-09-20T13:01:46.1437385+08:00" testType="13cdc9d9-ddb5-4fa4-a97d-d965ccfc6d4b" outcome="Passed" testListId="8c84fa94-04c1-424b-9868-57a2d4851a1d" relativeResultsDirectory="e5c501ff-1059-403f-a245-b6e7c70cf16c" />
    <UnitTestResult executionId="e9566814-5328-46fe-a0fd-6fbca96cdc01" testId="bc335b19-0c4c-088a-9c77-5266a5c06452" testName="Resonance.Tests.M1EffectOrderTests.PoisonOnActionChangesHpOnJpProfile" computerName="DESKTOP-AKI3LSA" duration="00:00:00.0005350" startTime="2026-09-20T13:01:44.4209408+08:00" endTime="2026-09-20T13:01:44.4209410+08:00" testType="13cdc9d9-ddb5-4fa4-a97d-d965ccfc6d4b" outcome="Passed" testListId="8c84fa94-04c1-424b-9868-57a2d4851a1d" relativeResultsDirectory="e9566814-5328-46fe-a0fd-6fbca96cdc01" />
    <UnitTestResult executionId="d6492c89-a8d0-4682-90b4-bcc870018295" testId="ea70828e-fc44-8f64-e0ea-c80a383b2a6d" testName="Resonance.Tests.G2ReviewRngReplayTests.R01_SameSeedSameRandomStreamWithCritsEnabled" computerName="DESKTOP-AKI3LSA" duration="00:00:00.0051652" startTime="2026-09-20T13:01:44.5411912+08:00" endTime="2026-09-20T13:01:44.5411915+08:00" testType="13cdc9d9-ddb5-4fa4-a97d-d965ccfc6d4b" outcome="Passed" testListId="8c84fa94-04c1-424b-9868-57a2d4851a1d" relativeResultsDirectory="d6492c89-a8d0-4682-90b4-bcc870018295" />
    <UnitTestResult executionId="2fccd966-1976-4754-97d0-8830f58a8b61" testId="7de656e0-9a09-a31d-2b18-66a47075c0fa" testName="Resonance.Tests.BattleSimTests.HardStageEnemiesAreTougher" computerName="DESKTOP-AKI3LSA" duration="00:00:00.0004150" startTime="2026-09-20T13:01:46.2050636+08:00" endTime="2026-09-20T13:01:46.2050637+08:00" testType="13cdc9d9-ddb5-4fa4-a97d-d965ccfc6d4b" outcome="Passed" testListId="8c84fa94-04c1-424b-9868-57a2d4851a1d" relativeResultsDirectory="2fccd966-1976-4754-97d0-8830f58a8b61" />
    <UnitTestResult executionId="39d27d0c-0694-4c0d-b28a-7217685e2b4f" testId="4bbd9a0c-08d0-9c04-bbdb-3681d1b8d35c" testName="Resonance.Tests.G2A53IdentityTests.T03_SingleFieldChange_FlipsBattleContentIdentity(field: &quot;Group&quot;)" computerName="DESKTOP-AKI3LSA" duration="00:00:00.0011727" startTime="2026-09-20T13:01:44.6194598+08:00" endTime="2026-09-20T13:01:44.6194601+08:00" testType="13cdc9d9-ddb5-4fa4-a97d-d965ccfc6d4b" outcome="Passed" testListId="8c84fa94-04c1-424b-9868-57a2d4851a1d" relativeResultsDirectory="39d27d0c-0694-4c0d-b28a-7217685e2b4f" />
    <UnitTestResult executionId="2a9de0fc-a4a8-4b57-a7d1-97443349bb7c" testId="cd2dc97a-4daf-4c4c-5339-37f491ae136c" testName="Resonance.Tests.G2ReviewQteClockTests.Q01_Qte_OneAuthoritativeClock(speed: 3)" computerName="DESKTOP-AKI3LSA" duration="00:00:00.0003553" startTime="2026-09-20T13:01:46.0733468+08:00" endTime="2026-09-20T13:01:46.0733468+08:00" testType="13cdc9d9-ddb5-4fa4-a97d-d965ccfc6d4b" outcome="Passed" testListId="8c84fa94-04c1-424b-9868-57a2d4851a1d" relativeResultsDirectory="2a9de0fc-a4a8-4b57-a7d1-97443349bb7c" />
    <UnitTestResult executionId="1fdc0004-dca6-4154-82d3-5fa254ab73b2" testId="d9ec1a81-d99e-32e1-5504-3e44ed8b8e4f" testName="Resonance.Tests.BattleSimTests.ApplyVictoryUnlocksNextStage" computerName="DESKTOP-AKI3LSA" duration="00:00:00.0004183" startTime="2026-09-20T13:01:46.1128175+08:00" endTime="2026-09-20T13:01:46.1128176+08:00" testType="13cdc9d9-ddb5-4fa4-a97d-d965ccfc6d4b" outcome="Passed" testListId="8c84fa94-04c1-424b-9868-57a2d4851a1d" relativeResultsDirectory="1fdc0004-dca6-4154-82d3-5fa254ab73b2" />
    <UnitTestResult executionId="ae5c6202-9a76-41ad-9d49-c22c68339067" testId="371586f3-2fca-daf6-9b20-66f2fee1a1c9" testName="Resonance.Tests.BattleSimTests.DriveUsesSiblingNotTap" computerName="DESKTOP-AKI3LSA" duration="00:00:00.0000662" startTime="2026-09-20T13:01:46.2252427+08:00" endTime="2026-09-20T13:01:46.2252427+08:00" testType="13cdc9d9-ddb5-4fa4-a97d-d965ccfc6d4b" outcome="Passed" testListId="8c84fa94-04c1-424b-9868-57a2d4851a1d" relativeResultsDirectory="ae5c6202-9a76-41ad-9d49-c22c68339067" />
    <UnitTestResult executionId="6e3f5a7e-4d31-4c6a-a008-d85018dd2b1e" testId="7cbfa7e9-addb-801d-115f-01f9339cdae2" testName="Resonance.Tests.M1SaveIdempotencyTests.ReloadFromTempDoesNotCopyVictoryOrTouchLocalLow" computerName="DESKTOP-AKI3LSA" duration="00:00:00.0255975" startTime="2026-09-20T13:01:44.4699233+08:00" endTime="2026-09-20T13:01:44.4699235+08:00" testType="13cdc9d9-ddb5-4fa4-a97d-d965ccfc6d4b" outcome="Passed" testListId="8c84fa94-04c1-424b-9868-57a2d4851a1d" relativeResultsDirectory="6e3f5a7e-4d31-4c6a-a008-d85018dd2b1e" />
    <UnitTestResult executionId="73f9643b-8508-4ec6-a470-561f0f4ee5df" testId="894d5959-47cc-7f06-1324-5723cc399a6b" testName="Resonance.Tests.G2RecheckEffectPathTests.E02_ChargeAmount_AllAllies_ViaSkillDefSubmit" computerName="DESKTOP-AKI3LSA" duration="00:00:00.0007199" startTime="2026-09-20T13:01:45.9645008+08:00" endTime="2026-09-20T13:01:45.9645009+08:00" testType="13cdc9d9-ddb5-4fa4-a97d-d965ccfc6d4b" outcome="Passed" testListId="8c84fa94-04c1-424b-9868-57a2d4851a1d" relativeResultsDirectory="73f9643b-8508-4ec6-a470-561f0f4ee5df" />
    <UnitTestResult executionId="daa9624b-9629-46d4-a215-8d7ae1e14c77" testId="e062e460-114d-d1f5-cfb2-719476ca3773" testName="Resonance.Tests.BattleSimTests.PuppetOwnCapsAtThreeAndRoundtrips" computerName="DESKTOP-AKI3LSA" duration="00:00:00.0002761" startTime="2026-09-20T13:01:46.2139532+08:00" endTime="2026-09-20T13:01:46.2139533+08:00" testType="13cdc9d9-ddb5-4fa4-a97d-d965ccfc6d4b" outcome="Passed" testListId="8c84fa94-04c1-424b-9868-57a2d4851a1d" relativeResultsDirectory="daa9624b-9629-46d4-a215-8d7ae1e14c77" />
    <UnitTestResult executionId="2967b40c-b0db-400f-8758-4b37232106e6" testId="73498ee6-d927-6106-93c6-b27cfda8de9a" testName="Resonance.Tests.M1RepairQaTests.UnimplementedOpcodeStillFails" computerName="DESKTOP-AKI3LSA" duration="00:00:00.0006369" startTime="2026-09-20T13:01:44.5228068+08:00" endTime="2026-09-20T13:01:44.5228069+08:00" testType="13cdc9d9-ddb5-4fa4-a97d-d965ccfc6d4b" outcome="Passed" testListId="8c84fa94-04c1-424b-9868-57a2d4851a1d" relativeResultsDirectory="2967b40c-b0db-400f-8758-4b37232106e6" />
    <UnitTestResult executionId="c4579f67-4731-4ec3-9483-729a5805fbd6" testId="18bbb6f4-b2e8-29fd-48fc-cc420d72ad45" testName="Resonance.Tests.G2RecheckEffectPathTests.E02_Barrier_AllAllies_ViaSkillDefSubmit" computerName="DESKTOP-AKI3LSA" duration="00:00:00.0010791" startTime="2026-09-20T13:01:45.9656361+08:00" endTime="2026-09-20T13:01:45.9656362+08:00" testType="13cdc9d9-ddb5-4fa4-a97d-d965ccfc6d4b" outcome="Passed" testListId="8c84fa94-04c1-424b-9868-57a2d4851a1d" relativeResultsDirectory="c4579f67-4731-4ec3-9483-729a5805fbd6" />
    <UnitTestResult executionId="33c5119c-6bf4-4a7f-b8c2-300f97b01ea6" testId="8bfbce6f-af5c-34ac-5b7a-60f21d6a1316" testName="Resonance.Tests.M1RepairQaTests.GlUnknownPoisonDoesNotApplyMaxHpAsSettled" computerName="DESKTOP-AKI3LSA" duration="00:00:00.0002762" startTime="2026-09-20T13:01:44.5300287+08:00" endTime="2026-09-20T13:01:44.5300288+08:00" testType="13cdc9d9-ddb5-4fa4-a97d-d965ccfc6d4b" outcome="Passed" testListId="8c84fa94-04c1-424b-9868-57a2d4851a1d" relativeResultsDirectory="33c5119c-6bf4-4a7f-b8c2-300f97b01ea6" />
    <UnitTestResult executionId="e980a6d5-3163-4383-b5af-f6a6154835cd" testId="3d3043d4-d79c-06c1-660b-eef8034ef0b2" testName="Resonance.Tests.BattleSimTests.SaveRoundtripPlus" computerName="DESKTOP-AKI3LSA" duration="00:00:00.0093497" startTime="2026-09-20T13:01:46.1080494+08:00" endTime="2026-09-20T13:01:46.1080496+08:00" testType="13cdc9d9-ddb5-4fa4-a97d-d965ccfc6d4b" outcome="Passed" testListId="8c84fa94-04c1-424b-9868-57a2d4851a1d" relativeResultsDirectory="e980a6d5-3163-4383-b5af-f6a6154835cd" />
    <UnitTestResult executionId="ff6f233e-19aa-4e43-821e-3a25be904a13" testId="07d58479-1077-d788-779b-7c842ce21254" testName="Resonance.Tests.M1ClockModeTests.DeathWaveAndResultEventsAreLogged" computerName="DESKTOP-AKI3LSA" duration="00:00:00.0026841" startTime="2026-09-20T13:01:46.0858753+08:00" endTime="2026-09-20T13:01:46.0858754+08:00" testType="13cdc9d9-ddb5-4fa4-a97d-d965ccfc6d4b" outcome="Passed" testListId="8c84fa94-04c1-424b-9868-57a2d4851a1d" relativeResultsDirectory="ff6f233e-19aa-4e43-821e-3a25be904a13" />
    <UnitTestResult executionId="76534f7c-2cf2-4e67-bff3-367f0939e271" testId="2a72d6f8-fe52-9b69-2fc7-0c342fe4720a" testName="Resonance.Tests.BattleSimTests.TryBeginDriveSelectsThatSlot" computerName="DESKTOP-AKI3LSA" duration="00:00:00.0000924" startTime="2026-09-20T13:01:46.1468164+08:00" endTime="2026-09-20T13:01:46.1468165+08:00" testType="13cdc9d9-ddb5-4fa4-a97d-d965ccfc6d4b" outcome="Passed" testListId="8c84fa94-04c1-424b-9868-57a2d4851a1d" relativeResultsDirectory="76534f7c-2cf2-4e67-bff3-367f0939e271" />
    <UnitTestResult executionId="5823e739-057a-4b41-b3c1-7a6b5cd9d25b" testId="1d7d4ab2-3945-3a94-0dc3-441366a38ca8" testName="Resonance.Tests.BattleSimTests.SameSeedSameLog" computerName="DESKTOP-AKI3LSA" duration="00:00:00.0010238" startTime="2026-09-20T13:01:46.1510525+08:00" endTime="2026-09-20T13:01:46.1510526+08:00" testType="13cdc9d9-ddb5-4fa4-a97d-d965ccfc6d4b" outcome="Passed" testListId="8c84fa94-04c1-424b-9868-57a2d4851a1d" relativeResultsDirectory="5823e739-057a-4b41-b3c1-7a6b5cd9d25b" />
    <UnitTestResult executionId="46663b92-67fa-40cd-9e98-7c6b76da2df2" testId="104a7eba-945c-1e5d-d01a-5064eb0d7e6a" testName="Resonance.Tests.G2ReviewReplayTests.R02_ReplayedSim_ForceNoCritRemainsFalse" computerName="DESKTOP-AKI3LSA" duration="00:00:00.0018478" startTime="2026-09-20T13:01:44.3797529+08:00" endTime="2026-09-20T13:01:44.3797531+08:00" testType="13cdc9d9-ddb5-4fa4-a97d-d965ccfc6d4b" outcome="Passed" testListId="8c84fa94-04c1-424b-9868-57a2d4851a1d" relativeResultsDirectory="46663b92-67fa-40cd-9e98-7c6b76da2df2" />
    <UnitTestResult executionId="61e8044d-dc47-437a-bf66-16a0b3124947" testId="168a768a-73c3-9398-9e17-e72353f8b616" testName="Resonance.Tests.BattleSimTests.ResetWipesProgressAndReseedsKit" computerName="DESKTOP-AKI3LSA" duration="00:00:00.0184176" startTime="2026-09-20T13:01:46.1843101+08:00" endTime="2026-09-20T13:01:46.1843103+08:00" testType="13cdc9d9-ddb5-4fa4-a97d-d965ccfc6d4b" outcome="Passed" testListId="8c84fa94-04c1-424b-9868-57a2d4851a1d" relativeResultsDirectory="61e8044d-dc47-437a-bf66-16a0b3124947" />
    <UnitTestResult executionId="4069a834-06b9-464d-ae29-4bb5a1b5eba8" testId="8a96a1ef-4bdd-3550-9b93-0a2fc2d48cb7" testName="Resonance.Tests.M1CoreSliceTests.SlideCdIsIndependentOfCharge" computerName="DESKTOP-AKI3LSA" duration="00:00:00.0001214" startTime="2026-09-20T13:01:46.0471724+08:00" endTime="2026-09-20T13:01:46.0471725+08:00" testType="13cdc9d9-ddb5-4fa4-a97d-d965ccfc6d4b" outcome="Passed" testListId="8c84fa94-04c1-424b-9868-57a2d4851a1d" relativeResultsDirectory="4069a834-06b9-464d-ae29-4bb5a1b5eba8" />
    <UnitTestResult executionId="dc91f140-77a9-4845-9562-13a9a5969b1e" testId="9a2dcaa1-acc7-6e79-79ad-44e244c58069" testName="Resonance.Tests.M1RepairQaTests.PartyCapSaveAndStatsFollowPartyLength" computerName="DESKTOP-AKI3LSA" duration="00:00:00.0008430" startTime="2026-09-20T13:01:44.5289462+08:00" endTime="2026-09-20T13:01:44.5289464+08:00" testType="13cdc9d9-ddb5-4fa4-a97d-d965ccfc6d4b" outcome="Passed" testListId="8c84fa94-04c1-424b-9868-57a2d4851a1d" relativeResultsDirectory="dc91f140-77a9-4845-9562-13a9a5969b1e" />
    <UnitTestResult executionId="e4aa8f88-90ff-40b7-aa07-0baa48359f0c" testId="b8c86d65-6e9c-92ff-fdd2-63312d3329be" testName="Resonance.Tests.M1RepairQaTests.SelfTargetsCasterNotAliveZero" computerName="DESKTOP-AKI3LSA" duration="00:00:00.0003642" startTime="2026-09-20T13:01:44.5293793+08:00" endTime="2026-09-20T13:01:44.5293795+08:00" testType="13cdc9d9-ddb5-4fa4-a97d-d965ccfc6d4b" outcome="Passed" testListId="8c84fa94-04c1-424b-9868-57a2d4851a1d" relativeResultsDirectory="e4aa8f88-90ff-40b7-aa07-0baa48359f0c" />
    <UnitTestResult executionId="de11c211-eaa4-4f7f-ac14-9af21a27215c" testId="fc7dc248-4d9c-c24f-95fd-9ffb34ef6db4" testName="Resonance.Tests.M1SaveIdempotencyTests.RepeatApplyVictoryDoesNotCopyRewards" computerName="DESKTOP-AKI3LSA" duration="00:00:00.0005042" startTime="2026-09-20T13:01:44.4705284+08:00" endTime="2026-09-20T13:01:44.4705285+08:00" testType="13cdc9d9-ddb5-4fa4-a97d-d965ccfc6d4b" outcome="Passed" testListId="8c84fa94-04c1-424b-9868-57a2d4851a1d" relativeResultsDirectory="de11c211-eaa4-4f7f-ac14-9af21a27215c" />
    <UnitTestResult executionId="2ba5d3f5-d8fd-427d-8683-c838cf8489ff" testId="485d24f2-1f4d-99d8-9531-92540ef6a0a0" testName="Resonance.Tests.IgnitionTests.ChannelsAreIndependent" computerName="DESKTOP-AKI3LSA" duration="00:00:00.0000784" startTime="2026-09-20T13:01:44.5172667+08:00" endTime="2026-09-20T13:01:44.5172667+08:00" testType="13cdc9d9-ddb5-4fa4-a97d-d965ccfc6d4b" outcome="Passed" testListId="8c84fa94-04c1-424b-9868-57a2d4851a1d" relativeResultsDirectory="2ba5d3f5-d8fd-427d-8683-c838cf8489ff" />
    <UnitTestResult executionId="60bfafa3-eeb0-45a2-bbc8-74246bc59e4b" testId="c937e752-7600-604b-56b7-fbe3054403be" testName="Resonance.Tests.G2C2HoldPolicyTests.C2_T1_LegacyBasicTape_HoldUnrecorded_VerifyMatchFalse" computerName="DESKTOP-AKI3LSA" duration="00:00:00.0069197" startTime="2026-09-20T13:01:45.0957692+08:00" endTime="2026-09-20T13:01:45.0957695+08:00" testType="13cdc9d9-ddb5-4fa4-a97d-d965ccfc6d4b" outcome="Passed" testListId="8c84fa94-04c1-424b-9868-57a2d4851a1d" relativeResultsDirectory="60bfafa3-eeb0-45a2-bbc8-74246bc59e4b" />
    <UnitTestResult executionId="12981ee5-7d63-470a-9db8-7dcc54f3803e" testId="429ef199-3ac9-0515-9276-38c632ecb919" testName="Resonance.Tests.G2ReviewReplayComponentTests.FullReplayVerifyHasZeroDivergences" computerName="DESKTOP-AKI3LSA" duration="00:00:00.0042584" startTime="2026-09-20T13:01:44.5073916+08:00" endTime="2026-09-20T13:01:44.5073918+08:00" testType="13cdc9d9-ddb5-4fa4-a97d-d965ccfc6d4b" outcome="Passed" testListId="8c84fa94-04c1-424b-9868-57a2d4851a1d" relativeResultsDirectory="12981ee5-7d63-470a-9db8-7dcc54f3803e" />
    <UnitTestResult executionId="16f3185d-822b-4e36-9c00-dcee9045fe54" testId="60b17d00-1536-806b-e14c-079d3fa76db2" testName="Resonance.Tests.G2A53JsonHasTargetTests.T04_TargetOnly_SetsHasTargetAndKeepsNamedRule" computerName="DESKTOP-AKI3LSA" duration="00:00:00.0007998" startTime="2026-09-20T13:01:44.6325737+08:00" endTime="2026-09-20T13:01:44.6325738+08:00" testType="13cdc9d9-ddb5-4fa4-a97d-d965ccfc6d4b" outcome="Passed" testListId="8c84fa94-04c1-424b-9868-57a2d4851a1d" relativeResultsDirectory="16f3185d-822b-4e36-9c00-dcee9045fe54" />
    <UnitTestResult executionId="d7deb599-c0d5-4878-a468-0588638d8f8a" testId="59963d8b-b19b-5ee5-d0dc-e560ea75d018" testName="Resonance.Tests.BattleSimTests.WikiSsPercentFormula" computerName="DESKTOP-AKI3LSA" duration="00:00:00.0001494" startTime="2026-09-20T13:01:46.2142339+08:00" endTime="2026-09-20T13:01:46.2142339+08:00" testType="13cdc9d9-ddb5-4fa4-a97d-d965ccfc6d4b" outcome="Passed" testListId="8c84fa94-04c1-424b-9868-57a2d4851a1d" relativeResultsDirectory="d7deb599-c0d5-4878-a468-0588638d8f8a" />
    <UnitTestResult executionId="d5cd680f-4ccd-4b54-9225-eabc9cb7f89f" testId="1d36db7f-89a6-19ea-8491-4b1c89fb549e" testName="Resonance.Tests.G2A53JsonHasTargetTests.T04_NeitherKey_KeepsDefinedSemantics" computerName="DESKTOP-AKI3LSA" duration="00:00:00.0031549" startTime="2026-09-20T13:01:44.6316865+08:00" endTime="2026-09-20T13:01:44.6316868+08:00" testType="13cdc9d9-ddb5-4fa4-a97d-d965ccfc6d4b" outcome="Passed" testListId="8c84fa94-04c1-424b-9868-57a2d4851a1d" relativeResultsDirectory="d5cd680f-4ccd-4b54-9225-eabc9cb7f89f" />
    <UnitTestResult executionId="3ba79da0-1554-446b-b7bb-d483e0da1edb" testId="d6b0b1b1-d576-1c0f-1c34-3b5a1f0bbd61" testName="Resonance.Tests.G2C2HoldPolicyTests.C2_T1b_WaveAdvanceHold_Replays" computerName="DESKTOP-AKI3LSA" duration="00:00:00.0027395" startTime="2026-09-20T13:01:45.0986386+08:00" endTime="2026-09-20T13:01:45.0986388+08:00" testType="13cdc9d9-ddb5-4fa4-a97d-d965ccfc6d4b" outcome="Passed" testListId="8c84fa94-04c1-424b-9868-57a2d4851a1d" relativeResultsDirectory="3ba79da0-1554-446b-b7bb-d483e0da1edb" />
    <UnitTestResult executionId="eb696cb6-2be6-4c9d-9e99-52de4465da4f" testId="6ce65ec1-ba7f-d70d-e7d5-a99d175e13d1" testName="Resonance.Tests.IgnitionTests.ZeroStonesAreZero" computerName="DESKTOP-AKI3LSA" duration="00:00:00.0001436" startTime="2026-09-20T13:01:44.5174491+08:00" endTime="2026-09-20T13:01:44.5174491+08:00" testType="13cdc9d9-ddb5-4fa4-a97d-d965ccfc6d4b" outcome="Passed" testListId="8c84fa94-04c1-424b-9868-57a2d4851a1d" relativeResultsDirectory="eb696cb6-2be6-4c9d-9e99-52de4465da4f" />
    <UnitTestResult executionId="a1c5d5b3-2b9c-42bf-8508-1d0e3bc143ba" testId="ff95d6e3-ff6b-4b76-1e78-aa40633e8d6c" testName="Resonance.Tests.M1ClockModeTests.QteWaitAdvancesOnlyQteAndStageClocks" computerName="DESKTOP-AKI3LSA" duration="00:00:00.0004485" startTime="2026-09-20T13:01:46.0823740+08:00" endTime="2026-09-20T13:01:46.0823743+08:00" testType="13cdc9d9-ddb5-4fa4-a97d-d965ccfc6d4b" outcome="Passed" testListId="8c84fa94-04c1-424b-9868-57a2d4851a1d" relativeResultsDirectory="a1c5d5b3-2b9c-42bf-8508-1d0e3bc143ba" />
    <UnitTestResult executionId="9a8d8e47-ec70-4c47-a726-68ee7b2ce260" testId="199f8e96-2a71-af39-45f6-084c74f449e8" testName="Resonance.Tests.BattleSimTests.TwentyFivePlayableAndTwelveStages" computerName="DESKTOP-AKI3LSA" duration="00:00:00.0004943" startTime="2026-09-20T13:01:46.1883676+08:00" endTime="2026-09-20T13:01:46.1883677+08:00" testType="13cdc9d9-ddb5-4fa4-a97d-d965ccfc6d4b" outcome="Passed" testListId="8c84fa94-04c1-424b-9868-57a2d4851a1d" relativeResultsDirectory="9a8d8e47-ec70-4c47-a726-68ee7b2ce260" />
    <UnitTestResult executionId="5912958a-d8d9-43e2-8a21-765e88039672" testId="07a20c56-c447-9d06-f019-45a1a295cb54" testName="Resonance.Tests.BattleSimTests.FireBeatsWood" computerName="DESKTOP-AKI3LSA" duration="00:00:00.0000441" startTime="2026-09-20T13:01:46.1421191+08:00" endTime="2026-09-20T13:01:46.1421192+08:00" testType="13cdc9d9-ddb5-4fa4-a97d-d965ccfc6d4b" outcome="Passed" testListId="8c84fa94-04c1-424b-9868-57a2d4851a1d" relativeResultsDirectory="5912958a-d8d9-43e2-8a21-765e88039672" />
    <UnitTestResult executionId="aa9de9b8-059d-41bd-a96a-c677a2295e5d" testId="fbd83c2d-b457-990f-dc06-fb5f6c868e99" testName="Resonance.Tests.BattleSimTests.WikiTsAdvantageCrit" computerName="DESKTOP-AKI3LSA" duration="00:00:00.0000534" startTime="2026-09-20T13:01:46.1900220+08:00" endTime="2026-09-20T13:01:46.1900220+08:00" testType="13cdc9d9-ddb5-4fa4-a97d-d965ccfc6d4b" outcome="Passed" testListId="8c84fa94-04c1-424b-9868-57a2d4851a1d" relativeResultsDirectory="aa9de9b8-059d-41bd-a96a-c677a2295e5d" />
    <UnitTestResult executionId="090c55aa-9563-4269-bdc6-f10b6da7294e" testId="97d6790a-966e-ec42-fb11-115b16777d33" testName="Resonance.Tests.M1TargetingTests.SelfSelectsCasterNotLowestHpAlly" computerName="DESKTOP-AKI3LSA" duration="00:00:00.0030025" startTime="2026-09-20T13:01:44.4931670+08:00" endTime="2026-09-20T13:01:44.4931673+08:00" testType="13cdc9d9-ddb5-4fa4-a97d-d965ccfc6d4b" outcome="Passed" testListId="8c84fa94-04c1-424b-9868-57a2d4851a1d" relativeResultsDirectory="090c55aa-9563-4269-bdc6-f10b6da7294e" />
    <UnitTestResult executionId="d03e590c-10cf-46f8-8d35-c7ba35cd48c2" testId="b908d275-cb21-f138-5bbc-f9b1d73fcf38" testName="Resonance.Tests.G2ReviewEffectLifecycleTests.E02_ShieldExpiry_UsesDeclaredLifetime" computerName="DESKTOP-AKI3LSA" duration="00:00:00.0017898" startTime="2026-09-20T13:01:44.4808751+08:00" endTime="2026-09-20T13:01:44.4808754+08:00" testType="13cdc9d9-ddb5-4fa4-a97d-d965ccfc6d4b" outcome="Passed" testListId="8c84fa94-04c1-424b-9868-57a2d4851a1d" relativeResultsDirectory="d03e590c-10cf-46f8-8d35-c7ba35cd48c2" />
    <UnitTestResult executionId="26bab0a8-1346-46e9-a8a9-44e1e54d18b9" testId="6652c220-1732-1d1a-a659-0edf9c1c5f80" testName="Resonance.Tests.BattleSimTests.ManualDriveQteTimesOut" computerName="DESKTOP-AKI3LSA" duration="00:00:00.0005073" startTime="2026-09-20T13:01:46.1466829+08:00" endTime="2026-09-20T13:01:46.1466829+08:00" testType="13cdc9d9-ddb5-4fa4-a97d-d965ccfc6d4b" outcome="Passed" testListId="8c84fa94-04c1-424b-9868-57a2d4851a1d" relativeResultsDirectory="26bab0a8-1346-46e9-a8a9-44e1e54d18b9" />
    <UnitTestResult executionId="edc28f19-625a-4cb1-bdc2-f1e95a68a4de" testId="31430182-c2f1-a734-65ce-7bc03ea943dd" testName="Resonance.Tests.BattleSimTests.WikiTsFormula" computerName="DESKTOP-AKI3LSA" duration="00:00:00.0000528" startTime="2026-09-20T13:01:46.1658390+08:00" endTime="2026-09-20T13:01:46.1658391+08:00" testType="13cdc9d9-ddb5-4fa4-a97d-d965ccfc6d4b" outcome="Passed" testListId="8c84fa94-04c1-424b-9868-57a2d4851a1d" relativeResultsDirectory="edc28f19-625a-4cb1-bdc2-f1e95a68a4de" />
    <UnitTestResult executionId="927869dd-3260-4852-a903-897e5b32749e" testId="db2ea0f5-0ca8-5779-afb6-8cb011544f8f" testName="Resonance.Tests.BattleSimTests.ComputeSkillUsesElementMatchup" computerName="DESKTOP-AKI3LSA" duration="00:00:00.0001660" startTime="2026-09-20T13:01:46.2042468+08:00" endTime="2026-09-20T13:01:46.2042468+08:00" testType="13cdc9d9-ddb5-4fa4-a97d-d965ccfc6d4b" outcome="Passed" testListId="8c84fa94-04c1-424b-9868-57a2d4851a1d" relativeResultsDirectory="927869dd-3260-4852-a903-897e5b32749e" />
    <UnitTestResult executionId="e395b025-1b41-42a4-8635-78f404c799bf" testId="a5a660c4-eb5f-8f36-e436-bb5b0c312b1c" testName="Resonance.Tests.G2A53JsonHasTargetTests.T04_HasTargetFalse_CancelsOverride" computerName="DESKTOP-AKI3LSA" duration="00:00:00.0007547" startTime="2026-09-20T13:01:44.6284525+08:00" endTime="2026-09-20T13:01:44.6284525+08:00" testType="13cdc9d9-ddb5-4fa4-a97d-d965ccfc6d4b" outcome="Passed" testListId="8c84fa94-04c1-424b-9868-57a2d4851a1d" relativeResultsDirectory="e395b025-1b41-42a4-8635-78f404c799bf" />
    <UnitTestResult executionId="e691273b-1bd6-4123-96e8-da027bf2cef5" testId="128b35f9-98a7-6e77-7538-e0acc548ddf4" testName="Resonance.Tests.G2ReviewQteClockTests.Q03_ResolveDrive_RejectsTerminalBattle" computerName="DESKTOP-AKI3LSA" duration="00:00:00.0009699" startTime="2026-09-20T13:01:46.0705328+08:00" endTime="2026-09-20T13:01:46.0705329+08:00" testType="13cdc9d9-ddb5-4fa4-a97d-d965ccfc6d4b" outcome="Passed" testListId="8c84fa94-04c1-424b-9868-57a2d4851a1d" relativeResultsDirectory="e691273b-1bd6-4123-96e8-da027bf2cef5" />
    <UnitTestResult executionId="8787ab96-1e98-4cac-9acf-3dc99c6ed62d" testId="bb5a37d8-5b9a-62ed-5943-cfccb8a658b2" testName="Resonance.Tests.BattleSimTests.PortraitTapStartsDriveWhenGaugeFull" computerName="DESKTOP-AKI3LSA" duration="00:00:00.0001247" startTime="2026-09-20T13:01:46.1420408+08:00" endTime="2026-09-20T13:01:46.1420408+08:00" testType="13cdc9d9-ddb5-4fa4-a97d-d965ccfc6d4b" outcome="Passed" testListId="8c84fa94-04c1-424b-9868-57a2d4851a1d" relativeResultsDirectory="8787ab96-1e98-4cac-9acf-3dc99c6ed62d" />
    <UnitTestResult executionId="42e75b5f-e9c5-44a9-9c45-6b7710910b2b" testId="5136ad4d-69b6-8a60-895a-279302486f23" testName="Resonance.Tests.BattleSimTests.AutoTapFollowsReservation" computerName="DESKTOP-AKI3LSA" duration="00:00:00.0006576" startTime="2026-09-20T13:01:46.2122981+08:00" endTime="2026-09-20T13:01:46.2122981+08:00" testType="13cdc9d9-ddb5-4fa4-a97d-d965ccfc6d4b" outcome="Passed" testListId="8c84fa94-04c1-424b-9868-57a2d4851a1d" relativeResultsDirectory="42e75b5f-e9c5-44a9-9c45-6b7710910b2b" />
    <UnitTestResult executionId="cdcb6fe5-4749-44db-bf9a-12cc6b23ca7c" testId="03d28284-5232-acf1-2555-8ea2236ae215" testName="Resonance.Tests.G2ReviewProvenanceTests.P02_LegacyKrSlide_MatchesDeclaredCandidate(def: 2500)" computerName="DESKTOP-AKI3LSA" duration="00:00:00.0000226" startTime="2026-09-20T13:01:44.4311485+08:00" endTime="2026-09-20T13:01:44.4311487+08:00" testType="13cdc9d9-ddb5-4fa4-a97d-d965ccfc6d4b" outcome="Passed" testListId="8c84fa94-04c1-424b-9868-57a2d4851a1d" relativeResultsDirectory="cdcb6fe5-4749-44db-bf9a-12cc6b23ca7c" />
    <UnitTestResult executionId="433a748a-43e6-4341-88a4-c2a96d1d0b97" testId="c0a1cc91-2445-bb12-020e-22822a4989a6" testName="Resonance.Tests.BattleSimTests.ElemCritTableIsAdvantageNeutralDisadvantage" computerName="DESKTOP-AKI3LSA" duration="00:00:00.0000867" startTime="2026-09-20T13:01:46.2253572+08:00" endTime="2026-09-20T13:01:46.2253572+08:00" testType="13cdc9d9-ddb5-4fa4-a97d-d965ccfc6d4b" outcome="Passed" testListId="8c84fa94-04c1-424b-9868-57a2d4851a1d" relativeResultsDirectory="433a748a-43e6-4341-88a4-c2a96d1d0b97" />
    <UnitTestResult executionId="60d3df5f-77b3-42b8-b2c1-ff3d3399fb0a" testId="431d6472-56c2-ce1a-897a-42bc9aed4999" testName="Resonance.Tests.BattleSimTests.FeverKeepsTickingAfterVictory" computerName="DESKTOP-AKI3LSA" duration="00:00:00.0001553" startTime="2026-09-20T13:01:46.1522759+08:00" endTime="2026-09-20T13:01:46.1522760+08:00" testType="13cdc9d9-ddb5-4fa4-a97d-d965ccfc6d4b" outcome="Passed" testListId="8c84fa94-04c1-424b-9868-57a2d4851a1d" relativeResultsDirectory="60d3df5f-77b3-42b8-b2c1-ff3d3399fb0a" />
    <UnitTestResult executionId="5ba8fe9e-2300-42e3-8e50-472cc35bcbe1" testId="cc16a471-6460-0ab2-f4d3-aa1f8f8830f3" testName="Resonance.Tests.BattleSimTests.CatalogJsonSerializeRoundtripKeepsOpcode" computerName="DESKTOP-AKI3LSA" duration="00:00:00.0049809" startTime="2026-09-20T13:01:46.2303871+08:00" endTime="2026-09-20T13:01:46.2303873+08:00" testType="13cdc9d9-ddb5-4fa4-a97d-d965ccfc6d4b" outcome="Passed" testListId="8c84fa94-04c1-424b-9868-57a2d4851a1d" relativeResultsDirectory="5ba8fe9e-2300-42e3-8e50-472cc35bcbe1" />
    <UnitTestResult executionId="75348f7e-fb02-453a-ac1b-1ecf54de3316" testId="f77fe79f-a32d-670a-a2af-5946f3320e47" testName="Resonance.Tests.M1RepairQaTests.ExtraDmgDoesNotFoldAutoOrFeverIntoTapTsAmp" computerName="DESKTOP-AKI3LSA" duration="00:00:00.0001381" startTime="2026-09-20T13:01:44.5309427+08:00" endTime="2026-09-20T13:01:44.5309430+08:00" testType="13cdc9d9-ddb5-4fa4-a97d-d965ccfc6d4b" outcome="Passed" testListId="8c84fa94-04c1-424b-9868-57a2d4851a1d" relativeResultsDirectory="75348f7e-fb02-453a-ac1b-1ecf54de3316" />
    <UnitTestResult executionId="22fdc948-c7ab-4118-8f0a-8f9d0169ccad" testId="3e16a8fa-1196-c186-d74d-413bac1bb0a5" testName="Resonance.Tests.M1FormulaIsolationTests.JpContrastResolveYieldsNumbers" computerName="DESKTOP-AKI3LSA" duration="00:00:00.0005863" startTime="2026-09-20T13:01:44.4418445+08:00" endTime="2026-09-20T13:01:44.4418447+08:00" testType="13cdc9d9-ddb5-4fa4-a97d-d965ccfc6d4b" outcome="Passed" testListId="8c84fa94-04c1-424b-9868-57a2d4851a1d" relativeResultsDirectory="22fdc948-c7ab-4118-8f0a-8f9d0169ccad" />
    <UnitTestResult executionId="aec2f011-df5f-482b-964d-17d82fe583f3" testId="cf3496a0-fa32-a3f2-cc4f-25202810129b" testName="Resonance.Tests.M1CoreSliceTests.PartyCapacityIsNotHardcodedFive" computerName="DESKTOP-AKI3LSA" duration="00:00:00.0009206" startTime="2026-09-20T13:01:46.0580744+08:00" endTime="2026-09-20T13:01:46.0580746+08:00" testType="13cdc9d9-ddb5-4fa4-a97d-d965ccfc6d4b" outcome="Passed" testListId="8c84fa94-04c1-424b-9868-57a2d4851a1d" relativeResultsDirectory="aec2f011-df5f-482b-964d-17d82fe583f3" />
    <UnitTestResult executionId="ed95753d-18df-4637-9070-f4dbee739bfd" testId="a37fd22c-e9a0-bbb0-a938-d5dec2824a9e" testName="Resonance.Tests.G2RecheckQteClockTests.Q02_QteTimeoutRestoreTick_Speed3_OppositeScalePolicies" computerName="DESKTOP-AKI3LSA" duration="00:00:00.0013403" startTime="2026-09-20T13:01:44.5194998+08:00" endTime="2026-09-20T13:01:44.5194999+08:00" testType="13cdc9d9-ddb5-4fa4-a97d-d965ccfc6d4b" outcome="Passed" testListId="8c84fa94-04c1-424b-9868-57a2d4851a1d" relativeResultsDirectory="ed95753d-18df-4637-9070-f4dbee739bfd" />
    <UnitTestResult executionId="4590a831-d5a4-460e-a282-b5195b2c775d" testId="d754665d-7b11-d144-a517-d4cdeb2e53ef" testName="Resonance.Tests.BattleSimTests.C001CartaRaisesBattleAtkAndSaves" computerName="DESKTOP-AKI3LSA" duration="00:00:00.0049108" startTime="2026-09-20T13:01:46.2191989+08:00" endTime="2026-09-20T13:01:46.2191992+08:00" testType="13cdc9d9-ddb5-4fa4-a97d-d965ccfc6d4b" outcome="Passed" testListId="8c84fa94-04c1-424b-9868-57a2d4851a1d" relativeResultsDirectory="4590a831-d5a4-460e-a282-b5195b2c775d" />
    <UnitTestResult executionId="97e5bc4b-915b-4e33-956b-3d63f85b7894" testId="90bedeca-6947-f17c-9708-bceab88c00cb" testName="Resonance.Tests.G2B1FactoryReadbackTests.Fight1GrowthIdentity_Search_RestoresStarterMaxHp" computerName="DESKTOP-AKI3LSA" duration="00:00:00.0097244" startTime="2026-09-20T13:01:44.6459245+08:00" endTime="2026-09-20T13:01:44.6459246+08:00" testType="13cdc9d9-ddb5-4fa4-a97d-d965ccfc6d4b" outcome="Passed" testListId="8c84fa94-04c1-424b-9868-57a2d4851a1d" relativeResultsDirectory="97e5bc4b-915b-4e33-956b-3d63f85b7894" />
    <UnitTestResult executionId="5182b551-1be4-431a-8ecc-3d963ed769f2" testId="11819615-b765-6f5b-d86e-f867b8e43678" testName="Resonance.Tests.BattleSimTests.CatalogJsonRoundtrip" computerName="DESKTOP-AKI3LSA" duration="00:00:00.0047430" startTime="2026-09-20T13:01:46.1393183+08:00" endTime="2026-09-20T13:01:46.1393185+08:00" testType="13cdc9d9-ddb5-4fa4-a97d-d965ccfc6d4b" outcome="Passed" testListId="8c84fa94-04c1-424b-9868-57a2d4851a1d" relativeResultsDirectory="5182b551-1be4-431a-8ecc-3d963ed769f2" />
    <UnitTestResult executionId="e719dc9c-ca13-4603-af6b-8db1c7d76f91" testId="52ae38bd-9389-cc34-5735-b260b7118662" testName="Resonance.Tests.BattleSimTests.SemiAutoDoesNotFireDrive" computerName="DESKTOP-AKI3LSA" duration="00:00:00.0012290" startTime="2026-09-20T13:01:46.1434004+08:00" endTime="2026-09-20T13:01:46.1434005+08:00" testType="13cdc9d9-ddb5-4fa4-a97d-d965ccfc6d4b" outcome="Passed" testListId="8c84fa94-04c1-424b-9868-57a2d4851a1d" relativeResultsDirectory="e719dc9c-ca13-4603-af6b-8db1c7d76f91" />
    <UnitTestResult executionId="6df0d387-ef6a-4604-abf3-fabc9f41019a" testId="4fbd4e87-b202-11fa-d039-8ce254012be0" testName="Resonance.Tests.G2B1VerificationEntryTests.RestoreBuiltin_RestoresC001SlideDotFlame_Unplayable" computerName="DESKTOP-AKI3LSA" duration="00:00:00.0053455" startTime="2026-09-20T13:01:45.0640395+08:00" endTime="2026-09-20T13:01:45.0640398+08:00" testType="13cdc9d9-ddb5-4fa4-a97d-d965ccfc6d4b" outcome="Passed" testListId="8c84fa94-04c1-424b-9868-57a2d4851a1d" relativeResultsDirectory="6df0d387-ef6a-4604-abf3-fabc9f41019a" />
    <UnitTestResult executionId="ad3dc279-38a5-43db-8eb3-eed4490f3717" testId="4a1abe56-8641-9803-3610-6ae18884721f" testName="Resonance.Tests.M1ClockModeTests.GlClockSecondsStayUnknownAndConfigurable" computerName="DESKTOP-AKI3LSA" duration="00:00:00.0002618" startTime="2026-09-20T13:01:46.0818761+08:00" endTime="2026-09-20T13:01:46.0818762+08:00" testType="13cdc9d9-ddb5-4fa4-a97d-d965ccfc6d4b" outcome="Passed" testListId="8c84fa94-04c1-424b-9868-57a2d4851a1d" relativeResultsDirectory="ad3dc279-38a5-43db-8eb3-eed4490f3717" />
    <UnitTestResult executionId="d375dcc8-f052-491d-9fc0-f9041d70c10f" testId="473037bf-70d9-a435-6a77-2f960ad2bb74" testName="Resonance.Tests.G2RecheckReplayContractTests.R02_Speed3AutoFull_StartThenChange_HeaderNotInferredAs1Manual" computerName="DESKTOP-AKI3LSA" duration="00:00:00.0013458" startTime="2026-09-20T13:01:46.0310954+08:00" endTime="2026-09-20T13:01:46.0310955+08:00" testType="13cdc9d9-ddb5-4fa4-a97d-d965ccfc6d4b" outcome="Passed" testListId="8c84fa94-04c1-424b-9868-57a2d4851a1d" relativeResultsDirectory="d375dcc8-f052-491d-9fc0-f9041d70c10f" />
    <UnitTestResult executionId="cdde43b5-f2a7-46b7-b6e7-957f6d888e74" testId="3425f0c4-9bd5-2b23-23a9-136b2c38f668" testName="Resonance.Tests.G2ReviewReplayTests.R02_JsonLines_RoundTripsHeaderAndCommands" computerName="DESKTOP-AKI3LSA" duration="00:00:00.0319061" startTime="2026-09-20T13:01:44.3737809+08:00" endTime="2026-09-20T13:01:44.3737812+08:00" testType="13cdc9d9-ddb5-4fa4-a97d-d965ccfc6d4b" outcome="Passed" testListId="8c84fa94-04c1-424b-9868-57a2d4851a1d" relativeResultsDirectory="cdde43b5-f2a7-46b7-b6e7-957f6d888e74" />
    <UnitTestResult executionId="654d8d07-6ae4-43bd-9d12-2dc3670b06db" testId="598f843e-c6a9-8299-5ab0-4165115eeba5" testName="Resonance.Tests.BattleSimTests.CorruptPrimaryFallsBackToBak" computerName="DESKTOP-AKI3LSA" duration="00:00:00.0120728" startTime="2026-09-20T13:01:46.2026577+08:00" endTime="2026-09-20T13:01:46.2026579+08:00" testType="13cdc9d9-ddb5-4fa4-a97d-d965ccfc6d4b" outcome="Passed" testListId="8c84fa94-04c1-424b-9868-57a2d4851a1d" relativeResultsDirectory="654d8d07-6ae4-43bd-9d12-2dc3670b06db" />
    <UnitTestResult executionId="b0bbef58-51c1-44b4-ba07-7542a80c7bef" testId="c307c8c2-a818-5bf8-d288-3f6670182ce4" testName="Resonance.Tests.G2ReviewEffectLifecycleTests.E04_DotTriggers_DefaultsByKind" computerName="DESKTOP-AKI3LSA" duration="00:00:00.0004495" startTime="2026-09-20T13:01:44.4778285+08:00" endTime="2026-09-20T13:01:44.4778286+08:00" testType="13cdc9d9-ddb5-4fa4-a97d-d965ccfc6d4b" outcome="Passed" testListId="8c84fa94-04c1-424b-9868-57a2d4851a1d" relativeResultsDirectory="b0bbef58-51c1-44b4-ba07-7542a80c7bef" />
    <UnitTestResult executionId="776ce914-b268-454a-aa5a-92a54d8bde27" testId="b2c47ad8-3cd9-d2f8-574b-79839ecfae96" testName="Resonance.Tests.G2RecheckDriveGainTests.N04_AutoAttack_HonorsDeclaredDriveGainBelow14" computerName="DESKTOP-AKI3LSA" duration="00:00:00.0008038" startTime="2026-09-20T13:01:44.5216047+08:00" endTime="2026-09-20T13:01:44.5216048+08:00" testType="13cdc9d9-ddb5-4fa4-a97d-d965ccfc6d4b" outcome="Passed" testListId="8c84fa94-04c1-424b-9868-57a2d4851a1d" relativeResultsDirectory="776ce914-b268-454a-aa5a-92a54d8bde27" />
    <UnitTestResult executionId="e682d361-fb0c-45c9-a0bc-2cf08d138741" testId="c2d9f98d-08b0-c134-ba61-ef12688dce4d" testName="Resonance.Tests.VfxGoodWindowTests.BlindWaitAfterFind_LandsPastFirstWindow" computerName="DESKTOP-AKI3LSA" duration="00:00:00.0000555" startTime="2026-09-20T13:01:46.0464125+08:00" endTime="2026-09-20T13:01:46.0464126+08:00" testType="13cdc9d9-ddb5-4fa4-a97d-d965ccfc6d4b" outcome="Passed" testListId="8c84fa94-04c1-424b-9868-57a2d4851a1d" relativeResultsDirectory="e682d361-fb0c-45c9-a0bc-2cf08d138741" />
    <UnitTestResult executionId="133590d6-0cb4-4124-b49d-87c59418afc0" testId="243ac681-7395-1335-c86f-16dc048928d6" testName="Resonance.Tests.M1EffectOrderTests.UnimplementedReflectFails" computerName="DESKTOP-AKI3LSA" duration="00:00:00.0110947" startTime="2026-09-20T13:01:44.3989497+08:00" endTime="2026-09-20T13:01:44.3989500+08:00" testType="13cdc9d9-ddb5-4fa4-a97d-d965ccfc6d4b" outcome="Passed" testListId="8c84fa94-04c1-424b-9868-57a2d4851a1d" relativeResultsDirectory="133590d6-0cb4-4124-b49d-87c59418afc0" />
    <UnitTestResult executionId="68de2596-f6ec-4abc-af98-f831752d79fc" testId="917165d5-951a-97b4-8f77-7f1164897506" testName="Resonance.Tests.M1TargetingTests.MultiHitRetargetsAfterFocusedEnemyDiesMidSkill" computerName="DESKTOP-AKI3LSA" duration="00:00:00.0005382" startTime="2026-09-20T13:01:44.5023154+08:00" endTime="2026-09-20T13:01:44.5023156+08:00" testType="13cdc9d9-ddb5-4fa4-a97d-d965ccfc6d4b" outcome="Passed" testListId="8c84fa94-04c1-424b-9868-57a2d4851a1d" relativeResultsDirectory="68de2596-f6ec-4abc-af98-f831752d79fc" />
    <UnitTestResult executionId="818282ee-b663-4d49-9f59-ade23ac93abe" testId="375744bb-ac6c-7ddd-cc0c-43bb34eb089a" testName="Resonance.Tests.G2RecheckImportGateTests.V01_StatusApplyReflect_BlockedFromPlayableImport" computerName="DESKTOP-AKI3LSA" duration="00:00:00.0015943" startTime="2026-09-20T13:01:46.0251219+08:00" endTime="2026-09-20T13:01:46.0251221+08:00" testType="13cdc9d9-ddb5-4fa4-a97d-d965ccfc6d4b" outcome="Passed" testListId="8c84fa94-04c1-424b-9868-57a2d4851a1d" relativeResultsDirectory="818282ee-b663-4d49-9f59-ade23ac93abe" />
    <UnitTestResult executionId="2c608fe2-709d-44e9-afc4-742d8a5a3013" testId="3a6a5bc8-1a82-4132-816f-14415b6c2b5a" testName="Resonance.Tests.G2A53IdentityTests.T03_SingleFieldChange_FlipsBattleContentIdentity(field: &quot;AutoSkillId&quot;)" computerName="DESKTOP-AKI3LSA" duration="00:00:00.0029470" startTime="2026-09-20T13:01:44.6117743+08:00" endTime="2026-09-20T13:01:44.6117746+08:00" testType="13cdc9d9-ddb5-4fa4-a97d-d965ccfc6d4b" outcome="Passed" testListId="8c84fa94-04c1-424b-9868-57a2d4851a1d" relativeResultsDirectory="2c608fe2-709d-44e9-afc4-742d8a5a3013" />
    <UnitTestResult executionId="0e670c56-da48-4ad3-939c-7bd7b6105a77" testId="cba7f536-3ebc-1d98-2860-f27291740731" testName="Resonance.Tests.G2ReviewCapabilityTests.EveryEffectKindAppearsInMatrix" computerName="DESKTOP-AKI3LSA" duration="00:00:00.0021852" startTime="2026-09-20T13:01:46.0915555+08:00" endTime="2026-09-20T13:01:46.0915558+08:00" testType="13cdc9d9-ddb5-4fa4-a97d-d965ccfc6d4b" outcome="Passed" testListId="8c84fa94-04c1-424b-9868-57a2d4851a1d" relativeResultsDirectory="0e670c56-da48-4ad3-939c-7bd7b6105a77" />
    <UnitTestResult executionId="fce0a84c-d859-4d90-9bb1-19041c7f78ba" testId="10f4edb5-74f8-4ce8-de3f-222816b03712" testName="Resonance.Tests.BattleSimTests.AutoPlayCompletesStageWithAllVerbs" computerName="DESKTOP-AKI3LSA" duration="00:00:00.0008474" startTime="2026-09-20T13:01:46.2133941+08:00" endTime="2026-09-20T13:01:46.2133941+08:00" testType="13cdc9d9-ddb5-4fa4-a97d-d965ccfc6d4b" outcome="Passed" testListId="8c84fa94-04c1-424b-9868-57a2d4851a1d" relativeResultsDirectory="fce0a84c-d859-4d90-9bb1-19041c7f78ba" />
    <UnitTestResult executionId="45e26003-f687-4579-90ce-9f877a2f92ad" testId="05ed1a30-fef7-5fd0-292b-1fe502b21f99" testName="Resonance.Tests.G2RecheckProvenanceTests.P02_Bounds_RequireInt_MustNotSilentlyReturnZero" computerName="DESKTOP-AKI3LSA" duration="00:00:00.0003036" startTime="2026-09-20T13:01:46.0451931+08:00" endTime="2026-09-20T13:01:46.0451931+08:00" testType="13cdc9d9-ddb5-4fa4-a97d-d965ccfc6d4b" outcome="Passed" testListId="8c84fa94-04c1-424b-9868-57a2d4851a1d" relativeResultsDirectory="45e26003-f687-4579-90ce-9f877a2f92ad" />
    <UnitTestResult executionId="8d39a86b-43bf-45a2-984c-f4c4f70343b0" testId="335c3dfe-46f1-c26f-7ba1-92f578144b20" testName="Resonance.Tests.BattleSimTests.RosterCoversFiveByFive" computerName="DESKTOP-AKI3LSA" duration="00:00:00.0026675" startTime="2026-09-20T13:01:46.1872723+08:00" endTime="2026-09-20T13:01:46.1872725+08:00" testType="13cdc9d9-ddb5-4fa4-a97d-d965ccfc6d4b" outcome="Passed" testListId="8c84fa94-04c1-424b-9868-57a2d4851a1d" relativeResultsDirectory="8d39a86b-43bf-45a2-984c-f4c4f70343b0" />
    <UnitTestResult executionId="e2706b99-36bc-42b6-9765-3c848614960b" testId="1774ebbe-315a-21d0-4af1-51f80dbae215" testName="Resonance.Tests.G2A53EvidenceTests.T06_TypedRecorder_WriteSessionIndex_AndRefuseUnboundLiveSim" computerName="DESKTOP-AKI3LSA" duration="00:00:00.0229577" startTime="2026-09-20T13:01:44.6001482+08:00" endTime="2026-09-20T13:01:44.6001484+08:00" testType="13cdc9d9-ddb5-4fa4-a97d-d965ccfc6d4b" outcome="Passed" testListId="8c84fa94-04c1-424b-9868-57a2d4851a1d" relativeResultsDirectory="e2706b99-36bc-42b6-9765-3c848614960b" />
    <UnitTestResult executionId="8c3bb834-00b4-4e8a-9abf-03e41771feab" testId="268a2a01-bdef-a92a-f245-cfc564756bc2" testName="Resonance.Tests.BattleSimTests.BattleSimSlideUsesElementMatchup" computerName="DESKTOP-AKI3LSA" duration="00:00:00.0025896" startTime="2026-09-20T13:01:46.0985929+08:00" endTime="2026-09-20T13:01:46.0985931+08:00" testType="13cdc9d9-ddb5-4fa4-a97d-d965ccfc6d4b" outcome="Passed" testListId="8c84fa94-04c1-424b-9868-57a2d4851a1d" relativeResultsDirectory="8c3bb834-00b4-4e8a-9abf-03e41771feab" />
    <UnitTestResult executionId="392609c3-4bc2-45b6-a5c8-4e5ccc7d5f1e" testId="ebbf0d9d-07d2-f4d1-a736-e4577f705a99" testName="Resonance.Tests.G2C3OpeningInputTests.C3_T2_FrozenInputs_IgnoreCallerMutation_LegacyIncompleteLabels" computerName="DESKTOP-AKI3LSA" duration="00:00:00.4332543" startTime="2026-09-20T13:01:45.9240274+08:00" endTime="2026-09-20T13:01:45.9240276+08:00" testType="13cdc9d9-ddb5-4fa4-a97d-d965ccfc6d4b" outcome="Passed" testListId="8c84fa94-04c1-424b-9868-57a2d4851a1d" relativeResultsDirectory="392609c3-4bc2-45b6-a5c8-4e5ccc7d5f1e" />
    <UnitTestResult executionId="cf502020-4cd0-46a9-8513-581c974206e1" testId="947d3dbb-1a4a-2d44-659b-25fcd7853591" testName="Resonance.Tests.BattleSimTests.NewSaveSeedsStarterKit" computerName="DESKTOP-AKI3LSA" duration="00:00:00.0011538" startTime="2026-09-20T13:01:46.1483711+08:00" endTime="2026-09-20T13:01:46.1483712+08:00" testType="13cdc9d9-ddb5-4fa4-a97d-d965ccfc6d4b" outcome="Passed" testListId="8c84fa94-04c1-424b-9868-57a2d4851a1d" relativeResultsDirectory="cf502020-4cd0-46a9-8513-581c974206e1" />
    <UnitTestResult executionId="25695900-8b17-475f-8528-5b7d3a39ad9e" testId="d48ce899-7c76-a0ba-bd3e-f28129eb69f8" testName="Resonance.Tests.BattleSimTests.ElementMatchupIsFireWoodWaterAndLightDark" computerName="DESKTOP-AKI3LSA" duration="00:00:00.0003900" startTime="2026-09-20T13:01:46.1406064+08:00" endTime="2026-09-20T13:01:46.1406065+08:00" testType="13cdc9d9-ddb5-4fa4-a97d-d965ccfc6d4b" outcome="Passed" testListId="8c84fa94-04c1-424b-9868-57a2d4851a1d" relativeResultsDirectory="25695900-8b17-475f-8528-5b7d3a39ad9e" />
    <UnitTestResult executionId="f9fb61dd-fcaf-4b7c-8725-83ae23d2aa68" testId="293a5799-264f-390a-0c4b-9ee5858a79a0" testName="Resonance.Tests.G2ReviewEffectLifecycleTests.E04_DotTriggers_OnActionOnly" computerName="DESKTOP-AKI3LSA" duration="00:00:00.0020933" startTime="2026-09-20T13:01:44.4741839+08:00" endTime="2026-09-20T13:01:44.4741840+08:00" testType="13cdc9d9-ddb5-4fa4-a97d-d965ccfc6d4b" outcome="Passed" testListId="8c84fa94-04c1-424b-9868-57a2d4851a1d" relativeResultsDirectory="f9fb61dd-fcaf-4b7c-8725-83ae23d2aa68" />
    <UnitTestResult executionId="7a36af47-c0a9-449b-a5b2-69400f4b7e76" testId="bdc1d7b4-d414-ce97-e975-200ac19ba32f" testName="Resonance.Tests.G2ReviewEffectLifecycleTests.E02_ShieldPerInstance_TwoGroupsSumAndExpireSeparately" computerName="DESKTOP-AKI3LSA" duration="00:00:00.0007609" startTime="2026-09-20T13:01:44.4841809+08:00" endTime="2026-09-20T13:01:44.4841810+08:00" testType="13cdc9d9-ddb5-4fa4-a97d-d965ccfc6d4b" outcome="Passed" testListId="8c84fa94-04c1-424b-9868-57a2d4851a1d" relativeResultsDirectory="7a36af47-c0a9-449b-a5b2-69400f4b7e76" />
    <UnitTestResult executionId="eab0a87e-017d-4830-a418-6656e151ee10" testId="1f36a257-6ab9-1217-1cd6-8b7c410eb875" testName="Resonance.Tests.G2ReviewQteClockTests.Q04_ResolveWithoutPendingIsNoPending" computerName="DESKTOP-AKI3LSA" duration="00:00:00.0001859" startTime="2026-09-20T13:01:46.0747391+08:00" endTime="2026-09-20T13:01:46.0747391+08:00" testType="13cdc9d9-ddb5-4fa4-a97d-d965ccfc6d4b" outcome="Passed" testListId="8c84fa94-04c1-424b-9868-57a2d4851a1d" relativeResultsDirectory="eab0a87e-017d-4830-a418-6656e151ee10" />
    <UnitTestResult executionId="db07d139-e07e-4332-9e3b-c8f93cfb8ac0" testId="cf3b3206-d2b8-9706-13c6-282ff56bd61f" testName="Resonance.Tests.BattleSimTests.WikiTsFeverIsSixtyPercent" computerName="DESKTOP-AKI3LSA" duration="00:00:00.0000798" startTime="2026-09-20T13:01:46.1138478+08:00" endTime="2026-09-20T13:01:46.1138479+08:00" testType="13cdc9d9-ddb5-4fa4-a97d-d965ccfc6d4b" outcome="Passed" testListId="8c84fa94-04c1-424b-9868-57a2d4851a1d" relativeResultsDirectory="db07d139-e07e-4332-9e3b-c8f93cfb8ac0" />
    <UnitTestResult executionId="7781201d-dbed-4852-8403-ea0466c620b8" testId="8239c955-c42b-b36d-c9c4-405d3a67f83d" testName="Resonance.Tests.M1TargetingTests.EqualRankPicksAreRepeatableOnSameSeed" computerName="DESKTOP-AKI3LSA" duration="00:00:00.0032583" startTime="2026-09-20T13:01:44.4965419+08:00" endTime="2026-09-20T13:01:44.4965423+08:00" testType="13cdc9d9-ddb5-4fa4-a97d-d965ccfc6d4b" outcome="Passed" testListId="8c84fa94-04c1-424b-9868-57a2d4851a1d" relativeResultsDirectory="7781201d-dbed-4852-8403-ea0466c620b8" />
    <UnitTestResult executionId="7b853e83-fe53-4342-94ec-70c0f4eee63a" testId="8fbd76b1-f1cb-de03-0888-3d3a19a6faa5" testName="Resonance.Tests.G2ReviewFeverTests.F04_AutoFever_UsesSameCommandPath" computerName="DESKTOP-AKI3LSA" duration="00:00:00.0009477" startTime="2026-09-20T13:01:46.0377353+08:00" endTime="2026-09-20T13:01:46.0377354+08:00" testType="13cdc9d9-ddb5-4fa4-a97d-d965ccfc6d4b" outcome="Passed" testListId="8c84fa94-04c1-424b-9868-57a2d4851a1d" relativeResultsDirectory="7b853e83-fe53-4342-94ec-70c0f4eee63a" />
    <UnitTestResult executionId="8e87713c-9bb5-460c-ac95-b976572d6d2c" testId="0c2a8a3e-4d67-fe62-efe9-c9ec22f2777e" testName="Resonance.Tests.M1RepairQaTests.GlUnknownCastDoesNotApplyJpHpAsSettled" computerName="DESKTOP-AKI3LSA" duration="00:00:00.0003557" startTime="2026-09-20T13:01:44.5238313+08:00" endTime="2026-09-20T13:01:44.5238314+08:00" testType="13cdc9d9-ddb5-4fa4-a97d-d965ccfc6d4b" outcome="Passed" testListId="8c84fa94-04c1-424b-9868-57a2d4851a1d" relativeResultsDirectory="8e87713c-9bb5-460c-ac95-b976572d6d2c" />
    <UnitTestResult executionId="26a5549e-8761-4f37-8a24-08c090d8d5c1" testId="715a9cf2-f577-c1b8-a157-33e524c1c5da" testName="Resonance.Tests.M1EventLogTests.ExportToMemoryAndTempHashesMatchAndSkipUserSave" computerName="DESKTOP-AKI3LSA" duration="00:00:00.0053448" startTime="2026-09-20T13:01:46.0661246+08:00" endTime="2026-09-20T13:01:46.0661246+08:00" testType="13cdc9d9-ddb5-4fa4-a97d-d965ccfc6d4b" outcome="Passed" testListId="8c84fa94-04c1-424b-9868-57a2d4851a1d" relativeResultsDirectory="26a5549e-8761-4f37-8a24-08c090d8d5c1" />
    <UnitTestResult executionId="bd112f2b-4e23-43de-8d96-432fd23c3baf" testId="158e2d18-a26d-ff86-a622-7295d8608486" testName="Resonance.Tests.BattleSimTests.AutoTapReachesFever" computerName="DESKTOP-AKI3LSA" duration="00:00:00.0007158" startTime="2026-09-20T13:01:46.2115759+08:00" endTime="2026-09-20T13:01:46.2115760+08:00" testType="13cdc9d9-ddb5-4fa4-a97d-d965ccfc6d4b" outcome="Passed" testListId="8c84fa94-04c1-424b-9868-57a2d4851a1d" relativeResultsDirectory="bd112f2b-4e23-43de-8d96-432fd23c3baf" />
    <UnitTestResult executionId="f02a740a-33c7-436e-9106-dfbb7bb8350c" testId="1a92e471-ecdc-8bfb-52d8-27b385d46830" testName="Resonance.Tests.G2RecheckEvidenceContractTests.L01_TwoBattleIds_FirstFightEventsSurviveNext" computerName="DESKTOP-AKI3LSA" duration="00:00:00.0287892" startTime="2026-09-20T13:01:45.9946155+08:00" endTime="2026-09-20T13:01:45.9946158+08:00" testType="13cdc9d9-ddb5-4fa4-a97d-d965ccfc6d4b" outcome="Passed" testListId="8c84fa94-04c1-424b-9868-57a2d4851a1d" relativeResultsDirectory="f02a740a-33c7-436e-9106-dfbb7bb8350c" />
    <UnitTestResult executionId="97380eb9-73b3-4e85-b616-404467eab279" testId="2ac2c478-67e4-da21-025d-72d7b8ebfe32" testName="Resonance.Tests.G2A53JsonHasTargetTests.T04_HasTargetTrue_WithLegalTarget" computerName="DESKTOP-AKI3LSA" duration="00:00:00.0017833" startTime="2026-09-20T13:01:44.6273981+08:00" endTime="2026-09-20T13:01:44.6273983+08:00" testType="13cdc9d9-ddb5-4fa4-a97d-d965ccfc6d4b" outcome="Passed" testListId="8c84fa94-04c1-424b-9868-57a2d4851a1d" relativeResultsDirectory="97380eb9-73b3-4e85-b616-404467eab279" />
    <UnitTestResult executionId="db8f1290-03a5-4a56-80a9-8e892338654e" testId="e5a59c6f-4351-8ae4-8696-edfbc74e4d8f" testName="Resonance.Tests.G2ReviewCapabilityTests.DefaultContentPassesValidation" computerName="DESKTOP-AKI3LSA" duration="00:00:00.0020359" startTime="2026-09-20T13:01:46.0892878+08:00" endTime="2026-09-20T13:01:46.0892879+08:00" testType="13cdc9d9-ddb5-4fa4-a97d-d965ccfc6d4b" outcome="Passed" testListId="8c84fa94-04c1-424b-9868-57a2d4851a1d" relativeResultsDirectory="db8f1290-03a5-4a56-80a9-8e892338654e" />
    <UnitTestResult executionId="7034614c-7532-4aa6-a5e8-cc969491043c" testId="f35ad794-315e-2abe-3573-6f51c7ca499e" testName="Resonance.Tests.G2ReviewEffectLifecycleTests.Silence_BlocksSkillInputButNotAutoAttack" computerName="DESKTOP-AKI3LSA" duration="00:00:00.0012211" startTime="2026-09-20T13:01:44.4833509+08:00" endTime="2026-09-20T13:01:44.4833511+08:00" testType="13cdc9d9-ddb5-4fa4-a97d-d965ccfc6d4b" outcome="Passed" testListId="8c84fa94-04c1-424b-9868-57a2d4851a1d" relativeResultsDirectory="7034614c-7532-4aa6-a5e8-cc969491043c" />
    <UnitTestResult executionId="11f32c0b-50f7-438c-8152-eed0fb682b87" testId="8f1f69b3-d63f-6227-da14-2ddaff931e86" testName="Resonance.Tests.BattleSimTests.IgnitionStopsAreSixNodes" computerName="DESKTOP-AKI3LSA" duration="00:00:00.0003675" startTime="2026-09-20T13:01:46.1281550+08:00" endTime="2026-09-20T13:01:46.1281552+08:00" testType="13cdc9d9-ddb5-4fa4-a97d-d965ccfc6d4b" outcome="Passed" testListId="8c84fa94-04c1-424b-9868-57a2d4851a1d" relativeResultsDirectory="11f32c0b-50f7-438c-8152-eed0fb682b87" />
    <UnitTestResult executionId="7c51b835-12bb-4a5e-a3bf-0ba810988e78" testId="f2055161-7a05-2e9a-e8d9-f9c439ec170c" testName="Resonance.Tests.M1EffectOrderTests.UnknownPierceStillFails" computerName="DESKTOP-AKI3LSA" duration="00:00:00.0004975" startTime="2026-09-20T13:01:44.4220852+08:00" endTime="2026-09-20T13:01:44.4220853+08:00" testType="13cdc9d9-ddb5-4fa4-a97d-d965ccfc6d4b" outcome="Passed" testListId="8c84fa94-04c1-424b-9868-57a2d4851a1d" relativeResultsDirectory="7c51b835-12bb-4a5e-a3bf-0ba810988e78" />
    <UnitTestResult executionId="1b87aa9d-aecb-4604-aea1-d952905c00f2" testId="9a5383d2-0e58-54dd-1a3a-cf3be1b3be07" testName="Resonance.Tests.BattleSimTests.DamageFormulaMatchesRebuild" computerName="DESKTOP-AKI3LSA" duration="00:00:00.0007504" startTime="2026-09-20T13:01:46.1092484+08:00" endTime="2026-09-20T13:01:46.1092486+08:00" testType="13cdc9d9-ddb5-4fa4-a97d-d965ccfc6d4b" outcome="Passed" testListId="8c84fa94-04c1-424b-9868-57a2d4851a1d" relativeResultsDirectory="1b87aa9d-aecb-4604-aea1-d952905c00f2" />
    <UnitTestResult executionId="23f2ff13-3703-4fd8-9848-e36a095b9ca7" testId="75ca5e56-ea56-c126-1b1e-e793ba78d6db" testName="Resonance.Tests.G2ReviewQteClockTests.Q04_TimeoutDuringQteCancelsWithoutLateDamage" computerName="DESKTOP-AKI3LSA" duration="00:00:00.0005002" startTime="2026-09-20T13:01:46.0752804+08:00" endTime="2026-09-20T13:01:46.0752805+08:00" testType="13cdc9d9-ddb5-4fa4-a97d-d965ccfc6d4b" outcome="Passed" testListId="8c84fa94-04c1-424b-9868-57a2d4851a1d" relativeResultsDirectory="23f2ff13-3703-4fd8-9848-e36a095b9ca7" />
    <UnitTestResult executionId="a7f575e3-159d-45cd-bfcd-722065f34c4b" testId="4c3580ab-bc07-cb8a-ed78-1d010ae72c54" testName="Resonance.Tests.G2B1VerificationEntryTests.BuildBuiltin_WithoutApply_C001SlideRemainsUnplayable" computerName="DESKTOP-AKI3LSA" duration="00:00:00.0036491" startTime="2026-09-20T13:01:45.0553373+08:00" endTime="2026-09-20T13:01:45.0553377+08:00" testType="13cdc9d9-ddb5-4fa4-a97d-d965ccfc6d4b" outcome="Passed" testListId="8c84fa94-04c1-424b-9868-57a2d4851a1d" relativeResultsDirectory="a7f575e3-159d-45cd-bfcd-722065f34c4b" />
    <UnitTestResult executionId="5caffe17-e214-4025-b8f1-942eaf26879b" testId="1d2a97bf-269a-9145-4869-e721819a844c" testName="Resonance.Tests.G2A53IsolationTests.T07_AssemblyDisablesTestParallelization" computerName="DESKTOP-AKI3LSA" duration="00:00:00.0003003" startTime="2026-09-20T13:01:44.5029357+08:00" endTime="2026-09-20T13:01:44.5029358+08:00" testType="13cdc9d9-ddb5-4fa4-a97d-d965ccfc6d4b" outcome="Passed" testListId="8c84fa94-04c1-424b-9868-57a2d4851a1d" relativeResultsDirectory="5caffe17-e214-4025-b8f1-942eaf26879b" />
    <UnitTestResult executionId="ff977137-932c-45ed-9569-00a1fa8eee5b" testId="c77df7a9-22a4-60f9-1d2d-c5dd4498d96c" testName="Resonance.Tests.M1RepairQaTests.CloneSkillKeepsExternalSlideRankSlots" computerName="DESKTOP-AKI3LSA" duration="00:00:00.0005576" startTime="2026-09-20T13:01:44.5234202+08:00" endTime="2026-09-20T13:01:44.5234203+08:00" testType="13cdc9d9-ddb5-4fa4-a97d-d965ccfc6d4b" outcome="Passed" testListId="8c84fa94-04c1-424b-9868-57a2d4851a1d" relativeResultsDirectory="ff977137-932c-45ed-9569-00a1fa8eee5b" />
    <UnitTestResult executionId="61cdb31c-bc2f-4ed2-bfda-4fda6d83a182" testId="6ac0418c-d478-ec4c-8c79-cc7c379bdd1e" testName="Resonance.Tests.M1CoreSliceTests.DefaultProfileIsGlUnknownAndForbidsFinalVerified" computerName="DESKTOP-AKI3LSA" duration="00:00:00.0009110" startTime="2026-09-20T13:01:46.0488729+08:00" endTime="2026-09-20T13:01:46.0488729+08:00" testType="13cdc9d9-ddb5-4fa4-a97d-d965ccfc6d4b" outcome="Passed" testListId="8c84fa94-04c1-424b-9868-57a2d4851a1d" relativeResultsDirectory="61cdb31c-bc2f-4ed2-bfda-4fda6d83a182" />
    <UnitTestResult executionId="0246fd4b-8e85-490c-a882-71853d5355bf" testId="98377fa8-a931-4586-cb05-77b058d4c957" testName="Resonance.Tests.M1EffectOrderTests.GlUnknownPoisonDoesNotChangeHp" computerName="DESKTOP-AKI3LSA" duration="00:00:00.0004325" startTime="2026-09-20T13:01:44.4215195+08:00" endTime="2026-09-20T13:01:44.4215196+08:00" testType="13cdc9d9-ddb5-4fa4-a97d-d965ccfc6d4b" outcome="Passed" testListId="8c84fa94-04c1-424b-9868-57a2d4851a1d" relativeResultsDirectory="0246fd4b-8e85-490c-a882-71853d5355bf" />
    <UnitTestResult executionId="bd5a1d09-2e1b-4463-acaf-22f172189c45" testId="2438836c-0167-f930-69ec-0a6046f10163" testName="Resonance.Tests.BattleSimTests.DiskKeepsPartyStageGear" computerName="DESKTOP-AKI3LSA" duration="00:00:00.0056454" startTime="2026-09-20T13:01:46.2107732+08:00" endTime="2026-09-20T13:01:46.2107735+08:00" testType="13cdc9d9-ddb5-4fa4-a97d-d965ccfc6d4b" outcome="Passed" testListId="8c84fa94-04c1-424b-9868-57a2d4851a1d" relativeResultsDirectory="bd5a1d09-2e1b-4463-acaf-22f172189c45" />
    <UnitTestResult executionId="c4e1b039-ba06-40cf-874c-0ee7638d9dba" testId="4818e8bf-64ce-3f4a-42fb-533e2eae2f7c" testName="Resonance.Tests.BattleSimTests.NewSaveOwnsThreePuppets" computerName="DESKTOP-AKI3LSA" duration="00:00:00.0024011" startTime="2026-09-20T13:01:46.1117249+08:00" endTime="2026-09-20T13:01:46.1117251+08:00" testType="13cdc9d9-ddb5-4fa4-a97d-d965ccfc6d4b" outcome="Passed" testListId="8c84fa94-04c1-424b-9868-57a2d4851a1d" relativeResultsDirectory="c4e1b039-ba06-40cf-874c-0ee7638d9dba" />
    <UnitTestResult executionId="801fe2b4-49f0-49f2-bc7c-7052eade85de" testId="52cfc1d2-28d5-4e2e-52c1-37b3773b7010" testName="Resonance.Tests.G2ReviewCapabilityTests.MatrixCoversEveryKnownOpcode" computerName="DESKTOP-AKI3LSA" duration="00:00:00.0002147" startTime="2026-09-20T13:01:46.0941085+08:00" endTime="2026-09-20T13:01:46.0941086+08:00" testType="13cdc9d9-ddb5-4fa4-a97d-d965ccfc6d4b" outcome="Passed" testListId="8c84fa94-04c1-424b-9868-57a2d4851a1d" relativeResultsDirectory="801fe2b4-49f0-49f2-bc7c-7052eade85de" />
    <UnitTestResult executionId="4cb4b4be-8030-49bb-be4c-8687f56eaf6e" testId="c506c888-557e-305f-7ae1-67812831762c" testName="Resonance.Tests.G2OpeningDefaultsAuditTests.ExplicitOpeningInputs_KeepDefaultsAndNullSlots_ThroughRecoveryAndReplay(kind: &quot;mixed&quot;)" computerName="DESKTOP-AKI3LSA" duration="00:00:00.0073927" startTime="2026-09-20T13:01:45.9604676+08:00" endTime="2026-09-20T13:01:45.9604677+08:00" testType="13cdc9d9-ddb5-4fa4-a97d-d965ccfc6d4b" outcome="Passed" testListId="8c84fa94-04c1-424b-9868-57a2d4851a1d" relativeResultsDirectory="4cb4b4be-8030-49bb-be4c-8687f56eaf6e" />
    <UnitTestResult executionId="76973928-7d9c-409a-8cb3-df1ca28cf870" testId="40a5ad35-8ddc-753d-7f36-f0c656fb0085" testName="Resonance.Tests.VfxGoodWindowTests.ThreeGoodsStayBelowFeverOpen_ThreePerfectsReach" computerName="DESKTOP-AKI3LSA" duration="00:00:00.0000718" startTime="2026-09-20T13:01:46.0459478+08:00" endTime="2026-09-20T13:01:46.0459478+08:00" testType="13cdc9d9-ddb5-4fa4-a97d-d965ccfc6d4b" outcome="Passed" testListId="8c84fa94-04c1-424b-9868-57a2d4851a1d" relativeResultsDirectory="76973928-7d9c-409a-8cb3-df1ca28cf870" />
    <UnitTestResult executionId="d17c1b9d-b023-486c-8c32-ec05cdb71aaf" testId="bf212605-9deb-3cec-87ec-e8c59541e250" testName="Resonance.Tests.G2RecheckEvidenceContractTests.L02_EachBattle_HasFrozenHeaderCommandsAndExitSnapshot" computerName="DESKTOP-AKI3LSA" duration="00:00:00.0285331" startTime="2026-09-20T13:01:46.0232761+08:00" endTime="2026-09-20T13:01:46.0232763+08:00" testType="13cdc9d9-ddb5-4fa4-a97d-d965ccfc6d4b" outcome="Passed" testListId="8c84fa94-04c1-424b-9868-57a2d4851a1d" relativeResultsDirectory="d17c1b9d-b023-486c-8c32-ec05cdb71aaf" />
    <UnitTestResult executionId="7b466e8a-2776-45d4-a498-c78c6a21187a" testId="386bcf34-fdd8-23b9-3203-ed7cd0340060" testName="Resonance.Tests.M1ClockModeTests.StayHeldFreezesManualAndFull" computerName="DESKTOP-AKI3LSA" duration="00:00:00.0014212" startTime="2026-09-20T13:01:46.0780860+08:00" endTime="2026-09-20T13:01:46.0780861+08:00" testType="13cdc9d9-ddb5-4fa4-a97d-d965ccfc6d4b" outcome="Passed" testListId="8c84fa94-04c1-424b-9868-57a2d4851a1d" relativeResultsDirectory="7b466e8a-2776-45d4-a498-c78c6a21187a" />
    <UnitTestResult executionId="67079b05-61cb-4d81-8f8e-95da21b28fcc" testId="e6926e35-1691-51b4-9bcf-bc0bf063a6f1" testName="Resonance.Tests.BattleSimTests.FightStatsCountsDealtAndDps" computerName="DESKTOP-AKI3LSA" duration="00:00:00.0007353" startTime="2026-09-20T13:01:46.1417438+08:00" endTime="2026-09-20T13:01:46.1417439+08:00" testType="13cdc9d9-ddb5-4fa4-a97d-d965ccfc6d4b" outcome="Passed" testListId="8c84fa94-04c1-424b-9868-57a2d4851a1d" relativeResultsDirectory="67079b05-61cb-4d81-8f8e-95da21b28fcc" />
    <UnitTestResult executionId="036ad81d-c2e6-48c6-8a1e-5dd9e1872a62" testId="0014361d-27bc-a866-50a2-7b00911dab56" testName="Resonance.Tests.BattleSimTests.HardUnlocksAfterChapterClear" computerName="DESKTOP-AKI3LSA" duration="00:00:00.0002429" startTime="2026-09-20T13:01:46.1897902+08:00" endTime="2026-09-20T13:01:46.1897903+08:00" testType="13cdc9d9-ddb5-4fa4-a97d-d965ccfc6d4b" outcome="Passed" testListId="8c84fa94-04c1-424b-9868-57a2d4851a1d" relativeResultsDirectory="036ad81d-c2e6-48c6-8a1e-5dd9e1872a62" />
    <UnitTestResult executionId="60f7f7d2-55a8-400e-b1df-a49815aaa496" testId="49b38254-1568-1c9d-2287-eb138941dab2" testName="Resonance.Tests.G2ReviewReplayComponentTests.FreshSimDigestsAreEqual" computerName="DESKTOP-AKI3LSA" duration="00:00:00.0002479" startTime="2026-09-20T13:01:44.5079481+08:00" endTime="2026-09-20T13:01:44.5079482+08:00" testType="13cdc9d9-ddb5-4fa4-a97d-d965ccfc6d4b" outcome="Passed" testListId="8c84fa94-04c1-424b-9868-57a2d4851a1d" relativeResultsDirectory="60f7f7d2-55a8-400e-b1df-a49815aaa496" />
    <UnitTestResult executionId="6c59c3b5-9a57-40a7-9b2e-3881af5dc98a" testId="31194ced-c5e9-08de-d15a-0192ca871865" testName="Resonance.Tests.G2ReviewProvenanceTests.P03_PierceCandidate_RejectsUnsupportedDomain" computerName="DESKTOP-AKI3LSA" duration="00:00:00.0049793" startTime="2026-09-20T13:01:44.4273082+08:00" endTime="2026-09-20T13:01:44.4273085+08:00" testType="13cdc9d9-ddb5-4fa4-a97d-d965ccfc6d4b" outcome="Passed" testListId="8c84fa94-04c1-424b-9868-57a2d4851a1d" relativeResultsDirectory="6c59c3b5-9a57-40a7-9b2e-3881af5dc98a" />
    <UnitTestResult executionId="7f60ed0f-21b6-4d37-8488-ccc9498ca308" testId="652fa06b-4fc3-9488-c211-a0c7c141ee41" testName="Resonance.Tests.G2OpeningDefaultsAuditTests.ExplicitOpeningInputs_KeepDefaultsAndNullSlots_ThroughRecoveryAndReplay(kind: &quot;all-null&quot;)" computerName="DESKTOP-AKI3LSA" duration="00:00:00.0071806" startTime="2026-09-20T13:01:45.9458898+08:00" endTime="2026-09-20T13:01:45.9458900+08:00" testType="13cdc9d9-ddb5-4fa4-a97d-d965ccfc6d4b" outcome="Passed" testListId="8c84fa94-04c1-424b-9868-57a2d4851a1d" relativeResultsDirectory="7f60ed0f-21b6-4d37-8488-ccc9498ca308" />
    <UnitTestResult executionId="6a501a32-cb70-40d9-b37f-f60202b01e41" testId="7f44b596-2dd9-364a-af23-4cf15f029e9e" testName="Resonance.Tests.G2A53IdentityTests.T03_SingleFieldChange_FlipsBattleContentIdentity(field: &quot;HonorDeclaredAutoDriveGain&quot;)" computerName="DESKTOP-AKI3LSA" duration="00:00:00.0008665" startTime="2026-09-20T13:01:44.6215896+08:00" endTime="2026-09-20T13:01:44.6215898+08:00" testType="13cdc9d9-ddb5-4fa4-a97d-d965ccfc6d4b" outcome="Passed" testListId="8c84fa94-04c1-424b-9868-57a2d4851a1d" relativeResultsDirectory="6a501a32-cb70-40d9-b37f-f60202b01e41" />
    <UnitTestResult executionId="dee9e34e-9336-4c7f-a77a-2a1da062d4f8" testId="4234749d-1fe1-da91-07c5-5c4e076a8192" testName="Resonance.Tests.G2ReviewProvenanceTests.P02_LegacyKrSlide_MatchesDeclaredCandidate(def: 6000)" computerName="DESKTOP-AKI3LSA" duration="00:00:00.0033856" startTime="2026-09-20T13:01:44.4308272+08:00" endTime="2026-09-20T13:01:44.4308278+08:00" testType="13cdc9d9-ddb5-4fa4-a97d-d965ccfc6d4b" outcome="Passed" testListId="8c84fa94-04c1-424b-9868-57a2d4851a1d" relativeResultsDirectory="dee9e34e-9336-4c7f-a77a-2a1da062d4f8" />
[...]
    <TestEntry testId="b61c6a67-0e2d-fe95-ecbe-e7b3d1449b73" executionId="8cf04d00-d675-4afc-bcee-2c6f16415fc3" testListId="8c84fa94-04c1-424b-9868-57a2d4851a1d" />
    <TestEntry testId="7bfeb162-ac03-7ecb-e322-27e3786ffa53" executionId="d384841c-b5c3-4f03-b72b-3a31ff4e57fd" testListId="8c84fa94-04c1-424b-9868-57a2d4851a1d" />
    <TestEntry testId="affd6903-7218-9fd3-ca54-9c5a1537413e" executionId="7d071efa-369c-4ed1-bd70-59e33cd296f4" testListId="8c84fa94-04c1-424b-9868-57a2d4851a1d" />
    <TestEntry testId="5142cfc4-585d-f648-6b89-b8dfe7e5237b" executionId="686deedd-df08-47b4-afc7-e20f21b7f67a" testListId="8c84fa94-04c1-424b-9868-57a2d4851a1d" />
    <TestEntry testId="c62655a9-0d83-5bf7-c77b-dce1fab1d92b" executionId="3d044d95-3da4-4213-b9a3-119a81dd2049" testListId="8c84fa94-04c1-424b-9868-57a2d4851a1d" />
    <TestEntry testId="69d71424-d96c-713e-5e80-6902649d21bd" executionId="8d71e2d3-bc4e-4650-bd12-1f61ae18d1cf" testListId="8c84fa94-04c1-424b-9868-57a2d4851a1d" />
    <TestEntry testId="2fa0e6a2-32eb-228b-64fe-9ccc458c72e4" executionId="a1bb8a61-2dde-4454-8c70-c4c7bffaad43" testListId="8c84fa94-04c1-424b-9868-57a2d4851a1d" />
    <TestEntry testId="d33a28c2-06ce-d30e-20b6-0e57876eee3a" executionId="8888738f-bc67-4fb9-893d-207b83f7a0f8" testListId="8c84fa94-04c1-424b-9868-57a2d4851a1d" />
    <TestEntry testId="697c2a1c-67af-9f3c-cf5a-553445cd90bc" executionId="ec97e44e-01f6-4120-9597-9b173ea2ae83" testListId="8c84fa94-04c1-424b-9868-57a2d4851a1d" />
    <TestEntry testId="43f51b3d-57cb-7759-4266-7ad5bc1cc49a" executionId="ba9a4df7-babf-47f4-8c1f-d1e4953bcfd6" testListId="8c84fa94-04c1-424b-9868-57a2d4851a1d" />
    <TestEntry testId="2288c24e-9049-d1b7-9863-fb4e973c3afa" executionId="11161f2a-8b6d-421e-8bda-c3a5511cc7b4" testListId="8c84fa94-04c1-424b-9868-57a2d4851a1d" />
    <TestEntry testId="69e8c78d-fedc-a1bc-58be-cc85ac5eacac" executionId="51a773d2-1bee-4381-8ad6-a91456e51a61" testListId="8c84fa94-04c1-424b-9868-57a2d4851a1d" />
    <TestEntry testId="f4c005bb-e0da-3279-f595-8c9727ef0915" executionId="49e477da-af4d-4256-9e04-a47c2c4a727f" testListId="8c84fa94-04c1-424b-9868-57a2d4851a1d" />
    <TestEntry testId="97717d65-4565-9abb-4c3a-bdf12572cd0e" executionId="a8c7cf6a-731e-4801-8943-9eafbf62279a" testListId="8c84fa94-04c1-424b-9868-57a2d4851a1d" />
    <TestEntry testId="caf552c9-c9a4-abc2-bff2-8c3939560ea0" executionId="e9284c40-90a0-4b62-944e-a61ca13b26f9" testListId="8c84fa94-04c1-424b-9868-57a2d4851a1d" />
    <TestEntry testId="ba0c6cea-e7ed-9c03-a39c-3d2f7ec27afa" executionId="3a7a130c-c1e8-4d8a-ad3b-1d6f2a3e8205" testListId="8c84fa94-04c1-424b-9868-57a2d4851a1d" />
    <TestEntry testId="77bb480d-cc3c-c254-2194-a00dfce78e08" executionId="f50cb185-c3ec-472b-be3e-7d2d3020798f" testListId="8c84fa94-04c1-424b-9868-57a2d4851a1d" />
    <TestEntry testId="756a6766-5a88-d80b-870f-e7a058ed89ba" executionId="e33bb54d-38df-49f6-9521-bd1944f604a9" testListId="8c84fa94-04c1-424b-9868-57a2d4851a1d" />
    <TestEntry testId="ea7d1d02-798d-a221-6ce7-594f9c66aa70" executionId="c4c53e83-c343-4349-aef5-6e81fb8707e7" testListId="8c84fa94-04c1-424b-9868-57a2d4851a1d" />
    <TestEntry testId="879194e7-fc3f-8425-54d9-06eb917892c3" executionId="983d8b00-79e2-4830-8a68-05de7677e256" testListId="8c84fa94-04c1-424b-9868-57a2d4851a1d" />
    <TestEntry testId="fff8f87b-0d7b-fd8c-7cb2-acdafebaecab" executionId="2ecf0b17-b2ed-4185-a90d-9fa85b9fdeee" testListId="8c84fa94-04c1-424b-9868-57a2d4851a1d" />
    <TestEntry testId="bd68fa6c-a904-54f6-a7ad-1de7418b2c8d" executionId="e9b407ca-3ec5-4f14-825e-9a79855ef3dc" testListId="8c84fa94-04c1-424b-9868-57a2d4851a1d" />
    <TestEntry testId="55973eba-938f-1501-26cf-86ce88d1dd17" executionId="945526d5-2690-4c14-a7ec-2c05dff76d48" testListId="8c84fa94-04c1-424b-9868-57a2d4851a1d" />
    <TestEntry testId="e045a9ca-4e3e-2edf-db36-dae6486b30af" executionId="501037c2-9dbe-486a-9804-f5f72a0568c4" testListId="8c84fa94-04c1-424b-9868-57a2d4851a1d" />
    <TestEntry testId="c07a8759-a5f0-1bbc-c1bd-6c72321a43d5" executionId="0152f0b8-c3d7-412c-98f2-6a5404f2c12c" testListId="8c84fa94-04c1-424b-9868-57a2d4851a1d" />
    <TestEntry testId="b16ff1b8-d379-59d2-5fa0-bc297406785a" executionId="ca67851c-7fdb-4736-9cb7-6700b795f9a9" testListId="8c84fa94-04c1-424b-9868-57a2d4851a1d" />
    <TestEntry testId="866d9c8c-5e99-21d7-4acf-bbc01cb417cc" executionId="8fffbf4d-1c55-462f-8a12-ddaa5a02d6f6" testListId="8c84fa94-04c1-424b-9868-57a2d4851a1d" />
    <TestEntry testId="478f061b-c485-9cd9-16be-5a2f41cca1b8" executionId="5a5cd729-99fb-48c0-a2f9-558b98bd90a2" testListId="8c84fa94-04c1-424b-9868-57a2d4851a1d" />
    <TestEntry testId="e1efe6ea-68da-9dac-df05-5fc90b351896" executionId="b5a41153-00cc-44d1-bd14-bb26de1a5c5a" testListId="8c84fa94-04c1-424b-9868-57a2d4851a1d" />
    <TestEntry testId="da05f7b8-bb13-690e-c99d-88db29c0b6ee" executionId="ca1aaf9e-addd-47d2-a28a-416521389873" testListId="8c84fa94-04c1-424b-9868-57a2d4851a1d" />
    <TestEntry testId="699f53c7-d5ad-7787-c99e-b9f302db3670" executionId="0531ce8e-0a6b-4610-8b4f-510b490b02bd" testListId="8c84fa94-04c1-424b-9868-57a2d4851a1d" />
    <TestEntry testId="4c70af7d-2e97-352f-6da9-313ab81cd1d2" executionId="95bd1074-3979-4dfa-a9db-151ffd43b2e0" testListId="8c84fa94-04c1-424b-9868-57a2d4851a1d" />
    <TestEntry testId="1cbcf1a2-dd7e-4967-0c2d-b4008be2ca05" executionId="41bdae04-cfbb-4a70-b326-193a2c1576f4" testListId="8c84fa94-04c1-424b-9868-57a2d4851a1d" />
    <TestEntry testId="111cd5d8-5afd-0ce3-d209-0a433e3f5668" executionId="539fbe7e-e9c8-42ef-8f91-1086d885cb5b" testListId="8c84fa94-04c1-424b-9868-57a2d4851a1d" />
    <TestEntry testId="8dda18e4-3e1e-3a6e-2750-e244f224f9d3" executionId="a3b7d610-7338-448e-a216-6edcb64ff3ce" testListId="8c84fa94-04c1-424b-9868-57a2d4851a1d" />
    <TestEntry testId="52a20bc0-c43a-6fba-8248-28e28dbb7c05" executionId="1aa55225-921b-40b9-bb5a-4ecf55e4a97c" testListId="8c84fa94-04c1-424b-9868-57a2d4851a1d" />
    <TestEntry testId="47df9e0e-2793-5a58-48a9-dab02e5de2d8" executionId="dd76dcb4-be63-4665-ada4-ce8099df080f" testListId="8c84fa94-04c1-424b-9868-57a2d4851a1d" />
    <TestEntry testId="9e2aeecb-bfd9-901f-5412-ce5ed08fd3cf" executionId="334d17b8-5014-4d47-ad9e-a2b47f7facfd" testListId="8c84fa94-04c1-424b-9868-57a2d4851a1d" />
    <TestEntry testId="1b614166-dbd2-0362-c3ad-12cbf6fbf176" executionId="7c127d0e-6c10-44e1-9969-148f19008b40" testListId="8c84fa94-04c1-424b-9868-57a2d4851a1d" />
    <TestEntry testId="d0f29bde-a41f-3d88-8069-557ed43efbbc" executionId="d8d2a818-21f9-4ae9-847a-2532b8774cc1" testListId="8c84fa94-04c1-424b-9868-57a2d4851a1d" />
    <TestEntry testId="f222da0f-3b32-cf15-0b12-6db05811b385" executionId="d7bc1ecd-f398-4a90-87d3-c7b4b7fac95f" testListId="8c84fa94-04c1-424b-9868-57a2d4851a1d" />
    <TestEntry testId="011a42c8-3669-94f0-99e4-aebd8221a434" executionId="5290f1f9-ada5-4fec-9350-bd3b67601d5b" testListId="8c84fa94-04c1-424b-9868-57a2d4851a1d" />
    <TestEntry testId="df9c3ea2-46dd-d705-9060-3eaa93ace9aa" executionId="9ce2f3d1-2600-4a47-bd09-3843ad3deb88" testListId="8c84fa94-04c1-424b-9868-57a2d4851a1d" />
    <TestEntry testId="86fd824f-1a26-5422-07da-e315b341c818" executionId="9323276a-af36-4042-be4a-dc385be0198d" testListId="8c84fa94-04c1-424b-9868-57a2d4851a1d" />
    <TestEntry testId="b06ca008-899f-dc04-6ec7-10d9729e8527" executionId="c258eb9e-4dda-47aa-8bcb-e92e5e2445a0" testListId="8c84fa94-04c1-424b-9868-57a2d4851a1d" />
    <TestEntry testId="d885bfa0-bd27-ce30-6e90-24ea2fb7d15f" executionId="c0ebbeca-a20c-4dc6-9129-56789ae28cb1" testListId="8c84fa94-04c1-424b-9868-57a2d4851a1d" />
    <TestEntry testId="67093c0a-f107-4166-6c35-4e0b78a889b8" executionId="82af7483-d8f0-4121-ba57-35cc90fc4c6e" testListId="8c84fa94-04c1-424b-9868-57a2d4851a1d" />
    <TestEntry testId="f5333fca-9f97-5c2b-5060-9f22438ccfa0" executionId="26e5536a-c062-4b40-9f6b-884a83cbcd2b" testListId="8c84fa94-04c1-424b-9868-57a2d4851a1d" />
    <TestEntry testId="989e3d8c-c540-628b-68ef-ffae3aef988b" executionId="6dfd0c2e-be7f-431a-9d54-e3ae0ffada18" testListId="8c84fa94-04c1-424b-9868-57a2d4851a1d" />
    <TestEntry testId="d51c8008-f0b1-78cb-9fdb-c3b0fa7de5e8" executionId="04454af4-94d7-47dc-b78c-6669cd762c21" testListId="8c84fa94-04c1-424b-9868-57a2d4851a1d" />
    <TestEntry testId="d2612ce1-920c-fb87-7b36-a552388a74a9" executionId="aa43e8a8-f82d-44fe-9cd8-ce378bd5d337" testListId="8c84fa94-04c1-424b-9868-57a2d4851a1d" />
    <TestEntry testId="8c9ceb97-8efa-60f7-6ef6-4016245c183c" executionId="269cac52-0919-4f07-9d7b-d9a05eed4d7c" testListId="8c84fa94-04c1-424b-9868-57a2d4851a1d" />
    <TestEntry testId="1b7ca20b-caa0-9a9e-d7e8-582dfc103dcd" executionId="08470ebb-5a30-403f-8a8a-0d7031076f2e" testListId="8c84fa94-04c1-424b-9868-57a2d4851a1d" />
    <TestEntry testId="f9d89c38-aee8-671a-5dd4-9f4dcc763bc0" executionId="9b39e509-cc55-4478-98df-1a4a9dd01f03" testListId="8c84fa94-04c1-424b-9868-57a2d4851a1d" />
    <TestEntry testId="efed153e-b060-3aee-c56c-a2a196706cb3" executionId="7ae15be6-9ae3-4529-80b3-5d5983cfed19" testListId="8c84fa94-04c1-424b-9868-57a2d4851a1d" />
    <TestEntry testId="aafc7d00-4375-bd55-0a13-15beedfdede6" executionId="6a72fc4c-2c36-442a-8ae3-8cbed033961c" testListId="8c84fa94-04c1-424b-9868-57a2d4851a1d" />
    <TestEntry testId="b85e8240-faf3-d895-fe9b-743e639730b0" executionId="04c10a4b-5a2a-4604-aeb5-77edf6871d34" testListId="8c84fa94-04c1-424b-9868-57a2d4851a1d" />
    <TestEntry testId="ee9a4bcb-9a5c-e0e8-a4f0-5f6ffcb5cedb" executionId="9b351edf-bfbb-41f4-881f-bd6e1da42e67" testListId="8c84fa94-04c1-424b-9868-57a2d4851a1d" />
    <TestEntry testId="1d500db4-f23e-cff2-986a-49c996a319c7" executionId="656e2dcd-5a71-43f3-ae0d-57add5890b31" testListId="8c84fa94-04c1-424b-9868-57a2d4851a1d" />
    <TestEntry testId="b170cbb0-863e-0041-3339-5600354eef4c" executionId="3e16f86e-367c-4867-b9d3-0b35ea33e515" testListId="8c84fa94-04c1-424b-9868-57a2d4851a1d" />
    <TestEntry testId="63577b88-a84d-3360-9706-ce4c0a0db9b2" executionId="101363b1-cb05-418f-9393-13355bb0823d" testListId="8c84fa94-04c1-424b-9868-57a2d4851a1d" />
    <TestEntry testId="b86b7019-5077-aa15-5825-692dfa92bbee" executionId="105c348b-f689-4793-b8c8-3ac5c6deabc8" testListId="8c84fa94-04c1-424b-9868-57a2d4851a1d" />
    <TestEntry testId="4eb245b9-6e51-8a5a-5cc8-d09bbac08bbb" executionId="4111b24a-4755-409d-ac3f-c9f581d86212" testListId="8c84fa94-04c1-424b-9868-57a2d4851a1d" />
    <TestEntry testId="095e1563-af0d-e72d-c11b-097ebf3fed1e" executionId="e0531f01-7565-42f2-ba1b-316cccfcb2db" testListId="8c84fa94-04c1-424b-9868-57a2d4851a1d" />
    <TestEntry testId="a86d6774-56e3-425b-f58d-4aaf16f88ba1" executionId="77e420c0-a855-4cb5-8b0d-a1f3100a284f" testListId="8c84fa94-04c1-424b-9868-57a2d4851a1d" />
    <TestEntry testId="feebaad5-dddf-3cbb-d162-49c8c75ce06b" executionId="85d67c0b-4499-4618-b7b5-6b054879e987" testListId="8c84fa94-04c1-424b-9868-57a2d4851a1d" />
    <TestEntry testId="ce64fca9-f367-8580-701c-df63f7f7ca33" executionId="a7f0b510-c5a5-4182-bd54-0e5c7cd16b41" testListId="8c84fa94-04c1-424b-9868-57a2d4851a1d" />
    <TestEntry testId="223cb6b7-a73c-12a5-1608-33bffbec69d5" executionId="8c013e5e-f580-4a58-b6c6-8c193f183a27" testListId="8c84fa94-04c1-424b-9868-57a2d4851a1d" />
    <TestEntry testId="8b3000eb-138d-ebce-f0e3-3ef681c6884f" executionId="a50278a9-44b9-46db-aa9b-d737fc184ab4" testListId="8c84fa94-04c1-424b-9868-57a2d4851a1d" />
    <TestEntry testId="f1d0e8e6-e735-64c2-5af2-c58ce1c27df8" executionId="166bebf7-52b1-4a1c-a47e-2005abc06e3d" testListId="8c84fa94-04c1-424b-9868-57a2d4851a1d" />
    <TestEntry testId="64b85c5a-2282-3677-d2b9-ea0040ecd6bd" executionId="f5134df5-44d6-4324-abff-a0c2b3e30975" testListId="8c84fa94-04c1-424b-9868-57a2d4851a1d" />
    <TestEntry testId="0fc3f077-b416-e3f3-91fa-ce4c800546d3" executionId="1cee942a-d42c-478a-a50f-f7c49b9f5c76" testListId="8c84fa94-04c1-424b-9868-57a2d4851a1d" />
    <TestEntry testId="363f89f1-08a9-a695-ea89-59018c5b75eb" executionId="77a7e5c6-4cc4-46ae-b62f-7db938877ccf" testListId="8c84fa94-04c1-424b-9868-57a2d4851a1d" />
    <TestEntry testId="6885a5d8-9b66-573b-9303-82097ca801bc" executionId="cefcb751-a76a-404f-8ec5-e60d256d9bc5" testListId="8c84fa94-04c1-424b-9868-57a2d4851a1d" />
    <TestEntry testId="d2d4c45a-f90c-853d-3dcd-000c1634736a" executionId="c9201abe-ef0b-4257-868d-7bb73eda3957" testListId="8c84fa94-04c1-424b-9868-57a2d4851a1d" />
    <TestEntry testId="7618e09c-5e25-b126-5364-a7c292e5a480" executionId="4ecf4e7b-d2e2-4dbc-af23-702233fa18b0" testListId="8c84fa94-04c1-424b-9868-57a2d4851a1d" />
    <TestEntry testId="dd89c303-007a-f324-1d21-e19579d5fb21" executionId="c6613473-3618-4928-a312-76b56245a1ed" testListId="8c84fa94-04c1-424b-9868-57a2d4851a1d" />
    <TestEntry testId="2441359f-dd80-d36a-fb4f-0aa3f6459733" executionId="7d1cb29b-3de2-4ab0-933c-0fb827233c56" testListId="8c84fa94-04c1-424b-9868-57a2d4851a1d" />
    <TestEntry testId="a41c1481-94ab-ea84-71e4-1747d4ec2ed5" executionId="f5b14ae6-eb3a-4f0c-85e0-8b0905a8e118" testListId="8c84fa94-04c1-424b-9868-57a2d4851a1d" />
    <TestEntry testId="69e81370-1eef-dc51-01f7-cf57430e112d" executionId="14eaab29-b494-439f-8d3c-09ba691f1eb5" testListId="8c84fa94-04c1-424b-9868-57a2d4851a1d" />
    <TestEntry testId="ba92ebed-0f62-c7ca-9dd1-8cda1485172e" executionId="1b9b7943-c0cd-4e51-abc4-0cd20bc727fa" testListId="8c84fa94-04c1-424b-9868-57a2d4851a1d" />
    <TestEntry testId="76834fc4-2a0e-ce36-2059-834c281d99ae" executionId="34f1f182-ef9c-4cf3-b9f4-2990f45dde24" testListId="8c84fa94-04c1-424b-9868-57a2d4851a1d" />
    <TestEntry testId="354f5bed-2708-4dbc-843d-2a30d596b48a" executionId="66daed0a-675a-4cca-8f13-e4ea36d3f3f6" testListId="8c84fa94-04c1-424b-9868-57a2d4851a1d" />
    <TestEntry testId="20d10409-da6c-296e-4211-ef8912804adb" executionId="c005b792-73a6-475f-82ba-a76001737dbb" testListId="8c84fa94-04c1-424b-9868-57a2d4851a1d" />
    <TestEntry testId="5979b56d-81c4-2fc5-dc99-d36e0b1c912c" executionId="38d57bec-7028-4bc1-886c-85660b805c37" testListId="8c84fa94-04c1-424b-9868-57a2d4851a1d" />
    <TestEntry testId="9999f5f3-5f6b-53c7-d658-c310046a8171" executionId="7f6003b9-089f-4996-8cbb-6357c33c550f" testListId="8c84fa94-04c1-424b-9868-57a2d4851a1d" />
    <TestEntry testId="e39e9435-e35f-bed0-c10b-b6d2ee40faa1" executionId="8b529838-61f9-4cba-b4b5-3b9ca70f9a43" testListId="8c84fa94-04c1-424b-9868-57a2d4851a1d" />
    <TestEntry testId="0103da23-90e8-47e1-0213-1af2c86d4437" executionId="aeddf434-6b31-4720-b75d-ba1578e2a825" testListId="8c84fa94-04c1-424b-9868-57a2d4851a1d" />
    <TestEntry testId="99e9a2dd-ce51-5969-0230-21354cb76d5b" executionId="fab67c0a-c41b-4460-81f6-2c7093276f2d" testListId="8c84fa94-04c1-424b-9868-57a2d4851a1d" />
    <TestEntry testId="4ec12e68-fd7c-0084-71de-78abf626be0d" executionId="bdc2b1d7-8e25-41fc-a930-17f651ddc127" testListId="8c84fa94-04c1-424b-9868-57a2d4851a1d" />
    <TestEntry testId="56701d0f-0ff4-5ce0-80fd-7ebffc2f5cfe" executionId="364f71a7-ac32-4357-91c9-f595d0dab8ee" testListId="8c84fa94-04c1-424b-9868-57a2d4851a1d" />
    <TestEntry testId="75b7415e-bfc4-954f-945e-10291962d37d" executionId="ee17f60b-bd0b-4c0a-8391-b30978533736" testListId="8c84fa94-04c1-424b-9868-57a2d4851a1d" />
    <TestEntry testId="42726b11-bd75-78e9-0498-837ac641ae3c" executionId="7afb9277-e14e-4804-a51b-2caf2fef4265" testListId="8c84fa94-04c1-424b-9868-57a2d4851a1d" />
    <TestEntry testId="d22a3f19-bc13-3c93-cbba-eb2eae877858" executionId="81ee6d65-6b8b-4fc4-b2f3-dc991c188270" testListId="8c84fa94-04c1-424b-9868-57a2d4851a1d" />
    <TestEntry testId="7504d3c2-6f26-1cea-d78e-0f7dd38b86d8" executionId="f5cda817-ac78-4da5-bdb2-3a1744afa7f1" testListId="8c84fa94-04c1-424b-9868-57a2d4851a1d" />
    <TestEntry testId="10902688-83e3-09ff-d460-56572874a9a5" executionId="6101b16d-0715-4474-bf91-31911927e975" testListId="8c84fa94-04c1-424b-9868-57a2d4851a1d" />
    <TestEntry testId="ad19df66-3589-b3cd-ead4-9dbbf0dc3b77" executionId="d2cefa76-263c-4326-b7f5-781e5a7b7378" testListId="8c84fa94-04c1-424b-9868-57a2d4851a1d" />
    <TestEntry testId="b9bb5b67-2375-ca58-d6f2-0eba4ad752bd" executionId="8934e7e9-b2c0-42bf-9aa4-9667a3ab395e" testListId="8c84fa94-04c1-424b-9868-57a2d4851a1d" />
    <TestEntry testId="3904dacf-3ed1-5911-51be-178547823532" executionId="6ae0c5ad-1535-43d3-954a-905bc93b4622" testListId="8c84fa94-04c1-424b-9868-57a2d4851a1d" />
    <TestEntry testId="cfa57e28-e80d-31e4-0046-2750bb296cf6" executionId="d439dc92-841a-4816-9eb7-87dd45fc2d51" testListId="8c84fa94-04c1-424b-9868-57a2d4851a1d" />
    <TestEntry testId="8c4c791c-ee96-fecd-1a34-304d1653e8f6" executionId="09ad95b7-73d0-4101-a7aa-d3db3a189205" testListId="8c84fa94-04c1-424b-9868-57a2d4851a1d" />
    <TestEntry testId="ca72befc-9224-5abc-ea18-9696d541130b" executionId="adbcdf62-f1bc-4a15-9c0c-63427a428c4e" testListId="8c84fa94-04c1-424b-9868-57a2d4851a1d" />
    <TestEntry testId="5f8904eb-ce24-776e-4157-fd570cb55f60" executionId="3ae102d0-2032-48ce-8655-b38db580305a" testListId="8c84fa94-04c1-424b-9868-57a2d4851a1d" />
    <TestEntry testId="54e6996b-ac88-eba8-e91f-1d1c14aec041" executionId="550fe52c-b501-4814-8bd5-e287179b6972" testListId="8c84fa94-04c1-424b-9868-57a2d4851a1d" />
    <TestEntry testId="c080e352-254f-0c7e-3a84-7ef857b3567b" executionId="53a035b2-0b32-44f8-8ee7-47d202d3bbc1" testListId="8c84fa94-04c1-424b-9868-57a2d4851a1d" />
    <TestEntry testId="b33b601d-2714-1d52-904e-bf790e7bdf3d" executionId="7336ad5a-20e9-4a1e-bcad-ae4f52f8bc61" testListId="8c84fa94-04c1-424b-9868-57a2d4851a1d" />
    <TestEntry testId="14c0dc22-fcde-7d98-7fd6-5294a9e713b2" executionId="2a316144-10d4-4073-ad5f-7c9be1755f47" testListId="8c84fa94-04c1-424b-9868-57a2d4851a1d" />
    <TestEntry testId="d6048053-7940-3cd1-9614-fa8b1bf1889a" executionId="6a0f5867-17f2-4fe6-b72e-3866fb676016" testListId="8c84fa94-04c1-424b-9868-57a2d4851a1d" />
    <TestEntry testId="940c96c1-c422-1ef5-0a20-bf49253c7362" executionId="f37235d0-03e5-493c-a078-d4288cf670a2" testListId="8c84fa94-04c1-424b-9868-57a2d4851a1d" />
    <TestEntry testId="bbc0d6e0-482d-b21f-9d04-9a797bd3e7e4" executionId="3879be75-06af-4bbb-b6fd-383031a13398" testListId="8c84fa94-04c1-424b-9868-57a2d4851a1d" />
    <TestEntry testId="0b5466a0-f5f0-9eaa-1d1f-aa2cdf10dbeb" executionId="21764e91-b779-4f6a-a2bd-396278233261" testListId="8c84fa94-04c1-424b-9868-57a2d4851a1d" />
    <TestEntry testId="dd3ed9de-10e8-753f-bef7-53927bc539ae" executionId="f8b8d7f7-983f-4efe-8e83-df00aeaa5f59" testListId="8c84fa94-04c1-424b-9868-57a2d4851a1d" />
  </TestEntries>
  <TestLists>
    <TestList name="列表中未列出的结果" id="8c84fa94-04c1-424b-9868-57a2d4851a1d" />
    <TestList name="所有已加载的结果" id="19431567-8539-422a-85d7-44ee4e166bda" />
  </TestLists>
  <ResultSummary outcome="Completed">
    <Counters total="277" executed="276" passed="276" failed="0" error="0" timeout="0" aborted="0" inconclusive="0" passedButRunAborted="0" notRunnable="0" notExecuted="0" disconnected="0" warning="0" completed="0" inProgress="0" pending="0" />
    <Output>
      <StdOut>[xUnit.net 00:00:00.00] xUnit.net VSTest Adapter v2.8.2+699d445a1a (64-bit .NET 6.0.33)&#xD;
[xUnit.net 00:00:00.08]   Discovering: BattleSim.Tests&#xD;
[xUnit.net 00:00:00.14]   Discovered:  BattleSim.Tests&#xD;
[xUnit.net 00:00:00.15]   Starting:    BattleSim.Tests&#xD;
[xUnit.net 00:00:00.30]       N01 N02 N03: Unity EventSystem natural-play required (battle_id + Submit Tap/Slide/FeverTap/SetAuto). Core must not fake PASS.&#xD;
在测试运行中跳过测试“Resonance.Tests.G2RecheckNaturalContractTests.N01_N02_N03_NaturalPlayContract_DocumentedNotFaked”。&#xD;
[xUnit.net 00:00:02.15]   Finished:    BattleSim.Tests&#xD;
</StdOut>
    </Output>
    <RunInfos>
      <RunInfo computerName="DESKTOP-AKI3LSA" outcome="Warning" timestamp="2026-09-20T13:01:44.3875640+08:00">
        <Text>[xUnit.net 00:00:00.30]     Resonance.Tests.G2RecheckNaturalContractTests.N01_N02_N03_NaturalPlayContract_DocumentedNotFaked [SKIP]</Text>
      </RunInfo>
    </RunInfos>
  </ResultSummary>
</TestRun>