<?xml version="1.0" encoding="utf-8"?>
<TestRun id="a26b9dd2-4cca-433c-a05b-6988e1027c8c" name="Administrator@DESKTOP-AKI3LSA 2026-09-14 16:55:53" runUser="DESKTOP-AKI3LSA\Administrator" xmlns="http://microsoft.com/schemas/VisualStudio/TeamTest/2010">
  <Times creation="2026-09-14T16:55:53.3134717+08:00" queuing="2026-09-14T16:55:53.3134722+08:00" start="2026-09-14T16:55:51.5625294+08:00" finish="2026-09-14T16:55:54.7949517+08:00" />
  <TestSettings name="default" id="02f299f9-ec7b-4861-97c8-bb952d34d97d">
    <Deployment runDeploymentRoot="Administrator_DESKTOP-AKI3LSA_2026-09-14_16_55_53" />
  </TestSettings>
  <Results>
    <UnitTestResult executionId="7e349aa6-418b-4c2e-b505-023832bcec22" testId="f4c005bb-e0da-3279-f595-8c9727ef0915" testName="Resonance.Tests.G2ReviewEffectLifecycleTests.E03_StackCapRefreshAndReplacement" computerName="DESKTOP-AKI3LSA" duration="00:00:00.0015991" startTime="2026-09-14T16:55:54.3434440+08:00" endTime="2026-09-14T16:55:54.3434442+08:00" testType="13cdc9d9-ddb5-4fa4-a97d-d965ccfc6d4b" outcome="Passed" testListId="8c84fa94-04c1-424b-9868-57a2d4851a1d" relativeResultsDirectory="7e349aa6-418b-4c2e-b505-023832bcec22" />
    <UnitTestResult executionId="491eac48-c04f-4171-aaa2-4c36d49dc774" testId="0d83cced-3af3-8e11-b65e-6e6772855d51" testName="Resonance.Tests.G2ReviewProvenanceTests.P02_LegacyKrSlide_MatchesDeclaredCandidate(def: 0)" computerName="DESKTOP-AKI3LSA" duration="00:00:00.0000401" startTime="2026-09-14T16:55:53.4309033+08:00" endTime="2026-09-14T16:55:53.4309034+08:00" testType="13cdc9d9-ddb5-4fa4-a97d-d965ccfc6d4b" outcome="Passed" testListId="8c84fa94-04c1-424b-9868-57a2d4851a1d" relativeResultsDirectory="491eac48-c04f-4171-aaa2-4c36d49dc774" />
    <UnitTestResult executionId="856ea92a-fe48-442f-b142-32e41239c712" testId="c080e352-254f-0c7e-3a84-7ef857b3567b" testName="Resonance.Tests.M1ClockModeTests.SemiAutoCastsSkillsButNotDrive" computerName="DESKTOP-AKI3LSA" duration="00:00:00.0011815" startTime="2026-09-14T16:55:54.3463466+08:00" endTime="2026-09-14T16:55:54.3463467+08:00" testType="13cdc9d9-ddb5-4fa4-a97d-d965ccfc6d4b" outcome="Passed" testListId="8c84fa94-04c1-424b-9868-57a2d4851a1d" relativeResultsDirectory="856ea92a-fe48-442f-b142-32e41239c712" />
    <UnitTestResult executionId="466e05f9-f7cb-4f34-a439-03fea55b67f8" testId="cd2dc97a-4daf-4c4c-5339-37f491ae136c" testName="Resonance.Tests.G2ReviewQteClockTests.Q01_Qte_OneAuthoritativeClock(speed: 3)" computerName="DESKTOP-AKI3LSA" duration="00:00:00.0007044" startTime="2026-09-14T16:55:54.3117111+08:00" endTime="2026-09-14T16:55:54.3117113+08:00" testType="13cdc9d9-ddb5-4fa4-a97d-d965ccfc6d4b" outcome="Passed" testListId="8c84fa94-04c1-424b-9868-57a2d4851a1d" relativeResultsDirectory="466e05f9-f7cb-4f34-a439-03fea55b67f8" />
    <UnitTestResult executionId="cdb13279-124b-4533-9c38-8e24cfecf14c" testId="ba92ebed-0f62-c7ca-9dd1-8cda1485172e" testName="Resonance.Tests.M1RepairQaTests.FeverDoesNotReadTapAtkCoefOrFlatPower" computerName="DESKTOP-AKI3LSA" duration="00:00:00.0074609" startTime="2026-09-14T16:55:54.5038080+08:00" endTime="2026-09-14T16:55:54.5038086+08:00" testType="13cdc9d9-ddb5-4fa4-a97d-d965ccfc6d4b" outcome="Passed" testListId="8c84fa94-04c1-424b-9868-57a2d4851a1d" relativeResultsDirectory="cdb13279-124b-4533-9c38-8e24cfecf14c" />
    <UnitTestResult executionId="56bc2399-8269-423b-beb9-acad315b71e0" testId="0103da23-90e8-47e1-0213-1af2c86d4437" testName="Resonance.Tests.G2ReviewFeverTests.F03_Fever_WindowAndBudgetAreConsistent" computerName="DESKTOP-AKI3LSA" duration="00:00:00.0069496" startTime="2026-09-14T16:55:54.2471646+08:00" endTime="2026-09-14T16:55:54.2471650+08:00" testType="13cdc9d9-ddb5-4fa4-a97d-d965ccfc6d4b" outcome="Passed" testListId="8c84fa94-04c1-424b-9868-57a2d4851a1d" relativeResultsDirectory="56bc2399-8269-423b-beb9-acad315b71e0" />
    <UnitTestResult executionId="5139301e-6a58-4945-b76d-32335b7febdc" testId="dd89c303-007a-f324-1d21-e19579d5fb21" testName="Resonance.Tests.G2RecheckReplayContractTests.R03_ReplayReject_ForcesMatchFalse_EvenIfHpMatches" computerName="DESKTOP-AKI3LSA" duration="00:00:00.0056263" startTime="2026-09-14T16:55:54.2038227+08:00" endTime="2026-09-14T16:55:54.2038232+08:00" testType="13cdc9d9-ddb5-4fa4-a97d-d965ccfc6d4b" outcome="Passed" testListId="8c84fa94-04c1-424b-9868-57a2d4851a1d" relativeResultsDirectory="5139301e-6a58-4945-b76d-32335b7febdc" />
    <UnitTestResult executionId="a205f6e2-9d62-4d1b-916b-3cd7c2385479" testId="375744bb-ac6c-7ddd-cc0c-43bb34eb089a" testName="Resonance.Tests.G2RecheckImportGateTests.V01_StatusApplyReflect_BlockedFromPlayableImport" computerName="DESKTOP-AKI3LSA" duration="00:00:00.0030875" startTime="2026-09-14T16:55:54.1907925+08:00" endTime="2026-09-14T16:55:54.1907930+08:00" testType="13cdc9d9-ddb5-4fa4-a97d-d965ccfc6d4b" outcome="Passed" testListId="8c84fa94-04c1-424b-9868-57a2d4851a1d" relativeResultsDirectory="a205f6e2-9d62-4d1b-916b-3cd7c2385479" />
    <UnitTestResult executionId="ac34eb72-ae49-47ab-a253-78046beb3a87" testId="cf3b3206-d2b8-9706-13c6-282ff56bd61f" testName="Resonance.Tests.BattleSimTests.WikiTsFeverIsSixtyPercent" computerName="DESKTOP-AKI3LSA" duration="00:00:00.0001059" startTime="2026-09-14T16:55:53.4946718+08:00" endTime="2026-09-14T16:55:53.4946719+08:00" testType="13cdc9d9-ddb5-4fa4-a97d-d965ccfc6d4b" outcome="Passed" testListId="8c84fa94-04c1-424b-9868-57a2d4851a1d" relativeResultsDirectory="ac34eb72-ae49-47ab-a253-78046beb3a87" />
    <UnitTestResult executionId="fa6b3df8-27f1-42a0-bb99-d467d1813e91" testId="7bfeb162-ac03-7ecb-e322-27e3786ffa53" testName="Resonance.Tests.M1RepairQaTests.SlideDoesNotUseUniformVarianceRng" computerName="DESKTOP-AKI3LSA" duration="00:00:00.0006389" startTime="2026-09-14T16:55:54.4866749+08:00" endTime="2026-09-14T16:55:54.4866751+08:00" testType="13cdc9d9-ddb5-4fa4-a97d-d965ccfc6d4b" outcome="Passed" testListId="8c84fa94-04c1-424b-9868-57a2d4851a1d" relativeResultsDirectory="fa6b3df8-27f1-42a0-bb99-d467d1813e91" />
    <UnitTestResult executionId="d550bcfb-b1a0-41a6-8bf1-c8a915e69bb2" testId="4bbd9a0c-08d0-9c04-bbdb-3681d1b8d35c" testName="Resonance.Tests.G2A53IdentityTests.T03_SingleFieldChange_FlipsBattleContentIdentity(field: &quot;Group&quot;)" computerName="DESKTOP-AKI3LSA" duration="00:00:00.0022935" startTime="2026-09-14T16:55:53.8666865+08:00" endTime="2026-09-14T16:55:53.8666870+08:00" testType="13cdc9d9-ddb5-4fa4-a97d-d965ccfc6d4b" outcome="Passed" testListId="8c84fa94-04c1-424b-9868-57a2d4851a1d" relativeResultsDirectory="d550bcfb-b1a0-41a6-8bf1-c8a915e69bb2" />
    <UnitTestResult executionId="99471f20-abee-4acc-8326-dab10393c8ba" testId="1f36a257-6ab9-1217-1cd6-8b7c410eb875" testName="Resonance.Tests.G2ReviewQteClockTests.Q04_ResolveWithoutPendingIsNoPending" computerName="DESKTOP-AKI3LSA" duration="00:00:00.0003746" startTime="2026-09-14T16:55:54.3148868+08:00" endTime="2026-09-14T16:55:54.3148870+08:00" testType="13cdc9d9-ddb5-4fa4-a97d-d965ccfc6d4b" outcome="Passed" testListId="8c84fa94-04c1-424b-9868-57a2d4851a1d" relativeResultsDirectory="99471f20-abee-4acc-8326-dab10393c8ba" />
    <UnitTestResult executionId="6fd1a7af-f71d-454d-91d3-0efae341268e" testId="73498ee6-d927-6106-93c6-b27cfda8de9a" testName="Resonance.Tests.M1RepairQaTests.UnimplementedOpcodeStillFails" computerName="DESKTOP-AKI3LSA" duration="00:00:00.0013694" startTime="2026-09-14T16:55:54.4881714+08:00" endTime="2026-09-14T16:55:54.4881718+08:00" testType="13cdc9d9-ddb5-4fa4-a97d-d965ccfc6d4b" outcome="Passed" testListId="8c84fa94-04c1-424b-9868-57a2d4851a1d" relativeResultsDirectory="6fd1a7af-f71d-454d-91d3-0efae341268e" />
    <UnitTestResult executionId="59014eed-243c-485f-8fe3-31de2ad81431" testId="8dda18e4-3e1e-3a6e-2750-e244f224f9d3" testName="Resonance.Tests.M1EventLogTests.EmptyLogExportIsHashableAndFileExportRequiresPath" computerName="DESKTOP-AKI3LSA" duration="00:00:00.0005643" startTime="2026-09-14T16:55:54.3004792+08:00" endTime="2026-09-14T16:55:54.3004795+08:00" testType="13cdc9d9-ddb5-4fa4-a97d-d965ccfc6d4b" outcome="Passed" testListId="8c84fa94-04c1-424b-9868-57a2d4851a1d" relativeResultsDirectory="59014eed-243c-485f-8fe3-31de2ad81431" />
    <UnitTestResult executionId="f7bbebc9-7d85-4e91-aea7-3843df6552c2" testId="4eb245b9-6e51-8a5a-5cc8-d09bbac08bbb" testName="Resonance.Tests.G2ReviewQteClockTests.Q02_Qte_StageClockRespectsItsPolicy" computerName="DESKTOP-AKI3LSA" duration="00:00:00.0014021" startTime="2026-09-14T16:55:54.3139768+08:00" endTime="2026-09-14T16:55:54.3139771+08:00" testType="13cdc9d9-ddb5-4fa4-a97d-d965ccfc6d4b" outcome="Passed" testListId="8c84fa94-04c1-424b-9868-57a2d4851a1d" relativeResultsDirectory="f7bbebc9-7d85-4e91-aea7-3843df6552c2" />
    <UnitTestResult executionId="0a77e146-fc24-4921-ab11-320fc42e7929" testId="866d9c8c-5e99-21d7-4acf-bbc01cb417cc" testName="Resonance.Tests.M1ClockModeTests.StayHeldSurvivesCatchUpTicksOnFull" computerName="DESKTOP-AKI3LSA" duration="00:00:00.0012898" startTime="2026-09-14T16:55:54.3559936+08:00" endTime="2026-09-14T16:55:54.3559939+08:00" testType="13cdc9d9-ddb5-4fa4-a97d-d965ccfc6d4b" outcome="Passed" testListId="8c84fa94-04c1-424b-9868-57a2d4851a1d" relativeResultsDirectory="0a77e146-fc24-4921-ab11-320fc42e7929" />
    <UnitTestResult executionId="e46652f7-39e6-452d-bca1-d854fb5432b7" testId="b0d2c2ff-1530-5ba4-4736-6a9182d9ec47" testName="Resonance.Tests.BattleSimTests.SaveRoundtrip" computerName="DESKTOP-AKI3LSA" duration="00:00:00.0006225" startTime="2026-09-14T16:55:53.6231073+08:00" endTime="2026-09-14T16:55:53.6231078+08:00" testType="13cdc9d9-ddb5-4fa4-a97d-d965ccfc6d4b" outcome="Passed" testListId="8c84fa94-04c1-424b-9868-57a2d4851a1d" relativeResultsDirectory="e46652f7-39e6-452d-bca1-d854fb5432b7" />
    <UnitTestResult executionId="31c820e6-6017-4546-86c1-825112532937" testId="6ce65ec1-ba7f-d70d-e7d5-a99d175e13d1" testName="Resonance.Tests.IgnitionTests.ZeroStonesAreZero" computerName="DESKTOP-AKI3LSA" duration="00:00:00.0002998" startTime="2026-09-14T16:55:54.2542648+08:00" endTime="2026-09-14T16:55:54.2542651+08:00" testType="13cdc9d9-ddb5-4fa4-a97d-d965ccfc6d4b" outcome="Passed" testListId="8c84fa94-04c1-424b-9868-57a2d4851a1d" relativeResultsDirectory="31c820e6-6017-4546-86c1-825112532937" />
    <UnitTestResult executionId="9953ce8f-0782-4147-abd6-a4165a8880b0" testId="0b1f37f7-e759-b53d-16e5-7a5fb288406b" testName="Resonance.Tests.M1FormulaIsolationTests.T15ChannelsStayIsolated" computerName="DESKTOP-AKI3LSA" duration="00:00:00.0014124" startTime="2026-09-14T16:55:53.1424746+08:00" endTime="2026-09-14T16:55:53.1424751+08:00" testType="13cdc9d9-ddb5-4fa4-a97d-d965ccfc6d4b" outcome="Passed" testListId="8c84fa94-04c1-424b-9868-57a2d4851a1d" relativeResultsDirectory="9953ce8f-0782-4147-abd6-a4165a8880b0" />
    <UnitTestResult executionId="ca71bbea-c036-4046-b336-fbc1f8f0a606" testId="d6048053-7940-3cd1-9614-fa8b1bf1889a" testName="Resonance.Tests.BattleSimTests.DefBuffRaisesDefense" computerName="DESKTOP-AKI3LSA" duration="00:00:00.0071510" startTime="2026-09-14T16:55:53.4426006+08:00" endTime="2026-09-14T16:55:53.4426010+08:00" testType="13cdc9d9-ddb5-4fa4-a97d-d965ccfc6d4b" outcome="Passed" testListId="8c84fa94-04c1-424b-9868-57a2d4851a1d" relativeResultsDirectory="ca71bbea-c036-4046-b336-fbc1f8f0a606" />
    <UnitTestResult executionId="57d355f4-fb96-41d8-a3b1-c7c488f94f97" testId="8239c955-c42b-b36d-c9c4-405d3a67f83d" testName="Resonance.Tests.M1TargetingTests.EqualRankPicksAreRepeatableOnSameSeed" computerName="DESKTOP-AKI3LSA" duration="00:00:00.0087270" startTime="2026-09-14T16:55:53.3967315+08:00" endTime="2026-09-14T16:55:53.3967320+08:00" testType="13cdc9d9-ddb5-4fa4-a97d-d965ccfc6d4b" outcome="Passed" testListId="8c84fa94-04c1-424b-9868-57a2d4851a1d" relativeResultsDirectory="57d355f4-fb96-41d8-a3b1-c7c488f94f97" />
    <UnitTestResult executionId="3e0b7f34-bb83-4c44-9b7a-48071eafbbd9" testId="91b2eff7-bd3a-7a4f-727b-3f57d80689f8" testName="Resonance.Tests.BattleSimTests.HoldSimWatchdogReleasesManual" computerName="DESKTOP-AKI3LSA" duration="00:00:00.0009523" startTime="2026-09-14T16:55:53.5587340+08:00" endTime="2026-09-14T16:55:53.5587342+08:00" testType="13cdc9d9-ddb5-4fa4-a97d-d965ccfc6d4b" outcome="Passed" testListId="8c84fa94-04c1-424b-9868-57a2d4851a1d" relativeResultsDirectory="3e0b7f34-bb83-4c44-9b7a-48071eafbbd9" />
    <UnitTestResult executionId="385e8b2f-c9de-476f-8ecc-a0fe5276232f" testId="7cbfa7e9-addb-801d-115f-01f9339cdae2" testName="Resonance.Tests.M1SaveIdempotencyTests.ReloadFromTempDoesNotCopyVictoryOrTouchLocalLow" computerName="DESKTOP-AKI3LSA" duration="00:00:00.0244223" startTime="2026-09-14T16:55:54.4491051+08:00" endTime="2026-09-14T16:55:54.4491052+08:00" testType="13cdc9d9-ddb5-4fa4-a97d-d965ccfc6d4b" outcome="Passed" testListId="8c84fa94-04c1-424b-9868-57a2d4851a1d" relativeResultsDirectory="385e8b2f-c9de-476f-8ecc-a0fe5276232f" />
    <UnitTestResult executionId="7e36c788-cf95-4536-8858-1948bf24bb97" testId="a86d6774-56e3-425b-f58d-4aaf16f88ba1" testName="Resonance.Tests.BattleSimTests.ExtraDmgMulIsOnePlusClamped" computerName="DESKTOP-AKI3LSA" duration="00:00:00.0002470" startTime="2026-09-14T16:55:53.4929800+08:00" endTime="2026-09-14T16:55:53.4929801+08:00" testType="13cdc9d9-ddb5-4fa4-a97d-d965ccfc6d4b" outcome="Passed" testListId="8c84fa94-04c1-424b-9868-57a2d4851a1d" relativeResultsDirectory="7e36c788-cf95-4536-8858-1948bf24bb97" />
    <UnitTestResult executionId="b4cd7bb2-ae4b-453e-95a5-d83a2416d7dc" testId="4e7468d8-53ff-9053-8c3a-60e975bc23ad" testName="Resonance.Tests.M1ClockModeTests.SpeedThreeScalesNamedBattleClocks" computerName="DESKTOP-AKI3LSA" duration="00:00:00.0022106" startTime="2026-09-14T16:55:54.3654185+08:00" endTime="2026-09-14T16:55:54.3654190+08:00" testType="13cdc9d9-ddb5-4fa4-a97d-d965ccfc6d4b" outcome="Passed" testListId="8c84fa94-04c1-424b-9868-57a2d4851a1d" relativeResultsDirectory="b4cd7bb2-ae4b-453e-95a5-d83a2416d7dc" />
    <UnitTestResult executionId="ca9ab9f2-ab3e-4d1c-801f-b50eded62580" testId="f5333fca-9f97-5c2b-5060-9f22438ccfa0" testName="Resonance.Tests.BattleSimTests.PuppetCatalogIsCleanRoom220" computerName="DESKTOP-AKI3LSA" duration="00:00:00.0047149" startTime="2026-09-14T16:55:53.5069568+08:00" endTime="2026-09-14T16:55:53.5069572+08:00" testType="13cdc9d9-ddb5-4fa4-a97d-d965ccfc6d4b" outcome="Passed" testListId="8c84fa94-04c1-424b-9868-57a2d4851a1d" relativeResultsDirectory="ca9ab9f2-ab3e-4d1c-801f-b50eded62580" />
    <UnitTestResult executionId="5aabf226-c3b5-4efc-a704-92a2930caa75" testId="2288c24e-9049-d1b7-9863-fb4e973c3afa" testName="Resonance.Tests.G2A53IdentityTests.T03_SingleFieldChange_FlipsBattleContentIdentity(field: &quot;HasTarget&quot;)" computerName="DESKTOP-AKI3LSA" duration="00:00:00.0022077" startTime="2026-09-14T16:55:53.8594848+08:00" endTime="2026-09-14T16:55:53.8594851+08:00" testType="13cdc9d9-ddb5-4fa4-a97d-d965ccfc6d4b" outcome="Passed" testListId="8c84fa94-04c1-424b-9868-57a2d4851a1d" relativeResultsDirectory="5aabf226-c3b5-4efc-a704-92a2930caa75" />
    <UnitTestResult executionId="eda77c95-d762-409e-b2e0-477d2bddd377" testId="fad11b1d-082e-359c-cbef-3161b7ddbf9a" testName="Resonance.Tests.G2ReviewReplayComponentTests.DifferentSeedReplayReportsDivergence" computerName="DESKTOP-AKI3LSA" duration="00:00:00.0122852" startTime="2026-09-14T16:55:54.4229243+08:00" endTime="2026-09-14T16:55:54.4229248+08:00" testType="13cdc9d9-ddb5-4fa4-a97d-d965ccfc6d4b" outcome="Passed" testListId="8c84fa94-04c1-424b-9868-57a2d4851a1d" relativeResultsDirectory="eda77c95-d762-409e-b2e0-477d2bddd377" />
    <UnitTestResult executionId="0651e9ee-612b-4f2f-a152-1d667d9a58f5" testId="ea70828e-fc44-8f64-e0ea-c80a383b2a6d" testName="Resonance.Tests.G2ReviewRngReplayTests.R01_SameSeedSameRandomStreamWithCritsEnabled" computerName="DESKTOP-AKI3LSA" duration="00:00:00.0086713" startTime="2026-09-14T16:55:54.4689630+08:00" endTime="2026-09-14T16:55:54.4689637+08:00" testType="13cdc9d9-ddb5-4fa4-a97d-d965ccfc6d4b" outcome="Passed" testListId="8c84fa94-04c1-424b-9868-57a2d4851a1d" relativeResultsDirectory="0651e9ee-612b-4f2f-a152-1d667d9a58f5" />
    <UnitTestResult executionId="067bf8db-4c2b-47c1-b17d-1113b9e3b5b2" testId="ee9895ec-c2ce-278e-64e1-6b410df90ef1" testName="Resonance.Tests.BattleSimTests.BattleSimLightDarkMatchup" computerName="DESKTOP-AKI3LSA" duration="00:00:00.0010716" startTime="2026-09-14T16:55:53.6829941+08:00" endTime="2026-09-14T16:55:53.6829946+08:00" testType="13cdc9d9-ddb5-4fa4-a97d-d965ccfc6d4b" outcome="Passed" testListId="8c84fa94-04c1-424b-9868-57a2d4851a1d" relativeResultsDirectory="067bf8db-4c2b-47c1-b17d-1113b9e3b5b2" />
    <UnitTestResult executionId="c39b1dc8-5661-4f74-a310-f0fc0fbd11e0" testId="d48ce899-7c76-a0ba-bd3e-f28129eb69f8" testName="Resonance.Tests.BattleSimTests.ElementMatchupIsFireWoodWaterAndLightDark" computerName="DESKTOP-AKI3LSA" duration="00:00:00.0010874" startTime="2026-09-14T16:55:53.5337102+08:00" endTime="2026-09-14T16:55:53.5337107+08:00" testType="13cdc9d9-ddb5-4fa4-a97d-d965ccfc6d4b" outcome="Passed" testListId="8c84fa94-04c1-424b-9868-57a2d4851a1d" relativeResultsDirectory="c39b1dc8-5661-4f74-a310-f0fc0fbd11e0" />
    <UnitTestResult executionId="b1aa4ace-099f-4c4c-a01a-81e3ef85e80b" testId="2fa0e6a2-32eb-228b-64fe-9ccc458c72e4" testName="Resonance.Tests.G2A53EvidenceTests.T05_TwoFights_ReloadFight1AfterFight2Persist" computerName="DESKTOP-AKI3LSA" duration="00:00:00.0741428" startTime="2026-09-14T16:55:53.7735121+08:00" endTime="2026-09-14T16:55:53.7735127+08:00" testType="13cdc9d9-ddb5-4fa4-a97d-d965ccfc6d4b" outcome="Passed" testListId="8c84fa94-04c1-424b-9868-57a2d4851a1d" relativeResultsDirectory="b1aa4ace-099f-4c4c-a01a-81e3ef85e80b" />
    <UnitTestResult executionId="90aca720-59b8-4333-af47-10a11837400b" testId="d54c6ba7-9793-4b26-edda-bfd627a9ee16" testName="Resonance.Tests.BattleSimTests.RebuiltDriveSiblingFormula" computerName="DESKTOP-AKI3LSA" duration="00:00:00.0001655" startTime="2026-09-14T16:55:53.6843795+08:00" endTime="2026-09-14T16:55:53.6843796+08:00" testType="13cdc9d9-ddb5-4fa4-a97d-d965ccfc6d4b" outcome="Passed" testListId="8c84fa94-04c1-424b-9868-57a2d4851a1d" relativeResultsDirectory="90aca720-59b8-4333-af47-10a11837400b" />
    <UnitTestResult executionId="fbfdb152-5ea9-4b3e-b32a-f1f58759737f" testId="0014361d-27bc-a866-50a2-7b00911dab56" testName="Resonance.Tests.BattleSimTests.HardUnlocksAfterChapterClear" computerName="DESKTOP-AKI3LSA" duration="00:00:00.0005689" startTime="2026-09-14T16:55:53.6238022+08:00" endTime="2026-09-14T16:55:53.6238024+08:00" testType="13cdc9d9-ddb5-4fa4-a97d-d965ccfc6d4b" outcome="Passed" testListId="8c84fa94-04c1-424b-9868-57a2d4851a1d" relativeResultsDirectory="fbfdb152-5ea9-4b3e-b32a-f1f58759737f" />
    <UnitTestResult executionId="50e3e904-a43d-4f68-80a0-2b506fc4fd6c" testId="1cbcf1a2-dd7e-4967-0c2d-b4008be2ca05" testName="Resonance.Tests.M1RepairQaTests.FeverChannelIsNotTap" computerName="DESKTOP-AKI3LSA" duration="00:00:00.0006191" startTime="2026-09-14T16:55:54.5072664+08:00" endTime="2026-09-14T16:55:54.5072667+08:00" testType="13cdc9d9-ddb5-4fa4-a97d-d965ccfc6d4b" outcome="Passed" testListId="8c84fa94-04c1-424b-9868-57a2d4851a1d" relativeResultsDirectory="50e3e904-a43d-4f68-80a0-2b506fc4fd6c" />
    <UnitTestResult executionId="0aa49cb0-6cff-4f2a-b879-9afc59801caf" testId="1d36db7f-89a6-19ea-8491-4b1c89fb549e" testName="Resonance.Tests.G2A53JsonHasTargetTests.T04_NeitherKey_KeepsDefinedSemantics" computerName="DESKTOP-AKI3LSA" duration="00:00:00.0053841" startTime="2026-09-14T16:55:53.8979632+08:00" endTime="2026-09-14T16:55:53.8979636+08:00" testType="13cdc9d9-ddb5-4fa4-a97d-d965ccfc6d4b" outcome="Passed" testListId="8c84fa94-04c1-424b-9868-57a2d4851a1d" relativeResultsDirectory="0aa49cb0-6cff-4f2a-b879-9afc59801caf" />
    <UnitTestResult executionId="a569e63d-80c5-4cf9-bd0c-4b73fa2186e1" testId="a41c1481-94ab-ea84-71e4-1747d4ec2ed5" testName="Resonance.Tests.BattleSimTests.TapAddsSixDrive" computerName="DESKTOP-AKI3LSA" duration="00:00:00.0001649" startTime="2026-09-14T16:55:53.6856687+08:00" endTime="2026-09-14T16:55:53.6856689+08:00" testType="13cdc9d9-ddb5-4fa4-a97d-d965ccfc6d4b" outcome="Passed" testListId="8c84fa94-04c1-424b-9868-57a2d4851a1d" relativeResultsDirectory="a569e63d-80c5-4cf9-bd0c-4b73fa2186e1" />
    <UnitTestResult executionId="f4ea170a-964c-4c81-ae91-2e82dd0a405f" testId="bdc1d7b4-d414-ce97-e975-200ac19ba32f" testName="Resonance.Tests.G2ReviewEffectLifecycleTests.E02_ShieldPerInstance_TwoGroupsSumAndExpireSeparately" computerName="DESKTOP-AKI3LSA" duration="00:00:00.0008808" startTime="2026-09-14T16:55:54.3417256+08:00" endTime="2026-09-14T16:55:54.3417258+08:00" testType="13cdc9d9-ddb5-4fa4-a97d-d965ccfc6d4b" outcome="Passed" testListId="8c84fa94-04c1-424b-9868-57a2d4851a1d" relativeResultsDirectory="f4ea170a-964c-4c81-ae91-2e82dd0a405f" />
    <UnitTestResult executionId="edf50b63-36a0-4f15-b28b-9c7785306966" testId="e6926e35-1691-51b4-9bcf-bc0bf063a6f1" testName="Resonance.Tests.BattleSimTests.FightStatsCountsDealtAndDps" computerName="DESKTOP-AKI3LSA" duration="00:00:00.0020303" startTime="2026-09-14T16:55:53.5384791+08:00" endTime="2026-09-14T16:55:53.5384795+08:00" testType="13cdc9d9-ddb5-4fa4-a97d-d965ccfc6d4b" outcome="Passed" testListId="8c84fa94-04c1-424b-9868-57a2d4851a1d" relativeResultsDirectory="edf50b63-36a0-4f15-b28b-9c7785306966" />
    <UnitTestResult executionId="75140264-fa89-4aeb-9ca0-5e0bae780cdb" testId="3a461943-427a-4311-e50b-a6301a35ce06" testName="Resonance.Tests.M1TargetingTests.LowestHpAbsoluteAndRatioPickDifferentUnits" computerName="DESKTOP-AKI3LSA" duration="00:00:00.0046908" startTime="2026-09-14T16:55:53.4016340+08:00" endTime="2026-09-14T16:55:53.4016344+08:00" testType="13cdc9d9-ddb5-4fa4-a97d-d965ccfc6d4b" outcome="Passed" testListId="8c84fa94-04c1-424b-9868-57a2d4851a1d" relativeResultsDirectory="75140264-fa89-4aeb-9ca0-5e0bae780cdb" />
    <UnitTestResult executionId="55837310-ce03-4882-8f8a-370debba15cf" testId="b16ff1b8-d379-59d2-5fa0-bc297406785a" testName="Resonance.Tests.M1TargetingTests.FocusClearsWhenEnemyDiesThenNextTapPicksAliveFoe" computerName="DESKTOP-AKI3LSA" duration="00:00:00.0099760" startTime="2026-09-14T16:55:53.3815887+08:00" endTime="2026-09-14T16:55:53.3815892+08:00" testType="13cdc9d9-ddb5-4fa4-a97d-d965ccfc6d4b" outcome="Passed" testListId="8c84fa94-04c1-424b-9868-57a2d4851a1d" relativeResultsDirectory="55837310-ce03-4882-8f8a-370debba15cf" />
    <UnitTestResult executionId="f2c82bcb-53b5-4a6a-8abc-5d2c31d67c21" testId="8f1f69b3-d63f-6227-da14-2ddaff931e86" testName="Resonance.Tests.BattleSimTests.IgnitionStopsAreSixNodes" computerName="DESKTOP-AKI3LSA" duration="00:00:00.0006720" startTime="2026-09-14T16:55:53.5077965+08:00" endTime="2026-09-14T16:55:53.5077969+08:00" testType="13cdc9d9-ddb5-4fa4-a97d-d965ccfc6d4b" outcome="Passed" testListId="8c84fa94-04c1-424b-9868-57a2d4851a1d" relativeResultsDirectory="f2c82bcb-53b5-4a6a-8abc-5d2c31d67c21" />
    <UnitTestResult executionId="c0287d1c-004b-4d95-b434-1742acf84b43" testId="b33b601d-2714-1d52-904e-bf790e7bdf3d" testName="Resonance.Tests.BattleSimTests.SlideAddsFourteenDrive" computerName="DESKTOP-AKI3LSA" duration="00:00:00.0001509" startTime="2026-09-14T16:55:53.6240575+08:00" endTime="2026-09-14T16:55:53.6240577+08:00" testType="13cdc9d9-ddb5-4fa4-a97d-d965ccfc6d4b" outcome="Passed" testListId="8c84fa94-04c1-424b-9868-57a2d4851a1d" relativeResultsDirectory="c0287d1c-004b-4d95-b434-1742acf84b43" />
    <UnitTestResult executionId="5eb42cb4-9657-4e41-a9e1-f91ebf8443ed" testId="b86b7019-5077-aa15-5825-692dfa92bbee" testName="Resonance.Tests.G2ReviewProvenanceTests.P01_ComputedValueDoesNotImplyEmpiricalEvidence" computerName="DESKTOP-AKI3LSA" duration="00:00:00.0026805" startTime="2026-09-14T16:55:53.4349335+08:00" endTime="2026-09-14T16:55:53.4349341+08:00" testType="13cdc9d9-ddb5-4fa4-a97d-d965ccfc6d4b" outcome="Passed" testListId="8c84fa94-04c1-424b-9868-57a2d4851a1d" relativeResultsDirectory="5eb42cb4-9657-4e41-a9e1-f91ebf8443ed" />
    <UnitTestResult executionId="c1c0ec9e-59e1-4fff-85b8-07c458f2d390" testId="697c2a1c-67af-9f3c-cf5a-553445cd90bc" testName="Resonance.Tests.M1CoreSliceTests.FixedSeedFivePersonSequenceFiresDriveAndFever" computerName="DESKTOP-AKI3LSA" duration="00:00:00.0020371" startTime="2026-09-14T16:55:54.5199480+08:00" endTime="2026-09-14T16:55:54.5199485+08:00" testType="13cdc9d9-ddb5-4fa4-a97d-d965ccfc6d4b" outcome="Passed" testListId="8c84fa94-04c1-424b-9868-57a2d4851a1d" relativeResultsDirectory="c1c0ec9e-59e1-4fff-85b8-07c458f2d390" />
    <UnitTestResult executionId="9bf4fa3c-a242-4bda-acf3-eabf01c573f5" testId="54dea85b-b075-4ce6-ccf5-9d54b379c35a" testName="Resonance.Tests.BattleSimTests.AutoTapFiresDriveWhenReady" computerName="DESKTOP-AKI3LSA" duration="00:00:00.0016529" startTime="2026-09-14T16:55:53.5672139+08:00" endTime="2026-09-14T16:55:53.5672143+08:00" testType="13cdc9d9-ddb5-4fa4-a97d-d965ccfc6d4b" outcome="Passed" testListId="8c84fa94-04c1-424b-9868-57a2d4851a1d" relativeResultsDirectory="9bf4fa3c-a242-4bda-acf3-eabf01c573f5" />
    <UnitTestResult executionId="34c6b1c1-84cd-47c4-8d73-bdd71ecd2a56" testId="b06ca008-899f-dc04-6ec7-10d9729e8527" testName="Resonance.Tests.BattleSimTests.ChapterWavesDiffer" computerName="DESKTOP-AKI3LSA" duration="00:00:00.0010943" startTime="2026-09-14T16:55:53.6442612+08:00" endTime="2026-09-14T16:55:53.6442617+08:00" testType="13cdc9d9-ddb5-4fa4-a97d-d965ccfc6d4b" outcome="Passed" testListId="8c84fa94-04c1-424b-9868-57a2d4851a1d" relativeResultsDirectory="34c6b1c1-84cd-47c4-8d73-bdd71ecd2a56" />
    <UnitTestResult executionId="f6473295-b08d-4bd3-925d-f213caeb2708" testId="e1efe6ea-68da-9dac-df05-5fc90b351896" testName="Resonance.Tests.BattleSimTests.StunSkipsActionAndResetsCharge" computerName="DESKTOP-AKI3LSA" duration="00:00:00.0002036" startTime="2026-09-14T16:55:53.5431916+08:00" endTime="2026-09-14T16:55:53.5431917+08:00" testType="13cdc9d9-ddb5-4fa4-a97d-d965ccfc6d4b" outcome="Passed" testListId="8c84fa94-04c1-424b-9868-57a2d4851a1d" relativeResultsDirectory="f6473295-b08d-4bd3-925d-f213caeb2708" />
    <UnitTestResult executionId="7a8f34cd-3e37-40c5-8f21-e68c40ebb54f" testId="05ed1a30-fef7-5fd0-292b-1fe502b21f99" testName="Resonance.Tests.G2RecheckProvenanceTests.P02_Bounds_RequireInt_MustNotSilentlyReturnZero" computerName="DESKTOP-AKI3LSA" duration="00:00:00.0046688" startTime="2026-09-14T16:55:53.4124854+08:00" endTime="2026-09-14T16:55:53.4124859+08:00" testType="13cdc9d9-ddb5-4fa4-a97d-d965ccfc6d4b" outcome="Passed" testListId="8c84fa94-04c1-424b-9868-57a2d4851a1d" relativeResultsDirectory="7a8f34cd-3e37-40c5-8f21-e68c40ebb54f" />
    <UnitTestResult executionId="091e020d-93c2-41f1-bb6e-18ab68f1d288" testId="52a20bc0-c43a-6fba-8248-28e28dbb7c05" testName="Resonance.Tests.M1RepairQaTests.EmptyOrUnknownOpcodeCastFails" computerName="DESKTOP-AKI3LSA" duration="00:00:00.0039972" startTime="2026-09-14T16:55:54.4961772+08:00" endTime="2026-09-14T16:55:54.4961777+08:00" testType="13cdc9d9-ddb5-4fa4-a97d-d965ccfc6d4b" outcome="Passed" testListId="8c84fa94-04c1-424b-9868-57a2d4851a1d" relativeResultsDirectory="091e020d-93c2-41f1-bb6e-18ab68f1d288" />
    <UnitTestResult executionId="7f2ab79f-1fa6-48a3-8253-fdfed06d1c9b" testId="b908d275-cb21-f138-5bbc-f9b1d73fcf38" testName="Resonance.Tests.G2ReviewEffectLifecycleTests.E02_ShieldExpiry_UsesDeclaredLifetime" computerName="DESKTOP-AKI3LSA" duration="00:00:00.0045509" startTime="2026-09-14T16:55:54.3369929+08:00" endTime="2026-09-14T16:55:54.3369931+08:00" testType="13cdc9d9-ddb5-4fa4-a97d-d965ccfc6d4b" outcome="Passed" testListId="8c84fa94-04c1-424b-9868-57a2d4851a1d" relativeResultsDirectory="7f2ab79f-1fa6-48a3-8253-fdfed06d1c9b" />
    <UnitTestResult executionId="e06a73fb-e17a-411a-8f6b-bed58f8b0ba6" testId="5136ad4d-69b6-8a60-895a-279302486f23" testName="Resonance.Tests.BattleSimTests.AutoTapFollowsReservation" computerName="DESKTOP-AKI3LSA" duration="00:00:00.0016728" startTime="2026-09-14T16:55:53.6560508+08:00" endTime="2026-09-14T16:55:53.6560511+08:00" testType="13cdc9d9-ddb5-4fa4-a97d-d965ccfc6d4b" outcome="Passed" testListId="8c84fa94-04c1-424b-9868-57a2d4851a1d" relativeResultsDirectory="e06a73fb-e17a-411a-8f6b-bed58f8b0ba6" />
    <UnitTestResult executionId="ea284872-b515-461a-a9e1-95661f041747" testId="2438836c-0167-f930-69ec-0a6046f10163" testName="Resonance.Tests.BattleSimTests.DiskKeepsPartyStageGear" computerName="DESKTOP-AKI3LSA" duration="00:00:00.0071003" startTime="2026-09-14T16:55:53.6528350+08:00" endTime="2026-09-14T16:55:53.6528352+08:00" testType="13cdc9d9-ddb5-4fa4-a97d-d965ccfc6d4b" outcome="Passed" testListId="8c84fa94-04c1-424b-9868-57a2d4851a1d" relativeResultsDirectory="ea284872-b515-461a-a9e1-95661f041747" />
    <UnitTestResult executionId="35171168-9b58-4f7a-9f77-7ccd6b9a493a" testId="8bfbce6f-af5c-34ac-5b7a-60f21d6a1316" testName="Resonance.Tests.M1RepairQaTests.GlUnknownPoisonDoesNotApplyMaxHpAsSettled" computerName="DESKTOP-AKI3LSA" duration="00:00:00.0005836" startTime="2026-09-14T16:55:54.5079779+08:00" endTime="2026-09-14T16:55:54.5079781+08:00" testType="13cdc9d9-ddb5-4fa4-a97d-d965ccfc6d4b" outcome="Passed" testListId="8c84fa94-04c1-424b-9868-57a2d4851a1d" relativeResultsDirectory="35171168-9b58-4f7a-9f77-7ccd6b9a493a" />
    <UnitTestResult executionId="f5622b95-4272-4977-88da-5ff1adf03d23" testId="ba0c6cea-e7ed-9c03-a39c-3d2f7ec27afa" testName="Resonance.Tests.M1SaveIdempotencyTests.HardAndNormalFirstClearsAreSeparate" computerName="DESKTOP-AKI3LSA" duration="00:00:00.0007676" startTime="2026-09-14T16:55:54.4517764+08:00" endTime="2026-09-14T16:55:54.4517767+08:00" testType="13cdc9d9-ddb5-4fa4-a97d-d965ccfc6d4b" outcome="Passed" testListId="8c84fa94-04c1-424b-9868-57a2d4851a1d" relativeResultsDirectory="f5622b95-4272-4977-88da-5ff1adf03d23" />
    <UnitTestResult executionId="7622bbba-6794-415f-a0e0-3f9151c6ee70" testId="7618e09c-5e25-b126-5364-a7c292e5a480" testName="Resonance.Tests.BattleSimTests.FullAutoHonorsHoldSim" computerName="DESKTOP-AKI3LSA" duration="00:00:00.0007904" startTime="2026-09-14T16:55:53.5596522+08:00" endTime="2026-09-14T16:55:53.5596523+08:00" testType="13cdc9d9-ddb5-4fa4-a97d-d965ccfc6d4b" outcome="Passed" testListId="8c84fa94-04c1-424b-9868-57a2d4851a1d" relativeResultsDirectory="7622bbba-6794-415f-a0e0-3f9151c6ee70" />
    <UnitTestResult executionId="e1a8899e-4f75-4dd7-95a3-2998f169dcc2" testId="df9c3ea2-46dd-d705-9060-3eaa93ace9aa" testName="Resonance.Tests.M1ClockModeTests.FullAutoCastsDriveAfterHoldClears" computerName="DESKTOP-AKI3LSA" duration="00:00:00.0009569" startTime="2026-09-14T16:55:54.3771824+08:00" endTime="2026-09-14T16:55:54.3771826+08:00" testType="13cdc9d9-ddb5-4fa4-a97d-d965ccfc6d4b" outcome="Passed" testListId="8c84fa94-04c1-424b-9868-57a2d4851a1d" relativeResultsDirectory="e1a8899e-4f75-4dd7-95a3-2998f169dcc2" />
    <UnitTestResult executionId="ec44231e-741f-4b57-a1e5-0b045e36250e" testId="5142cfc4-585d-f648-6b89-b8dfe7e5237b" testName="Resonance.Tests.BattleSimTests.ClearRewardFillsEmptyGearSlot" computerName="DESKTOP-AKI3LSA" duration="00:00:00.0008956" startTime="2026-09-14T16:55:53.6840674+08:00" endTime="2026-09-14T16:55:53.6840677+08:00" testType="13cdc9d9-ddb5-4fa4-a97d-d965ccfc6d4b" outcome="Passed" testListId="8c84fa94-04c1-424b-9868-57a2d4851a1d" relativeResultsDirectory="ec44231e-741f-4b57-a1e5-0b045e36250e" />
    <UnitTestResult executionId="a36457ef-5a02-4c48-b269-d09eee429de6" testId="f9d89c38-aee8-671a-5dd4-9f4dcc763bc0" testName="Resonance.Tests.G2A53IdentityTests.T03_SingleFieldChange_FlipsBattleContentIdentity(field: &quot;FlatHeal&quot;)" computerName="DESKTOP-AKI3LSA" duration="00:00:00.0019074" startTime="2026-09-14T16:55:53.8642622+08:00" endTime="2026-09-14T16:55:53.8642624+08:00" testType="13cdc9d9-ddb5-4fa4-a97d-d965ccfc6d4b" outcome="Passed" testListId="8c84fa94-04c1-424b-9868-57a2d4851a1d" relativeResultsDirectory="a36457ef-5a02-4c48-b269-d09eee429de6" />
    <UnitTestResult executionId="80674c60-a5ae-42fc-b9f3-9708635579dc" testId="2ac2c478-67e4-da21-025d-72d7b8ebfe32" testName="Resonance.Tests.G2A53JsonHasTargetTests.T04_HasTargetTrue_WithLegalTarget" computerName="DESKTOP-AKI3LSA" duration="00:00:00.0069809" startTime="2026-09-14T16:55:53.8890166+08:00" endTime="2026-09-14T16:55:53.8890173+08:00" testType="13cdc9d9-ddb5-4fa4-a97d-d965ccfc6d4b" outcome="Passed" testListId="8c84fa94-04c1-424b-9868-57a2d4851a1d" relativeResultsDirectory="80674c60-a5ae-42fc-b9f3-9708635579dc" />
    <UnitTestResult executionId="df7014d4-5239-449f-b429-96f599286320" testId="4a1abe56-8641-9803-3610-6ae18884721f" testName="Resonance.Tests.M1ClockModeTests.GlClockSecondsStayUnknownAndConfigurable" computerName="DESKTOP-AKI3LSA" duration="00:00:00.0057586" startTime="2026-09-14T16:55:54.3619113+08:00" endTime="2026-09-14T16:55:54.3619118+08:00" testType="13cdc9d9-ddb5-4fa4-a97d-d965ccfc6d4b" outcome="Passed" testListId="8c84fa94-04c1-424b-9868-57a2d4851a1d" relativeResultsDirectory="df7014d4-5239-449f-b429-96f599286320" />
    <UnitTestResult executionId="e986e4aa-d748-4ef3-b28c-0f54e633f1f0" testId="69d71424-d96c-713e-5e80-6902649d21bd" testName="Resonance.Tests.BattleSimTests.QteFeverMatchesPrimaryP0Tip" computerName="DESKTOP-AKI3LSA" duration="00:00:00.0002647" startTime="2026-09-14T16:55:53.5689269+08:00" endTime="2026-09-14T16:55:53.5689273+08:00" testType="13cdc9d9-ddb5-4fa4-a97d-d965ccfc6d4b" outcome="Passed" testListId="8c84fa94-04c1-424b-9868-57a2d4851a1d" relativeResultsDirectory="e986e4aa-d748-4ef3-b28c-0f54e633f1f0" />
    <UnitTestResult executionId="d80e0118-fa06-408b-8903-e136c1e40807" testId="cf3496a0-fa32-a3f2-cc4f-25202810129b" testName="Resonance.Tests.M1CoreSliceTests.PartyCapacityIsNotHardcodedFive" computerName="DESKTOP-AKI3LSA" duration="00:00:00.0024964" startTime="2026-09-14T16:55:54.5293236+08:00" endTime="2026-09-14T16:55:54.5293240+08:00" testType="13cdc9d9-ddb5-4fa4-a97d-d965ccfc6d4b" outcome="Passed" testListId="8c84fa94-04c1-424b-9868-57a2d4851a1d" relativeResultsDirectory="d80e0118-fa06-408b-8903-e136c1e40807" />
    <UnitTestResult executionId="3a3d93eb-8958-4deb-80a7-534a2017e6ec" testId="095e1563-af0d-e72d-c11b-097ebf3fed1e" testName="Resonance.Tests.G2A53IdentityTests.T03_SingleFieldChange_FlipsBattleContentIdentity(field: &quot;Opcode&quot;)" computerName="DESKTOP-AKI3LSA" duration="00:00:00.0034771" startTime="2026-09-14T16:55:53.8529001+08:00" endTime="2026-09-14T16:55:53.8529006+08:00" testType="13cdc9d9-ddb5-4fa4-a97d-d965ccfc6d4b" outcome="Passed" testListId="8c84fa94-04c1-424b-9868-57a2d4851a1d" relativeResultsDirectory="3a3d93eb-8958-4deb-80a7-534a2017e6ec" />
    <UnitTestResult executionId="acbf760b-a025-4fdf-b047-7ba04aa8fc11" testId="60b17d00-1536-806b-e14c-079d3fa76db2" testName="Resonance.Tests.G2A53JsonHasTargetTests.T04_TargetOnly_SetsHasTargetAndKeepsNamedRule" computerName="DESKTOP-AKI3LSA" duration="00:00:00.0019671" startTime="2026-09-14T16:55:53.9000990+08:00" endTime="2026-09-14T16:55:53.9000995+08:00" testType="13cdc9d9-ddb5-4fa4-a97d-d965ccfc6d4b" outcome="Passed" testListId="8c84fa94-04c1-424b-9868-57a2d4851a1d" relativeResultsDirectory="acbf760b-a025-4fdf-b047-7ba04aa8fc11" />
    <UnitTestResult executionId="7926fad5-47b2-47c7-8400-5973efc0b05d" testId="1774ebbe-315a-21d0-4af1-51f80dbae215" testName="Resonance.Tests.G2A53EvidenceTests.T06_TypedRecorder_WriteSessionIndex_AndRefuseUnboundLiveSim" computerName="DESKTOP-AKI3LSA" duration="00:00:00.0619237" startTime="2026-09-14T16:55:53.8356672+08:00" endTime="2026-09-14T16:55:53.8356680+08:00" testType="13cdc9d9-ddb5-4fa4-a97d-d965ccfc6d4b" outcome="Passed" testListId="8c84fa94-04c1-424b-9868-57a2d4851a1d" relativeResultsDirectory="7926fad5-47b2-47c7-8400-5973efc0b05d" />
    <UnitTestResult executionId="81d24e65-9dbb-41f3-bfc1-c7deb60a3774" testId="fa71ebcf-c42a-d3ae-5c4d-ab81b4dfdacb" testName="Resonance.Tests.G2A53PlayableGateTests.T02_OverlayExistingAtkUpToReflect_ReferencingSkillsNotSilentlyPlayable" computerName="DESKTOP-AKI3LSA" duration="00:00:00.0464864" startTime="2026-09-14T16:55:54.0755545+08:00" endTime="2026-09-14T16:55:54.0755547+08:00" testType="13cdc9d9-ddb5-4fa4-a97d-d965ccfc6d4b" outcome="Failed" testListId="8c84fa94-04c1-424b-9868-57a2d4851a1d" relativeResultsDirectory="81d24e65-9dbb-41f3-bfc1-c7deb60a3774">
      <Output>
        <ErrorInfo>
          <Message>A53-T02: historical atk_up id overlayed to Reflect must not Accepted+spend+skip fx. Accepted=True reason=None spent=True skippedFx=True</Message>
          <StackTrace>   at Resonance.Tests.G2A53PlayableGateTests.T02_OverlayExistingAtkUpToReflect_ReferencingSkillsNotSilentlyPlayable() in F:\天命之子\tools\BattleSim.Tests\G2A53PlayableGateTests.cs:line 137</StackTrace>
        </ErrorInfo>
      </Output>
    </UnitTestResult>
    <UnitTestResult executionId="40f95703-755c-4597-9458-34f2cdc94dab" testId="ea37e951-935f-6a44-18e9-e110ec785727" testName="Resonance.Tests.BattleSimTests.BattleSimFoodAtkMulRaisesAllyAtk" computerName="DESKTOP-AKI3LSA" duration="00:00:00.0005911" startTime="2026-09-14T16:55:53.6249450+08:00" endTime="2026-09-14T16:55:53.6249452+08:00" testType="13cdc9d9-ddb5-4fa4-a97d-d965ccfc6d4b" outcome="Passed" testListId="8c84fa94-04c1-424b-9868-57a2d4851a1d" relativeResultsDirectory="40f95703-755c-4597-9458-34f2cdc94dab" />
    <UnitTestResult executionId="0fa67ea1-404e-48e5-a9d0-e22f9ac06b7b" testId="b85e8240-faf3-d895-fe9b-743e639730b0" testName="Resonance.Tests.BattleSimTests.WeakDefDownOnlyOnAdvantage" computerName="DESKTOP-AKI3LSA" duration="00:00:00.0005320" startTime="2026-09-14T16:55:53.6072152+08:00" endTime="2026-09-14T16:55:53.6072155+08:00" testType="13cdc9d9-ddb5-4fa4-a97d-d965ccfc6d4b" outcome="Passed" testListId="8c84fa94-04c1-424b-9868-57a2d4851a1d" relativeResultsDirectory="0fa67ea1-404e-48e5-a9d0-e22f9ac06b7b" />
    <UnitTestResult executionId="e165420e-a034-475e-857c-ba9baf7d7acb" testId="11819615-b765-6f5b-d86e-f867b8e43678" testName="Resonance.Tests.BattleSimTests.CatalogJsonRoundtrip" computerName="DESKTOP-AKI3LSA" duration="00:00:00.0128946" startTime="2026-09-14T16:55:53.5310336+08:00" endTime="2026-09-14T16:55:53.5310344+08:00" testType="13cdc9d9-ddb5-4fa4-a97d-d965ccfc6d4b" outcome="Passed" testListId="8c84fa94-04c1-424b-9868-57a2d4851a1d" relativeResultsDirectory="e165420e-a034-475e-857c-ba9baf7d7acb" />
    <UnitTestResult executionId="4c995a55-8b5b-41b1-87f0-5c4651cb2f0e" testId="2a72d6f8-fe52-9b69-2fc7-0c342fe4720a" testName="Resonance.Tests.BattleSimTests.TryBeginDriveSelectsThatSlot" computerName="DESKTOP-AKI3LSA" duration="00:00:00.0001961" startTime="2026-09-14T16:55:53.5563380+08:00" endTime="2026-09-14T16:55:53.5563382+08:00" testType="13cdc9d9-ddb5-4fa4-a97d-d965ccfc6d4b" outcome="Passed" testListId="8c84fa94-04c1-424b-9868-57a2d4851a1d" relativeResultsDirectory="4c995a55-8b5b-41b1-87f0-5c4651cb2f0e" />
    <UnitTestResult executionId="9f6b5a6d-465c-45fb-88bc-d4b1a0d030b0" testId="c307c8c2-a818-5bf8-d288-3f6670182ce4" testName="Resonance.Tests.G2ReviewEffectLifecycleTests.E04_DotTriggers_DefaultsByKind" computerName="DESKTOP-AKI3LSA" duration="00:00:00.0005777" startTime="2026-09-14T16:55:54.3268838+08:00" endTime="2026-09-14T16:55:54.3268840+08:00" testType="13cdc9d9-ddb5-4fa4-a97d-d965ccfc6d4b" outcome="Passed" testListId="8c84fa94-04c1-424b-9868-57a2d4851a1d" relativeResultsDirectory="9f6b5a6d-465c-45fb-88bc-d4b1a0d030b0" />
    <UnitTestResult executionId="d8089a31-adfb-4632-b209-28bec4b7813b" testId="293a5799-264f-390a-0c4b-9ee5858a79a0" testName="Resonance.Tests.G2ReviewEffectLifecycleTests.E04_DotTriggers_OnActionOnly" computerName="DESKTOP-AKI3LSA" duration="00:00:00.0024862" startTime="2026-09-14T16:55:54.3216599+08:00" endTime="2026-09-14T16:55:54.3216602+08:00" testType="13cdc9d9-ddb5-4fa4-a97d-d965ccfc6d4b" outcome="Passed" testListId="8c84fa94-04c1-424b-9868-57a2d4851a1d" relativeResultsDirectory="d8089a31-adfb-4632-b209-28bec4b7813b" />
    <UnitTestResult executionId="f07ab309-80dc-4840-85b8-b3e62d45f7d3" testId="cba7f536-3ebc-1d98-2860-f27291740731" testName="Resonance.Tests.G2ReviewCapabilityTests.EveryEffectKindAppearsInMatrix" computerName="DESKTOP-AKI3LSA" duration="00:00:00.0050085" startTime="2026-09-14T16:55:53.1649483+08:00" endTime="2026-09-14T16:55:53.1649489+08:00" testType="13cdc9d9-ddb5-4fa4-a97d-d965ccfc6d4b" outcome="Passed" testListId="8c84fa94-04c1-424b-9868-57a2d4851a1d" relativeResultsDirectory="f07ab309-80dc-4840-85b8-b3e62d45f7d3" />
    <UnitTestResult executionId="e290cf24-60a9-4eeb-b2d9-d2209af24c96" testId="0b5466a0-f5f0-9eaa-1d1f-aa2cdf10dbeb" testName="Resonance.Tests.M1CoreSliceTests.ControlPausesChargeButSlideCdContinues" computerName="DESKTOP-AKI3LSA" duration="00:00:00.0018055" startTime="2026-09-14T16:55:54.5264759+08:00" endTime="2026-09-14T16:55:54.5264764+08:00" testType="13cdc9d9-ddb5-4fa4-a97d-d965ccfc6d4b" outcome="Passed" testListId="8c84fa94-04c1-424b-9868-57a2d4851a1d" relativeResultsDirectory="e290cf24-60a9-4eeb-b2d9-d2209af24c96" />
    <UnitTestResult executionId="d0353b2d-19c2-4bf2-9b0a-7bb110b70f27" testId="20d10409-da6c-296e-4211-ef8912804adb" testName="Resonance.Tests.G2ReviewProvenanceTests.P02_LegacyKrSlide_MatchesDeclaredCandidate(def: 20000)" computerName="DESKTOP-AKI3LSA" duration="00:00:00.0000619" startTime="2026-09-14T16:55:53.4307889+08:00" endTime="2026-09-14T16:55:53.4307891+08:00" testType="13cdc9d9-ddb5-4fa4-a97d-d965ccfc6d4b" outcome="Passed" testListId="8c84fa94-04c1-424b-9868-57a2d4851a1d" relativeResultsDirectory="d0353b2d-19c2-4bf2-9b0a-7bb110b70f27" />
    <UnitTestResult executionId="60cac7fd-6c6a-4254-b8d8-98f51bfee8b5" testId="1b7ca20b-caa0-9a9e-d7e8-582dfc103dcd" testName="Resonance.Tests.G2ReviewQteClockTests.Q01_Qte_OneAuthoritativeClock(speed: 1)" computerName="DESKTOP-AKI3LSA" duration="00:00:00.0006423" startTime="2026-09-14T16:55:54.3124607+08:00" endTime="2026-09-14T16:55:54.3124609+08:00" testType="13cdc9d9-ddb5-4fa4-a97d-d965ccfc6d4b" outcome="Passed" testListId="8c84fa94-04c1-424b-9868-57a2d4851a1d" relativeResultsDirectory="60cac7fd-6c6a-4254-b8d8-98f51bfee8b5" />
    <UnitTestResult executionId="8717111e-1ab3-4b06-ab55-15f6c29c1546" testId="9999f5f3-5f6b-53c7-d658-c310046a8171" testName="Resonance.Tests.BattleSimTests.WikiSsFormula" computerName="DESKTOP-AKI3LSA" duration="00:00:00.0001289" startTime="2026-09-14T16:55:53.6649778+08:00" endTime="2026-09-14T16:55:53.6649780+08:00" testType="13cdc9d9-ddb5-4fa4-a97d-d965ccfc6d4b" outcome="Passed" testListId="8c84fa94-04c1-424b-9868-57a2d4851a1d" relativeResultsDirectory="8717111e-1ab3-4b06-ab55-15f6c29c1546" />
    <UnitTestResult executionId="d1b497f0-d0bd-4953-9d1b-9ddf97daf81f" testId="31194ced-c5e9-08de-d15a-0192ca871865" testName="Resonance.Tests.G2ReviewProvenanceTests.P03_PierceCandidate_RejectsUnsupportedDomain" computerName="DESKTOP-AKI3LSA" duration="00:00:00.0011307" startTime="2026-09-14T16:55:53.4154109+08:00" endTime="2026-09-14T16:55:53.4154114+08:00" testType="13cdc9d9-ddb5-4fa4-a97d-d965ccfc6d4b" outcome="Passed" testListId="8c84fa94-04c1-424b-9868-57a2d4851a1d" relativeResultsDirectory="d1b497f0-d0bd-4953-9d1b-9ddf97daf81f" />
    <UnitTestResult executionId="c2f8bb31-8dad-44d1-9b69-27a216d80c36" testId="c5afa977-07f5-a048-cef9-565049892217" testName="Resonance.Tests.BattleSimTests.AutoBattleDealsDamageOrFinishes" computerName="DESKTOP-AKI3LSA" duration="00:00:00.0013025" startTime="2026-09-14T16:55:53.5446086+08:00" endTime="2026-09-14T16:55:53.5446089+08:00" testType="13cdc9d9-ddb5-4fa4-a97d-d965ccfc6d4b" outcome="Passed" testListId="8c84fa94-04c1-424b-9868-57a2d4851a1d" relativeResultsDirectory="c2f8bb31-8dad-44d1-9b69-27a216d80c36" />
    <UnitTestResult executionId="cf5fa225-e849-4a2b-bbe1-2c4b95eca3fc" testId="314cea74-cf47-c5b9-0628-cfef44ef2659" testName="Resonance.Tests.G2A53IdentityTests.T03_SingleFieldChange_FlipsBattleContentIdentity(field: &quot;SourceTier&quot;)" computerName="DESKTOP-AKI3LSA" duration="00:00:00.0025989" startTime="2026-09-14T16:55:53.8622222+08:00" endTime="2026-09-14T16:55:53.8622227+08:00" testType="13cdc9d9-ddb5-4fa4-a97d-d965ccfc6d4b" outcome="Passed" testListId="8c84fa94-04c1-424b-9868-57a2d4851a1d" relativeResultsDirectory="cf5fa225-e849-4a2b-bbe1-2c4b95eca3fc" />
    <UnitTestResult executionId="262efba7-c8cb-415d-b179-7c133e53a5f1" testId="f2055161-7a05-2e9a-e8d9-f9c439ec170c" testName="Resonance.Tests.M1EffectOrderTests.UnknownPierceStillFails" computerName="DESKTOP-AKI3LSA" duration="00:00:00.0011708" startTime="2026-09-14T16:55:54.2325628+08:00" endTime="2026-09-14T16:55:54.2325632+08:00" testType="13cdc9d9-ddb5-4fa4-a97d-d965ccfc6d4b" outcome="Passed" testListId="8c84fa94-04c1-424b-9868-57a2d4851a1d" relativeResultsDirectory="262efba7-c8cb-415d-b179-7c133e53a5f1" />
    <UnitTestResult executionId="bf61e406-08f9-48d7-9efb-6faa98bf35af" testId="fcdbc107-cb05-f8a0-7480-1305f44042a4" testName="Resonance.Tests.G2A53PlayableGateTests.T01_DamageSkill_UnsupportedStatusApplyReflect_SubmitMustNotAcceptSpendDamageAndSkipFx" computerName="DESKTOP-AKI3LSA" duration="00:00:00.0035414" startTime="2026-09-14T16:55:54.0803639+08:00" endTime="2026-09-14T16:55:54.0803640+08:00" testType="13cdc9d9-ddb5-4fa4-a97d-d965ccfc6d4b" outcome="Failed" testListId="8c84fa94-04c1-424b-9868-57a2d4851a1d" relativeResultsDirectory="bf61e406-08f9-48d7-9efb-6faa98bf35af">
      <Output>
        <ErrorInfo>
          <Message>A53-T01: Submit/entry must not Accepted+spend+damage+skip fx. Accepted=True reason=None spent=True damaged=True skippedFx=True</Message>
          <StackTrace>   at Resonance.Tests.G2A53PlayableGateTests.T01_DamageSkill_UnsupportedStatusApplyReflect_SubmitMustNotAcceptSpendDamageAndSkipFx() in F:\天命之子\tools\BattleSim.Tests\G2A53PlayableGateTests.cs:line 61</StackTrace>
        </ErrorInfo>
      </Output>
    </UnitTestResult>
    <UnitTestResult executionId="c1706ab2-c074-4e81-a971-68115b65ae6b" testId="ea7d1d02-798d-a221-6ce7-594f9c66aa70" testName="Resonance.Tests.BattleSimTests.GrowthPlusZeroDoesNotDoubleWeapon" computerName="DESKTOP-AKI3LSA" duration="00:00:00.0011058" startTime="2026-09-14T16:55:53.5545215+08:00" endTime="2026-09-14T16:55:53.5545220+08:00" testType="13cdc9d9-ddb5-4fa4-a97d-d965ccfc6d4b" outcome="Passed" testListId="8c84fa94-04c1-424b-9868-57a2d4851a1d" relativeResultsDirectory="c1706ab2-c074-4e81-a971-68115b65ae6b" />
    <UnitTestResult executionId="6028a15f-9db0-429d-a5d9-5c5c6f8f6012" testId="dc4c4a2c-8434-d333-b019-2be518b4e556" testName="Resonance.Tests.G2RecheckImportGateTests.V03_CandidateSnapshot_DoesNotStealFromLiveCatalog" computerName="DESKTOP-AKI3LSA" duration="00:00:00.0011813" startTime="2026-09-14T16:55:54.1921421+08:00" endTime="2026-09-14T16:55:54.1921428+08:00" testType="13cdc9d9-ddb5-4fa4-a97d-d965ccfc6d4b" outcome="Passed" testListId="8c84fa94-04c1-424b-9868-57a2d4851a1d" relativeResultsDirectory="6028a15f-9db0-429d-a5d9-5c5c6f8f6012" />
    <UnitTestResult executionId="26e49f21-ea1f-41ea-95e5-b616c468dcae" testId="1b614166-dbd2-0362-c3ad-12cbf6fbf176" testName="Resonance.Tests.BattleSimTests.DefaultPathIsLocalLowTitleSave" computerName="DESKTOP-AKI3LSA" duration="00:00:00.0002746" startTime="2026-09-14T16:55:53.5320777+08:00" endTime="2026-09-14T16:55:53.5320779+08:00" testType="13cdc9d9-ddb5-4fa4-a97d-d965ccfc6d4b" outcome="Passed" testListId="8c84fa94-04c1-424b-9868-57a2d4851a1d" relativeResultsDirectory="26e49f21-ea1f-41ea-95e5-b616c468dcae" />
    <UnitTestResult executionId="31695be7-d2ff-459d-8128-f7d17b86fbbb" testId="caf552c9-c9a4-abc2-bff2-8c3939560ea0" testName="Resonance.Tests.BattleSimTests.PerfectDriveIsOneFifty" computerName="DESKTOP-AKI3LSA" duration="00:00:00.0002287" startTime="2026-09-14T16:55:53.5388931+08:00" endTime="2026-09-14T16:55:53.5388933+08:00" testType="13cdc9d9-ddb5-4fa4-a97d-d965ccfc6d4b" outcome="Passed" testListId="8c84fa94-04c1-424b-9868-57a2d4851a1d" relativeResultsDirectory="31695be7-d2ff-459d-8128-f7d17b86fbbb" />
    <UnitTestResult executionId="b2538a92-4012-46df-a05a-e93bf5b23e3e" testId="3a6a5bc8-1a82-4132-816f-14415b6c2b5a" testName="Resonance.Tests.G2A53IdentityTests.T03_SingleFieldChange_FlipsBattleContentIdentity(field: &quot;AutoSkillId&quot;)" computerName="DESKTOP-AKI3LSA" duration="00:00:00.0035233" startTime="2026-09-14T16:55:53.8565687+08:00" endTime="2026-09-14T16:55:53.8565692+08:00" testType="13cdc9d9-ddb5-4fa4-a97d-d965ccfc6d4b" outcome="Passed" testListId="8c84fa94-04c1-424b-9868-57a2d4851a1d" relativeResultsDirectory="b2538a92-4012-46df-a05a-e93bf5b23e3e" />
    <UnitTestResult executionId="eee69619-b715-4cb5-94a1-6769b54ccc38" testId="10f4edb5-74f8-4ce8-de3f-222816b03712" testName="Resonance.Tests.BattleSimTests.AutoPlayCompletesStageWithAllVerbs" computerName="DESKTOP-AKI3LSA" duration="00:00:00.0061997" startTime="2026-09-14T16:55:53.6624161+08:00" endTime="2026-09-14T16:55:53.6624166+08:00" testType="13cdc9d9-ddb5-4fa4-a97d-d965ccfc6d4b" outcome="Passed" testListId="8c84fa94-04c1-424b-9868-57a2d4851a1d" relativeResultsDirectory="eee69619-b715-4cb5-94a1-6769b54ccc38" />
    <UnitTestResult executionId="847e91d4-c551-45cb-8efb-c1807ecabf79" testId="59963d8b-b19b-5ee5-d0dc-e560ea75d018" testName="Resonance.Tests.BattleSimTests.WikiSsPercentFormula" computerName="DESKTOP-AKI3LSA" duration="00:00:00.0003297" startTime="2026-09-14T16:55:53.6658945+08:00" endTime="2026-09-14T16:55:53.6658948+08:00" testType="13cdc9d9-ddb5-4fa4-a97d-d965ccfc6d4b" outcome="Passed" testListId="8c84fa94-04c1-424b-9868-57a2d4851a1d" relativeResultsDirectory="847e91d4-c551-45cb-8efb-c1807ecabf79" />
    <UnitTestResult executionId="9189676e-a52e-4fc9-96d7-40d52c4f06d6" testId="d61e601d-71be-08e6-b4e4-fe12781b7498" testName="Resonance.Tests.M1ClockModeTests.PauseFreezesNamedBattleClocks" computerName="DESKTOP-AKI3LSA" duration="00:00:00.0008410" startTime="2026-09-14T16:55:54.3472986+08:00" endTime="2026-09-14T16:55:54.3472988+08:00" testType="13cdc9d9-ddb5-4fa4-a97d-d965ccfc6d4b" outcome="Passed" testListId="8c84fa94-04c1-424b-9868-57a2d4851a1d" relativeResultsDirectory="9189676e-a52e-4fc9-96d7-40d52c4f06d6" />
    <UnitTestResult executionId="636bc3f3-6504-47d3-8bd5-1c4c69f1fd22" testId="b2c47ad8-3cd9-d2f8-574b-79839ecfae96" testName="Resonance.Tests.G2RecheckDriveGainTests.N04_AutoAttack_HonorsDeclaredDriveGainBelow14" computerName="DESKTOP-AKI3LSA" duration="00:00:00.0024339" startTime="2026-09-14T16:55:53.3707031+08:00" endTime="2026-09-14T16:55:53.3707034+08:00" testType="13cdc9d9-ddb5-4fa4-a97d-d965ccfc6d4b" outcome="Passed" testListId="8c84fa94-04c1-424b-9868-57a2d4851a1d" relativeResultsDirectory="636bc3f3-6504-47d3-8bd5-1c4c69f1fd22" />
    <UnitTestResult executionId="f471e50e-3ebe-4783-885d-e96e0967c9df" testId="14c0dc22-fcde-7d98-7fd6-5294a9e713b2" testName="Resonance.Tests.G2RecheckEffectPathTests.E03_EnemySilence_BlocksTapSlide_AutoAttackStillRuns" computerName="DESKTOP-AKI3LSA" duration="00:00:00.0016479" startTime="2026-09-14T16:55:54.0856378+08:00" endTime="2026-09-14T16:55:54.0856382+08:00" testType="13cdc9d9-ddb5-4fa4-a97d-d965ccfc6d4b" outcome="Passed" testListId="8c84fa94-04c1-424b-9868-57a2d4851a1d" relativeResultsDirectory="f471e50e-3ebe-4783-885d-e96e0967c9df" />
    <UnitTestResult executionId="6002bb5b-83b3-4b08-9b92-e5afc5643982" testId="d2d4c45a-f90c-853d-3dcd-000c1634736a" testName="Resonance.Tests.G2ReviewEffectLifecycleTests.E04_DotTriggers_PeriodicOnly" computerName="DESKTOP-AKI3LSA" duration="00:00:00.0019552" startTime="2026-09-14T16:55:54.3239575+08:00" endTime="2026-09-14T16:55:54.3239578+08:00" testType="13cdc9d9-ddb5-4fa4-a97d-d965ccfc6d4b" outcome="Passed" testListId="8c84fa94-04c1-424b-9868-57a2d4851a1d" relativeResultsDirectory="6002bb5b-83b3-4b08-9b92-e5afc5643982" />
    <UnitTestResult executionId="6e97edb9-fab1-423e-bb1a-e2df0dcc5e85" testId="fff8f87b-0d7b-fd8c-7cb2-acdafebaecab" testName="Resonance.Tests.M1ClockModeTests.HoldWatchdogStillReleasesNonStickyHoldOnFull" computerName="DESKTOP-AKI3LSA" duration="00:00:00.0009112" startTime="2026-09-14T16:55:54.3756718+08:00" endTime="2026-09-14T16:55:54.3756721+08:00" testType="13cdc9d9-ddb5-4fa4-a97d-d965ccfc6d4b" outcome="Passed" testListId="8c84fa94-04c1-424b-9868-57a2d4851a1d" relativeResultsDirectory="6e97edb9-fab1-423e-bb1a-e2df0dcc5e85" />
    <UnitTestResult executionId="abc569d1-3858-4bfd-b2f1-8bdaeda0998e" testId="bf212605-9deb-3cec-87ec-e8c59541e250" testName="Resonance.Tests.G2RecheckEvidenceContractTests.L02_EachBattle_HasFrozenHeaderCommandsAndExitSnapshot" computerName="DESKTOP-AKI3LSA" duration="00:00:00.0526478" startTime="2026-09-14T16:55:54.1873409+08:00" endTime="2026-09-14T16:55:54.1873414+08:00" testType="13cdc9d9-ddb5-4fa4-a97d-d965ccfc6d4b" outcome="Passed" testListId="8c84fa94-04c1-424b-9868-57a2d4851a1d" relativeResultsDirectory="abc569d1-3858-4bfd-b2f1-8bdaeda0998e" />
    <UnitTestResult executionId="b9896dc3-9130-47cf-9d95-9ec15c7b3192" testId="011a42c8-3669-94f0-99e4-aebd8221a434" testName="Resonance.Tests.G2ReviewProvenanceTests.P02_BoundsRequireInt_RejectsSilentZero" computerName="DESKTOP-AKI3LSA" duration="00:00:00.0005669" startTime="2026-09-14T16:55:53.4316630+08:00" endTime="2026-09-14T16:55:53.4316632+08:00" testType="13cdc9d9-ddb5-4fa4-a97d-d965ccfc6d4b" outcome="Passed" testListId="8c84fa94-04c1-424b-9868-57a2d4851a1d" relativeResultsDirectory="b9896dc3-9130-47cf-9d95-9ec15c7b3192" />
    <UnitTestResult executionId="1f729528-3e45-462c-b664-02e35941940a" testId="3e16a8fa-1196-c186-d74d-413bac1bb0a5" testName="Resonance.Tests.M1FormulaIsolationTests.JpContrastResolveYieldsNumbers" computerName="DESKTOP-AKI3LSA" duration="00:00:00.0068004" startTime="2026-09-14T16:55:53.1408138+08:00" endTime="2026-09-14T16:55:53.1408145+08:00" testType="13cdc9d9-ddb5-4fa4-a97d-d965ccfc6d4b" outcome="Passed" testListId="8c84fa94-04c1-424b-9868-57a2d4851a1d" relativeResultsDirectory="1f729528-3e45-462c-b664-02e35941940a" />
    <UnitTestResult executionId="f1532290-0bc6-4311-819c-86f6c694cdc4" testId="3e395538-d807-4b9c-ef8b-ad8180580eb2" testName="Resonance.Tests.BattleSimTests.StunExpiresThenUnitCanAct" computerName="DESKTOP-AKI3LSA" duration="00:00:00.0071538" startTime="2026-09-14T16:55:53.5522590+08:00" endTime="2026-09-14T16:55:53.5522593+08:00" testType="13cdc9d9-ddb5-4fa4-a97d-d965ccfc6d4b" outcome="Passed" testListId="8c84fa94-04c1-424b-9868-57a2d4851a1d" relativeResultsDirectory="f1532290-0bc6-4311-819c-86f6c694cdc4" />
    <UnitTestResult executionId="6bd45918-6c78-4b2a-8916-2e3dc7c92664" testId="8c9ceb97-8efa-60f7-6ef6-4016245c183c" testName="Resonance.Tests.G2ReviewReplayComponentTests.ReplayScriptRoundTripsThroughJsonLines" computerName="DESKTOP-AKI3LSA" duration="00:00:00.0038843" startTime="2026-09-14T16:55:54.4104745+08:00" endTime="2026-09-14T16:55:54.4104749+08:00" testType="13cdc9d9-ddb5-4fa4-a97d-d965ccfc6d4b" outcome="Passed" testListId="8c84fa94-04c1-424b-9868-57a2d4851a1d" relativeResultsDirectory="6bd45918-6c78-4b2a-8916-2e3dc7c92664" />
    <UnitTestResult executionId="b430d806-c30f-4a75-a269-8934dea2dc42" testId="ca72befc-9224-5abc-ea18-9696d541130b" testName="Resonance.Tests.M1CoreSliceTests.EventLogHashIsStableForSameSeed" computerName="DESKTOP-AKI3LSA" duration="00:00:00.0032261" startTime="2026-09-14T16:55:54.5233812+08:00" endTime="2026-09-14T16:55:54.5233817+08:00" testType="13cdc9d9-ddb5-4fa4-a97d-d965ccfc6d4b" outcome="Passed" testListId="8c84fa94-04c1-424b-9868-57a2d4851a1d" relativeResultsDirectory="b430d806-c30f-4a75-a269-8934dea2dc42" />
    <UnitTestResult executionId="d72f2a1f-5ba6-4ff0-b944-d0ca2fa1da57" testId="c07a8759-a5f0-1bbc-c1bd-6c72321a43d5" testName="Resonance.Tests.G2A53IdentityTests.T03_IdenticalConfig_IdentityStable" computerName="DESKTOP-AKI3LSA" duration="00:00:00.0038037" startTime="2026-09-14T16:55:53.8815475+08:00" endTime="2026-09-14T16:55:53.8815479+08:00" testType="13cdc9d9-ddb5-4fa4-a97d-d965ccfc6d4b" outcome="Passed" testListId="8c84fa94-04c1-424b-9868-57a2d4851a1d" relativeResultsDirectory="d72f2a1f-5ba6-4ff0-b944-d0ca2fa1da57" />
    <UnitTestResult executionId="d0ebad35-c1a8-41af-81c1-034a49bd75c1" testId="2441359f-dd80-d36a-fb4f-0aa3f6459733" testName="Resonance.Tests.BattleSimTests.CatalogJsonFillsEmptySliceFromBuiltin" computerName="DESKTOP-AKI3LSA" duration="00:00:00.0014314" startTime="2026-09-14T16:55:53.6756808+08:00" endTime="2026-09-14T16:55:53.6756811+08:00" testType="13cdc9d9-ddb5-4fa4-a97d-d965ccfc6d4b" outcome="Passed" testListId="8c84fa94-04c1-424b-9868-57a2d4851a1d" relativeResultsDirectory="d0ebad35-c1a8-41af-81c1-034a49bd75c1" />
    <UnitTestResult executionId="b99699c3-ff47-4cfa-a302-8c1503091774" testId="354f5bed-2708-4dbc-843d-2a30d596b48a" testName="Resonance.Tests.G2RecheckProvenanceTests.P01_DesignPlaceholderDrive_ComputedTrue_MeasuredFalse" computerName="DESKTOP-AKI3LSA" duration="00:00:00.0003413" startTime="2026-09-14T16:55:53.4129829+08:00" endTime="2026-09-14T16:55:53.4129832+08:00" testType="13cdc9d9-ddb5-4fa4-a97d-d965ccfc6d4b" outcome="Passed" testListId="8c84fa94-04c1-424b-9868-57a2d4851a1d" relativeResultsDirectory="b99699c3-ff47-4cfa-a302-8c1503091774" />
    <UnitTestResult executionId="379af4cb-867d-4793-b68b-fd15165c6740" testId="4c70af7d-2e97-352f-6da9-313ab81cd1d2" testName="Resonance.Tests.BattleSimTests.TapAndSlideRecordDistinctCasts" computerName="DESKTOP-AKI3LSA" duration="00:00:00.0002916" startTime="2026-09-14T16:55:53.6208811+08:00" endTime="2026-09-14T16:55:53.6208813+08:00" testType="13cdc9d9-ddb5-4fa4-a97d-d965ccfc6d4b" outcome="Passed" testListId="8c84fa94-04c1-424b-9868-57a2d4851a1d" relativeResultsDirectory="379af4cb-867d-4793-b68b-fd15165c6740" />
    <UnitTestResult executionId="4ad44409-d85d-4c67-9437-a1b4d672fbea" testId="bb5a37d8-5b9a-62ed-5943-cfccb8a658b2" testName="Resonance.Tests.BattleSimTests.PortraitTapStartsDriveWhenGaugeFull" computerName="DESKTOP-AKI3LSA" duration="00:00:00.0003409" startTime="2026-09-14T16:55:53.5398002+08:00" endTime="2026-09-14T16:55:53.5398006+08:00" testType="13cdc9d9-ddb5-4fa4-a97d-d965ccfc6d4b" outcome="Passed" testListId="8c84fa94-04c1-424b-9868-57a2d4851a1d" relativeResultsDirectory="4ad44409-d85d-4c67-9437-a1b4d672fbea" />
    <UnitTestResult executionId="c62e9ae2-ccb4-463c-9788-266b788c2d39" testId="43f51b3d-57cb-7759-4266-7ad5bc1cc49a" testName="Resonance.Tests.BattleSimTests.BattleSimDefaultExtraAtkIsZero" computerName="DESKTOP-AKI3LSA" duration="00:00:00.0003141" startTime="2026-09-14T16:55:53.5324930+08:00" endTime="2026-09-14T16:55:53.5324934+08:00" testType="13cdc9d9-ddb5-4fa4-a97d-d965ccfc6d4b" outcome="Passed" testListId="8c84fa94-04c1-424b-9868-57a2d4851a1d" relativeResultsDirectory="c62e9ae2-ccb4-463c-9788-266b788c2d39" />
    <UnitTestResult executionId="fb8fd29e-fa16-411f-b8dd-4561de47fff9" testId="223cb6b7-a73c-12a5-1608-33bffbec69d5" testName="Resonance.Tests.BattleSimTests.SaveRoundtripAffectionReserveHard" computerName="DESKTOP-AKI3LSA" duration="00:00:00.0010053" startTime="2026-09-14T16:55:53.5179306+08:00" endTime="2026-09-14T16:55:53.5179311+08:00" testType="13cdc9d9-ddb5-4fa4-a97d-d965ccfc6d4b" outcome="Passed" testListId="8c84fa94-04c1-424b-9868-57a2d4851a1d" relativeResultsDirectory="fb8fd29e-fa16-411f-b8dd-4561de47fff9" />
    <UnitTestResult executionId="b9ad40ed-b09a-4b5a-9775-aca09715fa42" testId="75b7415e-bfc4-954f-945e-10291962d37d" testName="Resonance.Tests.BattleSimTests.GrowthPlusOneWeaponAdds18" computerName="DESKTOP-AKI3LSA" duration="00:00:00.0013854" startTime="2026-09-14T16:55:53.5161998+08:00" endTime="2026-09-14T16:55:53.5162002+08:00" testType="13cdc9d9-ddb5-4fa4-a97d-d965ccfc6d4b" outcome="Passed" testListId="8c84fa94-04c1-424b-9868-57a2d4851a1d" relativeResultsDirectory="b9ad40ed-b09a-4b5a-9775-aca09715fa42" />
    <UnitTestResult executionId="24464208-dc93-4e7e-b948-5692bb5b8bda" testId="e062e460-114d-d1f5-cfb2-719476ca3773" testName="Resonance.Tests.BattleSimTests.PuppetOwnCapsAtThreeAndRoundtrips" computerName="DESKTOP-AKI3LSA" duration="00:00:00.0016527" startTime="2026-09-14T16:55:53.6647172+08:00" endTime="2026-09-14T16:55:53.6647174+08:00" testType="13cdc9d9-ddb5-4fa4-a97d-d965ccfc6d4b" outcome="Passed" testListId="8c84fa94-04c1-424b-9868-57a2d4851a1d" relativeResultsDirectory="24464208-dc93-4e7e-b948-5692bb5b8bda" />
    <UnitTestResult executionId="f5ca7c4e-71c5-4577-adbd-23adad2b10d6" testId="97717d65-4565-9abb-4c3a-bdf12572cd0e" testName="Resonance.Tests.BattleSimTests.SlideStunLocksAnEnemy" computerName="DESKTOP-AKI3LSA" duration="00:00:00.0003606" startTime="2026-09-14T16:55:53.6629186+08:00" endTime="2026-09-14T16:55:53.6629188+08:00" testType="13cdc9d9-ddb5-4fa4-a97d-d965ccfc6d4b" outcome="Passed" testListId="8c84fa94-04c1-424b-9868-57a2d4851a1d" relativeResultsDirectory="f5ca7c4e-71c5-4577-adbd-23adad2b10d6" />
    <UnitTestResult executionId="d65f846c-34f2-4648-94f9-9f7261deb52a" testId="c0a1cc91-2445-bb12-020e-22822a4989a6" testName="Resonance.Tests.BattleSimTests.ElemCritTableIsAdvantageNeutralDisadvantage" computerName="DESKTOP-AKI3LSA" duration="00:00:00.0002023" startTime="2026-09-14T16:55:53.6866692+08:00" endTime="2026-09-14T16:55:53.6866693+08:00" testType="13cdc9d9-ddb5-4fa4-a97d-d965ccfc6d4b" outcome="Passed" testListId="8c84fa94-04c1-424b-9868-57a2d4851a1d" relativeResultsDirectory="d65f846c-34f2-4648-94f9-9f7261deb52a" />
    <UnitTestResult executionId="24ffff62-bbba-4f10-b46f-55806aa2619e" testId="77bb480d-cc3c-c254-2194-a00dfce78e08" testName="Resonance.Tests.M1ClockModeTests.ManualDoesNotAutoCastSkillsOrDrive" computerName="DESKTOP-AKI3LSA" duration="00:00:00.0008143" startTime="2026-09-14T16:55:54.3509120+08:00" endTime="2026-09-14T16:55:54.3509123+08:00" testType="13cdc9d9-ddb5-4fa4-a97d-d965ccfc6d4b" outcome="Passed" testListId="8c84fa94-04c1-424b-9868-57a2d4851a1d" relativeResultsDirectory="24ffff62-bbba-4f10-b46f-55806aa2619e" />
    <UnitTestResult executionId="3454cfe6-8cbc-45ac-b99d-37f6bfadb693" testId="63577b88-a84d-3360-9706-ce4c0a0db9b2" testName="Resonance.Tests.BattleSimTests.GrowthAndGearRaiseStats" computerName="DESKTOP-AKI3LSA" duration="00:00:00.0018525" startTime="2026-09-14T16:55:53.4899518+08:00" endTime="2026-09-14T16:55:53.4899524+08:00" testType="13cdc9d9-ddb5-4fa4-a97d-d965ccfc6d4b" outcome="Passed" testListId="8c84fa94-04c1-424b-9868-57a2d4851a1d" relativeResultsDirectory="3454cfe6-8cbc-45ac-b99d-37f6bfadb693" />
    <UnitTestResult executionId="f967e071-0a7e-4736-8266-1f41765fc929" testId="158e2d18-a26d-ff86-a622-7295d8608486" testName="Resonance.Tests.BattleSimTests.AutoTapReachesFever" computerName="DESKTOP-AKI3LSA" duration="00:00:00.0012339" startTime="2026-09-14T16:55:53.6542279+08:00" endTime="2026-09-14T16:55:53.6542282+08:00" testType="13cdc9d9-ddb5-4fa4-a97d-d965ccfc6d4b" outcome="Passed" testListId="8c84fa94-04c1-424b-9868-57a2d4851a1d" relativeResultsDirectory="f967e071-0a7e-4736-8266-1f41765fc929" />
    <UnitTestResult executionId="91bf0777-dccb-42a7-af4a-d218a11b1b3b" testId="49b38254-1568-1c9d-2287-eb138941dab2" testName="Resonance.Tests.G2ReviewReplayComponentTests.FreshSimDigestsAreEqual" computerName="DESKTOP-AKI3LSA" duration="00:00:00.0007689" startTime="2026-09-14T16:55:54.3945577+08:00" endTime="2026-09-14T16:55:54.3945579+08:00" testType="13cdc9d9-ddb5-4fa4-a97d-d965ccfc6d4b" outcome="Passed" testListId="8c84fa94-04c1-424b-9868-57a2d4851a1d" relativeResultsDirectory="91bf0777-dccb-42a7-af4a-d218a11b1b3b" />
    <UnitTestResult executionId="c0e99238-065a-4293-b84a-afcd93de08b3" testId="128b35f9-98a7-6e77-7538-e0acc548ddf4" testName="Resonance.Tests.G2ReviewQteClockTests.Q03_ResolveDrive_RejectsTerminalBattle" computerName="DESKTOP-AKI3LSA" duration="00:00:00.0012312" startTime="2026-09-14T16:55:54.3068953+08:00" endTime="2026-09-14T16:55:54.3068955+08:00" testType="13cdc9d9-ddb5-4fa4-a97d-d965ccfc6d4b" outcome="Passed" testListId="8c84fa94-04c1-424b-9868-57a2d4851a1d" relativeResultsDirectory="c0e99238-065a-4293-b84a-afcd93de08b3" />
    <UnitTestResult executionId="5c21ccee-4ec6-437a-8737-ae3b56162482" testId="ee9a4bcb-9a5c-e0e8-a4f0-5f6ffcb5cedb" testName="Resonance.Tests.M1CoreSliceTests.PoisonTriggersOnActionAndHitTakenNotPerSecond" computerName="DESKTOP-AKI3LSA" duration="00:00:00.0015627" startTime="2026-09-14T16:55:54.5147935+08:00" endTime="2026-09-14T16:55:54.5147938+08:00" testType="13cdc9d9-ddb5-4fa4-a97d-d965ccfc6d4b" outcome="Passed" testListId="8c84fa94-04c1-424b-9868-57a2d4851a1d" relativeResultsDirectory="5c21ccee-4ec6-437a-8737-ae3b56162482" />
    <UnitTestResult executionId="f28fcde8-5ace-4664-8b69-ba166a4e8e02" testId="715a9cf2-f577-c1b8-a157-33e524c1c5da" testName="Resonance.Tests.M1EventLogTests.ExportToMemoryAndTempHashesMatchAndSkipUserSave" computerName="DESKTOP-AKI3LSA" duration="00:00:00.0354577" startTime="2026-09-14T16:55:54.2997388+08:00" endTime="2026-09-14T16:55:54.2997389+08:00" testType="13cdc9d9-ddb5-4fa4-a97d-d965ccfc6d4b" outcome="Passed" testListId="8c84fa94-04c1-424b-9868-57a2d4851a1d" relativeResultsDirectory="f28fcde8-5ace-4664-8b69-ba166a4e8e02" />
    <UnitTestResult executionId="732fcaab-971f-4734-9897-603a503b004d" testId="10902688-83e3-09ff-d460-56572874a9a5" testName="Resonance.Tests.G2RecheckNaturalContractTests.N01_N02_N03_NaturalPlayContract_DocumentedNotFaked" computerName="DESKTOP-AKI3LSA" duration="00:00:00.0010000" startTime="2026-09-14T16:55:54.4244022+08:00" endTime="2026-09-14T16:55:54.4244025+08:00" testType="13cdc9d9-ddb5-4fa4-a97d-d965ccfc6d4b" outcome="NotExecuted" testListId="8c84fa94-04c1-424b-9868-57a2d4851a1d" relativeResultsDirectory="732fcaab-971f-4734-9897-603a503b004d">
      <Output>
        <ErrorInfo>
          <Message>N01 N02 N03: Unity EventSystem natural-play required (battle_id + Submit Tap/Slide/FeverTap/SetAuto). Core must not fake PASS.</Message>
        </ErrorInfo>
      </Output>
    </UnitTestResult>
    <UnitTestResult executionId="88641dd9-bf49-4160-8734-6e4e85a6d407" testId="5689d1fd-201e-15eb-de17-e15294a77d77" testName="Resonance.Tests.G2ReviewCapabilityTests.UnsupportedEffectKindRejectedBeforePlay" computerName="DESKTOP-AKI3LSA" duration="00:00:00.0057589" startTime="2026-09-14T16:55:53.1708948+08:00" endTime="2026-09-14T16:55:53.1708953+08:00" testType="13cdc9d9-ddb5-4fa4-a97d-d965ccfc6d4b" outcome="Passed" testListId="8c84fa94-04c1-424b-9868-57a2d4851a1d" relativeResultsDirectory="88641dd9-bf49-4160-8734-6e4e85a6d407" />
    <UnitTestResult executionId="86a952a8-190d-4f9e-8ab2-591213ecf4ef" testId="176de51f-37eb-1d78-5e65-dc3df1c6c939" testName="Resonance.Tests.BattleSimTests.FeverHitUsesFeverMulNotCoefScale" computerName="DESKTOP-AKI3LSA" duration="00:00:00.0002153" startTime="2026-09-14T16:55:53.5615367+08:00" endTime="2026-09-14T16:55:53.5615369+08:00" testType="13cdc9d9-ddb5-4fa4-a97d-d965ccfc6d4b" outcome="Passed" testListId="8c84fa94-04c1-424b-9868-57a2d4851a1d" relativeResultsDirectory="86a952a8-190d-4f9e-8ab2-591213ecf4ef" />
    <UnitTestResult executionId="14a8355e-c037-4ef6-bac4-60f4a562233f" testId="6ac0418c-d478-ec4c-8c79-cc7c379bdd1e" testName="Resonance.Tests.M1CoreSliceTests.DefaultProfileIsGlUnknownAndForbidsFinalVerified" computerName="DESKTOP-AKI3LSA" duration="00:00:00.0004328" startTime="2026-09-14T16:55:54.5153803+08:00" endTime="2026-09-14T16:55:54.5153807+08:00" testType="13cdc9d9-ddb5-4fa4-a97d-d965ccfc6d4b" outcome="Passed" testListId="8c84fa94-04c1-424b-9868-57a2d4851a1d" relativeResultsDirectory="14a8355e-c037-4ef6-bac4-60f4a562233f" />
    <UnitTestResult executionId="363a5108-8019-4075-b4b9-74b7b783fc19" testId="d0f29bde-a41f-3d88-8069-557ed43efbbc" testName="Resonance.Tests.G2A53IdentityTests.T03_SingleFieldChange_FlipsBattleContentIdentity(field: &quot;Target&quot;)" computerName="DESKTOP-AKI3LSA" duration="00:00:00.0040565" startTime="2026-09-14T16:55:53.8710788+08:00" endTime="2026-09-14T16:55:53.8710792+08:00" testType="13cdc9d9-ddb5-4fa4-a97d-d965ccfc6d4b" outcome="Passed" testListId="8c84fa94-04c1-424b-9868-57a2d4851a1d" relativeResultsDirectory="363a5108-8019-4075-b4b9-74b7b783fc19" />
    <UnitTestResult executionId="e39327e2-9c45-4a2a-a5d9-3e7bb2d5a1bf" testId="e39e9435-e35f-bed0-c10b-b6d2ee40faa1" testName="Resonance.Tests.BattleSimTests.MvpChapterClearsOnAuto" computerName="DESKTOP-AKI3LSA" duration="00:00:00.0366173" startTime="2026-09-14T16:55:53.6057102+08:00" endTime="2026-09-14T16:55:53.6057107+08:00" testType="13cdc9d9-ddb5-4fa4-a97d-d965ccfc6d4b" outcome="Passed" testListId="8c84fa94-04c1-424b-9868-57a2d4851a1d" relativeResultsDirectory="e39327e2-9c45-4a2a-a5d9-3e7bb2d5a1bf" />
    <UnitTestResult executionId="4d003347-078e-4792-8fa3-61923b2192d4" testId="7de656e0-9a09-a31d-2b18-66a47075c0fa" testName="Resonance.Tests.BattleSimTests.HardStageEnemiesAreTougher" computerName="DESKTOP-AKI3LSA" duration="00:00:00.0010565" startTime="2026-09-14T16:55:53.6455460+08:00" endTime="2026-09-14T16:55:53.6455466+08:00" testType="13cdc9d9-ddb5-4fa4-a97d-d965ccfc6d4b" outcome="Passed" testListId="8c84fa94-04c1-424b-9868-57a2d4851a1d" relativeResultsDirectory="4d003347-078e-4792-8fa3-61923b2192d4" />
    <UnitTestResult executionId="9bd84ce1-7c86-49d4-aeb3-dc0ce9548874" testId="d22a3f19-bc13-3c93-cbba-eb2eae877858" testName="Resonance.Tests.G2RecheckEffectPathTests.E01_ChargeSpeed_AllAllies_ViaSkillDefSubmit" computerName="DESKTOP-AKI3LSA" duration="00:00:00.0031173" startTime="2026-09-14T16:55:54.0838048+08:00" endTime="2026-09-14T16:55:54.0838054+08:00" testType="13cdc9d9-ddb5-4fa4-a97d-d965ccfc6d4b" outcome="Passed" testListId="8c84fa94-04c1-424b-9868-57a2d4851a1d" relativeResultsDirectory="9bd84ce1-7c86-49d4-aeb3-dc0ce9548874" />
    <UnitTestResult executionId="be62f727-7164-4add-b46e-073669fb0474" testId="31430182-c2f1-a734-65ce-7bc03ea943dd" testName="Resonance.Tests.BattleSimTests.WikiTsFormula" computerName="DESKTOP-AKI3LSA" duration="00:00:00.0001253" startTime="2026-09-14T16:55:53.6074491+08:00" endTime="2026-09-14T16:55:53.6074492+08:00" testType="13cdc9d9-ddb5-4fa4-a97d-d965ccfc6d4b" outcome="Passed" testListId="8c84fa94-04c1-424b-9868-57a2d4851a1d" relativeResultsDirectory="be62f727-7164-4add-b46e-073669fb0474" />
    <UnitTestResult executionId="e3cebd7b-ecf0-4875-9ed5-8987bafc6781" testId="a89be009-cc83-c256-f5a0-d0ff9d6a974e" testName="Resonance.Tests.BattleSimTests.BonusHitDoublesOnCrit" computerName="DESKTOP-AKI3LSA" duration="00:00:00.0001495" startTime="2026-09-14T16:55:53.5428938+08:00" endTime="2026-09-14T16:55:53.5428939+08:00" testType="13cdc9d9-ddb5-4fa4-a97d-d965ccfc6d4b" outcome="Passed" testListId="8c84fa94-04c1-424b-9868-57a2d4851a1d" relativeResultsDirectory="e3cebd7b-ecf0-4875-9ed5-8987bafc6781" />
    <UnitTestResult executionId="1b483146-c168-4d11-a89f-ede444e932ac" testId="67093c0a-f107-4166-6c35-4e0b78a889b8" testName="Resonance.Tests.BattleSimTests.SlideIgnoresFeverMul" computerName="DESKTOP-AKI3LSA" duration="00:00:00.0001818" startTime="2026-09-14T16:55:53.6184559+08:00" endTime="2026-09-14T16:55:53.6184561+08:00" testType="13cdc9d9-ddb5-4fa4-a97d-d965ccfc6d4b" outcome="Passed" testListId="8c84fa94-04c1-424b-9868-57a2d4851a1d" relativeResultsDirectory="1b483146-c168-4d11-a89f-ede444e932ac" />
    <UnitTestResult executionId="2deef32b-9eba-4152-932a-69730daa65ec" testId="947d3dbb-1a4a-2d44-659b-25fcd7853591" testName="Resonance.Tests.BattleSimTests.NewSaveSeedsStarterKit" computerName="DESKTOP-AKI3LSA" duration="00:00:00.0008815" startTime="2026-09-14T16:55:53.5576407+08:00" endTime="2026-09-14T16:55:53.5576409+08:00" testType="13cdc9d9-ddb5-4fa4-a97d-d965ccfc6d4b" outcome="Passed" testListId="8c84fa94-04c1-424b-9868-57a2d4851a1d" relativeResultsDirectory="2deef32b-9eba-4152-932a-69730daa65ec" />
    <UnitTestResult executionId="37c3ae9d-5e88-4455-a015-9ba5c72270ca" testId="d885bfa0-bd27-ce30-6e90-24ea2fb7d15f" testName="Resonance.Tests.IgnitionTests.ClampsNegativesAndCap" computerName="DESKTOP-AKI3LSA" duration="00:00:00.0001793" startTime="2026-09-14T16:55:54.2548459+08:00" endTime="2026-09-14T16:55:54.2548461+08:00" testType="13cdc9d9-ddb5-4fa4-a97d-d965ccfc6d4b" outcome="Passed" testListId="8c84fa94-04c1-424b-9868-57a2d4851a1d" relativeResultsDirectory="37c3ae9d-5e88-4455-a015-9ba5c72270ca" />
    <UnitTestResult executionId="c2f7e764-12ad-4eca-b374-eaba0040dbdf" testId="b4079f4d-2424-2bb7-7067-cebb0ef5853e" testName="Resonance.Tests.M1EffectOrderTests.ShieldAbsorbsIncomingDamage" computerName="DESKTOP-AKI3LSA" duration="00:00:00.0022395" startTime="2026-09-14T16:55:54.2297587+08:00" endTime="2026-09-14T16:55:54.2297591+08:00" testType="13cdc9d9-ddb5-4fa4-a97d-d965ccfc6d4b" outcome="Passed" testListId="8c84fa94-04c1-424b-9868-57a2d4851a1d" relativeResultsDirectory="c2f7e764-12ad-4eca-b374-eaba0040dbdf" />
    <UnitTestResult executionId="e0c059ac-c47d-4e10-8c72-8bff44a64d3d" testId="75ca5e56-ea56-c126-1b1e-e793ba78d6db" testName="Resonance.Tests.G2ReviewQteClockTests.Q04_TimeoutDuringQteCancelsWithoutLateDamage" computerName="DESKTOP-AKI3LSA" duration="00:00:00.0009468" startTime="2026-09-14T16:55:54.3159434+08:00" endTime="2026-09-14T16:55:54.3159439+08:00" testType="13cdc9d9-ddb5-4fa4-a97d-d965ccfc6d4b" outcome="Passed" testListId="8c84fa94-04c1-424b-9868-57a2d4851a1d" relativeResultsDirectory="e0c059ac-c47d-4e10-8c72-8bff44a64d3d" />
    <UnitTestResult executionId="9788b178-29e9-4325-80c1-4553df58025f" testId="879194e7-fc3f-8425-54d9-06eb917892c3" testName="Resonance.Tests.G2ReviewReplayComponentTests.DigestDiffersAfterOneTap" computerName="DESKTOP-AKI3LSA" duration="00:00:00.0112168" startTime="2026-09-14T16:55:54.4061910+08:00" endTime="2026-09-14T16:55:54.4061914+08:00" testType="13cdc9d9-ddb5-4fa4-a97d-d965ccfc6d4b" outcome="Passed" testListId="8c84fa94-04c1-424b-9868-57a2d4851a1d" relativeResultsDirectory="9788b178-29e9-4325-80c1-4553df58025f" />
    <UnitTestResult executionId="9718c199-841c-4e49-94b4-5ea41c532849" testId="8fbd76b1-f1cb-de03-0888-3d3a19a6faa5" testName="Resonance.Tests.G2ReviewFeverTests.F04_AutoFever_UsesSameCommandPath" computerName="DESKTOP-AKI3LSA" duration="00:00:00.0037227" startTime="2026-09-14T16:55:54.2400651+08:00" endTime="2026-09-14T16:55:54.2400654+08:00" testType="13cdc9d9-ddb5-4fa4-a97d-d965ccfc6d4b" outcome="Passed" testListId="8c84fa94-04c1-424b-9868-57a2d4851a1d" relativeResultsDirectory="9718c199-841c-4e49-94b4-5ea41c532849" />
    <UnitTestResult executionId="4b1b772c-736b-4bae-a2b0-d5aaca2922b3" testId="55973eba-938f-1501-26cf-86ce88d1dd17" testName="Resonance.Tests.G2ReviewRngReplayTests.R01_SeededRandom_StillPermitsCriticalHits" computerName="DESKTOP-AKI3LSA" duration="00:00:00.0071928" startTime="2026-09-14T16:55:54.4600862+08:00" endTime="2026-09-14T16:55:54.4600866+08:00" testType="13cdc9d9-ddb5-4fa4-a97d-d965ccfc6d4b" outcome="Passed" testListId="8c84fa94-04c1-424b-9868-57a2d4851a1d" relativeResultsDirectory="4b1b772c-736b-4bae-a2b0-d5aaca2922b3" />
    <UnitTestResult executionId="4ac8f6ca-35f6-4ebc-8a1c-c283c1c39698" testId="268a2a01-bdef-a92a-f245-cfc564756bc2" testName="Resonance.Tests.BattleSimTests.BattleSimSlideUsesElementMatchup" computerName="DESKTOP-AKI3LSA" duration="00:00:00.0060349" startTime="2026-09-14T16:55:53.4492036+08:00" endTime="2026-09-14T16:55:53.4492041+08:00" testType="13cdc9d9-ddb5-4fa4-a97d-d965ccfc6d4b" outcome="Passed" testListId="8c84fa94-04c1-424b-9868-57a2d4851a1d" relativeResultsDirectory="4ac8f6ca-35f6-4ebc-8a1c-c283c1c39698" />
    <UnitTestResult executionId="536252b7-9631-421b-877b-4d8db3be0e0b" testId="4ec12e68-fd7c-0084-71de-78abf626be0d" testName="Resonance.Tests.M1ClockModeTests.ClockPolicyCanExemptFeverFromSpeed" computerName="DESKTOP-AKI3LSA" duration="00:00:00.0012917" startTime="2026-09-14T16:55:54.3523363+08:00" endTime="2026-09-14T16:55:54.3523365+08:00" testType="13cdc9d9-ddb5-4fa4-a97d-d965ccfc6d4b" outcome="Passed" testListId="8c84fa94-04c1-424b-9868-57a2d4851a1d" relativeResultsDirectory="536252b7-9631-421b-877b-4d8db3be0e0b" />
    <UnitTestResult executionId="ebb91ab5-4052-495f-b8e7-32d491648181" testId="f77fe79f-a32d-670a-a2af-5946f3320e47" testName="Resonance.Tests.M1RepairQaTests.ExtraDmgDoesNotFoldAutoOrFeverIntoTapTsAmp" computerName="DESKTOP-AKI3LSA" duration="00:00:00.0003614" startTime="2026-09-14T16:55:54.5104842+08:00" endTime="2026-09-14T16:55:54.5104844+08:00" testType="13cdc9d9-ddb5-4fa4-a97d-d965ccfc6d4b" outcome="Passed" testListId="8c84fa94-04c1-424b-9868-57a2d4851a1d" relativeResultsDirectory="ebb91ab5-4052-495f-b8e7-32d491648181" />
    <UnitTestResult executionId="ae919c7d-e6eb-4aa8-adb3-2866db35d242" testId="168a768a-73c3-9398-9e17-e72353f8b616" testName="Resonance.Tests.BattleSimTests.ResetWipesProgressAndReseedsKit" computerName="DESKTOP-AKI3LSA" duration="00:00:00.0105586" startTime="2026-09-14T16:55:53.6181321+08:00" endTime="2026-09-14T16:55:53.6181325+08:00" testType="13cdc9d9-ddb5-4fa4-a97d-d965ccfc6d4b" outcome="Passed" testListId="8c84fa94-04c1-424b-9868-57a2d4851a1d" relativeResultsDirectory="ae919c7d-e6eb-4aa8-adb3-2866db35d242" />
    <UnitTestResult executionId="2b856e4c-d6bf-4d74-bf82-69cceb8374d3" testId="1d500db4-f23e-cff2-986a-49c996a319c7" testName="Resonance.Tests.BattleSimTests.TwelveKitsAreNotFiveTemplates" computerName="DESKTOP-AKI3LSA" duration="00:00:00.0024079" startTime="2026-09-14T16:55:53.5362817+08:00" endTime="2026-09-14T16:55:53.5362823+08:00" testType="13cdc9d9-ddb5-4fa4-a97d-d965ccfc6d4b" outcome="Passed" testListId="8c84fa94-04c1-424b-9868-57a2d4851a1d" relativeResultsDirectory="2b856e4c-d6bf-4d74-bf82-69cceb8374d3" />
    <UnitTestResult executionId="9c0ae98c-8666-4fa2-bea5-1f6afae2cdd9" testId="a5a660c4-eb5f-8f36-e436-bb5b0c312b1c" testName="Resonance.Tests.G2A53JsonHasTargetTests.T04_HasTargetFalse_CancelsOverride" computerName="DESKTOP-AKI3LSA" duration="00:00:00.0024958" startTime="2026-09-14T16:55:53.8924008+08:00" endTime="2026-09-14T16:55:53.8924012+08:00" testType="13cdc9d9-ddb5-4fa4-a97d-d965ccfc6d4b" outcome="Passed" testListId="8c84fa94-04c1-424b-9868-57a2d4851a1d" relativeResultsDirectory="9c0ae98c-8666-4fa2-bea5-1f6afae2cdd9" />
    <UnitTestResult executionId="4ee29a4f-8d20-48e2-82db-bdbd2c8f4893" testId="c24eba95-d52b-f254-079d-dcb148852f6d" testName="Resonance.Tests.BattleSimTests.CombatPowerUsesLockedWeights" computerName="DESKTOP-AKI3LSA" duration="00:00:00.0008996" startTime="2026-09-14T16:55:53.6853925+08:00" endTime="2026-09-14T16:55:53.6853928+08:00" testType="13cdc9d9-ddb5-4fa4-a97d-d965ccfc6d4b" outcome="Passed" testListId="8c84fa94-04c1-424b-9868-57a2d4851a1d" relativeResultsDirectory="4ee29a4f-8d20-48e2-82db-bdbd2c8f4893" />
    <UnitTestResult executionId="f39c9a88-e12b-4f3e-8b65-883fdb0ffdda" testId="111cd5d8-5afd-0ce3-d209-0a433e3f5668" testName="Resonance.Tests.BattleSimTests.CartaCatalogCoversOneFiveSix" computerName="DESKTOP-AKI3LSA" duration="00:00:00.0005053" startTime="2026-09-14T16:55:53.6218795+08:00" endTime="2026-09-14T16:55:53.6218798+08:00" testType="13cdc9d9-ddb5-4fa4-a97d-d965ccfc6d4b" outcome="Passed" testListId="8c84fa94-04c1-424b-9868-57a2d4851a1d" relativeResultsDirectory="f39c9a88-e12b-4f3e-8b65-883fdb0ffdda" />
    <UnitTestResult executionId="d6368739-9880-4b61-b9af-1dc9f52ebbcb" testId="199f8e96-2a71-af39-45f6-084c74f449e8" testName="Resonance.Tests.BattleSimTests.TwentyFivePlayableAndTwelveStages" computerName="DESKTOP-AKI3LSA" duration="00:00:00.0005954" startTime="2026-09-14T16:55:53.6204738+08:00" endTime="2026-09-14T16:55:53.6204740+08:00" testType="13cdc9d9-ddb5-4fa4-a97d-d965ccfc6d4b" outcome="Passed" testListId="8c84fa94-04c1-424b-9868-57a2d4851a1d" relativeResultsDirectory="d6368739-9880-4b61-b9af-1dc9f52ebbcb" />
    <UnitTestResult executionId="faafb0ae-47a6-4708-acf9-bc8f7f59a758" testId="d3203a83-0126-8044-1f99-0d7cb2abb303" testName="Resonance.Tests.G2ReviewQteClockTests.Q01_Qte_OneAuthoritativeClock(speed: 2)" computerName="DESKTOP-AKI3LSA" duration="00:00:00.0025008" startTime="2026-09-14T16:55:54.3107939+08:00" endTime="2026-09-14T16:55:54.3107944+08:00" testType="13cdc9d9-ddb5-4fa4-a97d-d965ccfc6d4b" outcome="Passed" testListId="8c84fa94-04c1-424b-9868-57a2d4851a1d" relativeResultsDirectory="faafb0ae-47a6-4708-acf9-bc8f7f59a758" />
[...]
    <TestEntry testId="a5a660c4-eb5f-8f36-e436-bb5b0c312b1c" executionId="9c0ae98c-8666-4fa2-bea5-1f6afae2cdd9" testListId="8c84fa94-04c1-424b-9868-57a2d4851a1d" />
    <TestEntry testId="c24eba95-d52b-f254-079d-dcb148852f6d" executionId="4ee29a4f-8d20-48e2-82db-bdbd2c8f4893" testListId="8c84fa94-04c1-424b-9868-57a2d4851a1d" />
    <TestEntry testId="111cd5d8-5afd-0ce3-d209-0a433e3f5668" executionId="f39c9a88-e12b-4f3e-8b65-883fdb0ffdda" testListId="8c84fa94-04c1-424b-9868-57a2d4851a1d" />
    <TestEntry testId="199f8e96-2a71-af39-45f6-084c74f449e8" executionId="d6368739-9880-4b61-b9af-1dc9f52ebbcb" testListId="8c84fa94-04c1-424b-9868-57a2d4851a1d" />
    <TestEntry testId="d3203a83-0126-8044-1f99-0d7cb2abb303" executionId="faafb0ae-47a6-4708-acf9-bc8f7f59a758" testListId="8c84fa94-04c1-424b-9868-57a2d4851a1d" />
    <TestEntry testId="52ae38bd-9389-cc34-5735-b260b7118662" executionId="903b80c9-2788-4527-96ef-65615b579414" testListId="8c84fa94-04c1-424b-9868-57a2d4851a1d" />
    <TestEntry testId="1d2a97bf-269a-9145-4869-e721819a844c" executionId="f80956f9-93d8-4ab6-b698-0005f307cab8" testListId="8c84fa94-04c1-424b-9868-57a2d4851a1d" />
    <TestEntry testId="478f061b-c485-9cd9-16be-5a2f41cca1b8" executionId="1b5b7e93-3c6c-41b2-b3c7-216a425aaaeb" testListId="8c84fa94-04c1-424b-9868-57a2d4851a1d" />
    <TestEntry testId="52cfc1d2-28d5-4e2e-52c1-37b3773b7010" executionId="7fa3262c-297a-4968-b48a-485d84a185d9" testListId="8c84fa94-04c1-424b-9868-57a2d4851a1d" />
    <TestEntry testId="07d58479-1077-d788-779b-7c842ce21254" executionId="dbe2c304-5e17-4e95-bf52-f04423aa3bd9" testListId="8c84fa94-04c1-424b-9868-57a2d4851a1d" />
    <TestEntry testId="affd6903-7218-9fd3-ca54-9c5a1537413e" executionId="5bdf993a-006b-4393-9f97-9d39ae6d8356" testListId="8c84fa94-04c1-424b-9868-57a2d4851a1d" />
    <TestEntry testId="94469e61-5c25-5f6f-9671-267864f73515" executionId="d8132381-6f37-40a0-9319-267b6b082e54" testListId="8c84fa94-04c1-424b-9868-57a2d4851a1d" />
    <TestEntry testId="d1d6ddf1-dda5-b583-67b4-42a2c030bdc5" executionId="6dee9b26-1085-422d-984a-1b243aca9a90" testListId="8c84fa94-04c1-424b-9868-57a2d4851a1d" />
    <TestEntry testId="431d6472-56c2-ce1a-897a-42bc9aed4999" executionId="bf9fb31f-22fe-4492-b9b5-fbf9d1fc41d5" testListId="8c84fa94-04c1-424b-9868-57a2d4851a1d" />
    <TestEntry testId="9a2dcaa1-acc7-6e79-79ad-44e244c58069" executionId="5710fd69-62b8-47bc-8fad-78039f1e1762" testListId="8c84fa94-04c1-424b-9868-57a2d4851a1d" />
    <TestEntry testId="485d24f2-1f4d-99d8-9531-92540ef6a0a0" executionId="c07e5a2f-b0b9-42d2-bc4c-da03a8626b73" testListId="8c84fa94-04c1-424b-9868-57a2d4851a1d" />
    <TestEntry testId="e5a59c6f-4351-8ae4-8696-edfbc74e4d8f" executionId="f6ff5dd3-4b64-4f8a-9eca-79c8a8964afa" testListId="8c84fa94-04c1-424b-9868-57a2d4851a1d" />
    <TestEntry testId="4234749d-1fe1-da91-07c5-5c4e076a8192" executionId="ac1403b7-abb5-409b-91e1-b00cf17df72c" testListId="8c84fa94-04c1-424b-9868-57a2d4851a1d" />
    <TestEntry testId="54e6996b-ac88-eba8-e91f-1d1c14aec041" executionId="c3d0039c-6e7e-4d5f-8742-b1bfd553c950" testListId="8c84fa94-04c1-424b-9868-57a2d4851a1d" />
    <TestEntry testId="47df9e0e-2793-5a58-48a9-dab02e5de2d8" executionId="3097d935-b3aa-4180-b8a9-86e645d6c404" testListId="8c84fa94-04c1-424b-9868-57a2d4851a1d" />
    <TestEntry testId="3904dacf-3ed1-5911-51be-178547823532" executionId="4297959c-9d9a-4d4d-8402-7e157db89885" testListId="8c84fa94-04c1-424b-9868-57a2d4851a1d" />
    <TestEntry testId="3425f0c4-9bd5-2b23-23a9-136b2c38f668" executionId="f39f9f42-04a5-476a-a112-56ccfb2c8da2" testListId="8c84fa94-04c1-424b-9868-57a2d4851a1d" />
    <TestEntry testId="bd68fa6c-a904-54f6-a7ad-1de7418b2c8d" executionId="78fded2d-2dc7-40a6-a423-afd5284a2828" testListId="8c84fa94-04c1-424b-9868-57a2d4851a1d" />
    <TestEntry testId="da05f7b8-bb13-690e-c99d-88db29c0b6ee" executionId="3dd5ad58-df9c-4990-86d9-20d3663b84c0" testListId="8c84fa94-04c1-424b-9868-57a2d4851a1d" />
    <TestEntry testId="9a5383d2-0e58-54dd-1a3a-cf3be1b3be07" executionId="54499a63-3abd-49e9-b5ce-f5ae409324ae" testListId="8c84fa94-04c1-424b-9868-57a2d4851a1d" />
    <TestEntry testId="8b3000eb-138d-ebce-f0e3-3ef681c6884f" executionId="962ccf79-4d94-4042-b824-5acd10219108" testListId="8c84fa94-04c1-424b-9868-57a2d4851a1d" />
    <TestEntry testId="104a7eba-945c-1e5d-d01a-5064eb0d7e6a" executionId="9b3efcad-dd6a-4509-b965-d9b97d379f23" testListId="8c84fa94-04c1-424b-9868-57a2d4851a1d" />
    <TestEntry testId="7f44b596-2dd9-364a-af23-4cf15f029e9e" executionId="60ff7fe4-7dfd-4890-ae22-17cc4daf2532" testListId="8c84fa94-04c1-424b-9868-57a2d4851a1d" />
    <TestEntry testId="386bcf34-fdd8-23b9-3203-ed7cd0340060" executionId="2eaa256d-4d62-48a4-b1af-d3bcb5e3ce8e" testListId="8c84fa94-04c1-424b-9868-57a2d4851a1d" />
    <TestEntry testId="fbd83c2d-b457-990f-dc06-fb5f6c868e99" executionId="1ceb342d-4622-4ff7-abb6-e4cba6037b39" testListId="8c84fa94-04c1-424b-9868-57a2d4851a1d" />
    <TestEntry testId="efbf25b2-8999-d393-f86c-0398db9b6459" executionId="0312c7c7-9ce9-4a24-b1a4-f485acfca9ae" testListId="8c84fa94-04c1-424b-9868-57a2d4851a1d" />
    <TestEntry testId="8a96a1ef-4bdd-3550-9b93-0a2fc2d48cb7" executionId="31af2429-13b6-47f2-8d65-2304b5125371" testListId="8c84fa94-04c1-424b-9868-57a2d4851a1d" />
    <TestEntry testId="69e8c78d-fedc-a1bc-58be-cc85ac5eacac" executionId="ab6b5581-f9fa-4fe7-98c3-7ddbce807b26" testListId="8c84fa94-04c1-424b-9868-57a2d4851a1d" />
    <TestEntry testId="9a1c8b32-e2f3-7a3b-5115-f7d362bb86d9" executionId="a4b6898c-75c2-4fa1-b80e-58ff195c50b9" testListId="8c84fa94-04c1-424b-9868-57a2d4851a1d" />
    <TestEntry testId="efed153e-b060-3aee-c56c-a2a196706cb3" executionId="5e7bd9d7-fc73-4cdd-9e47-cb6d9726c290" testListId="8c84fa94-04c1-424b-9868-57a2d4851a1d" />
    <TestEntry testId="97d6790a-966e-ec42-fb11-115b16777d33" executionId="102cee36-fc11-4b06-9ae9-139ed895a135" testListId="8c84fa94-04c1-424b-9868-57a2d4851a1d" />
    <TestEntry testId="efed7d88-60a6-58f2-fd9d-2a2a8f2fa1a7" executionId="a49e6c84-5400-48cb-b849-76a28e4f56dc" testListId="8c84fa94-04c1-424b-9868-57a2d4851a1d" />
    <TestEntry testId="42726b11-bd75-78e9-0498-837ac641ae3c" executionId="bb0e4bf5-cafd-4d7f-97ec-d679d821ba9b" testListId="8c84fa94-04c1-424b-9868-57a2d4851a1d" />
    <TestEntry testId="fc7dc248-4d9c-c24f-95fd-9ffb34ef6db4" executionId="243a9c47-6cae-4eb4-b8cd-64df346c13e7" testListId="8c84fa94-04c1-424b-9868-57a2d4851a1d" />
    <TestEntry testId="3920ed8f-9477-f1c3-cc47-715a4a8c61fa" executionId="a57f9481-fd26-47e7-9b41-306bf933a1cc" testListId="8c84fa94-04c1-424b-9868-57a2d4851a1d" />
    <TestEntry testId="894d5959-47cc-7f06-1324-5723cc399a6b" executionId="b29038cd-07aa-4620-820f-8b888feec6e6" testListId="8c84fa94-04c1-424b-9868-57a2d4851a1d" />
    <TestEntry testId="bbc0d6e0-482d-b21f-9d04-9a797bd3e7e4" executionId="c9d73ad3-43f1-42ba-869b-1ed169f5c232" testListId="8c84fa94-04c1-424b-9868-57a2d4851a1d" />
    <TestEntry testId="11671da6-5be6-89c4-5c42-381da62d6fd9" executionId="cb97c64c-bef0-4124-a1a9-28031731f23c" testListId="8c84fa94-04c1-424b-9868-57a2d4851a1d" />
    <TestEntry testId="bc335b19-0c4c-088a-9c77-5266a5c06452" executionId="c58caf38-58fc-46cc-9bd1-ed5b8eb8cc56" testListId="8c84fa94-04c1-424b-9868-57a2d4851a1d" />
    <TestEntry testId="b8c86d65-6e9c-92ff-fdd2-63312d3329be" executionId="f1d52288-c154-47f0-ab33-def5cc01b756" testListId="8c84fa94-04c1-424b-9868-57a2d4851a1d" />
    <TestEntry testId="dd3ed9de-10e8-753f-bef7-53927bc539ae" executionId="1b596b0e-2bc7-4696-a3a9-6ac77c9f4af0" testListId="8c84fa94-04c1-424b-9868-57a2d4851a1d" />
    <TestEntry testId="0c2a8a3e-4d67-fe62-efe9-c9ec22f2777e" executionId="a93f00ac-5545-4e78-b86f-08e89aa80753" testListId="8c84fa94-04c1-424b-9868-57a2d4851a1d" />
    <TestEntry testId="68c1b055-4359-a534-bc80-88ed68b009a6" executionId="7768df8c-6ebd-4764-94ca-90a0a72e2cfb" testListId="8c84fa94-04c1-424b-9868-57a2d4851a1d" />
    <TestEntry testId="4f86389e-888f-bb41-b8bd-2776d9d5be49" executionId="666f5db4-d80e-4ee6-a173-1ca90a11eabb" testListId="8c84fa94-04c1-424b-9868-57a2d4851a1d" />
    <TestEntry testId="d2612ce1-920c-fb87-7b36-a552388a74a9" executionId="a2b9c691-8977-4a2f-b7b7-f75ef8f53daa" testListId="8c84fa94-04c1-424b-9868-57a2d4851a1d" />
    <TestEntry testId="429ef199-3ac9-0515-9276-38c632ecb919" executionId="e53f7ec8-3f9a-4f23-ab7e-4907b5dd5cac" testListId="8c84fa94-04c1-424b-9868-57a2d4851a1d" />
    <TestEntry testId="2c853549-7a51-6237-818f-5b78709f8e08" executionId="05c85e2c-13ba-4a69-960b-201c06490cf6" testListId="8c84fa94-04c1-424b-9868-57a2d4851a1d" />
    <TestEntry testId="d754665d-7b11-d144-a517-d4cdeb2e53ef" executionId="de41f08b-811b-4201-9074-1b1f742a15b2" testListId="8c84fa94-04c1-424b-9868-57a2d4851a1d" />
    <TestEntry testId="d9ec1a81-d99e-32e1-5504-3e44ed8b8e4f" executionId="98545723-c48f-499c-af08-f0537d271ca2" testListId="8c84fa94-04c1-424b-9868-57a2d4851a1d" />
    <TestEntry testId="f222da0f-3b32-cf15-0b12-6db05811b385" executionId="69c9d354-5eb3-4e32-bcd4-0b2d547459c5" testListId="8c84fa94-04c1-424b-9868-57a2d4851a1d" />
    <TestEntry testId="8c4c791c-ee96-fecd-1a34-304d1653e8f6" executionId="5609aaeb-dbb6-4a1b-8e13-316b648b5811" testListId="8c84fa94-04c1-424b-9868-57a2d4851a1d" />
    <TestEntry testId="5979b56d-81c4-2fc5-dc99-d36e0b1c912c" executionId="b7a73eaa-a16c-491c-89a2-00116df90f29" testListId="8c84fa94-04c1-424b-9868-57a2d4851a1d" />
    <TestEntry testId="0fc3f077-b416-e3f3-91fa-ce4c800546d3" executionId="d687f77e-8bb0-4003-9aa6-04e0b5685d32" testListId="8c84fa94-04c1-424b-9868-57a2d4851a1d" />
    <TestEntry testId="03d28284-5232-acf1-2555-8ea2236ae215" executionId="0a0f1afa-8295-4ab9-a177-3280c08791dc" testListId="8c84fa94-04c1-424b-9868-57a2d4851a1d" />
    <TestEntry testId="9c68be87-639a-7160-6d3d-7fae9535e4e9" executionId="e7b58c4a-cb20-4f97-b3bc-29c7c7b32167" testListId="8c84fa94-04c1-424b-9868-57a2d4851a1d" />
    <TestEntry testId="7504d3c2-6f26-1cea-d78e-0f7dd38b86d8" executionId="cdc788f4-1fb1-4b39-92aa-c5bb8819ba2e" testListId="8c84fa94-04c1-424b-9868-57a2d4851a1d" />
    <TestEntry testId="3d3043d4-d79c-06c1-660b-eef8034ef0b2" executionId="f1af8371-35f4-4ed2-af79-7c42af0fc006" testListId="8c84fa94-04c1-424b-9868-57a2d4851a1d" />
    <TestEntry testId="18bbb6f4-b2e8-29fd-48fc-cc420d72ad45" executionId="1ff37a1b-0d18-48d7-833b-f1acae76ec0a" testListId="8c84fa94-04c1-424b-9868-57a2d4851a1d" />
    <TestEntry testId="f35ad794-315e-2abe-3573-6f51c7ca499e" executionId="b3e55efe-b92d-4602-b1b3-970369d3ffbf" testListId="8c84fa94-04c1-424b-9868-57a2d4851a1d" />
    <TestEntry testId="e045a9ca-4e3e-2edf-db36-dae6486b30af" executionId="58b6c1e4-c5a5-4007-8b09-b577afb2ffb2" testListId="8c84fa94-04c1-424b-9868-57a2d4851a1d" />
    <TestEntry testId="e305eeac-4166-c9d1-ce5d-4dce3073a498" executionId="071cce6a-1417-45f8-881c-efcc00e85c4e" testListId="8c84fa94-04c1-424b-9868-57a2d4851a1d" />
    <TestEntry testId="86fd824f-1a26-5422-07da-e315b341c818" executionId="5548e6cb-465a-4e94-a2b8-c003cf0a8462" testListId="8c84fa94-04c1-424b-9868-57a2d4851a1d" />
    <TestEntry testId="917165d5-951a-97b4-8f77-7f1164897506" executionId="3744330b-50a1-44f0-a926-5eeed9428d44" testListId="8c84fa94-04c1-424b-9868-57a2d4851a1d" />
    <TestEntry testId="598f843e-c6a9-8299-5ab0-4165115eeba5" executionId="663f192a-86b2-431e-a931-0a2a5f872ea4" testListId="8c84fa94-04c1-424b-9868-57a2d4851a1d" />
    <TestEntry testId="335c3dfe-46f1-c26f-7ba1-92f578144b20" executionId="33fad30f-b19a-49aa-ba78-884f9d1d14fb" testListId="8c84fa94-04c1-424b-9868-57a2d4851a1d" />
    <TestEntry testId="1c2f9507-6fa7-61d2-1de9-09b3869fa861" executionId="93269523-431a-46e5-ab39-220beab5a8a3" testListId="8c84fa94-04c1-424b-9868-57a2d4851a1d" />
    <TestEntry testId="5f8904eb-ce24-776e-4157-fd570cb55f60" executionId="6a33a4cc-88a1-4132-8ff6-06f178d14717" testListId="8c84fa94-04c1-424b-9868-57a2d4851a1d" />
    <TestEntry testId="f1d0e8e6-e735-64c2-5af2-c58ce1c27df8" executionId="28a9fef8-b7cb-4b04-afb2-de63574cb974" testListId="8c84fa94-04c1-424b-9868-57a2d4851a1d" />
    <TestEntry testId="243ac681-7395-1335-c86f-16dc048928d6" executionId="aa547ccb-5e30-4112-98a7-a13a98cb1a59" testListId="8c84fa94-04c1-424b-9868-57a2d4851a1d" />
    <TestEntry testId="c91a6bbb-9970-0c91-ec97-af11f78e424a" executionId="4eab699c-8daf-498a-9c2b-9aed14295f33" testListId="8c84fa94-04c1-424b-9868-57a2d4851a1d" />
    <TestEntry testId="cc16a471-6460-0ab2-f4d3-aa1f8f8830f3" executionId="ed77c7bb-eda1-44a9-9fc4-7c15f2d2d64e" testListId="8c84fa94-04c1-424b-9868-57a2d4851a1d" />
    <TestEntry testId="98377fa8-a931-4586-cb05-77b058d4c957" executionId="aba2168c-03d5-4b08-8cab-35cd2bb017cd" testListId="8c84fa94-04c1-424b-9868-57a2d4851a1d" />
    <TestEntry testId="1a92e471-ecdc-8bfb-52d8-27b385d46830" executionId="825b6712-3c41-4351-a1c0-6a36467a2b14" testListId="8c84fa94-04c1-424b-9868-57a2d4851a1d" />
    <TestEntry testId="756a6766-5a88-d80b-870f-e7a058ed89ba" executionId="446ac16a-2fb2-4f9f-885e-b8ccaa37941f" testListId="8c84fa94-04c1-424b-9868-57a2d4851a1d" />
    <TestEntry testId="cfa57e28-e80d-31e4-0046-2750bb296cf6" executionId="80bfd0fc-2b88-46c0-8bcf-3d1abf98c6b2" testListId="8c84fa94-04c1-424b-9868-57a2d4851a1d" />
    <TestEntry testId="c77df7a9-22a4-60f9-1d2d-c5dd4498d96c" executionId="99fb1842-c867-47a7-b1c2-ed4a8d347211" testListId="8c84fa94-04c1-424b-9868-57a2d4851a1d" />
    <TestEntry testId="ff95d6e3-ff6b-4b76-1e78-aa40633e8d6c" executionId="3696baf0-8bcd-4a18-873e-08f51abb43bd" testListId="8c84fa94-04c1-424b-9868-57a2d4851a1d" />
    <TestEntry testId="8030fce3-ebce-0c7c-cd06-d42a708cb310" executionId="2c4eaef7-eb35-47c7-8eff-491a072171c1" testListId="8c84fa94-04c1-424b-9868-57a2d4851a1d" />
    <TestEntry testId="8565a915-9a41-c092-5d7c-ccac81064e96" executionId="95f818c3-e375-4d52-9236-44d3a713c1de" testListId="8c84fa94-04c1-424b-9868-57a2d4851a1d" />
    <TestEntry testId="4818e8bf-64ce-3f4a-42fb-533e2eae2f7c" executionId="551ace5e-3917-4df7-867a-7fdb2d24b473" testListId="8c84fa94-04c1-424b-9868-57a2d4851a1d" />
    <TestEntry testId="07a20c56-c447-9d06-f019-45a1a295cb54" executionId="a696122b-d5ba-45c2-8179-2103d2c8b5c6" testListId="8c84fa94-04c1-424b-9868-57a2d4851a1d" />
    <TestEntry testId="56701d0f-0ff4-5ce0-80fd-7ebffc2f5cfe" executionId="24995a29-e59c-4ab5-b086-4d0c24f74cd2" testListId="8c84fa94-04c1-424b-9868-57a2d4851a1d" />
    <TestEntry testId="a37fd22c-e9a0-bbb0-a938-d5dec2824a9e" executionId="82ea7dfc-e62d-4561-a4e4-f9de8810b22a" testListId="8c84fa94-04c1-424b-9868-57a2d4851a1d" />
    <TestEntry testId="2133b517-b786-a3c2-bf32-012faa30893c" executionId="d3bb3452-3aa2-4482-adeb-7793a9ecb201" testListId="8c84fa94-04c1-424b-9868-57a2d4851a1d" />
    <TestEntry testId="01840b82-cd2b-0a53-e939-a54b0f6f7018" executionId="1838f064-5aed-4acd-b5c6-d0e3123902a1" testListId="8c84fa94-04c1-424b-9868-57a2d4851a1d" />
    <TestEntry testId="ad19df66-3589-b3cd-ead4-9dbbf0dc3b77" executionId="b9a877b6-a3a0-419e-8af7-1005e4570823" testListId="8c84fa94-04c1-424b-9868-57a2d4851a1d" />
    <TestEntry testId="6652c220-1732-1d1a-a659-0edf9c1c5f80" executionId="db16e92a-5d52-4c3d-92df-ee98e5a656b4" testListId="8c84fa94-04c1-424b-9868-57a2d4851a1d" />
    <TestEntry testId="6885a5d8-9b66-573b-9303-82097ca801bc" executionId="fe43269b-fde3-47e1-be9d-3691a4c9f876" testListId="8c84fa94-04c1-424b-9868-57a2d4851a1d" />
    <TestEntry testId="2eaba2f4-d43e-720b-41f8-08d11db2ea8e" executionId="1b9c9e55-2134-445b-8ba1-6504ea40cad9" testListId="8c84fa94-04c1-424b-9868-57a2d4851a1d" />
    <TestEntry testId="1d7d4ab2-3945-3a94-0dc3-441366a38ca8" executionId="21673fe3-d4ed-4eb6-b691-9ffb9626e719" testListId="8c84fa94-04c1-424b-9868-57a2d4851a1d" />
    <TestEntry testId="8b8307bc-4147-6aff-ce14-ef34ff25e5e9" executionId="914bd9d5-b316-4b5e-823a-ea1ba96c620b" testListId="8c84fa94-04c1-424b-9868-57a2d4851a1d" />
    <TestEntry testId="d33a28c2-06ce-d30e-20b6-0e57876eee3a" executionId="61a159cb-7bae-4d9f-8642-291f76549b90" testListId="8c84fa94-04c1-424b-9868-57a2d4851a1d" />
    <TestEntry testId="371586f3-2fca-daf6-9b20-66f2fee1a1c9" executionId="01a6f9ee-e00e-4e12-b1ed-8517d921dc3c" testListId="8c84fa94-04c1-424b-9868-57a2d4851a1d" />
    <TestEntry testId="76834fc4-2a0e-ce36-2059-834c281d99ae" executionId="f22f2067-ce98-42a5-b6f9-a61371e3cbd5" testListId="8c84fa94-04c1-424b-9868-57a2d4851a1d" />
    <TestEntry testId="473037bf-70d9-a435-6a77-2f960ad2bb74" executionId="a71b3b21-b2df-4266-a59a-ec723c489345" testListId="8c84fa94-04c1-424b-9868-57a2d4851a1d" />
    <TestEntry testId="ce64fca9-f367-8580-701c-df63f7f7ca33" executionId="1e364956-e85e-4a0e-b2cc-25df484bb61c" testListId="8c84fa94-04c1-424b-9868-57a2d4851a1d" />
    <TestEntry testId="2cfff914-846a-bec8-10d7-7f6517ec0886" executionId="c0b17825-1e21-468d-9f48-6349b78daf90" testListId="8c84fa94-04c1-424b-9868-57a2d4851a1d" />
    <TestEntry testId="db2ea0f5-0ca8-5779-afb6-8cb011544f8f" executionId="bd3cc1ee-41b4-4c9c-a97b-bf4250e6394c" testListId="8c84fa94-04c1-424b-9868-57a2d4851a1d" />
  </TestEntries>
  <TestLists>
    <TestList name="列表中未列出的结果" id="8c84fa94-04c1-424b-9868-57a2d4851a1d" />
    <TestList name="所有已加载的结果" id="19431567-8539-422a-85d7-44ee4e166bda" />
  </TestLists>
  <ResultSummary outcome="Failed">
    <Counters total="245" executed="244" passed="242" failed="2" error="0" timeout="0" aborted="0" inconclusive="0" passedButRunAborted="0" notRunnable="0" notExecuted="0" disconnected="0" warning="0" completed="0" inProgress="0" pending="0" />
    <Output>
      <StdOut>[xUnit.net 00:00:00.00] xUnit.net VSTest Adapter v2.8.2+699d445a1a (64-bit .NET 6.0.33)&#xD;
[xUnit.net 00:00:00.21]   Discovering: BattleSim.Tests&#xD;
[xUnit.net 00:00:00.36]   Discovered:  BattleSim.Tests&#xD;
[xUnit.net 00:00:00.36]   Starting:    BattleSim.Tests&#xD;
[xUnit.net 00:00:01.47]       A53-T02: historical atk_up id overlayed to Reflect must not Accepted+spend+skip fx. Accepted=True reason=None spent=True skippedFx=True&#xD;
[xUnit.net 00:00:01.47]       Stack Trace:&#xD;
[xUnit.net 00:00:01.48]         F:\天命之子\tools\BattleSim.Tests\G2A53PlayableGateTests.cs(137,0): at Resonance.Tests.G2A53PlayableGateTests.T02_OverlayExistingAtkUpToReflect_ReferencingSkillsNotSilentlyPlayable()&#xD;
[xUnit.net 00:00:01.48]       A53-T01: Submit/entry must not Accepted+spend+damage+skip fx. Accepted=True reason=None spent=True damaged=True skippedFx=True&#xD;
[xUnit.net 00:00:01.48]       Stack Trace:&#xD;
[xUnit.net 00:00:01.48]         F:\天命之子\tools\BattleSim.Tests\G2A53PlayableGateTests.cs(61,0): at Resonance.Tests.G2A53PlayableGateTests.T01_DamageSkill_UnsupportedStatusApplyReflect_SubmitMustNotAcceptSpendDamageAndSkipFx()&#xD;
[xUnit.net 00:00:01.83]       N01 N02 N03: Unity EventSystem natural-play required (battle_id + Submit Tap/Slide/FeverTap/SetAuto). Core must not fake PASS.&#xD;
在测试运行中跳过测试“Resonance.Tests.G2RecheckNaturalContractTests.N01_N02_N03_NaturalPlayContract_DocumentedNotFaked”。&#xD;
[xUnit.net 00:00:01.94]   Finished:    BattleSim.Tests&#xD;
</StdOut>
    </Output>
    <RunInfos>
      <RunInfo computerName="DESKTOP-AKI3LSA" outcome="Error" timestamp="2026-09-14T16:55:54.0697526+08:00">
        <Text>[xUnit.net 00:00:01.47]     Resonance.Tests.G2A53PlayableGateTests.T02_OverlayExistingAtkUpToReflect_ReferencingSkillsNotSilentlyPlayable [FAIL]</Text>
      </RunInfo>
      <RunInfo computerName="DESKTOP-AKI3LSA" outcome="Error" timestamp="2026-09-14T16:55:54.0802308+08:00">
        <Text>[xUnit.net 00:00:01.48]     Resonance.Tests.G2A53PlayableGateTests.T01_DamageSkill_UnsupportedStatusApplyReflect_SubmitMustNotAcceptSpendDamageAndSkipFx [FAIL]</Text>
      </RunInfo>
      <RunInfo computerName="DESKTOP-AKI3LSA" outcome="Warning" timestamp="2026-09-14T16:55:54.4240761+08:00">
        <Text>[xUnit.net 00:00:01.83]     Resonance.Tests.G2RecheckNaturalContractTests.N01_N02_N03_NaturalPlayContract_DocumentedNotFaked [SKIP]</Text>
      </RunInfo>
    </RunInfos>
  </ResultSummary>
</TestRun>