<?xml version="1.0" encoding="utf-8"?>
<TestRun id="11ea0d47-3290-4b83-ba85-9f0320460111" name="Administrator@DESKTOP-AKI3LSA 2026-09-20 17:56:45" runUser="DESKTOP-AKI3LSA\Administrator" xmlns="http://microsoft.com/schemas/VisualStudio/TeamTest/2010">
  <Times creation="2026-09-20T17:56:45.5957004+08:00" queuing="2026-09-20T17:56:45.5957006+08:00" start="2026-09-20T17:56:44.8843070+08:00" finish="2026-09-20T17:56:47.3728175+08:00" />
  <TestSettings name="default" id="dadd0e56-85fa-4b51-88fd-85cc239d1cda">
    <Deployment runDeploymentRoot="Administrator_DESKTOP-AKI3LSA_2026-09-20_17_56_45" />
  </TestSettings>
  <Results>
    <UnitTestResult executionId="a157e720-c2be-428c-86c2-d0527ebb76c7" testId="d6b0b1b1-d576-1c0f-1c34-3b5a1f0bbd61" testName="Resonance.Tests.G2C2HoldPolicyTests.C2_T1b_WaveAdvanceHold_Replays" computerName="DESKTOP-AKI3LSA" duration="00:00:00.0023333" startTime="2026-09-20T17:56:46.3912732+08:00" endTime="2026-09-20T17:56:46.3912735+08:00" testType="13cdc9d9-ddb5-4fa4-a97d-d965ccfc6d4b" outcome="Passed" testListId="8c84fa94-04c1-424b-9868-57a2d4851a1d" relativeResultsDirectory="a157e720-c2be-428c-86c2-d0527ebb76c7" />
    <UnitTestResult executionId="5f885101-c31a-4689-a234-e7e4b1c8939c" testId="d0f29bde-a41f-3d88-8069-557ed43efbbc" testName="Resonance.Tests.G2A53IdentityTests.T03_SingleFieldChange_FlipsBattleContentIdentity(field: &quot;Target&quot;)" computerName="DESKTOP-AKI3LSA" duration="00:00:00.0009787" startTime="2026-09-20T17:56:45.9358904+08:00" endTime="2026-09-20T17:56:45.9358906+08:00" testType="13cdc9d9-ddb5-4fa4-a97d-d965ccfc6d4b" outcome="Passed" testListId="8c84fa94-04c1-424b-9868-57a2d4851a1d" relativeResultsDirectory="5f885101-c31a-4689-a234-e7e4b1c8939c" />
    <UnitTestResult executionId="bd102835-f52c-42dd-8ed3-3660e8d3416f" testId="866d9c8c-5e99-21d7-4acf-bbc01cb417cc" testName="Resonance.Tests.M1ClockModeTests.StayHeldSurvivesCatchUpTicksOnFull" computerName="DESKTOP-AKI3LSA" duration="00:00:00.0012182" startTime="2026-09-20T17:56:45.5456380+08:00" endTime="2026-09-20T17:56:45.5456381+08:00" testType="13cdc9d9-ddb5-4fa4-a97d-d965ccfc6d4b" outcome="Passed" testListId="8c84fa94-04c1-424b-9868-57a2d4851a1d" relativeResultsDirectory="bd102835-f52c-42dd-8ed3-3660e8d3416f" />
    <UnitTestResult executionId="017070d7-fa96-409a-8c37-b3ad4e6727ea" testId="d6048053-7940-3cd1-9614-fa8b1bf1889a" testName="Resonance.Tests.BattleSimTests.DefBuffRaisesDefense" computerName="DESKTOP-AKI3LSA" duration="00:00:00.0026535" startTime="2026-09-20T17:56:45.7054228+08:00" endTime="2026-09-20T17:56:45.7054230+08:00" testType="13cdc9d9-ddb5-4fa4-a97d-d965ccfc6d4b" outcome="Passed" testListId="8c84fa94-04c1-424b-9868-57a2d4851a1d" relativeResultsDirectory="017070d7-fa96-409a-8c37-b3ad4e6727ea" />
    <UnitTestResult executionId="65a4de29-9414-483b-83d1-29af2430d491" testId="c080e352-254f-0c7e-3a84-7ef857b3567b" testName="Resonance.Tests.M1ClockModeTests.SemiAutoCastsSkillsButNotDrive" computerName="DESKTOP-AKI3LSA" duration="00:00:00.0371192" startTime="2026-09-20T17:56:45.5310422+08:00" endTime="2026-09-20T17:56:45.5310551+08:00" testType="13cdc9d9-ddb5-4fa4-a97d-d965ccfc6d4b" outcome="Passed" testListId="8c84fa94-04c1-424b-9868-57a2d4851a1d" relativeResultsDirectory="65a4de29-9414-483b-83d1-29af2430d491" />
    <UnitTestResult executionId="ad7e1ea2-3439-4404-a954-47664a863035" testId="43f51b3d-57cb-7759-4266-7ad5bc1cc49a" testName="Resonance.Tests.BattleSimTests.BattleSimDefaultExtraAtkIsZero" computerName="DESKTOP-AKI3LSA" duration="00:00:00.0001219" startTime="2026-09-20T17:56:45.7425811+08:00" endTime="2026-09-20T17:56:45.7425812+08:00" testType="13cdc9d9-ddb5-4fa4-a97d-d965ccfc6d4b" outcome="Passed" testListId="8c84fa94-04c1-424b-9868-57a2d4851a1d" relativeResultsDirectory="ad7e1ea2-3439-4404-a954-47664a863035" />
    <UnitTestResult executionId="7d6cda64-481b-46af-9518-3cdcf51d9586" testId="4c3580ab-bc07-cb8a-ed78-1d010ae72c54" testName="Resonance.Tests.G2B1VerificationEntryTests.BuildBuiltin_WithoutApply_C001SlideRemainsUnplayable" computerName="DESKTOP-AKI3LSA" duration="00:00:00.0028273" startTime="2026-09-20T17:56:46.3499795+08:00" endTime="2026-09-20T17:56:46.3499800+08:00" testType="13cdc9d9-ddb5-4fa4-a97d-d965ccfc6d4b" outcome="Passed" testListId="8c84fa94-04c1-424b-9868-57a2d4851a1d" relativeResultsDirectory="7d6cda64-481b-46af-9518-3cdcf51d9586" />
    <UnitTestResult executionId="d5d0749a-c925-479f-ad52-458d9810dd33" testId="011a42c8-3669-94f0-99e4-aebd8221a434" testName="Resonance.Tests.G2ReviewProvenanceTests.P02_BoundsRequireInt_RejectsSilentZero" computerName="DESKTOP-AKI3LSA" duration="00:00:00.0002573" startTime="2026-09-20T17:56:45.8744043+08:00" endTime="2026-09-20T17:56:45.8744044+08:00" testType="13cdc9d9-ddb5-4fa4-a97d-d965ccfc6d4b" outcome="Passed" testListId="8c84fa94-04c1-424b-9868-57a2d4851a1d" relativeResultsDirectory="d5d0749a-c925-479f-ad52-458d9810dd33" />
    <UnitTestResult executionId="1cd1b3a4-0fa5-4dd5-b1ea-373fb4ed8261" testId="03d28284-5232-acf1-2555-8ea2236ae215" testName="Resonance.Tests.G2ReviewProvenanceTests.P02_LegacyKrSlide_MatchesDeclaredCandidate(def: 2500)" computerName="DESKTOP-AKI3LSA" duration="00:00:00.0000111" startTime="2026-09-20T17:56:45.8741099+08:00" endTime="2026-09-20T17:56:45.8741099+08:00" testType="13cdc9d9-ddb5-4fa4-a97d-d965ccfc6d4b" outcome="Passed" testListId="8c84fa94-04c1-424b-9868-57a2d4851a1d" relativeResultsDirectory="1cd1b3a4-0fa5-4dd5-b1ea-373fb4ed8261" />
    <UnitTestResult executionId="0fbc72f9-4897-41d0-930b-a2f7f2c0267f" testId="ea7d1d02-798d-a221-6ce7-594f9c66aa70" testName="Resonance.Tests.BattleSimTests.GrowthPlusZeroDoesNotDoubleWeapon" computerName="DESKTOP-AKI3LSA" duration="00:00:00.0003309" startTime="2026-09-20T17:56:45.7516586+08:00" endTime="2026-09-20T17:56:45.7516587+08:00" testType="13cdc9d9-ddb5-4fa4-a97d-d965ccfc6d4b" outcome="Passed" testListId="8c84fa94-04c1-424b-9868-57a2d4851a1d" relativeResultsDirectory="0fbc72f9-4897-41d0-930b-a2f7f2c0267f" />
    <UnitTestResult executionId="7f229250-45a1-456e-90e2-ecb6229b1453" testId="6885a5d8-9b66-573b-9303-82097ca801bc" testName="Resonance.Tests.M1CoreSliceTests.StayHeldKeepsManualBattleFrozen" computerName="DESKTOP-AKI3LSA" duration="00:00:00.0006400" startTime="2026-09-20T17:56:45.8641728+08:00" endTime="2026-09-20T17:56:45.8641729+08:00" testType="13cdc9d9-ddb5-4fa4-a97d-d965ccfc6d4b" outcome="Passed" testListId="8c84fa94-04c1-424b-9868-57a2d4851a1d" relativeResultsDirectory="7f229250-45a1-456e-90e2-ecb6229b1453" />
    <UnitTestResult executionId="eb175119-f736-4c20-83bb-20bc31fb34ff" testId="d48ce899-7c76-a0ba-bd3e-f28129eb69f8" testName="Resonance.Tests.BattleSimTests.ElementMatchupIsFireWoodWaterAndLightDark" computerName="DESKTOP-AKI3LSA" duration="00:00:00.0015383" startTime="2026-09-20T17:56:45.7441893+08:00" endTime="2026-09-20T17:56:45.7441895+08:00" testType="13cdc9d9-ddb5-4fa4-a97d-d965ccfc6d4b" outcome="Passed" testListId="8c84fa94-04c1-424b-9868-57a2d4851a1d" relativeResultsDirectory="eb175119-f736-4c20-83bb-20bc31fb34ff" />
    <UnitTestResult executionId="25eeeddb-428b-48c2-9598-d860c8404085" testId="268a2a01-bdef-a92a-f245-cfc564756bc2" testName="Resonance.Tests.BattleSimTests.BattleSimSlideUsesElementMatchup" computerName="DESKTOP-AKI3LSA" duration="00:00:00.0021448" startTime="2026-09-20T17:56:45.7080412+08:00" endTime="2026-09-20T17:56:45.7080414+08:00" testType="13cdc9d9-ddb5-4fa4-a97d-d965ccfc6d4b" outcome="Passed" testListId="8c84fa94-04c1-424b-9868-57a2d4851a1d" relativeResultsDirectory="25eeeddb-428b-48c2-9598-d860c8404085" />
    <UnitTestResult executionId="27eb3abe-83f9-4f04-9d42-9a5fb97f0e43" testId="f4c005bb-e0da-3279-f595-8c9727ef0915" testName="Resonance.Tests.G2ReviewEffectLifecycleTests.E03_StackCapRefreshAndReplacement" computerName="DESKTOP-AKI3LSA" duration="00:00:00.0008619" startTime="2026-09-20T17:56:47.3065540+08:00" endTime="2026-09-20T17:56:47.3065540+08:00" testType="13cdc9d9-ddb5-4fa4-a97d-d965ccfc6d4b" outcome="Passed" testListId="8c84fa94-04c1-424b-9868-57a2d4851a1d" relativeResultsDirectory="27eb3abe-83f9-4f04-9d42-9a5fb97f0e43" />
    <UnitTestResult executionId="907eba38-b166-4d5b-8edf-98ebef2c4c0a" testId="d885bfa0-bd27-ce30-6e90-24ea2fb7d15f" testName="Resonance.Tests.IgnitionTests.ClampsNegativesAndCap" computerName="DESKTOP-AKI3LSA" duration="00:00:00.0001914" startTime="2026-09-20T17:56:45.6901087+08:00" endTime="2026-09-20T17:56:45.6901088+08:00" testType="13cdc9d9-ddb5-4fa4-a97d-d965ccfc6d4b" outcome="Passed" testListId="8c84fa94-04c1-424b-9868-57a2d4851a1d" relativeResultsDirectory="907eba38-b166-4d5b-8edf-98ebef2c4c0a" />
    <UnitTestResult executionId="23a5d877-7756-41c3-af71-551318de4850" testId="1cbcf1a2-dd7e-4967-0c2d-b4008be2ca05" testName="Resonance.Tests.M1RepairQaTests.FeverChannelIsNotTap" computerName="DESKTOP-AKI3LSA" duration="00:00:00.0002844" startTime="2026-09-20T17:56:45.6093902+08:00" endTime="2026-09-20T17:56:45.6093903+08:00" testType="13cdc9d9-ddb5-4fa4-a97d-d965ccfc6d4b" outcome="Passed" testListId="8c84fa94-04c1-424b-9868-57a2d4851a1d" relativeResultsDirectory="23a5d877-7756-41c3-af71-551318de4850" />
    <UnitTestResult executionId="ae32a918-fd5a-4eaf-ad5d-feb24d424100" testId="99e9a2dd-ce51-5969-0230-21354cb76d5b" testName="Resonance.Tests.VfxGoodWindowTests.ReturnTripWindow_IsAlsoHittable" computerName="DESKTOP-AKI3LSA" duration="00:00:00.0005553" startTime="2026-09-20T17:56:45.8713962+08:00" endTime="2026-09-20T17:56:45.8713963+08:00" testType="13cdc9d9-ddb5-4fa4-a97d-d965ccfc6d4b" outcome="Passed" testListId="8c84fa94-04c1-424b-9868-57a2d4851a1d" relativeResultsDirectory="ae32a918-fd5a-4eaf-ad5d-feb24d424100" />
    <UnitTestResult executionId="92c73d31-8439-4382-aeed-693d7b1d54c4" testId="168a768a-73c3-9398-9e17-e72353f8b616" testName="Resonance.Tests.BattleSimTests.ResetWipesProgressAndReseedsKit" computerName="DESKTOP-AKI3LSA" duration="00:00:00.0115370" startTime="2026-09-20T17:56:45.7855716+08:00" endTime="2026-09-20T17:56:45.7855719+08:00" testType="13cdc9d9-ddb5-4fa4-a97d-d965ccfc6d4b" outcome="Passed" testListId="8c84fa94-04c1-424b-9868-57a2d4851a1d" relativeResultsDirectory="92c73d31-8439-4382-aeed-693d7b1d54c4" />
    <UnitTestResult executionId="2f737a54-398f-49c4-b03e-8f5b826973df" testId="dd89c303-007a-f324-1d21-e19579d5fb21" testName="Resonance.Tests.G2RecheckReplayContractTests.R03_ReplayReject_ForcesMatchFalse_EvenIfHpMatches" computerName="DESKTOP-AKI3LSA" duration="00:00:00.0035857" startTime="2026-09-20T17:56:47.2267613+08:00" endTime="2026-09-20T17:56:47.2267614+08:00" testType="13cdc9d9-ddb5-4fa4-a97d-d965ccfc6d4b" outcome="Passed" testListId="8c84fa94-04c1-424b-9868-57a2d4851a1d" relativeResultsDirectory="2f737a54-398f-49c4-b03e-8f5b826973df" />
    <UnitTestResult executionId="91d77a51-0685-4ed2-a68d-c96f6c26a06f" testId="b2c47ad8-3cd9-d2f8-574b-79839ecfae96" testName="Resonance.Tests.G2RecheckDriveGainTests.N04_AutoAttack_HonorsDeclaredDriveGainBelow14" computerName="DESKTOP-AKI3LSA" duration="00:00:00.0007683" startTime="2026-09-20T17:56:45.8333377+08:00" endTime="2026-09-20T17:56:45.8333378+08:00" testType="13cdc9d9-ddb5-4fa4-a97d-d965ccfc6d4b" outcome="Passed" testListId="8c84fa94-04c1-424b-9868-57a2d4851a1d" relativeResultsDirectory="91d77a51-0685-4ed2-a68d-c96f6c26a06f" />
    <UnitTestResult executionId="6ce47132-928a-4cff-956e-673a66d98a91" testId="6ac0418c-d478-ec4c-8c79-cc7c379bdd1e" testName="Resonance.Tests.M1CoreSliceTests.DefaultProfileIsGlUnknownAndForbidsFinalVerified" computerName="DESKTOP-AKI3LSA" duration="00:00:00.0001774" startTime="2026-09-20T17:56:45.8634857+08:00" endTime="2026-09-20T17:56:45.8634858+08:00" testType="13cdc9d9-ddb5-4fa4-a97d-d965ccfc6d4b" outcome="Passed" testListId="8c84fa94-04c1-424b-9868-57a2d4851a1d" relativeResultsDirectory="6ce47132-928a-4cff-956e-673a66d98a91" />
    <UnitTestResult executionId="c3b7f2e6-bc27-48f8-bae5-80caf65ebb2c" testId="a86d6774-56e3-425b-f58d-4aaf16f88ba1" testName="Resonance.Tests.BattleSimTests.ExtraDmgMulIsOnePlusClamped" computerName="DESKTOP-AKI3LSA" duration="00:00:00.0000969" startTime="2026-09-20T17:56:45.7158938+08:00" endTime="2026-09-20T17:56:45.7158938+08:00" testType="13cdc9d9-ddb5-4fa4-a97d-d965ccfc6d4b" outcome="Passed" testListId="8c84fa94-04c1-424b-9868-57a2d4851a1d" relativeResultsDirectory="c3b7f2e6-bc27-48f8-bae5-80caf65ebb2c" />
    <UnitTestResult executionId="412611a3-d674-4520-aaa9-dafe4183a6e7" testId="4c70af7d-2e97-352f-6da9-313ab81cd1d2" testName="Resonance.Tests.BattleSimTests.TapAndSlideRecordDistinctCasts" computerName="DESKTOP-AKI3LSA" duration="00:00:00.0001908" startTime="2026-09-20T17:56:45.7873522+08:00" endTime="2026-09-20T17:56:45.7873523+08:00" testType="13cdc9d9-ddb5-4fa4-a97d-d965ccfc6d4b" outcome="Passed" testListId="8c84fa94-04c1-424b-9868-57a2d4851a1d" relativeResultsDirectory="412611a3-d674-4520-aaa9-dafe4183a6e7" />
    <UnitTestResult executionId="a8979d07-9fd8-403b-b6a3-61e90d6a44e7" testId="3d3043d4-d79c-06c1-660b-eef8034ef0b2" testName="Resonance.Tests.BattleSimTests.SaveRoundtripPlus" computerName="DESKTOP-AKI3LSA" duration="00:00:00.0042788" startTime="2026-09-20T17:56:45.7123988+08:00" endTime="2026-09-20T17:56:45.7123991+08:00" testType="13cdc9d9-ddb5-4fa4-a97d-d965ccfc6d4b" outcome="Passed" testListId="8c84fa94-04c1-424b-9868-57a2d4851a1d" relativeResultsDirectory="a8979d07-9fd8-403b-b6a3-61e90d6a44e7" />
    <UnitTestResult executionId="af625486-d04d-4c9e-9343-9d21743dd0c8" testId="363f89f1-08a9-a695-ea89-59018c5b75eb" testName="Resonance.Tests.VfxGoodWindowTests.SecondsUntilWindow_FromBeginIsFirstRisingEdge" computerName="DESKTOP-AKI3LSA" duration="00:00:00.0000329" startTime="2026-09-20T17:56:45.8718073+08:00" endTime="2026-09-20T17:56:45.8718073+08:00" testType="13cdc9d9-ddb5-4fa4-a97d-d965ccfc6d4b" outcome="Passed" testListId="8c84fa94-04c1-424b-9868-57a2d4851a1d" relativeResultsDirectory="af625486-d04d-4c9e-9343-9d21743dd0c8" />
    <UnitTestResult executionId="8d71b1d1-3356-4aa2-bb2e-3a1f6dd67dff" testId="e082fc3e-307c-3b2a-e50b-aee7580656a4" testName="Resonance.Tests.G2TerminalFeverReplayTests.MalformedBoundaryRows_AreRejected(replacement: &quot;{\&quot;rec\&quot;:\&quot;boundary\&quot;,\&quot;battleTickIndex\&quot;:1,\&quot;term&quot;···)" computerName="DESKTOP-AKI3LSA" duration="00:00:00.0008214" startTime="2026-09-20T17:56:47.2613794+08:00" endTime="2026-09-20T17:56:47.2613795+08:00" testType="13cdc9d9-ddb5-4fa4-a97d-d965ccfc6d4b" outcome="Passed" testListId="8c84fa94-04c1-424b-9868-57a2d4851a1d" relativeResultsDirectory="8d71b1d1-3356-4aa2-bb2e-3a1f6dd67dff" />
    <UnitTestResult executionId="cc6fad9e-5d4b-40e4-bffa-4dbaa86cf970" testId="f5cf319a-5401-0352-8b8b-005de3fdc55e" testName="Resonance.Tests.G2TerminalFeverReplayTests.TerminalSpeedChange_ReplaysBetweenItsRecordedClockCalls" computerName="DESKTOP-AKI3LSA" duration="00:00:00.0018939" startTime="2026-09-20T17:56:47.2732612+08:00" endTime="2026-09-20T17:56:47.2732612+08:00" testType="13cdc9d9-ddb5-4fa4-a97d-d965ccfc6d4b" outcome="Passed" testListId="8c84fa94-04c1-424b-9868-57a2d4851a1d" relativeResultsDirectory="cc6fad9e-5d4b-40e4-bffa-4dbaa86cf970" />
    <UnitTestResult executionId="ffaa77c3-3df7-4139-8ced-1c47e099035d" testId="07a20c56-c447-9d06-f019-45a1a295cb54" testName="Resonance.Tests.BattleSimTests.FireBeatsWood" computerName="DESKTOP-AKI3LSA" duration="00:00:00.0000488" startTime="2026-09-20T17:56:45.7460805+08:00" endTime="2026-09-20T17:56:45.7460806+08:00" testType="13cdc9d9-ddb5-4fa4-a97d-d965ccfc6d4b" outcome="Passed" testListId="8c84fa94-04c1-424b-9868-57a2d4851a1d" relativeResultsDirectory="ffaa77c3-3df7-4139-8ced-1c47e099035d" />
    <UnitTestResult executionId="1ca0fc05-664f-4a19-b0b2-029fc68127e1" testId="d24f4a72-60f5-ce00-9ea8-ee060ae04fc2" testName="Resonance.Tests.G2TerminalFeverReplayTests.MissingLegacyBoundary_DoesNotInferSettledFeverFromExpectedOutput" computerName="DESKTOP-AKI3LSA" duration="00:00:00.0015508" startTime="2026-09-20T17:56:47.2814644+08:00" endTime="2026-09-20T17:56:47.2814645+08:00" testType="13cdc9d9-ddb5-4fa4-a97d-d965ccfc6d4b" outcome="Passed" testListId="8c84fa94-04c1-424b-9868-57a2d4851a1d" relativeResultsDirectory="1ca0fc05-664f-4a19-b0b2-029fc68127e1" />
    <UnitTestResult executionId="1a721300-0a4f-4d93-b9b9-372737d7486f" testId="c0a1cc91-2445-bb12-020e-22822a4989a6" testName="Resonance.Tests.BattleSimTests.ElemCritTableIsAdvantageNeutralDisadvantage" computerName="DESKTOP-AKI3LSA" duration="00:00:00.0000898" startTime="2026-09-20T17:56:45.8244820+08:00" endTime="2026-09-20T17:56:45.8244820+08:00" testType="13cdc9d9-ddb5-4fa4-a97d-d965ccfc6d4b" outcome="Passed" testListId="8c84fa94-04c1-424b-9868-57a2d4851a1d" relativeResultsDirectory="1a721300-0a4f-4d93-b9b9-372737d7486f" />
    <UnitTestResult executionId="5b08243a-474d-4b7e-bd5e-e3be226fbf8b" testId="5979b56d-81c4-2fc5-dc99-d36e0b1c912c" testName="Resonance.Tests.G2ReviewQteClockTests.Q04_PausedQteHasNoLateSideEffects" computerName="DESKTOP-AKI3LSA" duration="00:00:00.0026508" startTime="2026-09-20T17:56:47.2912783+08:00" endTime="2026-09-20T17:56:47.2912785+08:00" testType="13cdc9d9-ddb5-4fa4-a97d-d965ccfc6d4b" outcome="Passed" testListId="8c84fa94-04c1-424b-9868-57a2d4851a1d" relativeResultsDirectory="5b08243a-474d-4b7e-bd5e-e3be226fbf8b" />
    <UnitTestResult executionId="9fcb6a27-963e-4c7f-8c31-32a7b62ce00a" testId="caf552c9-c9a4-abc2-bff2-8c3939560ea0" testName="Resonance.Tests.BattleSimTests.PerfectDriveIsOneFifty" computerName="DESKTOP-AKI3LSA" duration="00:00:00.0000882" startTime="2026-09-20T17:56:45.7458223+08:00" endTime="2026-09-20T17:56:45.7458223+08:00" testType="13cdc9d9-ddb5-4fa4-a97d-d965ccfc6d4b" outcome="Passed" testListId="8c84fa94-04c1-424b-9868-57a2d4851a1d" relativeResultsDirectory="9fcb6a27-963e-4c7f-8c31-32a7b62ce00a" />
    <UnitTestResult executionId="7d2b6615-d6f2-414d-b305-f442994a0352" testId="c91a6bbb-9970-0c91-ec97-af11f78e424a" testName="Resonance.Tests.IgnitionTests.ExtraStonesAddLinearRed" computerName="DESKTOP-AKI3LSA" duration="00:00:00.0001900" startTime="2026-09-20T17:56:45.6890713+08:00" endTime="2026-09-20T17:56:45.6890714+08:00" testType="13cdc9d9-ddb5-4fa4-a97d-d965ccfc6d4b" outcome="Passed" testListId="8c84fa94-04c1-424b-9868-57a2d4851a1d" relativeResultsDirectory="7d2b6615-d6f2-414d-b305-f442994a0352" />
    <UnitTestResult executionId="901ed1e8-ce47-4f00-93ce-ddcbff9ccbe9" testId="31430182-c2f1-a734-65ce-7bc03ea943dd" testName="Resonance.Tests.BattleSimTests.WikiTsFormula" computerName="DESKTOP-AKI3LSA" duration="00:00:00.0000590" startTime="2026-09-20T17:56:45.7737563+08:00" endTime="2026-09-20T17:56:45.7737563+08:00" testType="13cdc9d9-ddb5-4fa4-a97d-d965ccfc6d4b" outcome="Passed" testListId="8c84fa94-04c1-424b-9868-57a2d4851a1d" relativeResultsDirectory="901ed1e8-ce47-4f00-93ce-ddcbff9ccbe9" />
    <UnitTestResult executionId="13ff5777-1e79-49dd-a25e-2022df288c4c" testId="314cea74-cf47-c5b9-0628-cfef44ef2659" testName="Resonance.Tests.G2A53IdentityTests.T03_SingleFieldChange_FlipsBattleContentIdentity(field: &quot;SourceTier&quot;)" computerName="DESKTOP-AKI3LSA" duration="00:00:00.0015492" startTime="2026-09-20T17:56:45.9324670+08:00" endTime="2026-09-20T17:56:45.9324672+08:00" testType="13cdc9d9-ddb5-4fa4-a97d-d965ccfc6d4b" outcome="Passed" testListId="8c84fa94-04c1-424b-9868-57a2d4851a1d" relativeResultsDirectory="13ff5777-1e79-49dd-a25e-2022df288c4c" />
    <UnitTestResult executionId="300fe058-1403-4022-a113-475fead3a201" testId="354f5bed-2708-4dbc-843d-2a30d596b48a" testName="Resonance.Tests.G2RecheckProvenanceTests.P01_DesignPlaceholderDrive_ComputedTrue_MeasuredFalse" computerName="DESKTOP-AKI3LSA" duration="00:00:00.0001647" startTime="2026-09-20T17:56:45.8324445+08:00" endTime="2026-09-20T17:56:45.8324446+08:00" testType="13cdc9d9-ddb5-4fa4-a97d-d965ccfc6d4b" outcome="Passed" testListId="8c84fa94-04c1-424b-9868-57a2d4851a1d" relativeResultsDirectory="300fe058-1403-4022-a113-475fead3a201" />
    <UnitTestResult executionId="bba0d833-94db-4b0d-b9fe-79608333e087" testId="756a6766-5a88-d80b-870f-e7a058ed89ba" testName="Resonance.Tests.G2ReviewRngReplayTests.R03_ForceNoCrit_IsFixtureOnly" computerName="DESKTOP-AKI3LSA" duration="00:00:00.0023420" startTime="2026-09-20T17:56:45.6254045+08:00" endTime="2026-09-20T17:56:45.6254047+08:00" testType="13cdc9d9-ddb5-4fa4-a97d-d965ccfc6d4b" outcome="Passed" testListId="8c84fa94-04c1-424b-9868-57a2d4851a1d" relativeResultsDirectory="bba0d833-94db-4b0d-b9fe-79608333e087" />
    <UnitTestResult executionId="06a0e3f9-bc60-461d-a6f6-a8ab895c7599" testId="386bcf34-fdd8-23b9-3203-ed7cd0340060" testName="Resonance.Tests.M1ClockModeTests.StayHeldFreezesManualAndFull" computerName="DESKTOP-AKI3LSA" duration="00:00:00.0027500" startTime="2026-09-20T17:56:45.5375785+08:00" endTime="2026-09-20T17:56:45.5375786+08:00" testType="13cdc9d9-ddb5-4fa4-a97d-d965ccfc6d4b" outcome="Passed" testListId="8c84fa94-04c1-424b-9868-57a2d4851a1d" relativeResultsDirectory="06a0e3f9-bc60-461d-a6f6-a8ab895c7599" />
    <UnitTestResult executionId="d7d70410-b4e4-4443-bbf7-ce7948986a84" testId="54dea85b-b075-4ce6-ccf5-9d54b379c35a" testName="Resonance.Tests.BattleSimTests.AutoTapFiresDriveWhenReady" computerName="DESKTOP-AKI3LSA" duration="00:00:00.0007765" startTime="2026-09-20T17:56:45.7583184+08:00" endTime="2026-09-20T17:56:45.7583185+08:00" testType="13cdc9d9-ddb5-4fa4-a97d-d965ccfc6d4b" outcome="Passed" testListId="8c84fa94-04c1-424b-9868-57a2d4851a1d" relativeResultsDirectory="d7d70410-b4e4-4443-bbf7-ce7948986a84" />
    <UnitTestResult executionId="1d2dfd2d-f01b-404c-afbb-4ec9aad0f6ce" testId="f35ad794-315e-2abe-3573-6f51c7ca499e" testName="Resonance.Tests.G2ReviewEffectLifecycleTests.Silence_BlocksSkillInputButNotAutoAttack" computerName="DESKTOP-AKI3LSA" duration="00:00:00.0010472" startTime="2026-09-20T17:56:47.3049488+08:00" endTime="2026-09-20T17:56:47.3049489+08:00" testType="13cdc9d9-ddb5-4fa4-a97d-d965ccfc6d4b" outcome="Passed" testListId="8c84fa94-04c1-424b-9868-57a2d4851a1d" relativeResultsDirectory="1d2dfd2d-f01b-404c-afbb-4ec9aad0f6ce" />
    <UnitTestResult executionId="a7e605cc-38f4-44e8-a64d-317d646ed20f" testId="ea37e951-935f-6a44-18e9-e110ec785727" testName="Resonance.Tests.BattleSimTests.BattleSimFoodAtkMulRaisesAllyAtk" computerName="DESKTOP-AKI3LSA" duration="00:00:00.0002921" startTime="2026-09-20T17:56:45.7892698+08:00" endTime="2026-09-20T17:56:45.7892698+08:00" testType="13cdc9d9-ddb5-4fa4-a97d-d965ccfc6d4b" outcome="Passed" testListId="8c84fa94-04c1-424b-9868-57a2d4851a1d" relativeResultsDirectory="a7e605cc-38f4-44e8-a64d-317d646ed20f" />
    <UnitTestResult executionId="3acc4426-8fe7-48f9-8c76-d71079545d50" testId="2ac2c478-67e4-da21-025d-72d7b8ebfe32" testName="Resonance.Tests.G2A53JsonHasTargetTests.T04_HasTargetTrue_WithLegalTarget" computerName="DESKTOP-AKI3LSA" duration="00:00:00.0017621" startTime="2026-09-20T17:56:45.9412152+08:00" endTime="2026-09-20T17:56:45.9412153+08:00" testType="13cdc9d9-ddb5-4fa4-a97d-d965ccfc6d4b" outcome="Passed" testListId="8c84fa94-04c1-424b-9868-57a2d4851a1d" relativeResultsDirectory="3acc4426-8fe7-48f9-8c76-d71079545d50" />
    <UnitTestResult executionId="87b4803c-f94b-4658-b38d-ad0a9552e7bb" testId="0fc3f077-b416-e3f3-91fa-ce4c800546d3" testName="Resonance.Tests.G2ReviewReplayTests.R02_SeedAndCommands_ReplayStateAndEvents" computerName="DESKTOP-AKI3LSA" duration="00:00:00.0031336" startTime="2026-09-20T17:56:47.3170703+08:00" endTime="2026-09-20T17:56:47.3170703+08:00" testType="13cdc9d9-ddb5-4fa4-a97d-d965ccfc6d4b" outcome="Passed" testListId="8c84fa94-04c1-424b-9868-57a2d4851a1d" relativeResultsDirectory="87b4803c-f94b-4658-b38d-ad0a9552e7bb" />
    <UnitTestResult executionId="83b606b3-0a75-4f55-a37b-e66f04ad47a8" testId="ebbf0d9d-07d2-f4d1-a736-e4577f705a99" testName="Resonance.Tests.G2C3OpeningInputTests.C3_T2_FrozenInputs_IgnoreCallerMutation_LegacyIncompleteLabels" computerName="DESKTOP-AKI3LSA" duration="00:00:00.3934260" startTime="2026-09-20T17:56:47.1440779+08:00" endTime="2026-09-20T17:56:47.1440780+08:00" testType="13cdc9d9-ddb5-4fa4-a97d-d965ccfc6d4b" outcome="Passed" testListId="8c84fa94-04c1-424b-9868-57a2d4851a1d" relativeResultsDirectory="83b606b3-0a75-4f55-a37b-e66f04ad47a8" />
    <UnitTestResult executionId="feace8f9-0d16-459c-bc5b-a2be21313ba8" testId="cd2dc97a-4daf-4c4c-5339-37f491ae136c" testName="Resonance.Tests.G2ReviewQteClockTests.Q01_Qte_OneAuthoritativeClock(speed: 3)" computerName="DESKTOP-AKI3LSA" duration="00:00:00.0003557" startTime="2026-09-20T17:56:47.2942824+08:00" endTime="2026-09-20T17:56:47.2942826+08:00" testType="13cdc9d9-ddb5-4fa4-a97d-d965ccfc6d4b" outcome="Passed" testListId="8c84fa94-04c1-424b-9868-57a2d4851a1d" relativeResultsDirectory="feace8f9-0d16-459c-bc5b-a2be21313ba8" />
    <UnitTestResult executionId="7ea2a727-ca24-4996-b5a8-c6617c440716" testId="5455ded9-9691-d4d6-1ae9-356cd41e9fc7" testName="Resonance.Tests.G2TerminalFeverReplayTests.InvalidTerminalCommandOffsets_AreRejected(corruption: &quot;beyond&quot;)" computerName="DESKTOP-AKI3LSA" duration="00:00:00.0010803" startTime="2026-09-20T17:56:47.2464881+08:00" endTime="2026-09-20T17:56:47.2464881+08:00" testType="13cdc9d9-ddb5-4fa4-a97d-d965ccfc6d4b" outcome="Passed" testListId="8c84fa94-04c1-424b-9868-57a2d4851a1d" relativeResultsDirectory="7ea2a727-ca24-4996-b5a8-c6617c440716" />
    <UnitTestResult executionId="255cfbce-a453-4a2e-bc65-bfc35f45d123" testId="d54c6ba7-9793-4b26-edda-bfd627a9ee16" testName="Resonance.Tests.BattleSimTests.RebuiltDriveSiblingFormula" computerName="DESKTOP-AKI3LSA" duration="00:00:00.0000575" startTime="2026-09-20T17:56:45.8237921+08:00" endTime="2026-09-20T17:56:45.8237922+08:00" testType="13cdc9d9-ddb5-4fa4-a97d-d965ccfc6d4b" outcome="Passed" testListId="8c84fa94-04c1-424b-9868-57a2d4851a1d" relativeResultsDirectory="255cfbce-a453-4a2e-bc65-bfc35f45d123" />
    <UnitTestResult executionId="63068cc4-5ac8-4623-a3d4-0f2c598a99fe" testId="243ac681-7395-1335-c86f-16dc048928d6" testName="Resonance.Tests.M1EffectOrderTests.UnimplementedReflectFails" computerName="DESKTOP-AKI3LSA" duration="00:00:00.0006733" startTime="2026-09-20T17:56:45.8683757+08:00" endTime="2026-09-20T17:56:45.8683758+08:00" testType="13cdc9d9-ddb5-4fa4-a97d-d965ccfc6d4b" outcome="Passed" testListId="8c84fa94-04c1-424b-9868-57a2d4851a1d" relativeResultsDirectory="63068cc4-5ac8-4623-a3d4-0f2c598a99fe" />
    <UnitTestResult executionId="f2c1ce18-ff19-49f9-beeb-66abbb8f91fd" testId="6932dfdb-7f50-a647-1f45-b7217daf1f13" testName="Resonance.Tests.G2TerminalFeverReplayTests.MalformedBoundaryRows_AreRejected(replacement: &quot;{\&quot;rec\&quot;:\&quot;boundary\&quot;,\&quot;battleTickIndex\&quot;:1}&quot;)" computerName="DESKTOP-AKI3LSA" duration="00:00:00.0007814" startTime="2026-09-20T17:56:47.2630483+08:00" endTime="2026-09-20T17:56:47.2630484+08:00" testType="13cdc9d9-ddb5-4fa4-a97d-d965ccfc6d4b" outcome="Passed" testListId="8c84fa94-04c1-424b-9868-57a2d4851a1d" relativeResultsDirectory="f2c1ce18-ff19-49f9-beeb-66abbb8f91fd" />
    <UnitTestResult executionId="635557b3-b3be-4d2a-85bb-f0d50990c136" testId="699f53c7-d5ad-7787-c99e-b9f302db3670" testName="Resonance.Tests.G2C2HoldPolicyTests.C2_T1_HoldSimSetter_IsNotPublic" computerName="DESKTOP-AKI3LSA" duration="00:00:00.0001871" startTime="2026-09-20T17:56:46.3915582+08:00" endTime="2026-09-20T17:56:46.3915582+08:00" testType="13cdc9d9-ddb5-4fa4-a97d-d965ccfc6d4b" outcome="Passed" testListId="8c84fa94-04c1-424b-9868-57a2d4851a1d" relativeResultsDirectory="635557b3-b3be-4d2a-85bb-f0d50990c136" />
    <UnitTestResult executionId="706f313d-0616-40eb-ba13-f9cbf8f4b4c9" testId="1d7d4ab2-3945-3a94-0dc3-441366a38ca8" testName="Resonance.Tests.BattleSimTests.SameSeedSameLog" computerName="DESKTOP-AKI3LSA" duration="00:00:00.0013962" startTime="2026-09-20T17:56:45.7573003+08:00" endTime="2026-09-20T17:56:45.7573004+08:00" testType="13cdc9d9-ddb5-4fa4-a97d-d965ccfc6d4b" outcome="Passed" testListId="8c84fa94-04c1-424b-9868-57a2d4851a1d" relativeResultsDirectory="706f313d-0616-40eb-ba13-f9cbf8f4b4c9" />
    <UnitTestResult executionId="32c0ec39-2bc0-4835-888c-7f4f2a5badf8" testId="ca72befc-9224-5abc-ea18-9696d541130b" testName="Resonance.Tests.M1CoreSliceTests.EventLogHashIsStableForSameSeed" computerName="DESKTOP-AKI3LSA" duration="00:00:00.0010629" startTime="2026-09-20T17:56:45.8664056+08:00" endTime="2026-09-20T17:56:45.8664056+08:00" testType="13cdc9d9-ddb5-4fa4-a97d-d965ccfc6d4b" outcome="Passed" testListId="8c84fa94-04c1-424b-9868-57a2d4851a1d" relativeResultsDirectory="32c0ec39-2bc0-4835-888c-7f4f2a5badf8" />
    <UnitTestResult executionId="6a65cd6c-4c21-44f7-aa6b-eddcb83ba11b" testId="5689d1fd-201e-15eb-de17-e15294a77d77" testName="Resonance.Tests.G2ReviewCapabilityTests.UnsupportedEffectKindRejectedBeforePlay" computerName="DESKTOP-AKI3LSA" duration="00:00:00.0016366" startTime="2026-09-20T17:56:47.3133801+08:00" endTime="2026-09-20T17:56:47.3133802+08:00" testType="13cdc9d9-ddb5-4fa4-a97d-d965ccfc6d4b" outcome="Passed" testListId="8c84fa94-04c1-424b-9868-57a2d4851a1d" relativeResultsDirectory="6a65cd6c-4c21-44f7-aa6b-eddcb83ba11b" />
    <UnitTestResult executionId="3ea0fbc4-c3d1-4214-82f5-6be66f7fa30b" testId="efbf25b2-8999-d393-f86c-0398db9b6459" testName="Resonance.Tests.G2ReviewEffectLifecycleTests.E04_PeriodicWithoutPeriodNeverTicks" computerName="DESKTOP-AKI3LSA" duration="00:00:00.0007090" startTime="2026-09-20T17:56:47.3073163+08:00" endTime="2026-09-20T17:56:47.3073163+08:00" testType="13cdc9d9-ddb5-4fa4-a97d-d965ccfc6d4b" outcome="Passed" testListId="8c84fa94-04c1-424b-9868-57a2d4851a1d" relativeResultsDirectory="3ea0fbc4-c3d1-4214-82f5-6be66f7fa30b" />
    <UnitTestResult executionId="9704ae2a-be1b-4eb7-bf88-ca1499d35ef5" testId="8c4c791c-ee96-fecd-1a34-304d1653e8f6" testName="Resonance.Tests.G2A53EvidenceTests.T06_Begin_BindsSimAndFreezesHeader" computerName="DESKTOP-AKI3LSA" duration="00:00:00.0007788" startTime="2026-09-20T17:56:45.9257756+08:00" endTime="2026-09-20T17:56:45.9257758+08:00" testType="13cdc9d9-ddb5-4fa4-a97d-d965ccfc6d4b" outcome="Passed" testListId="8c84fa94-04c1-424b-9868-57a2d4851a1d" relativeResultsDirectory="9704ae2a-be1b-4eb7-bf88-ca1499d35ef5" />
    <UnitTestResult executionId="a4c25902-d6bc-425e-9b12-f8358eb9c587" testId="da05f7b8-bb13-690e-c99d-88db29c0b6ee" testName="Resonance.Tests.BattleSimTests.NakedTeamClearsOpeningNotFinale" computerName="DESKTOP-AKI3LSA" duration="00:00:00.0038966" startTime="2026-09-20T17:56:45.8227568+08:00" endTime="2026-09-20T17:56:45.8227571+08:00" testType="13cdc9d9-ddb5-4fa4-a97d-d965ccfc6d4b" outcome="Passed" testListId="8c84fa94-04c1-424b-9868-57a2d4851a1d" relativeResultsDirectory="a4c25902-d6bc-425e-9b12-f8358eb9c587" />
    <UnitTestResult executionId="01d6d04d-ef59-436a-bf3d-b03c30873c30" testId="07db9d37-54f1-1082-368d-6c44ab47b4bb" testName="Resonance.Tests.G2TerminalFeverReplayTests.TerminalClock_DoesNotDealDamageOrEmitAnotherResult(auto: Full)" computerName="DESKTOP-AKI3LSA" duration="00:00:00.0011730" startTime="2026-09-20T17:56:47.2699242+08:00" endTime="2026-09-20T17:56:47.2699242+08:00" testType="13cdc9d9-ddb5-4fa4-a97d-d965ccfc6d4b" outcome="Passed" testListId="8c84fa94-04c1-424b-9868-57a2d4851a1d" relativeResultsDirectory="01d6d04d-ef59-436a-bf3d-b03c30873c30" />
    <UnitTestResult executionId="bd22d4b7-446e-437f-ad28-d9363efd02ba" testId="09f0f15f-8949-c87e-83ca-80aa4ee42643" testName="Resonance.Tests.G2TerminalFeverReplayTests.InvalidTerminalCommandOffsets_AreRejected(corruption: &quot;missing&quot;)" computerName="DESKTOP-AKI3LSA" duration="00:00:00.0011646" startTime="2026-09-20T17:56:47.2453572+08:00" endTime="2026-09-20T17:56:47.2453574+08:00" testType="13cdc9d9-ddb5-4fa4-a97d-d965ccfc6d4b" outcome="Passed" testListId="8c84fa94-04c1-424b-9868-57a2d4851a1d" relativeResultsDirectory="bd22d4b7-446e-437f-ad28-d9363efd02ba" />
    <UnitTestResult executionId="f17fafab-f5ee-40a3-ad0e-d140f09c1b65" testId="bd68fa6c-a904-54f6-a7ad-1de7418b2c8d" testName="Resonance.Tests.G2A53JsonHasTargetTests.T04_HasTargetTrueWithoutTarget_MustErrorNotBecomeSelf" computerName="DESKTOP-AKI3LSA" duration="00:00:00.0007779" startTime="2026-09-20T17:56:45.9467411+08:00" endTime="2026-09-20T17:56:45.9467411+08:00" testType="13cdc9d9-ddb5-4fa4-a97d-d965ccfc6d4b" outcome="Passed" testListId="8c84fa94-04c1-424b-9868-57a2d4851a1d" relativeResultsDirectory="f17fafab-f5ee-40a3-ad0e-d140f09c1b65" />
    <UnitTestResult executionId="fd97dd87-6010-431d-a295-c05519e286dc" testId="917165d5-951a-97b4-8f77-7f1164897506" testName="Resonance.Tests.M1TargetingTests.MultiHitRetargetsAfterFocusedEnemyDiesMidSkill" computerName="DESKTOP-AKI3LSA" duration="00:00:00.0004520" startTime="2026-09-20T17:56:45.8614776+08:00" endTime="2026-09-20T17:56:45.8614778+08:00" testType="13cdc9d9-ddb5-4fa4-a97d-d965ccfc6d4b" outcome="Passed" testListId="8c84fa94-04c1-424b-9868-57a2d4851a1d" relativeResultsDirectory="fd97dd87-6010-431d-a295-c05519e286dc" />
    <UnitTestResult executionId="986fafed-c91c-480c-9178-ed18b47e2c05" testId="1c2f9507-6fa7-61d2-1de9-09b3869fa861" testName="Resonance.Tests.M1CoreSliceTests.AutoChannelIsNotTap" computerName="DESKTOP-AKI3LSA" duration="00:00:00.0001432" startTime="2026-09-20T17:56:45.8643655+08:00" endTime="2026-09-20T17:56:45.8643656+08:00" testType="13cdc9d9-ddb5-4fa4-a97d-d965ccfc6d4b" outcome="Passed" testListId="8c84fa94-04c1-424b-9868-57a2d4851a1d" relativeResultsDirectory="986fafed-c91c-480c-9178-ed18b47e2c05" />
    <UnitTestResult executionId="69f8c5bc-f310-46ad-a2c2-989997de1f8d" testId="c07a8759-a5f0-1bbc-c1bd-6c72321a43d5" testName="Resonance.Tests.G2A53IdentityTests.T03_IdenticalConfig_IdentityStable" computerName="DESKTOP-AKI3LSA" duration="00:00:00.0014847" startTime="2026-09-20T17:56:45.9392779+08:00" endTime="2026-09-20T17:56:45.9392780+08:00" testType="13cdc9d9-ddb5-4fa4-a97d-d965ccfc6d4b" outcome="Passed" testListId="8c84fa94-04c1-424b-9868-57a2d4851a1d" relativeResultsDirectory="69f8c5bc-f310-46ad-a2c2-989997de1f8d" />
    <UnitTestResult executionId="322389ba-8512-4767-8e79-319be6c70fe8" testId="111cd5d8-5afd-0ce3-d209-0a433e3f5668" testName="Resonance.Tests.BattleSimTests.CartaCatalogCoversOneFiveSix" computerName="DESKTOP-AKI3LSA" duration="00:00:00.0002421" startTime="2026-09-20T17:56:45.7878091+08:00" endTime="2026-09-20T17:56:45.7878092+08:00" testType="13cdc9d9-ddb5-4fa4-a97d-d965ccfc6d4b" outcome="Passed" testListId="8c84fa94-04c1-424b-9868-57a2d4851a1d" relativeResultsDirectory="322389ba-8512-4767-8e79-319be6c70fe8" />
    <UnitTestResult executionId="a48917f0-407e-414d-a8e3-0f9dabe0f208" testId="2438836c-0167-f930-69ec-0a6046f10163" testName="Resonance.Tests.BattleSimTests.DiskKeepsPartyStageGear" computerName="DESKTOP-AKI3LSA" duration="00:00:00.0049971" startTime="2026-09-20T17:56:45.8082801+08:00" endTime="2026-09-20T17:56:45.8082803+08:00" testType="13cdc9d9-ddb5-4fa4-a97d-d965ccfc6d4b" outcome="Passed" testListId="8c84fa94-04c1-424b-9868-57a2d4851a1d" relativeResultsDirectory="a48917f0-407e-414d-a8e3-0f9dabe0f208" />
    <UnitTestResult executionId="66a6a2d5-c4af-4d4f-bf09-79211f4e32c3" testId="a37fd22c-e9a0-bbb0-a938-d5dec2824a9e" testName="Resonance.Tests.G2RecheckQteClockTests.Q02_QteTimeoutRestoreTick_Speed3_OppositeScalePolicies" computerName="DESKTOP-AKI3LSA" duration="00:00:00.0011723" startTime="2026-09-20T17:56:45.6915497+08:00" endTime="2026-09-20T17:56:45.6915498+08:00" testType="13cdc9d9-ddb5-4fa4-a97d-d965ccfc6d4b" outcome="Passed" testListId="8c84fa94-04c1-424b-9868-57a2d4851a1d" relativeResultsDirectory="66a6a2d5-c4af-4d4f-bf09-79211f4e32c3" />
    <UnitTestResult executionId="b36ca564-2155-4801-aab6-8388f20e4435" testId="4c9f2ec0-0dbf-2904-0452-2ff2a530d9c4" testName="Resonance.Tests.G2TerminalFeverReplayTests.PartialTerminalSnapshot_ReplaysOnlyTheRecordedClockCalls" computerName="DESKTOP-AKI3LSA" duration="00:00:00.0012372" startTime="2026-09-20T17:56:47.2490985+08:00" endTime="2026-09-20T17:56:47.2490986+08:00" testType="13cdc9d9-ddb5-4fa4-a97d-d965ccfc6d4b" outcome="Passed" testListId="8c84fa94-04c1-424b-9868-57a2d4851a1d" relativeResultsDirectory="b36ca564-2155-4801-aab6-8388f20e4435" />
    <UnitTestResult executionId="6bc31b00-6833-4adc-ab81-a4564bebd1b2" testId="42726b11-bd75-78e9-0498-837ac641ae3c" testName="Resonance.Tests.BattleSimTests.BuffBoardHasNinetyThree" computerName="DESKTOP-AKI3LSA" duration="00:00:00.0002507" startTime="2026-09-20T17:56:45.7422806+08:00" endTime="2026-09-20T17:56:45.7422807+08:00" testType="13cdc9d9-ddb5-4fa4-a97d-d965ccfc6d4b" outcome="Passed" testListId="8c84fa94-04c1-424b-9868-57a2d4851a1d" relativeResultsDirectory="6bc31b00-6833-4adc-ab81-a4564bebd1b2" />
    <UnitTestResult executionId="8fabdc05-dba1-4d95-afc0-8dea452666bc" testId="6652c220-1732-1d1a-a659-0edf9c1c5f80" testName="Resonance.Tests.BattleSimTests.ManualDriveQteTimesOut" computerName="DESKTOP-AKI3LSA" duration="00:00:00.0006588" startTime="2026-09-20T17:56:45.7525665+08:00" endTime="2026-09-20T17:56:45.7525665+08:00" testType="13cdc9d9-ddb5-4fa4-a97d-d965ccfc6d4b" outcome="Passed" testListId="8c84fa94-04c1-424b-9868-57a2d4851a1d" relativeResultsDirectory="8fabdc05-dba1-4d95-afc0-8dea452666bc" />
    <UnitTestResult executionId="3cf31fcf-42c0-4406-abc2-0e15496a33a7" testId="0e1df0e6-5bef-a26d-6284-761e6049d6da" testName="Resonance.Tests.G2TerminalFeverReplayTests.ActiveTerminalSnapshot_DoesNotAdvanceFeverBeyondTheRecord" computerName="DESKTOP-AKI3LSA" duration="00:00:00.0013364" startTime="2026-09-20T17:56:47.2746585+08:00" endTime="2026-09-20T17:56:47.2746585+08:00" testType="13cdc9d9-ddb5-4fa4-a97d-d965ccfc6d4b" outcome="Passed" testListId="8c84fa94-04c1-424b-9868-57a2d4851a1d" relativeResultsDirectory="3cf31fcf-42c0-4406-abc2-0e15496a33a7" />
    <UnitTestResult executionId="343af68e-febe-459a-96e4-2583cd002c6f" testId="1a73f357-7186-3003-0ab6-0460f60d3d17" testName="Resonance.Tests.G2TerminalFeverReplayTests.TerminalClock_DoesNotDealDamageOrEmitAnotherResult(auto: Semi)" computerName="DESKTOP-AKI3LSA" duration="00:00:00.0011332" startTime="2026-09-20T17:56:47.2711079+08:00" endTime="2026-09-20T17:56:47.2711079+08:00" testType="13cdc9d9-ddb5-4fa4-a97d-d965ccfc6d4b" outcome="Passed" testListId="8c84fa94-04c1-424b-9868-57a2d4851a1d" relativeResultsDirectory="343af68e-febe-459a-96e4-2583cd002c6f" />
    <UnitTestResult executionId="42d29d66-67dd-4e1f-b3a6-ea258497801b" testId="14c0dc22-fcde-7d98-7fd6-5294a9e713b2" testName="Resonance.Tests.G2RecheckEffectPathTests.E03_EnemySilence_BlocksTapSlide_AutoAttackStillRuns" computerName="DESKTOP-AKI3LSA" duration="00:00:00.0008308" startTime="2026-09-20T17:56:47.1770916+08:00" endTime="2026-09-20T17:56:47.1770917+08:00" testType="13cdc9d9-ddb5-4fa4-a97d-d965ccfc6d4b" outcome="Passed" testListId="8c84fa94-04c1-424b-9868-57a2d4851a1d" relativeResultsDirectory="42d29d66-67dd-4e1f-b3a6-ea258497801b" />
    <UnitTestResult executionId="00af1152-8912-44d0-a007-b45853cf0c45" testId="2eaba2f4-d43e-720b-41f8-08d11db2ea8e" testName="Resonance.Tests.BattleSimTests.PerfectDrivesReachFever" computerName="DESKTOP-AKI3LSA" duration="00:00:00.0002651" startTime="2026-09-20T17:56:45.7530353+08:00" endTime="2026-09-20T17:56:45.7530354+08:00" testType="13cdc9d9-ddb5-4fa4-a97d-d965ccfc6d4b" outcome="Passed" testListId="8c84fa94-04c1-424b-9868-57a2d4851a1d" relativeResultsDirectory="00af1152-8912-44d0-a007-b45853cf0c45" />
    <UnitTestResult executionId="67bac775-2928-40fb-8a8d-80591cae34e3" testId="0b5466a0-f5f0-9eaa-1d1f-aa2cdf10dbeb" testName="Resonance.Tests.M1CoreSliceTests.ControlPausesChargeButSlideCdContinues" computerName="DESKTOP-AKI3LSA" duration="00:00:00.0004973" startTime="2026-09-20T17:56:45.8669567+08:00" endTime="2026-09-20T17:56:45.8669567+08:00" testType="13cdc9d9-ddb5-4fa4-a97d-d965ccfc6d4b" outcome="Passed" testListId="8c84fa94-04c1-424b-9868-57a2d4851a1d" relativeResultsDirectory="67bac775-2928-40fb-8a8d-80591cae34e3" />
    <UnitTestResult executionId="f113ff9c-938d-499c-ac68-1b197b2c3505" testId="0873813e-dd4c-31a3-02d2-73aa12796760" testName="Resonance.Tests.G2TerminalFeverReplayTests.TamperedExpectedTickIndex_CannotChangeTheReplayBoundary" computerName="DESKTOP-AKI3LSA" duration="00:00:00.0021300" startTime="2026-09-20T17:56:47.2573458+08:00" endTime="2026-09-20T17:56:47.2573459+08:00" testType="13cdc9d9-ddb5-4fa4-a97d-d965ccfc6d4b" outcome="Passed" testListId="8c84fa94-04c1-424b-9868-57a2d4851a1d" relativeResultsDirectory="f113ff9c-938d-499c-ac68-1b197b2c3505" />
    <UnitTestResult executionId="361c50da-85ff-464f-9c1b-876d80cd120b" testId="894d5959-47cc-7f06-1324-5723cc399a6b" testName="Resonance.Tests.G2RecheckEffectPathTests.E02_ChargeAmount_AllAllies_ViaSkillDefSubmit" computerName="DESKTOP-AKI3LSA" duration="00:00:00.0007226" startTime="2026-09-20T17:56:47.1780830+08:00" endTime="2026-09-20T17:56:47.1780830+08:00" testType="13cdc9d9-ddb5-4fa4-a97d-d965ccfc6d4b" outcome="Passed" testListId="8c84fa94-04c1-424b-9868-57a2d4851a1d" relativeResultsDirectory="361c50da-85ff-464f-9c1b-876d80cd120b" />
    <UnitTestResult executionId="2bc4b760-628f-4e68-8205-761deb786a7d" testId="371586f3-2fca-daf6-9b20-66f2fee1a1c9" testName="Resonance.Tests.BattleSimTests.DriveUsesSiblingNotTap" computerName="DESKTOP-AKI3LSA" duration="00:00:00.0000765" startTime="2026-09-20T17:56:45.8243567+08:00" endTime="2026-09-20T17:56:45.8243569+08:00" testType="13cdc9d9-ddb5-4fa4-a97d-d965ccfc6d4b" outcome="Passed" testListId="8c84fa94-04c1-424b-9868-57a2d4851a1d" relativeResultsDirectory="2bc4b760-628f-4e68-8205-761deb786a7d" />
    <UnitTestResult executionId="9f7007d5-3038-49c6-b2f7-81d4fcb7299e" testId="8f1f69b3-d63f-6227-da14-2ddaff931e86" testName="Resonance.Tests.BattleSimTests.IgnitionStopsAreSixNodes" computerName="DESKTOP-AKI3LSA" duration="00:00:00.0002872" startTime="2026-09-20T17:56:45.7303939+08:00" endTime="2026-09-20T17:56:45.7303941+08:00" testType="13cdc9d9-ddb5-4fa4-a97d-d965ccfc6d4b" outcome="Passed" testListId="8c84fa94-04c1-424b-9868-57a2d4851a1d" relativeResultsDirectory="9f7007d5-3038-49c6-b2f7-81d4fcb7299e" />
    <UnitTestResult executionId="810db481-e86d-461b-a47b-3c3ea19a4e25" testId="1d2a97bf-269a-9145-4869-e721819a844c" testName="Resonance.Tests.G2A53IsolationTests.T07_AssemblyDisablesTestParallelization" computerName="DESKTOP-AKI3LSA" duration="00:00:00.0002385" startTime="2026-09-20T17:56:45.8530606+08:00" endTime="2026-09-20T17:56:45.8530608+08:00" testType="13cdc9d9-ddb5-4fa4-a97d-d965ccfc6d4b" outcome="Passed" testListId="8c84fa94-04c1-424b-9868-57a2d4851a1d" relativeResultsDirectory="810db481-e86d-461b-a47b-3c3ea19a4e25" />
    <UnitTestResult executionId="a07782a8-6467-4d50-92fb-108aa20925dd" testId="335c3dfe-46f1-c26f-7ba1-92f578144b20" testName="Resonance.Tests.BattleSimTests.RosterCoversFiveByFive" computerName="DESKTOP-AKI3LSA" duration="00:00:00.0008765" startTime="2026-09-20T17:56:45.7867446+08:00" endTime="2026-09-20T17:56:45.7867448+08:00" testType="13cdc9d9-ddb5-4fa4-a97d-d965ccfc6d4b" outcome="Passed" testListId="8c84fa94-04c1-424b-9868-57a2d4851a1d" relativeResultsDirectory="a07782a8-6467-4d50-92fb-108aa20925dd" />
    <UnitTestResult executionId="b8f3180e-f031-4999-b5c1-7b9975cd524e" testId="9e2aeecb-bfd9-901f-5412-ce5ed08fd3cf" testName="Resonance.Tests.VfxGoodWindowTests.PublishedPulse_IsNotWidened" computerName="DESKTOP-AKI3LSA" duration="00:00:00.0000342" startTime="2026-09-20T17:56:45.8717474+08:00" endTime="2026-09-20T17:56:45.8717475+08:00" testType="13cdc9d9-ddb5-4fa4-a97d-d965ccfc6d4b" outcome="Passed" testListId="8c84fa94-04c1-424b-9868-57a2d4851a1d" relativeResultsDirectory="b8f3180e-f031-4999-b5c1-7b9975cd524e" />
    <UnitTestResult executionId="9608786c-6449-49aa-9356-97ac9964b299" testId="a89be009-cc83-c256-f5a0-d0ff9d6a974e" testName="Resonance.Tests.BattleSimTests.BonusHitDoublesOnCrit" computerName="DESKTOP-AKI3LSA" duration="00:00:00.0000707" startTime="2026-09-20T17:56:45.7477602+08:00" endTime="2026-09-20T17:56:45.7477603+08:00" testType="13cdc9d9-ddb5-4fa4-a97d-d965ccfc6d4b" outcome="Passed" testListId="8c84fa94-04c1-424b-9868-57a2d4851a1d" relativeResultsDirectory="9608786c-6449-49aa-9356-97ac9964b299" />
    <UnitTestResult executionId="2f1d70c0-d768-459a-b5e5-065def554f73" testId="b9bb5b67-2375-ca58-d6f2-0eba4ad752bd" testName="Resonance.Tests.G2C2HoldPolicyTests.C2_T1_SlideHold_FreezesClocksThenReleases_AndReplays" computerName="DESKTOP-AKI3LSA" duration="00:00:00.0014652" startTime="2026-09-20T17:56:46.3931052+08:00" endTime="2026-09-20T17:56:46.3931059+08:00" testType="13cdc9d9-ddb5-4fa4-a97d-d965ccfc6d4b" outcome="Passed" testListId="8c84fa94-04c1-424b-9868-57a2d4851a1d" relativeResultsDirectory="2f1d70c0-d768-459a-b5e5-065def554f73" />
    <UnitTestResult executionId="b35de700-501b-4f18-813b-054e11d48b82" testId="e4100467-837e-c5fc-9227-81f88cabb91b" testName="Resonance.Tests.G2TerminalFeverReplayTests.TamperedExpectedOutcome_CannotPreventTheRecordedClockCalls" computerName="DESKTOP-AKI3LSA" duration="00:00:00.0024376" startTime="2026-09-20T17:56:47.2516121+08:00" endTime="2026-09-20T17:56:47.2516121+08:00" testType="13cdc9d9-ddb5-4fa4-a97d-d965ccfc6d4b" outcome="Passed" testListId="8c84fa94-04c1-424b-9868-57a2d4851a1d" relativeResultsDirectory="b35de700-501b-4f18-813b-054e11d48b82" />
    <UnitTestResult executionId="47744c51-e553-45d4-bf65-f7a2eeada0c2" testId="7bfeb162-ac03-7ecb-e322-27e3786ffa53" testName="Resonance.Tests.M1RepairQaTests.SlideDoesNotUseUniformVarianceRng" computerName="DESKTOP-AKI3LSA" duration="00:00:00.0007770" startTime="2026-09-20T17:56:45.5905549+08:00" endTime="2026-09-20T17:56:45.5905551+08:00" testType="13cdc9d9-ddb5-4fa4-a97d-d965ccfc6d4b" outcome="Passed" testListId="8c84fa94-04c1-424b-9868-57a2d4851a1d" relativeResultsDirectory="47744c51-e553-45d4-bf65-f7a2eeada0c2" />
    <UnitTestResult executionId="6ed0de84-cffe-44c2-abee-92daeefb04ee" testId="7618e09c-5e25-b126-5364-a7c292e5a480" testName="Resonance.Tests.BattleSimTests.FullAutoHonorsHoldSim" computerName="DESKTOP-AKI3LSA" duration="00:00:00.0004413" startTime="2026-09-20T17:56:45.7549872+08:00" endTime="2026-09-20T17:56:45.7549873+08:00" testType="13cdc9d9-ddb5-4fa4-a97d-d965ccfc6d4b" outcome="Passed" testListId="8c84fa94-04c1-424b-9868-57a2d4851a1d" relativeResultsDirectory="6ed0de84-cffe-44c2-abee-92daeefb04ee" />
    <UnitTestResult executionId="5980340d-4d6a-4a09-a1f7-1e78841cfbaf" testId="52ae38bd-9389-cc34-5735-b260b7118662" testName="Resonance.Tests.BattleSimTests.SemiAutoDoesNotFireDrive" computerName="DESKTOP-AKI3LSA" duration="00:00:00.0009424" startTime="2026-09-20T17:56:45.7472810+08:00" endTime="2026-09-20T17:56:45.7472811+08:00" testType="13cdc9d9-ddb5-4fa4-a97d-d965ccfc6d4b" outcome="Passed" testListId="8c84fa94-04c1-424b-9868-57a2d4851a1d" relativeResultsDirectory="5980340d-4d6a-4a09-a1f7-1e78841cfbaf" />
    <UnitTestResult executionId="2fcae829-5e9b-4f1e-8fe2-1331e672dbfe" testId="7ca8ace1-4b30-be12-736a-406464322922" testName="Resonance.Tests.GrowthRuntimeRoundingTests.NextBattleLevelTwo_PreservesRecordedUnityStats" computerName="DESKTOP-AKI3LSA" duration="00:00:00.0005092" startTime="2026-09-20T17:56:47.2883074+08:00" endTime="2026-09-20T17:56:47.2883074+08:00" testType="13cdc9d9-ddb5-4fa4-a97d-d965ccfc6d4b" outcome="Passed" testListId="8c84fa94-04c1-424b-9868-57a2d4851a1d" relativeResultsDirectory="2fcae829-5e9b-4f1e-8fe2-1331e672dbfe" />
    <UnitTestResult executionId="36c563a2-4ce0-469e-9683-4c437154de35" testId="cf3496a0-fa32-a3f2-cc4f-25202810129b" testName="Resonance.Tests.M1CoreSliceTests.PartyCapacityIsNotHardcodedFive" computerName="DESKTOP-AKI3LSA" duration="00:00:00.0005640" startTime="2026-09-20T17:56:45.8675717+08:00" endTime="2026-09-20T17:56:45.8675718+08:00" testType="13cdc9d9-ddb5-4fa4-a97d-d965ccfc6d4b" outcome="Passed" testListId="8c84fa94-04c1-424b-9868-57a2d4851a1d" relativeResultsDirectory="36c563a2-4ce0-469e-9683-4c437154de35" />
    <UnitTestResult executionId="40ed0f00-41dc-45e0-ab2b-12af95a64ffe" testId="68c1b055-4359-a534-bc80-88ed68b009a6" testName="Resonance.Tests.M1SaveIdempotencyTests.NextStageGrantsOnceReplayDoesNot" computerName="DESKTOP-AKI3LSA" duration="00:00:00.0003227" startTime="2026-09-20T17:56:45.6887516+08:00" endTime="2026-09-20T17:56:45.6887516+08:00" testType="13cdc9d9-ddb5-4fa4-a97d-d965ccfc6d4b" outcome="Passed" testListId="8c84fa94-04c1-424b-9868-57a2d4851a1d" relativeResultsDirectory="40ed0f00-41dc-45e0-ab2b-12af95a64ffe" />
    <UnitTestResult executionId="7444870c-e7c3-413e-8ca4-7f8c1f627f48" testId="b33b601d-2714-1d52-904e-bf790e7bdf3d" testName="Resonance.Tests.BattleSimTests.SlideAddsFourteenDrive" computerName="DESKTOP-AKI3LSA" duration="00:00:00.0001060" startTime="2026-09-20T17:56:45.7888517+08:00" endTime="2026-09-20T17:56:45.7888518+08:00" testType="13cdc9d9-ddb5-4fa4-a97d-d965ccfc6d4b" outcome="Passed" testListId="8c84fa94-04c1-424b-9868-57a2d4851a1d" relativeResultsDirectory="7444870c-e7c3-413e-8ca4-7f8c1f627f48" />
    <UnitTestResult executionId="420091ba-cd3e-49f0-926c-dad7ddd5437d" testId="ad19df66-3589-b3cd-ead4-9dbbf0dc3b77" testName="Resonance.Tests.G2ReviewEffectLifecycleTests.E02_PermanentShield_LivesUntilConsumed" computerName="DESKTOP-AKI3LSA" duration="00:00:00.0006692" startTime="2026-09-20T17:56:47.3017247+08:00" endTime="2026-09-20T17:56:47.3017248+08:00" testType="13cdc9d9-ddb5-4fa4-a97d-d965ccfc6d4b" outcome="Passed" testListId="8c84fa94-04c1-424b-9868-57a2d4851a1d" relativeResultsDirectory="420091ba-cd3e-49f0-926c-dad7ddd5437d" />
    <UnitTestResult executionId="d7cbc9b5-3c9e-43be-96ac-521d38ce3fdf" testId="e39e9435-e35f-bed0-c10b-b6d2ee40faa1" testName="Resonance.Tests.BattleSimTests.MvpChapterClearsOnAuto" computerName="DESKTOP-AKI3LSA" duration="00:00:00.0141338" startTime="2026-09-20T17:56:45.7731347+08:00" endTime="2026-09-20T17:56:45.7731350+08:00" testType="13cdc9d9-ddb5-4fa4-a97d-d965ccfc6d4b" outcome="Passed" testListId="8c84fa94-04c1-424b-9868-57a2d4851a1d" relativeResultsDirectory="d7cbc9b5-3c9e-43be-96ac-521d38ce3fdf" />
    <UnitTestResult executionId="60ee55ef-50d0-4aea-b21b-9571569a3e32" testId="c307c8c2-a818-5bf8-d288-3f6670182ce4" testName="Resonance.Tests.G2ReviewEffectLifecycleTests.E04_DotTriggers_DefaultsByKind" computerName="DESKTOP-AKI3LSA" duration="00:00:00.0003722" startTime="2026-09-20T17:56:47.3010099+08:00" endTime="2026-09-20T17:56:47.3010099+08:00" testType="13cdc9d9-ddb5-4fa4-a97d-d965ccfc6d4b" outcome="Passed" testListId="8c84fa94-04c1-424b-9868-57a2d4851a1d" relativeResultsDirectory="60ee55ef-50d0-4aea-b21b-9571569a3e32" />
    <UnitTestResult executionId="32fa034b-83b4-42a2-9afa-d7bc41bea08d" testId="f5333fca-9f97-5c2b-5060-9f22438ccfa0" testName="Resonance.Tests.BattleSimTests.PuppetCatalogIsCleanRoom220" computerName="DESKTOP-AKI3LSA" duration="00:00:00.0023577" startTime="2026-09-20T17:56:45.7300368+08:00" endTime="2026-09-20T17:56:45.7300371+08:00" testType="13cdc9d9-ddb5-4fa4-a97d-d965ccfc6d4b" outcome="Passed" testListId="8c84fa94-04c1-424b-9868-57a2d4851a1d" relativeResultsDirectory="32fa034b-83b4-42a2-9afa-d7bc41bea08d" />
    <UnitTestResult executionId="a98a8dae-cb22-412f-b038-d823d6349458" testId="375744bb-ac6c-7ddd-cc0c-43bb34eb089a" testName="Resonance.Tests.G2RecheckImportGateTests.V01_StatusApplyReflect_BlockedFromPlayableImport" computerName="DESKTOP-AKI3LSA" duration="00:00:00.0015037" startTime="2026-09-20T17:56:47.2212354+08:00" endTime="2026-09-20T17:56:47.2212355+08:00" testType="13cdc9d9-ddb5-4fa4-a97d-d965ccfc6d4b" outcome="Passed" testListId="8c84fa94-04c1-424b-9868-57a2d4851a1d" relativeResultsDirectory="a98a8dae-cb22-412f-b038-d823d6349458" />
    <UnitTestResult executionId="24b3e9eb-edad-4a99-8012-73a586a42a8d" testId="c62655a9-0d83-5bf7-c77b-dce1fab1d92b" testName="Resonance.Tests.G2C2HoldPolicyTests.C2_T1b_DriveCastHold_Replays" computerName="DESKTOP-AKI3LSA" duration="00:00:00.0022675" startTime="2026-09-20T17:56:46.3787621+08:00" endTime="2026-09-20T17:56:46.3787622+08:00" testType="13cdc9d9-ddb5-4fa4-a97d-d965ccfc6d4b" outcome="Passed" testListId="8c84fa94-04c1-424b-9868-57a2d4851a1d" relativeResultsDirectory="24b3e9eb-edad-4a99-8012-73a586a42a8d" />
    <UnitTestResult executionId="a3ef89a2-36da-48bc-ba6a-f224531ecf93" testId="7641fd0c-00a9-a877-6395-c3823f961299" testName="Resonance.Tests.GrowthRuntimeRoundingTests.CombinedModifiers_PreserveUnityMultiplierBoundary(level: 20, expected: 849)" computerName="DESKTOP-AKI3LSA" duration="00:00:00.0000035" startTime="2026-09-20T17:56:47.2885002+08:00" endTime="2026-09-20T17:56:47.2885002+08:00" testType="13cdc9d9-ddb5-4fa4-a97d-d965ccfc6d4b" outcome="Passed" testListId="8c84fa94-04c1-424b-9868-57a2d4851a1d" relativeResultsDirectory="a3ef89a2-36da-48bc-ba6a-f224531ecf93" />
    <UnitTestResult executionId="4f44d704-d84c-4e81-905c-4ac8349e38a3" testId="1f36a257-6ab9-1217-1cd6-8b7c410eb875" testName="Resonance.Tests.G2ReviewQteClockTests.Q04_ResolveWithoutPendingIsNoPending" computerName="DESKTOP-AKI3LSA" duration="00:00:00.0001849" startTime="2026-09-20T17:56:47.2959394+08:00" endTime="2026-09-20T17:56:47.2959396+08:00" testType="13cdc9d9-ddb5-4fa4-a97d-d965ccfc6d4b" outcome="Passed" testListId="8c84fa94-04c1-424b-9868-57a2d4851a1d" relativeResultsDirectory="4f44d704-d84c-4e81-905c-4ac8349e38a3" />
    <UnitTestResult executionId="90bb064f-5a18-47d2-bc6d-5619ddcf9759" testId="69d71424-d96c-713e-5e80-6902649d21bd" testName="Resonance.Tests.BattleSimTests.QteFeverMatchesPrimaryP0Tip" computerName="DESKTOP-AKI3LSA" duration="00:00:00.0001005" startTime="2026-09-20T17:56:45.7589279+08:00" endTime="2026-09-20T17:56:45.7589280+08:00" testType="13cdc9d9-ddb5-4fa4-a97d-d965ccfc6d4b" outcome="Passed" testListId="8c84fa94-04c1-424b-9868-57a2d4851a1d" relativeResultsDirectory="90bb064f-5a18-47d2-bc6d-5619ddcf9759" />
    <UnitTestResult executionId="f351c5cd-31be-4005-bf3b-a4e45637b298" testId="67093c0a-f107-4166-6c35-4e0b78a889b8" testName="Resonance.Tests.BattleSimTests.SlideIgnoresFeverMul" computerName="DESKTOP-AKI3LSA" duration="00:00:00.0001510" startTime="2026-09-20T17:56:45.7858039+08:00" endTime="2026-09-20T17:56:45.7858041+08:00" testType="13cdc9d9-ddb5-4fa4-a97d-d965ccfc6d4b" outcome="Passed" testListId="8c84fa94-04c1-424b-9868-57a2d4851a1d" relativeResultsDirectory="f351c5cd-31be-4005-bf3b-a4e45637b298" />
    <UnitTestResult executionId="4049beb5-d8a2-431c-bf42-a8a78db87f0d" testId="df9c3ea2-46dd-d705-9060-3eaa93ace9aa" testName="Resonance.Tests.M1ClockModeTests.FullAutoCastsDriveAfterHoldClears" computerName="DESKTOP-AKI3LSA" duration="00:00:00.0004697" startTime="2026-09-20T17:56:45.5779503+08:00" endTime="2026-09-20T17:56:45.5779504+08:00" testType="13cdc9d9-ddb5-4fa4-a97d-d965ccfc6d4b" outcome="Passed" testListId="8c84fa94-04c1-424b-9868-57a2d4851a1d" relativeResultsDirectory="4049beb5-d8a2-431c-bf42-a8a78db87f0d" />
    <UnitTestResult executionId="e495aea1-fa88-4cfd-bc45-d6cadd7beed9" testId="bf212605-9deb-3cec-87ec-e8c59541e250" testName="Resonance.Tests.G2RecheckEvidenceContractTests.L02_EachBattle_HasFrozenHeaderCommandsAndExitSnapshot" computerName="DESKTOP-AKI3LSA" duration="00:00:00.0200505" startTime="2026-09-20T17:56:47.2194033+08:00" endTime="2026-09-20T17:56:47.2194035+08:00" testType="13cdc9d9-ddb5-4fa4-a97d-d965ccfc6d4b" outcome="Passed" testListId="8c84fa94-04c1-424b-9868-57a2d4851a1d" relativeResultsDirectory="e495aea1-fa88-4cfd-bc45-d6cadd7beed9" />
    <UnitTestResult executionId="333283a1-092c-4b3a-aec1-cae86f46caf4" testId="1d36db7f-89a6-19ea-8491-4b1c89fb549e" testName="Resonance.Tests.G2A53JsonHasTargetTests.T04_NeitherKey_KeepsDefinedSemantics" computerName="DESKTOP-AKI3LSA" duration="00:00:00.0030626" startTime="2026-09-20T17:56:45.9451455+08:00" endTime="2026-09-20T17:56:45.9451456+08:00" testType="13cdc9d9-ddb5-4fa4-a97d-d965ccfc6d4b" outcome="Passed" testListId="8c84fa94-04c1-424b-9868-57a2d4851a1d" relativeResultsDirectory="333283a1-092c-4b3a-aec1-cae86f46caf4" />
    <UnitTestResult executionId="7ffbb935-668a-4d06-9de5-fad469f6ad5c" testId="97717d65-4565-9abb-4c3a-bdf12572cd0e" testName="Resonance.Tests.BattleSimTests.SlideStunLocksAnEnemy" computerName="DESKTOP-AKI3LSA" duration="00:00:00.0002299" startTime="2026-09-20T17:56:45.8121768+08:00" endTime="2026-09-20T17:56:45.8121769+08:00" testType="13cdc9d9-ddb5-4fa4-a97d-d965ccfc6d4b" outcome="Passed" testListId="8c84fa94-04c1-424b-9868-57a2d4851a1d" relativeResultsDirectory="7ffbb935-668a-4d06-9de5-fad469f6ad5c" />
    <UnitTestResult executionId="ae31cb1d-fe98-4152-abb9-1e725bef2bce" testId="73498ee6-d927-6106-93c6-b27cfda8de9a" testName="Resonance.Tests.M1RepairQaTests.UnimplementedOpcodeStillFails" computerName="DESKTOP-AKI3LSA" duration="00:00:00.0009520" startTime="2026-09-20T17:56:45.5925743+08:00" endTime="2026-09-20T17:56:45.5925745+08:00" testType="13cdc9d9-ddb5-4fa4-a97d-d965ccfc6d4b" outcome="Passed" testListId="8c84fa94-04c1-424b-9868-57a2d4851a1d" relativeResultsDirectory="ae31cb1d-fe98-4152-abb9-1e725bef2bce" />
    <UnitTestResult executionId="b22b5ed2-517a-4b59-af99-e30402dc47a9" testId="e1efe6ea-68da-9dac-df05-5fc90b351896" testName="Resonance.Tests.BattleSimTests.StunSkipsActionAndResetsCharge" computerName="DESKTOP-AKI3LSA" duration="00:00:00.0001152" startTime="2026-09-20T17:56:45.7479109+08:00" endTime="2026-09-20T17:56:45.7479110+08:00" testType="13cdc9d9-ddb5-4fa4-a97d-d965ccfc6d4b" outcome="Passed" testListId="8c84fa94-04c1-424b-9868-57a2d4851a1d" relativeResultsDirectory="b22b5ed2-517a-4b59-af99-e30402dc47a9" />
    <UnitTestResult executionId="21d0a0c2-169c-41dd-89aa-c879ed3fa49f" testId="f77fe79f-a32d-670a-a2af-5946f3320e47" testName="Resonance.Tests.M1RepairQaTests.ExtraDmgDoesNotFoldAutoOrFeverIntoTapTsAmp" computerName="DESKTOP-AKI3LSA" duration="00:00:00.0009657" startTime="2026-09-20T17:56:45.6119024+08:00" endTime="2026-09-20T17:56:45.6119025+08:00" testType="13cdc9d9-ddb5-4fa4-a97d-d965ccfc6d4b" outcome="Passed" testListId="8c84fa94-04c1-424b-9868-57a2d4851a1d" relativeResultsDirectory="21d0a0c2-169c-41dd-89aa-c879ed3fa49f" />
    <UnitTestResult executionId="31bd7c19-6e94-4d55-9a97-92e631ed1abe" testId="4bbd9a0c-08d0-9c04-bbdb-3681d1b8d35c" testName="Resonance.Tests.G2A53IdentityTests.T03_SingleFieldChange_FlipsBattleContentIdentity(field: &quot;Group&quot;)" computerName="DESKTOP-AKI3LSA" duration="00:00:00.0010221" startTime="2026-09-20T17:56:45.9345560+08:00" endTime="2026-09-20T17:56:45.9345562+08:00" testType="13cdc9d9-ddb5-4fa4-a97d-d965ccfc6d4b" outcome="Passed" testListId="8c84fa94-04c1-424b-9868-57a2d4851a1d" relativeResultsDirectory="31bd7c19-6e94-4d55-9a97-92e631ed1abe" />
    <UnitTestResult executionId="cd1e50a0-afcd-4f6a-a04e-d1464456c05a" testId="60b17d00-1536-806b-e14c-079d3fa76db2" testName="Resonance.Tests.G2A53JsonHasTargetTests.T04_TargetOnly_SetsHasTargetAndKeepsNamedRule" computerName="DESKTOP-AKI3LSA" duration="00:00:00.0006937" startTime="2026-09-20T17:56:45.9459045+08:00" endTime="2026-09-20T17:56:45.9459046+08:00" testType="13cdc9d9-ddb5-4fa4-a97d-d965ccfc6d4b" outcome="Passed" testListId="8c84fa94-04c1-424b-9868-57a2d4851a1d" relativeResultsDirectory="cd1e50a0-afcd-4f6a-a04e-d1464456c05a" />
    <UnitTestResult executionId="2b3397cc-fbe5-4e0f-8e45-ebf04cd77fb9" testId="bdc1d7b4-d414-ce97-e975-200ac19ba32f" testName="Resonance.Tests.G2ReviewEffectLifecycleTests.E02_ShieldPerInstance_TwoGroupsSumAndExpireSeparately" computerName="DESKTOP-AKI3LSA" duration="00:00:00.0006280" startTime="2026-09-20T17:56:47.3056382+08:00" endTime="2026-09-20T17:56:47.3056383+08:00" testType="13cdc9d9-ddb5-4fa4-a97d-d965ccfc6d4b" outcome="Passed" testListId="8c84fa94-04c1-424b-9868-57a2d4851a1d" relativeResultsDirectory="2b3397cc-fbe5-4e0f-8e45-ebf04cd77fb9" />
    <UnitTestResult executionId="c950c303-0156-40de-9b63-4547f5045b92" testId="c2d9f98d-08b0-c134-ba61-ef12688dce4d" testName="Resonance.Tests.VfxGoodWindowTests.BlindWaitAfterFind_LandsPastFirstWindow" computerName="DESKTOP-AKI3LSA" duration="00:00:00.0000562" startTime="2026-09-20T17:56:45.8721052+08:00" endTime="2026-09-20T17:56:45.8721053+08:00" testType="13cdc9d9-ddb5-4fa4-a97d-d965ccfc6d4b" outcome="Passed" testListId="8c84fa94-04c1-424b-9868-57a2d4851a1d" relativeResultsDirectory="c950c303-0156-40de-9b63-4547f5045b92" />
    <UnitTestResult executionId="fc9d9ee9-b21b-456a-aac9-0318e9ae24c8" testId="69e8c78d-fedc-a1bc-58be-cc85ac5eacac" testName="Resonance.Tests.M1CoreSliceTests.UnknownOpcodeFailsAndIsLogged" computerName="DESKTOP-AKI3LSA" duration="00:00:00.0005252" startTime="2026-09-20T17:56:45.8621324+08:00" endTime="2026-09-20T17:56:45.8621325+08:00" testType="13cdc9d9-ddb5-4fa4-a97d-d965ccfc6d4b" outcome="Passed" testListId="8c84fa94-04c1-424b-9868-57a2d4851a1d" relativeResultsDirectory="fc9d9ee9-b21b-456a-aac9-0318e9ae24c8" />
    <UnitTestResult executionId="816ff0f1-3814-4eed-af86-03a8de191717" testId="2fa0e6a2-32eb-228b-64fe-9ccc458c72e4" testName="Resonance.Tests.G2A53EvidenceTests.T05_TwoFights_ReloadFight1AfterFight2Persist" computerName="DESKTOP-AKI3LSA" duration="00:00:00.0276646" startTime="2026-09-20T17:56:45.9036538+08:00" endTime="2026-09-20T17:56:45.9036541+08:00" testType="13cdc9d9-ddb5-4fa4-a97d-d965ccfc6d4b" outcome="Passed" testListId="8c84fa94-04c1-424b-9868-57a2d4851a1d" relativeResultsDirectory="816ff0f1-3814-4eed-af86-03a8de191717" />
    <UnitTestResult executionId="583ae671-20fb-4349-a0f9-346542f80460" testId="52a20bc0-c43a-6fba-8248-28e28dbb7c05" testName="Resonance.Tests.M1RepairQaTests.EmptyOrUnknownOpcodeCastFails" computerName="DESKTOP-AKI3LSA" duration="00:00:00.0008576" startTime="2026-09-20T17:56:45.6005518+08:00" endTime="2026-09-20T17:56:45.6005521+08:00" testType="13cdc9d9-ddb5-4fa4-a97d-d965ccfc6d4b" outcome="Passed" testListId="8c84fa94-04c1-424b-9868-57a2d4851a1d" relativeResultsDirectory="583ae671-20fb-4349-a0f9-346542f80460" />
    <UnitTestResult executionId="3a3a1bdc-9d43-4627-89bd-974f3d9323be" testId="59963d8b-b19b-5ee5-d0dc-e560ea75d018" testName="Resonance.Tests.BattleSimTests.WikiSsPercentFormula" computerName="DESKTOP-AKI3LSA" duration="00:00:00.0001371" startTime="2026-09-20T17:56:45.8127719+08:00" endTime="2026-09-20T17:56:45.8127720+08:00" testType="13cdc9d9-ddb5-4fa4-a97d-d965ccfc6d4b" outcome="Passed" testListId="8c84fa94-04c1-424b-9868-57a2d4851a1d" relativeResultsDirectory="3a3a1bdc-9d43-4627-89bd-974f3d9323be" />
    <UnitTestResult executionId="baf82450-7861-4a54-92ea-fd8385979ab8" testId="f222da0f-3b32-cf15-0b12-6db05811b385" testName="Resonance.Tests.G2RecheckReplayContractTests.R01_AutoFever_ReplayedOnce_ViaBattleReplayer" computerName="DESKTOP-AKI3LSA" duration="00:00:00.0017738" startTime="2026-09-20T17:56:47.2303635+08:00" endTime="2026-09-20T17:56:47.2303636+08:00" testType="13cdc9d9-ddb5-4fa4-a97d-d965ccfc6d4b" outcome="Passed" testListId="8c84fa94-04c1-424b-9868-57a2d4851a1d" relativeResultsDirectory="baf82450-7861-4a54-92ea-fd8385979ab8" />
    <UnitTestResult executionId="dedf0e1b-543b-4c82-8332-0250dfb2a8d5" testId="5ef9891f-04cf-f590-eefd-5784b332ce68" testName="Resonance.Tests.GrowthRuntimeRoundingTests.AffectionHalfBoundaries_PreserveUnityRounding(id: &quot;C020&quot;, level: 60, uncap: 1, ignition: 1, affection: 4, hp: 50, atk: 26, def: 15, agl: 20, crt: 18)" computerName="DESKTOP-AKI3LSA" duration="00:00:00.0004962" startTime="2026-09-20T17:56:47.2869087+08:00" endTime="2026-09-20T17:56:47.2869087+08:00" testType="13cdc9d9-ddb5-4fa4-a97d-d965ccfc6d4b" outcome="Passed" testListId="8c84fa94-04c1-424b-9868-57a2d4851a1d" relativeResultsDirectory="dedf0e1b-543b-4c82-8332-0250dfb2a8d5" />
    <UnitTestResult executionId="d974e4b2-03f4-46e8-b9a2-cc4b06e785c6" testId="9999f5f3-5f6b-53c7-d658-c310046a8171" testName="Resonance.Tests.BattleSimTests.WikiSsFormula" computerName="DESKTOP-AKI3LSA" duration="00:00:00.0000573" startTime="2026-09-20T17:56:45.8125994+08:00" endTime="2026-09-20T17:56:45.8125995+08:00" testType="13cdc9d9-ddb5-4fa4-a97d-d965ccfc6d4b" outcome="Passed" testListId="8c84fa94-04c1-424b-9868-57a2d4851a1d" relativeResultsDirectory="d974e4b2-03f4-46e8-b9a2-cc4b06e785c6" />
    <UnitTestResult executionId="caa20c3d-95a9-44c9-a882-526428d73d01" testId="e305eeac-4166-c9d1-ce5d-4dce3073a498" testName="Resonance.Tests.BattleSimTests.PortraitTapIsTapWhenDriveEmpty" computerName="DESKTOP-AKI3LSA" duration="00:00:00.0001276" startTime="2026-09-20T17:56:45.7574854+08:00" endTime="2026-09-20T17:56:45.7574855+08:00" testType="13cdc9d9-ddb5-4fa4-a97d-d965ccfc6d4b" outcome="Passed" testListId="8c84fa94-04c1-424b-9868-57a2d4851a1d" relativeResultsDirectory="caa20c3d-95a9-44c9-a882-526428d73d01" />
    <UnitTestResult executionId="13ff313a-f443-4915-a819-b635d0708131" testId="ba92ebed-0f62-c7ca-9dd1-8cda1485172e" testName="Resonance.Tests.M1RepairQaTests.FeverDoesNotReadTapAtkCoefOrFlatPower" computerName="DESKTOP-AKI3LSA" duration="00:00:00.0014693" startTime="2026-09-20T17:56:45.6021021+08:00" endTime="2026-09-20T17:56:45.6021022+08:00" testType="13cdc9d9-ddb5-4fa4-a97d-d965ccfc6d4b" outcome="Passed" testListId="8c84fa94-04c1-424b-9868-57a2d4851a1d" relativeResultsDirectory="13ff313a-f443-4915-a819-b635d0708131" />
    <UnitTestResult executionId="909a6bdb-5d3e-49d7-99ce-974839288287" testId="c24eba95-d52b-f254-079d-dcb148852f6d" testName="Resonance.Tests.BattleSimTests.CombatPowerUsesLockedWeights" computerName="DESKTOP-AKI3LSA" duration="00:00:00.0002954" startTime="2026-09-20T17:56:45.8241258+08:00" endTime="2026-09-20T17:56:45.8241259+08:00" testType="13cdc9d9-ddb5-4fa4-a97d-d965ccfc6d4b" outcome="Passed" testListId="8c84fa94-04c1-424b-9868-57a2d4851a1d" relativeResultsDirectory="909a6bdb-5d3e-49d7-99ce-974839288287" />
    <UnitTestResult executionId="00f7c46a-8bfa-4c4e-8fee-397811b11163" testId="d2612ce1-920c-fb87-7b36-a552388a74a9" testName="Resonance.Tests.G2ReviewReplayTests.R02_ChangedCommandSlot_DigestDiffers" computerName="DESKTOP-AKI3LSA" duration="00:00:00.0031942" startTime="2026-09-20T17:56:47.3251474+08:00" endTime="2026-09-20T17:56:47.3251475+08:00" testType="13cdc9d9-ddb5-4fa4-a97d-d965ccfc6d4b" outcome="Passed" testListId="8c84fa94-04c1-424b-9868-57a2d4851a1d" relativeResultsDirectory="00f7c46a-8bfa-4c4e-8fee-397811b11163" />
    <UnitTestResult executionId="c5a85add-ce22-4435-b797-26380a9598bc" testId="52cfc1d2-28d5-4e2e-52c1-37b3773b7010" testName="Resonance.Tests.G2ReviewCapabilityTests.MatrixCoversEveryKnownOpcode" computerName="DESKTOP-AKI3LSA" duration="00:00:00.0001998" startTime="2026-09-20T17:56:47.3138114+08:00" endTime="2026-09-20T17:56:47.3138114+08:00" testType="13cdc9d9-ddb5-4fa4-a97d-d965ccfc6d4b" outcome="Passed" testListId="8c84fa94-04c1-424b-9868-57a2d4851a1d" relativeResultsDirectory="c5a85add-ce22-4435-b797-26380a9598bc" />
    <UnitTestResult executionId="1817e4f8-549f-4024-b931-809d800d4a36" testId="db2ea0f5-0ca8-5779-afb6-8cb011544f8f" testName="Resonance.Tests.BattleSimTests.ComputeSkillUsesElementMatchup" computerName="DESKTOP-AKI3LSA" duration="00:00:00.0001421" startTime="2026-09-20T17:56:45.8021119+08:00" endTime="2026-09-20T17:56:45.8021119+08:00" testType="13cdc9d9-ddb5-4fa4-a97d-d965ccfc6d4b" outcome="Passed" testListId="8c84fa94-04c1-424b-9868-57a2d4851a1d" relativeResultsDirectory="1817e4f8-549f-4024-b931-809d800d4a36" />
    <UnitTestResult executionId="de855561-9681-409c-a92f-5c7e1c12d919" testId="104a7eba-945c-1e5d-d01a-5064eb0d7e6a" testName="Resonance.Tests.G2ReviewReplayTests.R02_ReplayedSim_ForceNoCritRemainsFalse" computerName="DESKTOP-AKI3LSA" duration="00:00:00.0017004" startTime="2026-09-20T17:56:47.3269296+08:00" endTime="2026-09-20T17:56:47.3269297+08:00" testType="13cdc9d9-ddb5-4fa4-a97d-d965ccfc6d4b" outcome="Passed" testListId="8c84fa94-04c1-424b-9868-57a2d4851a1d" relativeResultsDirectory="de855561-9681-409c-a92f-5c7e1c12d919" />
    <UnitTestResult executionId="154ac223-3e38-4d8f-a909-5fa79ddd0d52" testId="2e8ecd0d-7790-2c6b-d54b-f871abcd34bb" testName="Resonance.Tests.G2TerminalFeverReplayTests.InvalidTerminalCommandOffsets_AreRejected(corruption: &quot;backwards&quot;)" computerName="DESKTOP-AKI3LSA" duration="00:00:00.0040534" startTime="2026-09-20T17:56:47.2441172+08:00" endTime="2026-09-20T17:56:47.2441173+08:00" testType="13cdc9d9-ddb5-4fa4-a97d-d965ccfc6d4b" outcome="Passed" testListId="8c84fa94-04c1-424b-9868-57a2d4851a1d" relativeResultsDirectory="154ac223-3e38-4d8f-a909-5fa79ddd0d52" />
    <UnitTestResult executionId="4543c876-c36f-46d7-8800-6a7911b7d802" testId="5f8904eb-ce24-776e-4157-fd570cb55f60" testName="Resonance.Tests.BattleSimTests.MatrixOrderMatchesRebuildTable" computerName="DESKTOP-AKI3LSA" duration="00:00:00.0058357" startTime="2026-09-20T17:56:45.7217904+08:00" endTime="2026-09-20T17:56:45.7217906+08:00" testType="13cdc9d9-ddb5-4fa4-a97d-d965ccfc6d4b" outcome="Passed" testListId="8c84fa94-04c1-424b-9868-57a2d4851a1d" relativeResultsDirectory="4543c876-c36f-46d7-8800-6a7911b7d802" />
    <UnitTestResult executionId="caa4f242-bcde-4367-87c4-c6b6a189b053" testId="7504d3c2-6f26-1cea-d78e-0f7dd38b86d8" testName="Resonance.Tests.G2ReviewRngReplayTests.R02_SeedAndCommands_ReplayStateAndEvents" computerName="DESKTOP-AKI3LSA" duration="00:00:00.0054554" startTime="2026-09-20T17:56:45.6309567+08:00" endTime="2026-09-20T17:56:45.6309570+08:00" testType="13cdc9d9-ddb5-4fa4-a97d-d965ccfc6d4b" outcome="Passed" testListId="8c84fa94-04c1-424b-9868-57a2d4851a1d" relativeResultsDirectory="caa4f242-bcde-4367-87c4-c6b6a189b053" />
    <UnitTestResult executionId="c463b168-7004-43b6-a2b6-4a66f0f266ff" testId="ba0c6cea-e7ed-9c03-a39c-3d2f7ec27afa" testName="Resonance.Tests.M1SaveIdempotencyTests.HardAndNormalFirstClearsAreSeparate" computerName="DESKTOP-AKI3LSA" duration="00:00:00.0003465" startTime="2026-09-20T17:56:45.6883737+08:00" endTime="2026-09-20T17:56:45.6883738+08:00" testType="13cdc9d9-ddb5-4fa4-a97d-d965ccfc6d4b" outcome="Passed" testListId="8c84fa94-04c1-424b-9868-57a2d4851a1d" relativeResultsDirectory="c463b168-7004-43b6-a2b6-4a66f0f266ff" />
    <UnitTestResult executionId="aa2452bf-3957-475a-b028-cc9ee853aaff" testId="b4079f4d-2424-2bb7-7067-cebb0ef5853e" testName="Resonance.Tests.M1EffectOrderTests.ShieldAbsorbsIncomingDamage" computerName="DESKTOP-AKI3LSA" duration="00:00:00.0006321" startTime="2026-09-20T17:56:45.8690734+08:00" endTime="2026-09-20T17:56:45.8690737+08:00" testType="13cdc9d9-ddb5-4fa4-a97d-d965ccfc6d4b" outcome="Passed" testListId="8c84fa94-04c1-424b-9868-57a2d4851a1d" relativeResultsDirectory="aa2452bf-3957-475a-b028-cc9ee853aaff" />
    <UnitTestResult executionId="96f24240-c2ca-4d62-839f-79e835f5185e" testId="8fbd76b1-f1cb-de03-0888-3d3a19a6faa5" testName="Resonance.Tests.G2ReviewFeverTests.F04_AutoFever_UsesSameCommandPath" computerName="DESKTOP-AKI3LSA" duration="00:00:00.0009033" startTime="2026-09-20T17:56:47.2344461+08:00" endTime="2026-09-20T17:56:47.2344462+08:00" testType="13cdc9d9-ddb5-4fa4-a97d-d965ccfc6d4b" outcome="Passed" testListId="8c84fa94-04c1-424b-9868-57a2d4851a1d" relativeResultsDirectory="96f24240-c2ca-4d62-839f-79e835f5185e" />
    <UnitTestResult executionId="3bb60bab-d85b-473a-b6f1-97348dd8e90c" testId="feebaad5-dddf-3cbb-d162-49c8c75ce06b" testName="Resonance.Tests.G2OpeningDefaultsAuditTests.LegacyRecord_WithoutInputSource_StillRecoversGrowthIdentity" computerName="DESKTOP-AKI3LSA" duration="00:00:00.0018942" startTime="2026-09-20T17:56:47.1747077+08:00" endTime="2026-09-20T17:56:47.1747078+08:00" testType="13cdc9d9-ddb5-4fa4-a97d-d965ccfc6d4b" outcome="Passed" testListId="8c84fa94-04c1-424b-9868-57a2d4851a1d" relativeResultsDirectory="3bb60bab-d85b-473a-b6f1-97348dd8e90c" />
    <UnitTestResult executionId="86013618-8716-46b5-8a57-86d9a600b8b2" testId="e3dab7ef-33cb-7a16-5907-3a5d3376769f" testName="Resonance.Tests.G2TerminalFeverReplayTests.DuplicateBoundaryError_CannotBeRemovedByReserializingTheRecord" computerName="DESKTOP-AKI3LSA" duration="00:00:00.0011921" startTime="2026-09-20T17:56:47.2827265+08:00" endTime="2026-09-20T17:56:47.2827265+08:00" testType="13cdc9d9-ddb5-4fa4-a97d-d965ccfc6d4b" outcome="Passed" testListId="8c84fa94-04c1-424b-9868-57a2d4851a1d" relativeResultsDirectory="86013618-8716-46b5-8a57-86d9a600b8b2" />
    <UnitTestResult executionId="ea1baa42-1cbf-42ad-9caa-8dfca280ec9a" testId="b8c86d65-6e9c-92ff-fdd2-63312d3329be" testName="Resonance.Tests.M1RepairQaTests.SelfTargetsCasterNotAliveZero" computerName="DESKTOP-AKI3LSA" duration="00:00:00.0019668" startTime="2026-09-20T17:56:45.6090344+08:00" endTime="2026-09-20T17:56:45.6090347+08:00" testType="13cdc9d9-ddb5-4fa4-a97d-d965ccfc6d4b" outcome="Passed" testListId="8c84fa94-04c1-424b-9868-57a2d4851a1d" relativeResultsDirectory="ea1baa42-1cbf-42ad-9caa-8dfca280ec9a" />
    <UnitTestResult executionId="e26a3c6d-488a-4553-a71c-d33f5222c609" testId="0b1f37f7-e759-b53d-16e5-7a5fb288406b" testName="Resonance.Tests.M1FormulaIsolationTests.T15ChannelsStayIsolated" computerName="DESKTOP-AKI3LSA" duration="00:00:00.0006244" startTime="2026-09-20T17:56:45.5896307+08:00" endTime="2026-09-20T17:56:45.5896310+08:00" testType="13cdc9d9-ddb5-4fa4-a97d-d965ccfc6d4b" outcome="Passed" testListId="8c84fa94-04c1-424b-9868-57a2d4851a1d" relativeResultsDirectory="e26a3c6d-488a-4553-a71c-d33f5222c609" />
    <UnitTestResult executionId="8dd88608-b817-4333-a7ae-27ea91d8e6ed" testId="ee9895ec-c2ce-278e-64e1-6b410df90ef1" testName="Resonance.Tests.BattleSimTests.BattleSimLightDarkMatchup" computerName="DESKTOP-AKI3LSA" duration="00:00:00.0004929" startTime="2026-09-20T17:56:45.8233325+08:00" endTime="2026-09-20T17:56:45.8233326+08:00" testType="13cdc9d9-ddb5-4fa4-a97d-d965ccfc6d4b" outcome="Passed" testListId="8c84fa94-04c1-424b-9868-57a2d4851a1d" relativeResultsDirectory="8dd88608-b817-4333-a7ae-27ea91d8e6ed" />
    <UnitTestResult executionId="94b2de42-4aa3-45c7-bbd2-75a1aa27e46c" testId="aafc7d00-4375-bd55-0a13-15beedfdede6" testName="Resonance.Tests.VfxGoodWindowTests.EarlyInWindow_LeavesHalfForPointerLatency" computerName="DESKTOP-AKI3LSA" duration="00:00:00.0000497" startTime="2026-09-20T17:56:45.8716842+08:00" endTime="2026-09-20T17:56:45.8716842+08:00" testType="13cdc9d9-ddb5-4fa4-a97d-d965ccfc6d4b" outcome="Passed" testListId="8c84fa94-04c1-424b-9868-57a2d4851a1d" relativeResultsDirectory="94b2de42-4aa3-45c7-bbd2-75a1aa27e46c" />
    <UnitTestResult executionId="5c582d27-0211-489a-a4c1-fb3a81ba0f51" testId="a3b20f20-1c7b-1d64-aeb6-f957a9d8db79" testName="Resonance.Tests.G2TerminalFeverReplayTests.SettledTerminalRecord_ReplaysFeverEndAtTheResultTick" computerName="DESKTOP-AKI3LSA" duration="00:00:00.0012320" startTime="2026-09-20T17:56:47.2840153+08:00" endTime="2026-09-20T17:56:47.2840154+08:00" testType="13cdc9d9-ddb5-4fa4-a97d-d965ccfc6d4b" outcome="Passed" testListId="8c84fa94-04c1-424b-9868-57a2d4851a1d" relativeResultsDirectory="5c582d27-0211-489a-a4c1-fb3a81ba0f51" />
    <UnitTestResult executionId="3aa6081e-3e44-4ceb-b29b-576a8a73bc38" testId="431d6472-56c2-ce1a-897a-42bc9aed4999" testName="Resonance.Tests.BattleSimTests.FeverKeepsTickingAfterVictory" computerName="DESKTOP-AKI3LSA" duration="00:00:00.0004007" startTime="2026-09-20T17:56:45.7587762+08:00" endTime="2026-09-20T17:56:45.7587763+08:00" testType="13cdc9d9-ddb5-4fa4-a97d-d965ccfc6d4b" outcome="Passed" testListId="8c84fa94-04c1-424b-9868-57a2d4851a1d" relativeResultsDirectory="3aa6081e-3e44-4ceb-b29b-576a8a73bc38" />
    <UnitTestResult executionId="2cc16e27-eccc-448d-a09e-ddd8e320ac71" testId="07d58479-1077-d788-779b-7c842ce21254" testName="Resonance.Tests.M1ClockModeTests.DeathWaveAndResultEventsAreLogged" computerName="DESKTOP-AKI3LSA" duration="00:00:00.0035175" startTime="2026-09-20T17:56:45.5768937+08:00" endTime="2026-09-20T17:56:45.5768939+08:00" testType="13cdc9d9-ddb5-4fa4-a97d-d965ccfc6d4b" outcome="Passed" testListId="8c84fa94-04c1-424b-9868-57a2d4851a1d" relativeResultsDirectory="2cc16e27-eccc-448d-a09e-ddd8e320ac71" />
    <UnitTestResult executionId="898ab241-f5d0-499f-9b70-2d13c6bf1e47" testId="5136ad4d-69b6-8a60-895a-279302486f23" testName="Resonance.Tests.BattleSimTests.AutoTapFollowsReservation" computerName="DESKTOP-AKI3LSA" duration="00:00:00.0010843" startTime="2026-09-20T17:56:45.8105957+08:00" endTime="2026-09-20T17:56:45.8105958+08:00" testType="13cdc9d9-ddb5-4fa4-a97d-d965ccfc6d4b" outcome="Passed" testListId="8c84fa94-04c1-424b-9868-57a2d4851a1d" relativeResultsDirectory="898ab241-f5d0-499f-9b70-2d13c6bf1e47" />
    <UnitTestResult executionId="477a2015-e580-496d-9f91-b035ad22007c" testId="05ed1a30-fef7-5fd0-292b-1fe502b21f99" testName="Resonance.Tests.G2RecheckProvenanceTests.P02_Bounds_RequireInt_MustNotSilentlyReturnZero" computerName="DESKTOP-AKI3LSA" duration="00:00:00.0021226" startTime="2026-09-20T17:56:45.8322037+08:00" endTime="2026-09-20T17:56:45.8322039+08:00" testType="13cdc9d9-ddb5-4fa4-a97d-d965ccfc6d4b" outcome="Passed" testListId="8c84fa94-04c1-424b-9868-57a2d4851a1d" relativeResultsDirectory="477a2015-e580-496d-9f91-b035ad22007c" />
    <UnitTestResult executionId="8cbd5543-0e94-4ea3-a79c-c08c3be18238" testId="dc4c4a2c-8434-d333-b019-2be518b4e556" testName="Resonance.Tests.G2RecheckImportGateTests.V03_CandidateSnapshot_DoesNotStealFromLiveCatalog" computerName="DESKTOP-AKI3LSA" duration="00:00:00.0002625" startTime="2026-09-20T17:56:47.2215707+08:00" endTime="2026-09-20T17:56:47.2215708+08:00" testType="13cdc9d9-ddb5-4fa4-a97d-d965ccfc6d4b" outcome="Passed" testListId="8c84fa94-04c1-424b-9868-57a2d4851a1d" relativeResultsDirectory="8cbd5543-0e94-4ea3-a79c-c08c3be18238" />
    <UnitTestResult executionId="f5760540-5184-42d2-8089-53786974092f" testId="cfa57e28-e80d-31e4-0046-2750bb296cf6" testName="Resonance.Tests.BattleSimTests.SkillFlatAddsWithWikiWeight" computerName="DESKTOP-AKI3LSA" duration="00:00:00.0001134" startTime="2026-09-20T17:56:45.7058391+08:00" endTime="2026-09-20T17:56:45.7058392+08:00" testType="13cdc9d9-ddb5-4fa4-a97d-d965ccfc6d4b" outcome="Passed" testListId="8c84fa94-04c1-424b-9868-57a2d4851a1d" relativeResultsDirectory="f5760540-5184-42d2-8089-53786974092f" />
    <UnitTestResult executionId="f954672d-11f1-44b5-8bbb-2be22bfc8f1e" testId="3a461943-427a-4311-e50b-a6301a35ce06" testName="Resonance.Tests.M1TargetingTests.LowestHpAbsoluteAndRatioPickDifferentUnits" computerName="DESKTOP-AKI3LSA" duration="00:00:00.0012909" startTime="2026-09-20T17:56:45.8609621+08:00" endTime="2026-09-20T17:56:45.8609622+08:00" testType="13cdc9d9-ddb5-4fa4-a97d-d965ccfc6d4b" outcome="Passed" testListId="8c84fa94-04c1-424b-9868-57a2d4851a1d" relativeResultsDirectory="f954672d-11f1-44b5-8bbb-2be22bfc8f1e" />
    <UnitTestResult executionId="5ae8a523-9c79-4b92-bf5b-c91433cc1e38" testId="128b35f9-98a7-6e77-7538-e0acc548ddf4" testName="Resonance.Tests.G2ReviewQteClockTests.Q03_ResolveDrive_RejectsTerminalBattle" computerName="DESKTOP-AKI3LSA" duration="00:00:00.0006500" startTime="2026-09-20T17:56:47.2920219+08:00" endTime="2026-09-20T17:56:47.2920220+08:00" testType="13cdc9d9-ddb5-4fa4-a97d-d965ccfc6d4b" outcome="Passed" testListId="8c84fa94-04c1-424b-9868-57a2d4851a1d" relativeResultsDirectory="5ae8a523-9c79-4b92-bf5b-c91433cc1e38" />
    <UnitTestResult executionId="2cee9b23-39ae-447d-916c-38892bf9172b" testId="2133b517-b786-a3c2-bf32-012faa30893c" testName="Resonance.Tests.G2A53IdentityTests.T03_SingleFieldChange_FlipsBattleContentIdentity(field: &quot;Element&quot;)" computerName="DESKTOP-AKI3LSA" duration="00:00:00.0017382" startTime="2026-09-20T17:56:45.9277211+08:00" endTime="2026-09-20T17:56:45.9277212+08:00" testType="13cdc9d9-ddb5-4fa4-a97d-d965ccfc6d4b" outcome="Passed" testListId="8c84fa94-04c1-424b-9868-57a2d4851a1d" relativeResultsDirectory="2cee9b23-39ae-447d-916c-38892bf9172b" />
    <UnitTestResult executionId="18825a58-7c94-426b-a472-1387cfd70dca" testId="11671da6-5be6-89c4-5c42-381da62d6fd9" testName="Resonance.Tests.G2A53IdentityTests.T03_SingleFieldChange_FlipsBattleContentIdentity(field: &quot;Side&quot;)" computerName="DESKTOP-AKI3LSA" duration="00:00:00.0009480" startTime="2026-09-20T17:56:45.9377452+08:00" endTime="2026-09-20T17:56:45.9377452+08:00" testType="13cdc9d9-ddb5-4fa4-a97d-d965ccfc6d4b" outcome="Passed" testListId="8c84fa94-04c1-424b-9868-57a2d4851a1d" relativeResultsDirectory="18825a58-7c94-426b-a472-1387cfd70dca" />
[...]
    <TestEntry testId="40a5ad35-8ddc-753d-7f36-f0c656fb0085" executionId="dafad130-4835-4307-ba57-3cd81e3c6292" testListId="8c84fa94-04c1-424b-9868-57a2d4851a1d" />
    <TestEntry testId="8a96a1ef-4bdd-3550-9b93-0a2fc2d48cb7" executionId="04897375-f4fe-446e-b6f8-12d63af65682" testListId="8c84fa94-04c1-424b-9868-57a2d4851a1d" />
    <TestEntry testId="8dda18e4-3e1e-3a6e-2750-e244f224f9d3" executionId="ee7fe515-6232-4dc2-b959-cdecec8cb83e" testListId="8c84fa94-04c1-424b-9868-57a2d4851a1d" />
    <TestEntry testId="11819615-b765-6f5b-d86e-f867b8e43678" executionId="8b28b68f-bcfb-422b-975c-7622c11f2f9a" testListId="8c84fa94-04c1-424b-9868-57a2d4851a1d" />
    <TestEntry testId="c810acec-711e-7856-d565-c9eec87f36e5" executionId="5be7f3ef-015c-43ce-aa5d-344cd33b5e33" testListId="8c84fa94-04c1-424b-9868-57a2d4851a1d" />
    <TestEntry testId="478f061b-c485-9cd9-16be-5a2f41cca1b8" executionId="6ca21900-99a5-4f2d-b598-b2305921188f" testListId="8c84fa94-04c1-424b-9868-57a2d4851a1d" />
    <TestEntry testId="b0d2c2ff-1530-5ba4-4736-6a9182d9ec47" executionId="656eb869-793b-4a75-9c8d-a097503595f1" testListId="8c84fa94-04c1-424b-9868-57a2d4851a1d" />
    <TestEntry testId="0d83cced-3af3-8e11-b65e-6e6772855d51" executionId="b1d732b6-0cd1-4644-8110-3111969dce4d" testListId="8c84fa94-04c1-424b-9868-57a2d4851a1d" />
    <TestEntry testId="75ca5e56-ea56-c126-1b1e-e793ba78d6db" executionId="e686928a-f073-47a2-9ae1-3e509e963977" testListId="8c84fa94-04c1-424b-9868-57a2d4851a1d" />
    <TestEntry testId="efed7d88-60a6-58f2-fd9d-2a2a8f2fa1a7" executionId="2c632cdc-d687-4972-9f93-539ed27f761f" testListId="8c84fa94-04c1-424b-9868-57a2d4851a1d" />
    <TestEntry testId="4e7468d8-53ff-9053-8c3a-60e975bc23ad" executionId="7651f758-0c93-4159-bb23-254bdd769cf5" testListId="8c84fa94-04c1-424b-9868-57a2d4851a1d" />
    <TestEntry testId="55973eba-938f-1501-26cf-86ce88d1dd17" executionId="93bfd56d-f016-4d20-949a-fdddc24dcc71" testListId="8c84fa94-04c1-424b-9868-57a2d4851a1d" />
    <TestEntry testId="4ec12e68-fd7c-0084-71de-78abf626be0d" executionId="57943ff8-a790-4750-932c-a07f5117bdb2" testListId="8c84fa94-04c1-424b-9868-57a2d4851a1d" />
    <TestEntry testId="c5afa977-07f5-a048-cef9-565049892217" executionId="9a2184fb-216f-44fb-8452-37f19c9aec8c" testListId="8c84fa94-04c1-424b-9868-57a2d4851a1d" />
    <TestEntry testId="715a9cf2-f577-c1b8-a157-33e524c1c5da" executionId="b9077541-d169-4986-bb0d-c44b40dea15b" testListId="8c84fa94-04c1-424b-9868-57a2d4851a1d" />
    <TestEntry testId="8b8307bc-4147-6aff-ce14-ef34ff25e5e9" executionId="46b4b65e-f35a-4133-afe2-5e782a9a295f" testListId="8c84fa94-04c1-424b-9868-57a2d4851a1d" />
    <TestEntry testId="c77df7a9-22a4-60f9-1d2d-c5dd4498d96c" executionId="ef4807fd-3ad7-4232-90af-ea2942918891" testListId="8c84fa94-04c1-424b-9868-57a2d4851a1d" />
    <TestEntry testId="f2d42d1f-b7f0-da63-0331-836500a331c2" executionId="5897f659-b720-497f-9764-714fd4da6020" testListId="8c84fa94-04c1-424b-9868-57a2d4851a1d" />
    <TestEntry testId="de038d7c-ec1d-3890-6d00-f9cd510d58f6" executionId="d4289677-6213-44c8-8dc8-bd964e817374" testListId="8c84fa94-04c1-424b-9868-57a2d4851a1d" />
    <TestEntry testId="1d500db4-f23e-cff2-986a-49c996a319c7" executionId="57f1fc5a-0ede-4909-83db-63ca54f75082" testListId="8c84fa94-04c1-424b-9868-57a2d4851a1d" />
    <TestEntry testId="4fbd4e87-b202-11fa-d039-8ce254012be0" executionId="3928d0b0-a7ae-4681-94e7-9e7958ba6817" testListId="8c84fa94-04c1-424b-9868-57a2d4851a1d" />
    <TestEntry testId="b85e8240-faf3-d895-fe9b-743e639730b0" executionId="e5f776d0-a877-417d-9bf7-836bd30607ee" testListId="8c84fa94-04c1-424b-9868-57a2d4851a1d" />
    <TestEntry testId="a41c1481-94ab-ea84-71e4-1747d4ec2ed5" executionId="a7036d42-a516-4d4a-9f19-24c2ec9c17a7" testListId="8c84fa94-04c1-424b-9868-57a2d4851a1d" />
    <TestEntry testId="989e3d8c-c540-628b-68ef-ffae3aef988b" executionId="9565eac3-0451-43c1-b7f5-f0dcb8a5a50d" testListId="8c84fa94-04c1-424b-9868-57a2d4851a1d" />
    <TestEntry testId="d9ec1a81-d99e-32e1-5504-3e44ed8b8e4f" executionId="af98a988-22c2-4eef-ac36-16911ac1e46d" testListId="8c84fa94-04c1-424b-9868-57a2d4851a1d" />
    <TestEntry testId="8c9ceb97-8efa-60f7-6ef6-4016245c183c" executionId="98d644fe-5a16-4e18-8a7a-15a11ee70ebd" testListId="8c84fa94-04c1-424b-9868-57a2d4851a1d" />
    <TestEntry testId="2a42cd3a-8f19-c788-9649-353a7e49dcfc" executionId="83eac49c-7ae2-4642-b342-97455c289a90" testListId="8c84fa94-04c1-424b-9868-57a2d4851a1d" />
    <TestEntry testId="8030fce3-ebce-0c7c-cd06-d42a708cb310" executionId="855a8810-8885-4696-ad3b-2c2ce3f558c0" testListId="8c84fa94-04c1-424b-9868-57a2d4851a1d" />
    <TestEntry testId="cc16a471-6460-0ab2-f4d3-aa1f8f8830f3" executionId="609710d2-33a6-4699-bbe1-f00090e9897d" testListId="8c84fa94-04c1-424b-9868-57a2d4851a1d" />
    <TestEntry testId="a5a660c4-eb5f-8f36-e436-bb5b0c312b1c" executionId="4d4d8859-4e83-45b8-86b8-4053757fce00" testListId="8c84fa94-04c1-424b-9868-57a2d4851a1d" />
    <TestEntry testId="e6926e35-1691-51b4-9bcf-bc0bf063a6f1" executionId="e4cf8698-377f-4786-98ff-6f50ab65b49c" testListId="8c84fa94-04c1-424b-9868-57a2d4851a1d" />
    <TestEntry testId="75b7415e-bfc4-954f-945e-10291962d37d" executionId="c424d045-5bbe-43fc-96d2-834b3c8367c2" testListId="8c84fa94-04c1-424b-9868-57a2d4851a1d" />
    <TestEntry testId="d51c8008-f0b1-78cb-9fdb-c3b0fa7de5e8" executionId="ac21d625-d185-4789-bfb7-83b5c2429312" testListId="8c84fa94-04c1-424b-9868-57a2d4851a1d" />
    <TestEntry testId="223cb6b7-a73c-12a5-1608-33bffbec69d5" executionId="43f308a0-14b2-461a-ba27-f8ee36b6eb9a" testListId="8c84fa94-04c1-424b-9868-57a2d4851a1d" />
    <TestEntry testId="20d10409-da6c-296e-4211-ef8912804adb" executionId="c542ac00-2739-4afe-8ae2-5b28e8016508" testListId="8c84fa94-04c1-424b-9868-57a2d4851a1d" />
    <TestEntry testId="485d24f2-1f4d-99d8-9531-92540ef6a0a0" executionId="6c9ef0cb-b060-4c55-8e8c-b3fd10e8ae4f" testListId="8c84fa94-04c1-424b-9868-57a2d4851a1d" />
    <TestEntry testId="87d0a371-01f4-fd40-99f6-61a89a6adadb" executionId="ef4ec848-d98d-4608-8c7a-ca5fa66278cf" testListId="8c84fa94-04c1-424b-9868-57a2d4851a1d" />
    <TestEntry testId="78fb5390-56da-be2c-3ad6-e79173dd184a" executionId="90b0438d-2ff6-4d43-95e4-64382b1ba585" testListId="8c84fa94-04c1-424b-9868-57a2d4851a1d" />
    <TestEntry testId="10f4edb5-74f8-4ce8-de3f-222816b03712" executionId="891f9315-2369-4e30-9859-8307fc5ec8b8" testListId="8c84fa94-04c1-424b-9868-57a2d4851a1d" />
    <TestEntry testId="98377fa8-a931-4586-cb05-77b058d4c957" executionId="4eafefcf-c51d-423b-baf4-482dba851acd" testListId="8c84fa94-04c1-424b-9868-57a2d4851a1d" />
    <TestEntry testId="fc7dc248-4d9c-c24f-95fd-9ffb34ef6db4" executionId="81e9e73e-0c65-4a2b-9790-55690904c739" testListId="8c84fa94-04c1-424b-9868-57a2d4851a1d" />
    <TestEntry testId="7de656e0-9a09-a31d-2b18-66a47075c0fa" executionId="a3e629bc-6868-4d85-9c6a-01d63ab6a12c" testListId="8c84fa94-04c1-424b-9868-57a2d4851a1d" />
    <TestEntry testId="3920ed8f-9477-f1c3-cc47-715a4a8c61fa" executionId="cf6a6760-7110-4c7c-af1f-0708419ed5ab" testListId="8c84fa94-04c1-424b-9868-57a2d4851a1d" />
    <TestEntry testId="94469e61-5c25-5f6f-9671-267864f73515" executionId="01edfce7-4492-4bbe-941a-50d207944110" testListId="8c84fa94-04c1-424b-9868-57a2d4851a1d" />
    <TestEntry testId="86b6aa30-b509-4e31-6f36-8144f7aa04f1" executionId="1b88611e-2bf8-48d5-a0ca-791905059a8a" testListId="8c84fa94-04c1-424b-9868-57a2d4851a1d" />
    <TestEntry testId="b16ff1b8-d379-59d2-5fa0-bc297406785a" executionId="75156ae0-1bf4-4002-a1ef-cd62eebaebca" testListId="8c84fa94-04c1-424b-9868-57a2d4851a1d" />
    <TestEntry testId="fad11b1d-082e-359c-cbef-3161b7ddbf9a" executionId="57cd333e-c5b5-4da1-95b2-996d8abb54cb" testListId="8c84fa94-04c1-424b-9868-57a2d4851a1d" />
    <TestEntry testId="2c853549-7a51-6237-818f-5b78709f8e08" executionId="6d795da7-76ad-4ded-9319-a2b6d881a248" testListId="8c84fa94-04c1-424b-9868-57a2d4851a1d" />
    <TestEntry testId="dd3ed9de-10e8-753f-bef7-53927bc539ae" executionId="1365533a-8118-4820-aa5c-26dd88a40901" testListId="8c84fa94-04c1-424b-9868-57a2d4851a1d" />
    <TestEntry testId="b86b7019-5077-aa15-5825-692dfa92bbee" executionId="6494783e-01c7-4ac3-9e9f-520ea708e7f5" testListId="8c84fa94-04c1-424b-9868-57a2d4851a1d" />
    <TestEntry testId="2288c24e-9049-d1b7-9863-fb4e973c3afa" executionId="ceb65c40-483b-4158-af04-fe04a4c16941" testListId="8c84fa94-04c1-424b-9868-57a2d4851a1d" />
    <TestEntry testId="a532e7aa-4d00-ce2e-3dde-070736e4072a" executionId="ad6f355f-4425-4bf7-a630-4b670492cc02" testListId="8c84fa94-04c1-424b-9868-57a2d4851a1d" />
    <TestEntry testId="49b38254-1568-1c9d-2287-eb138941dab2" executionId="a77dc9bf-2f6c-440d-953a-7c6642dd418f" testListId="8c84fa94-04c1-424b-9868-57a2d4851a1d" />
    <TestEntry testId="598f843e-c6a9-8299-5ab0-4165115eeba5" executionId="eba4b79c-6ec2-4365-acac-16720b8f8199" testListId="8c84fa94-04c1-424b-9868-57a2d4851a1d" />
    <TestEntry testId="11aa9bf1-c6e3-a223-567b-0683ba840d8c" executionId="edfecb64-90e9-4729-97db-9c2b2cbd7b27" testListId="8c84fa94-04c1-424b-9868-57a2d4851a1d" />
    <TestEntry testId="7f44b596-2dd9-364a-af23-4cf15f029e9e" executionId="d79272e0-1617-4750-919b-d099debf4ae2" testListId="8c84fa94-04c1-424b-9868-57a2d4851a1d" />
    <TestEntry testId="2441359f-dd80-d36a-fb4f-0aa3f6459733" executionId="65df33bb-763a-4876-98fa-684f8c9e2d3f" testListId="8c84fa94-04c1-424b-9868-57a2d4851a1d" />
    <TestEntry testId="1a92e471-ecdc-8bfb-52d8-27b385d46830" executionId="b9e65bf8-b4ac-44f7-b646-09a91e0d5121" testListId="8c84fa94-04c1-424b-9868-57a2d4851a1d" />
    <TestEntry testId="d22a3f19-bc13-3c93-cbba-eb2eae877858" executionId="d9e50034-d289-494a-8e03-4de4eb0b3761" testListId="8c84fa94-04c1-424b-9868-57a2d4851a1d" />
    <TestEntry testId="cba7f536-3ebc-1d98-2860-f27291740731" executionId="080eb324-a5e9-4731-aec2-0c99ba9ed8a0" testListId="8c84fa94-04c1-424b-9868-57a2d4851a1d" />
    <TestEntry testId="711f0d35-82cb-d173-fa47-b21cbfa6e6ba" executionId="58554d1d-8b00-4d0a-bfe3-1172a86551a4" testListId="8c84fa94-04c1-424b-9868-57a2d4851a1d" />
    <TestEntry testId="697c2a1c-67af-9f3c-cf5a-553445cd90bc" executionId="8836eaef-a643-448a-85a2-1f6b1f2884d4" testListId="8c84fa94-04c1-424b-9868-57a2d4851a1d" />
    <TestEntry testId="e5a59c6f-4351-8ae4-8696-edfbc74e4d8f" executionId="48ee777c-193e-450f-bf93-ad5bbf781886" testListId="8c84fa94-04c1-424b-9868-57a2d4851a1d" />
    <TestEntry testId="8bfbce6f-af5c-34ac-5b7a-60f21d6a1316" executionId="19cd5f99-6edb-42d0-8328-4f397f475441" testListId="8c84fa94-04c1-424b-9868-57a2d4851a1d" />
    <TestEntry testId="18bbb6f4-b2e8-29fd-48fc-cc420d72ad45" executionId="63a373d4-62d3-436a-937f-a488b7a919ed" testListId="8c84fa94-04c1-424b-9868-57a2d4851a1d" />
    <TestEntry testId="652fa06b-4fc3-9488-c211-a0c7c141ee41" executionId="a45e36ec-4e97-4e7f-a5e1-09b4d6807725" testListId="8c84fa94-04c1-424b-9868-57a2d4851a1d" />
    <TestEntry testId="293a5799-264f-390a-0c4b-9ee5858a79a0" executionId="d90e8c56-49a2-445f-b8a1-8788b05523f7" testListId="8c84fa94-04c1-424b-9868-57a2d4851a1d" />
    <TestEntry testId="9a5383d2-0e58-54dd-1a3a-cf3be1b3be07" executionId="3e7dc731-6bfb-433e-9a75-b5eaa7b6144a" testListId="8c84fa94-04c1-424b-9868-57a2d4851a1d" />
    <TestEntry testId="69e81370-1eef-dc51-01f7-cf57430e112d" executionId="e9844933-d495-4ae0-8b39-875003f20b65" testListId="8c84fa94-04c1-424b-9868-57a2d4851a1d" />
    <TestEntry testId="01840b82-cd2b-0a53-e939-a54b0f6f7018" executionId="1192c459-182f-4ad9-aaa5-b3bcfb1ea330" testListId="8c84fa94-04c1-424b-9868-57a2d4851a1d" />
    <TestEntry testId="90bedeca-6947-f17c-9708-bceab88c00cb" executionId="9db74b57-3a89-4b50-ab19-5da3f123759b" testListId="8c84fa94-04c1-424b-9868-57a2d4851a1d" />
    <TestEntry testId="3425f0c4-9bd5-2b23-23a9-136b2c38f668" executionId="b413b2e9-91a7-4cc0-9686-a8a14ca77294" testListId="8c84fa94-04c1-424b-9868-57a2d4851a1d" />
    <TestEntry testId="ea70828e-fc44-8f64-e0ea-c80a383b2a6d" executionId="bf260890-379b-43d3-90fd-805ecd2552e0" testListId="8c84fa94-04c1-424b-9868-57a2d4851a1d" />
    <TestEntry testId="2a72d6f8-fe52-9b69-2fc7-0c342fe4720a" executionId="fa7bf067-50ec-4716-8a62-21e86fcd8380" testListId="8c84fa94-04c1-424b-9868-57a2d4851a1d" />
    <TestEntry testId="affd6903-7218-9fd3-ca54-9c5a1537413e" executionId="c37d8a3f-d6a7-4969-974d-8db87d02ce51" testListId="8c84fa94-04c1-424b-9868-57a2d4851a1d" />
    <TestEntry testId="429ef199-3ac9-0515-9276-38c632ecb919" executionId="1d912bb6-72cb-4505-a858-47a35d34cc2a" testListId="8c84fa94-04c1-424b-9868-57a2d4851a1d" />
    <TestEntry testId="9c5d18e3-f8b0-2373-a92d-766de1252590" executionId="9e82ebb7-87d9-431f-939f-e84e3bf52fec" testListId="8c84fa94-04c1-424b-9868-57a2d4851a1d" />
    <TestEntry testId="f1d0e8e6-e735-64c2-5af2-c58ce1c27df8" executionId="2d616189-7640-4f58-bedb-53c2aa0befbd" testListId="8c84fa94-04c1-424b-9868-57a2d4851a1d" />
    <TestEntry testId="d3203a83-0126-8044-1f99-0d7cb2abb303" executionId="0306b0a7-cc82-43e6-87bf-dc20b7b6aa37" testListId="8c84fa94-04c1-424b-9868-57a2d4851a1d" />
    <TestEntry testId="4818e8bf-64ce-3f4a-42fb-533e2eae2f7c" executionId="ecba245e-59c7-4b01-bb1b-0a6db54171b5" testListId="8c84fa94-04c1-424b-9868-57a2d4851a1d" />
    <TestEntry testId="0014361d-27bc-a866-50a2-7b00911dab56" executionId="5feb63bc-6ea4-4af9-b89a-0d0ab980ef93" testListId="8c84fa94-04c1-424b-9868-57a2d4851a1d" />
    <TestEntry testId="3904dacf-3ed1-5911-51be-178547823532" executionId="7159374d-c18d-41b2-a328-8fcaaf656b73" testListId="8c84fa94-04c1-424b-9868-57a2d4851a1d" />
    <TestEntry testId="fff8f87b-0d7b-fd8c-7cb2-acdafebaecab" executionId="524b4541-5755-4d28-88e4-25f0e7a7948e" testListId="8c84fa94-04c1-424b-9868-57a2d4851a1d" />
    <TestEntry testId="f2055161-7a05-2e9a-e8d9-f9c439ec170c" executionId="316df2b4-eabe-45be-827c-64b75df98a82" testListId="8c84fa94-04c1-424b-9868-57a2d4851a1d" />
    <TestEntry testId="4f86389e-888f-bb41-b8bd-2776d9d5be49" executionId="c3e8234f-b56c-404c-a219-5323a1a008df" testListId="8c84fa94-04c1-424b-9868-57a2d4851a1d" />
    <TestEntry testId="d2d4c45a-f90c-853d-3dcd-000c1634736a" executionId="a6b7b57c-dfe2-4926-99ce-82c37f1f84ed" testListId="8c84fa94-04c1-424b-9868-57a2d4851a1d" />
    <TestEntry testId="6ce65ec1-ba7f-d70d-e7d5-a99d175e13d1" executionId="cde542c7-d42d-43e2-b590-96b54cea7ffd" testListId="8c84fa94-04c1-424b-9868-57a2d4851a1d" />
    <TestEntry testId="8239c955-c42b-b36d-c9c4-405d3a67f83d" executionId="ed925877-1997-4784-a440-a14e4feccd00" testListId="8c84fa94-04c1-424b-9868-57a2d4851a1d" />
    <TestEntry testId="3e395538-d807-4b9c-ef8b-ad8180580eb2" executionId="c4628c24-765e-43e9-8fee-aae09b1decd4" testListId="8c84fa94-04c1-424b-9868-57a2d4851a1d" />
    <TestEntry testId="87023b8f-fb05-6e05-fd9f-b9b6fa02a928" executionId="e2ed1644-faba-45b7-abce-456947d7e1e5" testListId="8c84fa94-04c1-424b-9868-57a2d4851a1d" />
    <TestEntry testId="158e2d18-a26d-ff86-a622-7295d8608486" executionId="e5c8c357-c107-44b2-9421-cf822f821fe3" testListId="8c84fa94-04c1-424b-9868-57a2d4851a1d" />
    <TestEntry testId="2cfff914-846a-bec8-10d7-7f6517ec0886" executionId="690c7bec-674f-402d-9f6e-981177d79a10" testListId="8c84fa94-04c1-424b-9868-57a2d4851a1d" />
    <TestEntry testId="cf3b3206-d2b8-9706-13c6-282ff56bd61f" executionId="84cfcf70-4ebd-4f50-a2b0-ea83bea0f04f" testListId="8c84fa94-04c1-424b-9868-57a2d4851a1d" />
    <TestEntry testId="2b171738-fbfa-a0ec-f743-2290970caae4" executionId="66053444-326f-4eb5-a64f-df477b823ab8" testListId="8c84fa94-04c1-424b-9868-57a2d4851a1d" />
    <TestEntry testId="c039a02c-554f-fe3d-6bea-7a3e19814390" executionId="e3e5384f-998e-4534-9ad3-8435d118ce58" testListId="8c84fa94-04c1-424b-9868-57a2d4851a1d" />
    <TestEntry testId="036b9abc-2b07-6210-89e3-fe6e69e987b6" executionId="9a2b586d-7f3f-40bb-a48b-a2af80d5e04b" testListId="8c84fa94-04c1-424b-9868-57a2d4851a1d" />
    <TestEntry testId="8b3000eb-138d-ebce-f0e3-3ef681c6884f" executionId="b0ddba2a-bab8-4bfb-b753-c165961553c5" testListId="8c84fa94-04c1-424b-9868-57a2d4851a1d" />
    <TestEntry testId="b170cbb0-863e-0041-3339-5600354eef4c" executionId="34c76bdb-a961-46e0-b1b7-24d43564e892" testListId="8c84fa94-04c1-424b-9868-57a2d4851a1d" />
    <TestEntry testId="176de51f-37eb-1d78-5e65-dc3df1c6c939" executionId="ecb2b67f-f01c-4993-8417-99eb2ad0ad17" testListId="8c84fa94-04c1-424b-9868-57a2d4851a1d" />
    <TestEntry testId="56701d0f-0ff4-5ce0-80fd-7ebffc2f5cfe" executionId="d8b3e415-b5e2-44ca-a44c-9aeeaf270a4d" testListId="8c84fa94-04c1-424b-9868-57a2d4851a1d" />
    <TestEntry testId="fcdbc107-cb05-f8a0-7480-1305f44042a4" executionId="2386fa4d-0fc1-445d-b696-3dd383bfc6d0" testListId="8c84fa94-04c1-424b-9868-57a2d4851a1d" />
    <TestEntry testId="16a3555b-b6d3-08cb-4e77-4f53cd854c16" executionId="a2ec2e9a-05fb-4b16-92c7-ea0af51f1872" testListId="8c84fa94-04c1-424b-9868-57a2d4851a1d" />
    <TestEntry testId="947d3dbb-1a4a-2d44-659b-25fcd7853591" executionId="66b36565-a539-4944-88d6-7552ebdf47b7" testListId="8c84fa94-04c1-424b-9868-57a2d4851a1d" />
    <TestEntry testId="9a1c8b32-e2f3-7a3b-5115-f7d362bb86d9" executionId="f8c8681f-0eb4-4e14-9e69-02def90bf713" testListId="8c84fa94-04c1-424b-9868-57a2d4851a1d" />
    <TestEntry testId="bc335b19-0c4c-088a-9c77-5266a5c06452" executionId="bd1c9cc7-0431-4959-bb8d-33c5c8e7ee1b" testListId="8c84fa94-04c1-424b-9868-57a2d4851a1d" />
    <TestEntry testId="31194ced-c5e9-08de-d15a-0192ca871865" executionId="591056d6-1eb1-4c0c-97f1-dbd67bce1476" testListId="8c84fa94-04c1-424b-9868-57a2d4851a1d" />
    <TestEntry testId="63577b88-a84d-3360-9706-ce4c0a0db9b2" executionId="c745a714-0a5e-4117-94cb-fdb204c8e51f" testListId="8c84fa94-04c1-424b-9868-57a2d4851a1d" />
    <TestEntry testId="0103da23-90e8-47e1-0213-1af2c86d4437" executionId="4320c86c-3409-4d12-b08f-e8be80ff19e2" testListId="8c84fa94-04c1-424b-9868-57a2d4851a1d" />
    <TestEntry testId="4eb245b9-6e51-8a5a-5cc8-d09bbac08bbb" executionId="e5f4b9be-090e-47c1-b7e1-59a7a1a40e16" testListId="8c84fa94-04c1-424b-9868-57a2d4851a1d" />
    <TestEntry testId="9a2dcaa1-acc7-6e79-79ad-44e244c58069" executionId="e0a20dc8-0cc7-4ef3-84d9-a5b8a9cdc78c" testListId="8c84fa94-04c1-424b-9868-57a2d4851a1d" />
    <TestEntry testId="b06ca008-899f-dc04-6ec7-10d9729e8527" executionId="e6fa09b8-84bb-4e33-b001-ed0f4c795b9b" testListId="8c84fa94-04c1-424b-9868-57a2d4851a1d" />
    <TestEntry testId="fa71ebcf-c42a-d3ae-5c4d-ab81b4dfdacb" executionId="149d1814-b2fa-4c0d-b8f2-9f5063499b67" testListId="8c84fa94-04c1-424b-9868-57a2d4851a1d" />
  </TestEntries>
  <TestLists>
    <TestList name="列表中未列出的结果" id="8c84fa94-04c1-424b-9868-57a2d4851a1d" />
    <TestList name="所有已加载的结果" id="19431567-8539-422a-85d7-44ee4e166bda" />
  </TestLists>
  <ResultSummary outcome="Completed">
    <Counters total="311" executed="310" passed="310" failed="0" error="0" timeout="0" aborted="0" inconclusive="0" passedButRunAborted="0" notRunnable="0" notExecuted="0" disconnected="0" warning="0" completed="0" inProgress="0" pending="0" />
    <Output>
      <StdOut>[xUnit.net 00:00:00.00] xUnit.net VSTest Adapter v2.8.2+699d445a1a (64-bit .NET 6.0.33)&#xD;
[xUnit.net 00:00:00.09]   Discovering: BattleSim.Tests&#xD;
[xUnit.net 00:00:00.15]   Discovered:  BattleSim.Tests&#xD;
[xUnit.net 00:00:00.15]   Starting:    BattleSim.Tests&#xD;
[xUnit.net 00:00:00.35]       N01 N02 N03: Unity EventSystem natural-play required (battle_id + Submit Tap/Slide/FeverTap/SetAuto). Core must not fake PASS.&#xD;
在测试运行中跳过测试“Resonance.Tests.G2RecheckNaturalContractTests.N01_N02_N03_NaturalPlayContract_DocumentedNotFaked”。&#xD;
[xUnit.net 00:00:02.03]   Finished:    BattleSim.Tests&#xD;
</StdOut>
    </Output>
    <RunInfos>
      <RunInfo computerName="DESKTOP-AKI3LSA" outcome="Warning" timestamp="2026-09-20T17:56:45.6469964+08:00">
        <Text>[xUnit.net 00:00:00.35]     Resonance.Tests.G2RecheckNaturalContractTests.N01_N02_N03_NaturalPlayContract_DocumentedNotFaked [SKIP]</Text>
      </RunInfo>
    </RunInfos>
  </ResultSummary>
</TestRun>